2016-12-05 14:37:28.5172 DEBUG Запрос: SELECT DISTINCT code_access, name, description FROM users_access_view WHERE users_id = @id
2016-12-05 14:37:28.5822 DEBUG Получено записей: 187
2016-12-05 14:37:31.8694 DEBUG SQL: select pattern from codifiers.patterns_tab where code = @patterncode and users_id is null;
2016-12-05 14:37:31.8694 DEBUG Parameters: @patterncode=, @operator=
2016-12-05 14:37:31.9124 DEBUG Result 
2016-12-05 14:37:31.9124 DEBUG нет шаблона для пользователя
2016-12-05 14:37:31.9124 DEBUG SQL: select pattern from codifiers.patterns_tab where code = @patterncode and users_id is null
2016-12-05 14:37:31.9124 DEBUG Parameters: @patterncode 
2016-12-05 14:37:31.9244 DEBUG Result 
2016-12-05 14:37:31.9744 DEBUG SQL: select pattern from codifiers.patterns_tab where code = @patterncode and users_id is null;
2016-12-05 14:37:32.0244 DEBUG Parameters: @patterncode=, @operator=
2016-12-05 14:37:32.0354 DEBUG Result 
2016-12-05 14:37:32.0354 DEBUG нет шаблона для пользователя
2016-12-05 14:37:32.0354 DEBUG SQL: select pattern from codifiers.patterns_tab where code = @patterncode and users_id is null
2016-12-05 14:37:32.0354 DEBUG Parameters: @patterncode 
2016-12-05 14:37:32.0464 DEBUG Result 
2016-12-05 14:37:32.5395 DEBUG Запрос: Select id, name, code, is_default, parent_id from codifiers.sp_kind_paid_tab order by id
2016-12-05 14:37:32.5435 DEBUG Получено записей: 9
2016-12-05 14:37:32.5435 DEBUG Запрос: Select id, name, code from codifiers.first_visit_condition_tab order by id
2016-12-05 14:37:32.5435 DEBUG Получено записей: 4
2016-12-05 14:37:32.5655 DEBUG Запрос: Select id, name, code, reestr, idsp, hospital_type_id, is_cure, is_inspection from codifiers.visit_purpose_common_tab order by id
2016-12-05 14:37:32.5655 DEBUG Получено записей: 22
2016-12-05 14:37:32.5815 DEBUG Запрос: Select id, name, code from codifiers.place_service_tab order by id
2016-12-05 14:37:32.5815 DEBUG Получено записей: 3
2016-12-05 14:37:32.5935 DEBUG Запрос: Select result_id, result, reestr, patient_state_id, reestr_rslt, reestr_ishod, _end from public.result_tab order by result_id
2016-12-05 14:37:32.5935 DEBUG Получено записей: 29
2016-12-05 14:37:32.6085 DEBUG Запрос: select id, name, code, bur_reestr_code from codifiers.travma_tab order by name;
2016-12-05 14:37:32.6245 DEBUG Получено записей: 15
2016-12-05 14:37:32.6355 DEBUG Запрос: SELECT * FROM codifiers.lpu_tab
2016-12-05 14:37:32.6615 DEBUG Получено записей: 105
2016-12-05 14:37:32.9965 DEBUG Запрос: SELECT * FROM codifiers.lpu_tab
2016-12-05 14:37:32.9965 DEBUG Получено записей: 105
2016-12-05 14:37:33.0175 DEBUG Запрос: select sp_napr_obosn_id,trim(obosn_name) as obosn_name FROM sp_napr_obosn_tab ORDER BY sp_napr_obosn_id;
2016-12-05 14:37:33.0175 DEBUG Получено записей: 8
2016-12-05 14:37:33.0295 DEBUG Запрос: SELECT sp_type_napr_id, sp_type_napr FROM sp_type_napr_tab ORDER BY 1;
2016-12-05 14:37:33.0295 DEBUG Получено записей: 9
2016-12-05 14:37:33.0295 DEBUG Запрос: select * from public.doctor_tab where sp_spec_doctor_id <> 900;
2016-12-05 14:37:33.1435 DEBUG Получено записей: 669
2016-12-05 14:37:56.8899 DEBUG Запрос: select id, code, name from codifiers.doctor_spec_tab order by 3,1;
2016-12-05 14:37:56.8959 DEBUG Получено записей: 175
2016-12-05 14:37:56.8959 DEBUG Запрос: Select mkb_id, mkb, kod_d, reestr_code from public.mkb_tab order by 1
2016-12-05 14:37:57.1169 DEBUG Получено записей: 13813
2016-12-05 14:38:02.0152 DEBUG Запрос: Select s.id, s.code, s.name from codifiers.sozstatus_tab s
2016-12-05 14:38:02.0152 DEBUG Получено записей: 11
2016-12-05 14:38:02.0292 DEBUG Запрос: Select u.id, u.code, u.name, u.doctor_id, u.otdel_id, u.age_from, u.age_for, u.flag_default, u.uchactok_type_id, u.lpu_id, u.sort, u.sex from codifiers.uchactok_tab u order by u.sort, u.name
2016-12-05 14:38:02.0292 DEBUG Получено записей: 77
2016-12-05 14:38:02.0882 DEBUG Запрос: select id, socr, name, full_name, index, code 
                              from codifiers.sp_kladr_tab
                              where level_ter=@level order by name
2016-12-05 14:38:02.0952 DEBUG Получено записей: 107
2016-12-05 14:38:08.8445 DEBUG PatientFindForm ShowFilterByDoctor set to true
2016-12-05 14:38:08.8445 DEBUG PatientFindForm OperatorId: 2469
2016-12-05 14:38:08.8445 DEBUG PatientFindForm DoctorId: 2469
2016-12-05 14:38:08.9736 DEBUG DoctorQuery
2016-12-05 14:38:08.9736 DEBUG sql: SELECT td.time_nazn as "Время записи", d.dan_id as "Id", d.fam as "Фамилия", d.nam as "Имя", d.mid as "Отчество", d.date_born as "Дата рождения", case when d.ser_pol is null then d.num_pol else d.ser_pol ||' '|| d.num_pol end as "Полис", d.address as "Адрес", case when spolref='2301001' then true else false end as "Прикреплен", case when strcom_region_id='0300000000000' then false else true end as "Иногородний" FROM dan_tab d LEFT JOIN public.talon_doctor_tab td on td.dan_id = d.dan_id WHERE td.date_nazn = date(@date) and td.doctor_id = @doctor;
2016-12-05 14:38:08.9736 DEBUG @date: 05.12.2016
2016-12-05 14:38:08.9736 DEBUG @doctor: 2469
2016-12-05 14:38:08.9736 DEBUG bindQueryToDataGrid
2016-12-05 14:38:08.9876 DEBUG Sql: SELECT td.time_nazn as "Время записи", d.dan_id as "Id", d.fam as "Фамилия", d.nam as "Имя", d.mid as "Отчество", d.date_born as "Дата рождения", case when d.ser_pol is null then d.num_pol else d.ser_pol ||' '|| d.num_pol end as "Полис", d.address as "Адрес", case when spolref='2301001' then true else false end as "Прикреплен", case when strcom_region_id='0300000000000' then false else true end as "Иногородний" FROM dan_tab d LEFT JOIN public.talon_doctor_tab td on td.dan_id = d.dan_id WHERE td.date_nazn = date(@date) and td.doctor_id = @doctor;
2016-12-05 14:38:08.9876 DEBUG SqlParams:
2016-12-05 14:38:08.9876 DEBUG SqlParam @date='05.12.2016'
2016-12-05 14:38:08.9876 DEBUG SqlParam @doctor=2469
2016-12-05 16:19:34.5166 DEBUG Sql: SELECT d.dan_id as "Id", d.fam as "Фамилия", d.nam as "Имя", d.mid as "Отчество", d.date_born as "Дата рождения", case when d.ser_pol is null then d.num_pol else d.ser_pol ||' '|| d.num_pol end as "Полис", d.pens as "СНИЛС", d.address as "Адрес", case when spolref='2301001' then true else false end as "Прикреплен" , case when strcom_region_id='0300000000000' then false else true end as "Иногородний" FROM dan_tab d WHERE Lower(d.fam) LIKE @fam and Lower(d.nam) LIKE @nam and Lower(d.mid) LIKE @mid ORDER BY d.fam, d.nam, d.mid, d.date_born LIMIT 150;
2016-12-05 16:19:34.5166 DEBUG SqlParams:
2016-12-05 16:19:34.5166 DEBUG SqlParam @fam=ра%
2016-12-05 16:19:34.5166 DEBUG SqlParam @nam=му%
2016-12-05 16:19:34.5166 DEBUG SqlParam @mid=ба%
2016-12-05 16:19:38.7759 DEBUG Запрос: Select smo.id, smo.name, kladr.name from codifiers.strcom_tab smo left join codifiers.sp_kladr_tab kladr on smo.region_id = kladr.code where smo.region_id = @id and smo.name not like '*%'order by smo.name
2016-12-05 16:19:38.8489 DEBUG Получено записей: 4
2016-12-05 16:19:38.9329 DEBUG Запрос: select * from fed_lgota_tab where pens like @snils;
2016-12-05 16:19:38.9359 DEBUG Получено записей: 0
2016-12-05 16:19:38.9359 DEBUG Запрос: select * from lgot_client_tab where dan_id = @id;
2016-12-05 16:19:38.9629 DEBUG Получено записей: 0
2016-12-05 16:19:43.4271 DEBUG Запрос: SELECT t.talon_id, t.result_id, t.diag_osn, t.doctor_id, t.date_vnes_inf,
                        v.visit_id, v.doctor_id as vdoctor_id, v.data_vnes_inf as vdate_vnes_inf, v.data_pos 
                        FROM public.talon_tab t left join public.visit_tab v on v.talon_id = t.talon_id
                        where t.dan_id = @patient_id;
2016-12-05 16:19:43.5261 DEBUG Получено записей: 251
2016-12-05 16:19:46.0203 DEBUG Запрос: Select visit_id from public.visit_tab where talon_id = @talonId;
2016-12-05 16:19:46.0203 DEBUG Получено записей: 2
2016-12-05 16:19:46.1433 DEBUG Запрос: SELECT d.id FROM diagn_tab d WHERE d.talon_id = @caseId ORDER BY d.id desc;
2016-12-05 16:19:46.1433 DEBUG Получено записей: 4
2016-12-05 16:20:15.0259 DEBUG Запрос: Select visit_id from public.visit_tab where talon_id = @talonId;
2016-12-05 16:20:15.0259 DEBUG Получено записей: 0
2016-12-05 16:20:15.0669 DEBUG Запрос: SELECT d.id FROM diagn_tab d WHERE d.talon_id = @caseId ORDER BY d.id desc;
2016-12-05 16:20:15.0669 DEBUG Получено записей: 0
2016-12-05 16:20:20.6663 DEBUG Запрос: Select visit_id from public.visit_tab where talon_id = @talonId;
2016-12-05 16:20:20.6663 DEBUG Получено записей: 0
2016-12-05 16:20:20.7033 DEBUG Запрос: SELECT d.id FROM diagn_tab d WHERE d.talon_id = @caseId ORDER BY d.id desc;
2016-12-05 16:20:20.7033 DEBUG Получено записей: 0
2016-12-05 19:45:14.7544 DEBUG Запрос: Select visit_id from public.visit_tab where talon_id = @talonId;
2016-12-05 19:45:14.7544 DEBUG Получено записей: 0
2016-12-05 19:45:14.8085 DEBUG Запрос: SELECT d.id FROM diagn_tab d WHERE d.talon_id = @caseId ORDER BY d.id desc;
2016-12-05 19:45:14.8085 DEBUG Получено записей: 0
2016-12-05 19:45:21.3068 DEBUG SQL: select pattern from codifiers.patterns_tab where code = @patterncode and users_id=@operator;
2016-12-05 19:45:21.3068 DEBUG Parameters: @patterncode=200000, @operator=2469
2016-12-05 19:45:21.3188 DEBUG Result болеет     дней
ухудшение
инвалидность
	есть
	нет
прием препаратов
диспансерный учет
обострения
	частые
	редкие
обострения
	частые
	редкие
2016-12-05 19:45:24.0470 DEBUG SQL: select pattern from codifiers.patterns_tab where code = @patterncode and users_id=@operator;
2016-12-05 19:45:24.0470 DEBUG Parameters: @patterncode=400000, @operator=2469
2016-12-05 19:45:24.0740 DEBUG Result Объективно:  состояние  относительно  удовлетворительное, кожные  покровы чистые  влажные. Видимые слизистые  не  изменены.  Периферические  лимфоузлы  не  пальпируются. Щитовидная  железа… симметрична,  при  пальпации  безболезненна. В  легких  дыхание  везикулярное,  хрипы  не  выслушиваются . ЧДД-   в мин. Сердце - тоны  приглушены  глухие  звучные,    ритмичны.   ЧСС  -    в мин.  АД-   /      мм. рт. ст. Язык  чистый  обложен. Живот   мягкий,  безболезненный ,  вздут   умеренно  болезненный  в  эпигастрии   по  ходу  толстого  кишечника,  в  правом  подреберье.  Печень  не  увеличена    см. Симптом  Пастернацкого  ( -)  Стул , Диурез  -норма.
Диагноз:
Объективно: состояние  относительно  удовлетворительное, кожные покровы чистые,  влажные. Контуры  шеи не изменены.  Зев гипермирован,  миндалины  гипертрофированы до 1  2 3 степени, гиперемия миндалин, гнойные  пробки светло-зеленой окраски, мягкие,  легко  снимаются.   Периферические л/у не увеличены. В легких  дыхание везикулярное,  хрипов    нет. Сердце- тоны звучные, ритмичны. А/Д- 120/70    Р-90. Живот- мягкий, безболезненный.  Печень  по  краю  реберной  дуги. Симптом  Пастернацкого (-). Стул, диурез-норма.
Диагноз:
Объективно: состояние средней тяжести, кожные покровы влажные, суховаты,  горячие. Зев-легкая гиперемия. Периферические  л/у  не  увеличены. Грудная  клетка обычной  формы,  при  акте  дыхания обе  правая  левая половины   грудной  клетки  участвуют равномерно  отстает.  При  пальпации голосовое  дрожание, бронхофония  усилено в нижнем  отделе  слева  справа  неопределенны.    ЧДД-20  При  аускультации везикулярное  дыхание, ослабленное справа слева  в нижнем  отделе, выслушиваются  влажные  хрипы  крепитация. Сердце-тоны приглушены, ритмичны . А/Д- 120/80  Р—90 Живот- мягкий,  безболезненный.  Печень  под  краем  реберной дуги. Симптом  Пастернацкого (-). Стул, диурез-норма.
Диагноз:
Объективно  состояние  относительно  удовлетворительное, кожные  покровы чистые,  нормальной  влажности. Периферические  л/у  не  увеличены.  В  легких  дыхание   везикулярное,  хрипов  нет. Сердце- тоны  приглушены,  ритмичны.  А/Д -120/80 Р- 65  Живот  -  мягкий,  безболезненный,  печень  под  краем  реберной  дуги. Симптом  Пастернацкого  (-). Стул,диурез-  норма. Сухожильные  рефлексы  с  рук,  ног  живые,   D =  S В  позе  Ромберга  покачивает. Стопы  чистые,  несколько  суховаты, язв  нет. Пульсация  на  art . dorsalis pedis -   удовлетворительная.
Диагноз:
Объективно:  состояние  удовлетворительное,  кожные  покровы нормальной  влажности.  Видимые  слизистые  не изменены.  Периферические  л/у  не  увеличены.  Пальпация   паравертебральных  точек   шейного  отдела позвоночника  болезненна,  напряжение  мышц.  Движения  в  шейном  отделе  болезненны,   ограничены. Отведения правой  левой  руки  кверху,  назад  значительно  ограничены,  болезненны,  вперед и  вверх  с  трудом поднимается  до уровня  плеча. В  легких  везикулярное  дыхание, хрипов нет. Сердце-тоны  приглушены, ритмичны.  А/Д- 120/80  мм. рт. ст.  Живот- мягкий,  безболезненный,  печень  по  краю   реберной дуги. Симптом  Пастернацкого  (-) Стул,  диурез- норма.
Диагноз:
Объективно:   общее  состояние   удовлетворительное,  кожные  покровы  нормальной  влажности.  Видимые  слизистые  не  изменены.  Периферические  л/у   не  увеличены.     Движения  в  поясничном  отделе  резко  болезненны, ограничены.  Пальпация  паравертебральных  точек  поясничного  отдела  позвоночника  болезненна,  напряжение мышц  спины  в  данной области. Симптом  Ласега (+),  больше  слева  справа. В  легких  везикулярное  дыхание,  хрипов  нет. Сердце-   тоны  приглушены,   ритмичны.  А/Д-  120/80    Р- 70. Живот-   мягкий,  безболезненный,  печень  по  краю   реберной   дуги. Симптом  Пастернацкого  (-) Стул,  диурез-норма.
Диагноз:
Объективно:  Общее  состояние  удовлетворительное,  кожные  покровы  нормальной  влажности.  Видимые  слизистые  не   изменены.  Периферические  л/у  не  увеличены. Движения  в  грудном  отделе  болезненны,  ограничены,  больше  в  левую  правую  сторону.  Пальпация-  болезненность  паравертебральных  точек от  L1-   L6  позвонка  и по  ходу    4-7  межреберий,  напряжение  мышц  в   данной  области. В  легких  везикулярное  дыхание,   хрипов  нет. Сердце-  тоны звучные, ритмичны.  А/Д-  120 / 75 мм. рт. ст.   Р-70. Живот-  мягкий,  безболезненный,  печень  по   краю  реберной  дуги. Стул,  диурез-норма.
Диагноз:
Объективно:состояние  удовлетворительное , кожные покровы чистые. Периферические л/у не увеличены. Со стороны костно-суставной системы внешне видимых  изменений нет. В легких везикулярное дыхание,хрипов нет. Сердце- тоны приглушены, ритмичны. А/Д 120/75. Р-72мм рт.ст. Живот мягкий, безболезненный. Печень под краем реберной дуги. Стул, диурез-норма.
Диагноз:
Объективно:состояние относительно удовлеворительное,кожные покровы влажные. Зев гиперемирован, задняя стенка глотки гиперемирована, несколько отечна, миндалины не увеличены . Периферические л/у не увеличены. В легкиз везикулярное дыхание, хрипов нет. Сердце-тоныприглушены, звучные, ритмичны. А/Д 120/70мм рт.ст. Р-90. Живот мягкий, безболезненный. Стул, диурез- норма.
Диагноз:

2016-12-05 19:47:56.8047 DEBUG Запрос: Select s.id, s.code, s.name from codifiers.sozstatus_tab s
2016-12-05 19:47:56.8047 DEBUG Получено записей: 11
2016-12-05 19:47:56.8207 DEBUG Запрос: Select u.id, u.code, u.name, u.doctor_id, u.otdel_id, u.age_from, u.age_for, u.flag_default, u.uchactok_type_id, u.lpu_id, u.sort, u.sex from codifiers.uchactok_tab u order by u.sort, u.name
2016-12-05 19:47:56.8207 DEBUG Получено записей: 77
2016-12-05 19:47:56.8757 DEBUG Запрос: select id, socr, name, full_name, index, code 
                              from codifiers.sp_kladr_tab
                              where level_ter=@level order by name
2016-12-05 19:47:56.8827 DEBUG Получено записей: 107
2016-12-05 22:22:31.5552 DEBUG Запрос: SELECT DISTINCT code_access, name, description FROM users_access_view WHERE users_id = @id
2016-12-05 22:22:31.6072 DEBUG Получено записей: 187
2016-12-05 22:22:33.8363 DEBUG SQL: select pattern from codifiers.patterns_tab where code = @patterncode and users_id is null;
2016-12-05 22:22:33.8363 DEBUG Parameters: @patterncode=, @operator=
2016-12-05 22:22:33.8783 DEBUG Result 
2016-12-05 22:22:33.8783 DEBUG нет шаблона для пользователя
2016-12-05 22:22:33.8783 DEBUG SQL: select pattern from codifiers.patterns_tab where code = @patterncode and users_id is null
2016-12-05 22:22:33.8783 DEBUG Parameters: @patterncode 
2016-12-05 22:22:33.8913 DEBUG Result 
2016-12-05 22:22:33.9493 DEBUG SQL: select pattern from codifiers.patterns_tab where code = @patterncode and users_id is null;
2016-12-05 22:22:33.9493 DEBUG Parameters: @patterncode=, @operator=
2016-12-05 22:22:33.9603 DEBUG Result 
2016-12-05 22:22:33.9603 DEBUG нет шаблона для пользователя
2016-12-05 22:22:33.9603 DEBUG SQL: select pattern from codifiers.patterns_tab where code = @patterncode and users_id is null
2016-12-05 22:22:33.9603 DEBUG Parameters: @patterncode 
2016-12-05 22:22:33.9603 DEBUG Result 
2016-12-05 22:22:34.3704 DEBUG Запрос: Select id, name, code, is_default, parent_id from codifiers.sp_kind_paid_tab order by id
2016-12-05 22:22:34.3704 DEBUG Получено записей: 9
2016-12-05 22:22:34.3834 DEBUG Запрос: Select id, name, code from codifiers.first_visit_condition_tab order by id
2016-12-05 22:22:34.3834 DEBUG Получено записей: 4
2016-12-05 22:22:34.3834 DEBUG Запрос: Select id, name, code, reestr, idsp, hospital_type_id, is_cure, is_inspection from codifiers.visit_purpose_common_tab order by id
2016-12-05 22:22:34.4004 DEBUG Получено записей: 22
2016-12-05 22:22:34.4004 DEBUG Запрос: Select id, name, code from codifiers.place_service_tab order by id
2016-12-05 22:22:34.4134 DEBUG Получено записей: 3
2016-12-05 22:22:34.4134 DEBUG Запрос: Select result_id, result, reestr, patient_state_id, reestr_rslt, reestr_ishod, _end from public.result_tab order by result_id
2016-12-05 22:22:34.4134 DEBUG Получено записей: 29
2016-12-05 22:22:34.4374 DEBUG Запрос: select id, name, code, bur_reestr_code from codifiers.travma_tab order by name;
2016-12-05 22:22:34.4374 DEBUG Получено записей: 15
2016-12-05 22:22:34.4504 DEBUG Запрос: SELECT * FROM codifiers.lpu_tab
2016-12-05 22:22:34.4894 DEBUG Получено записей: 105
2016-12-05 22:22:34.8224 DEBUG Запрос: SELECT * FROM codifiers.lpu_tab
2016-12-05 22:22:34.8224 DEBUG Получено записей: 105
2016-12-05 22:22:34.8424 DEBUG Запрос: select sp_napr_obosn_id,trim(obosn_name) as obosn_name FROM sp_napr_obosn_tab ORDER BY sp_napr_obosn_id;
2016-12-05 22:22:34.8424 DEBUG Получено записей: 8
2016-12-05 22:22:34.8544 DEBUG Запрос: SELECT sp_type_napr_id, sp_type_napr FROM sp_type_napr_tab ORDER BY 1;
2016-12-05 22:22:34.8544 DEBUG Получено записей: 9
2016-12-05 22:22:34.8654 DEBUG Запрос: select * from public.doctor_tab where sp_spec_doctor_id <> 900;
2016-12-05 22:22:34.9644 DEBUG Получено записей: 669
2016-12-05 22:22:59.1818 DEBUG Запрос: select id, code, name from codifiers.doctor_spec_tab order by 3,1;
2016-12-05 22:22:59.1868 DEBUG Получено записей: 175
2016-12-05 22:22:59.1868 DEBUG Запрос: Select mkb_id, mkb, kod_d, reestr_code from public.mkb_tab order by 1
2016-12-05 22:22:59.3888 DEBUG Получено записей: 13813
2016-12-05 22:23:57.2521 DEBUG Запрос: Select s.id, s.code, s.name from codifiers.sozstatus_tab s
2016-12-05 22:23:57.2521 DEBUG Получено записей: 11
2016-12-05 22:23:57.2711 DEBUG Запрос: Select u.id, u.code, u.name, u.doctor_id, u.otdel_id, u.age_from, u.age_for, u.flag_default, u.uchactok_type_id, u.lpu_id, u.sort, u.sex from codifiers.uchactok_tab u order by u.sort, u.name
2016-12-05 22:23:57.2711 DEBUG Получено записей: 77
2016-12-05 22:23:57.3291 DEBUG Запрос: select id, socr, name, full_name, index, code 
                              from codifiers.sp_kladr_tab
                              where level_ter=@level order by name
2016-12-05 22:23:57.3291 DEBUG Получено записей: 107
2016-12-05 22:24:08.0617 DEBUG PatientFindForm ShowFilterByDoctor set to true
2016-12-05 22:24:08.0617 DEBUG PatientFindForm OperatorId: 2469
2016-12-05 22:24:08.0617 DEBUG PatientFindForm DoctorId: 2469
2016-12-05 22:24:10.2158 DEBUG DoctorQuery
2016-12-05 22:24:10.2158 DEBUG sql: SELECT td.time_nazn as "Время записи", d.dan_id as "Id", d.fam as "Фамилия", d.nam as "Имя", d.mid as "Отчество", d.date_born as "Дата рождения", case when d.ser_pol is null then d.num_pol else d.ser_pol ||' '|| d.num_pol end as "Полис", d.address as "Адрес", case when spolref='2301001' then true else false end as "Прикреплен", case when strcom_region_id='0300000000000' then false else true end as "Иногородний" FROM dan_tab d LEFT JOIN public.talon_doctor_tab td on td.dan_id = d.dan_id WHERE td.date_nazn = date(@date) and td.doctor_id = @doctor;
2016-12-05 22:24:10.2158 DEBUG @date: 05.12.2016
2016-12-05 22:24:10.2158 DEBUG @doctor: 2469
2016-12-05 22:24:10.2158 DEBUG bindQueryToDataGrid
2016-12-05 22:24:10.2318 DEBUG Sql: SELECT td.time_nazn as "Время записи", d.dan_id as "Id", d.fam as "Фамилия", d.nam as "Имя", d.mid as "Отчество", d.date_born as "Дата рождения", case when d.ser_pol is null then d.num_pol else d.ser_pol ||' '|| d.num_pol end as "Полис", d.address as "Адрес", case when spolref='2301001' then true else false end as "Прикреплен", case when strcom_region_id='0300000000000' then false else true end as "Иногородний" FROM dan_tab d LEFT JOIN public.talon_doctor_tab td on td.dan_id = d.dan_id WHERE td.date_nazn = date(@date) and td.doctor_id = @doctor;
2016-12-05 22:24:10.2318 DEBUG SqlParams:
2016-12-05 22:24:10.2318 DEBUG SqlParam @date='05.12.2016'
2016-12-05 22:24:10.2318 DEBUG SqlParam @doctor=2469
2016-12-05 22:24:24.2587 DEBUG Sql: SELECT d.dan_id as "Id", d.fam as "Фамилия", d.nam as "Имя", d.mid as "Отчество", d.date_born as "Дата рождения", case when d.ser_pol is null then d.num_pol else d.ser_pol ||' '|| d.num_pol end as "Полис", d.pens as "СНИЛС", d.address as "Адрес", case when spolref='2301001' then true else false end as "Прикреплен" , case when strcom_region_id='0300000000000' then false else true end as "Иногородний" FROM dan_tab d WHERE Lower(d.fam) LIKE @fam and Lower(d.nam) LIKE @nam and Lower(d.mid) LIKE @mid ORDER BY d.fam, d.nam, d.mid, d.date_born LIMIT 150;
2016-12-05 22:24:24.2587 DEBUG SqlParams:
2016-12-05 22:24:24.2587 DEBUG SqlParam @fam=ра%
2016-12-05 22:24:24.2587 DEBUG SqlParam @nam=му%
2016-12-05 22:24:24.2587 DEBUG SqlParam @mid=ба%
2016-12-05 22:24:29.9830 DEBUG Запрос: Select smo.id, smo.name, kladr.name from codifiers.strcom_tab smo left join codifiers.sp_kladr_tab kladr on smo.region_id = kladr.code where smo.region_id = @id and smo.name not like '*%'order by smo.name
2016-12-05 22:24:30.0530 DEBUG Получено записей: 4
2016-12-05 22:24:30.1430 DEBUG Запрос: select * from fed_lgota_tab where pens like @snils;
2016-12-05 22:24:30.1430 DEBUG Получено записей: 0
2016-12-05 22:24:30.1530 DEBUG Запрос: select * from lgot_client_tab where dan_id = @id;
2016-12-05 22:24:30.1760 DEBUG Получено записей: 0
2016-12-05 22:40:34.9992 DEBUG PatientFindForm ShowFilterByDoctor set to true
2016-12-05 22:40:34.9992 DEBUG PatientFindForm OperatorId: 2469
2016-12-05 22:40:34.9992 DEBUG PatientFindForm DoctorId: 2469
2016-12-05 22:40:35.0972 DEBUG DoctorQuery
2016-12-05 22:40:35.0972 DEBUG sql: SELECT td.time_nazn as "Время записи", d.dan_id as "Id", d.fam as "Фамилия", d.nam as "Имя", d.mid as "Отчество", d.date_born as "Дата рождения", case when d.ser_pol is null then d.num_pol else d.ser_pol ||' '|| d.num_pol end as "Полис", d.address as "Адрес", case when spolref='2301001' then true else false end as "Прикреплен", case when strcom_region_id='0300000000000' then false else true end as "Иногородний" FROM dan_tab d LEFT JOIN public.talon_doctor_tab td on td.dan_id = d.dan_id WHERE td.date_nazn = date(@date) and td.doctor_id = @doctor;
2016-12-05 22:40:35.0972 DEBUG @date: 05.12.2016
2016-12-05 22:40:35.0972 DEBUG @doctor: 2469
2016-12-05 22:40:35.0972 DEBUG bindQueryToDataGrid
2016-12-05 22:40:35.0972 DEBUG Sql: SELECT td.time_nazn as "Время записи", d.dan_id as "Id", d.fam as "Фамилия", d.nam as "Имя", d.mid as "Отчество", d.date_born as "Дата рождения", case when d.ser_pol is null then d.num_pol else d.ser_pol ||' '|| d.num_pol end as "Полис", d.address as "Адрес", case when spolref='2301001' then true else false end as "Прикреплен", case when strcom_region_id='0300000000000' then false else true end as "Иногородний" FROM dan_tab d LEFT JOIN public.talon_doctor_tab td on td.dan_id = d.dan_id WHERE td.date_nazn = date(@date) and td.doctor_id = @doctor;
2016-12-05 22:40:35.0972 DEBUG SqlParams:
2016-12-05 22:40:35.0972 DEBUG SqlParam @date='05.12.2016'
2016-12-05 22:40:35.0972 DEBUG SqlParam @doctor=2469
2016-12-05 22:40:50.5641 DEBUG Sql: SELECT d.dan_id as "Id", d.fam as "Фамилия", d.nam as "Имя", d.mid as "Отчество", d.date_born as "Дата рождения", case when d.ser_pol is null then d.num_pol else d.ser_pol ||' '|| d.num_pol end as "Полис", d.pens as "СНИЛС", d.address as "Адрес", case when spolref='2301001' then true else false end as "Прикреплен" , case when strcom_region_id='0300000000000' then false else true end as "Иногородний" FROM dan_tab d WHERE Lower(d.fam) LIKE @fam and Lower(d.nam) LIKE @nam and Lower(d.mid) LIKE @mid ORDER BY d.fam, d.nam, d.mid, d.date_born LIMIT 150;
2016-12-05 22:40:50.5641 DEBUG SqlParams:
2016-12-05 22:40:50.5641 DEBUG SqlParam @fam=ра%
2016-12-05 22:40:50.5641 DEBUG SqlParam @nam=му%
2016-12-05 22:40:50.5641 DEBUG SqlParam @mid=ба%
2016-12-05 22:40:56.8514 DEBUG Запрос: select * from fed_lgota_tab where pens like @snils;
2016-12-05 22:40:56.8514 DEBUG Получено записей: 0
2016-12-05 22:40:56.8614 DEBUG Запрос: select * from lgot_client_tab where dan_id = @id;
2016-12-05 22:40:56.8724 DEBUG Получено записей: 0
2016-12-05 23:24:11.1648 ERROR Cannot open connection: FATAL: 28P01: password authentication failed for user "postgres"
2016-12-05 23:27:27.7891 DEBUG Запрос: SELECT DISTINCT code_access, name, description FROM users_access_view WHERE users_id = @id
2016-12-05 23:27:27.8571 DEBUG Получено записей: 187
2016-12-05 23:27:30.2052 DEBUG SQL: select pattern from codifiers.patterns_tab where code = @patterncode and users_id is null;
2016-12-05 23:27:30.2052 DEBUG Parameters: @patterncode=, @operator=
2016-12-05 23:27:30.2802 DEBUG Result 
2016-12-05 23:27:30.2802 DEBUG нет шаблона для пользователя
2016-12-05 23:27:30.2802 DEBUG SQL: select pattern from codifiers.patterns_tab where code = @patterncode and users_id is null
2016-12-05 23:27:30.2802 DEBUG Parameters: @patterncode 
2016-12-05 23:27:30.2992 DEBUG Result 
2016-12-05 23:27:30.3652 DEBUG SQL: select pattern from codifiers.patterns_tab where code = @patterncode and users_id is null;
2016-12-05 23:27:30.3652 DEBUG Parameters: @patterncode=, @operator=
2016-12-05 23:27:30.3802 DEBUG Result 
2016-12-05 23:27:30.3802 DEBUG нет шаблона для пользователя
2016-12-05 23:27:30.3802 DEBUG SQL: select pattern from codifiers.patterns_tab where code = @patterncode and users_id is null
2016-12-05 23:27:30.3802 DEBUG Parameters: @patterncode 
2016-12-05 23:27:30.3922 DEBUG Result 
2016-12-05 23:27:30.8082 DEBUG Запрос: Select id, name, code, is_default, parent_id from codifiers.sp_kind_paid_tab order by id
2016-12-05 23:27:30.8082 DEBUG Получено записей: 9
2016-12-05 23:27:30.8232 DEBUG Запрос: Select id, name, code from codifiers.first_visit_condition_tab order by id
2016-12-05 23:27:30.8232 DEBUG Получено записей: 4
2016-12-05 23:27:30.8412 DEBUG Запрос: Select id, name, code, reestr, idsp, hospital_type_id, is_cure, is_inspection from codifiers.visit_purpose_common_tab order by id
2016-12-05 23:27:30.8412 DEBUG Получено записей: 22
2016-12-05 23:27:30.8632 DEBUG Запрос: Select id, name, code from codifiers.place_service_tab order by id
2016-12-05 23:27:30.8662 DEBUG Получено записей: 3
2016-12-05 23:27:30.8662 DEBUG Запрос: Select result_id, result, reestr, patient_state_id, reestr_rslt, reestr_ishod, _end from public.result_tab order by result_id
2016-12-05 23:27:30.8862 DEBUG Получено записей: 29
2016-12-05 23:27:30.9002 DEBUG Запрос: select id, name, code, bur_reestr_code from codifiers.travma_tab order by name;
2016-12-05 23:27:30.9002 DEBUG Получено записей: 15
2016-12-05 23:27:30.9162 DEBUG Запрос: SELECT * FROM codifiers.lpu_tab
2016-12-05 23:27:30.9662 DEBUG Получено записей: 105
2016-12-05 23:27:31.3423 DEBUG Запрос: SELECT * FROM codifiers.lpu_tab
2016-12-05 23:27:31.3543 DEBUG Получено записей: 105
2016-12-05 23:27:31.3663 DEBUG Запрос: select sp_napr_obosn_id,trim(obosn_name) as obosn_name FROM sp_napr_obosn_tab ORDER BY sp_napr_obosn_id;
2016-12-05 23:27:31.3663 DEBUG Получено записей: 8
2016-12-05 23:27:31.3813 DEBUG Запрос: SELECT sp_type_napr_id, sp_type_napr FROM sp_type_napr_tab ORDER BY 1;
2016-12-05 23:27:31.3813 DEBUG Получено записей: 9
2016-12-05 23:27:31.3813 DEBUG Запрос: select * from public.doctor_tab where sp_spec_doctor_id <> 900;
2016-12-05 23:27:31.4963 DEBUG Получено записей: 669
2016-12-05 23:28:02.6701 DEBUG Запрос: select id, code, name from codifiers.doctor_spec_tab order by 3,1;
2016-12-05 23:28:02.6761 DEBUG Получено записей: 175
2016-12-05 23:28:02.6931 DEBUG Запрос: Select mkb_id, mkb, kod_d, reestr_code from public.mkb_tab order by 1
2016-12-05 23:28:02.9071 DEBUG Получено записей: 13813
2016-12-05 23:28:39.7822 DEBUG Запрос: Select s.id, s.code, s.name from codifiers.sozstatus_tab s
2016-12-05 23:28:39.7822 DEBUG Получено записей: 11
2016-12-05 23:28:41.0732 DEBUG Запрос: Select u.id, u.code, u.name, u.doctor_id, u.otdel_id, u.age_from, u.age_for, u.flag_default, u.uchactok_type_id, u.lpu_id, u.sort, u.sex from codifiers.uchactok_tab u order by u.sort, u.name
2016-12-05 23:28:41.0732 DEBUG Получено записей: 77
2016-12-05 23:28:41.1433 DEBUG Запрос: select id, socr, name, full_name, index, code 
                              from codifiers.sp_kladr_tab
                              where level_ter=@level order by name
2016-12-05 23:28:41.1503 DEBUG Получено записей: 107
2016-12-05 23:32:22.8789 DEBUG Запрос: SELECT DISTINCT code_access, name, description FROM users_access_view WHERE users_id = @id
2016-12-05 23:32:22.9349 DEBUG Получено записей: 187
2016-12-05 23:32:25.1911 DEBUG SQL: select pattern from codifiers.patterns_tab where code = @patterncode and users_id is null;
2016-12-05 23:32:25.1911 DEBUG Parameters: @patterncode=, @operator=
2016-12-05 23:32:25.2511 DEBUG Result 
2016-12-05 23:32:25.2511 DEBUG нет шаблона для пользователя
2016-12-05 23:32:25.2511 DEBUG SQL: select pattern from codifiers.patterns_tab where code = @patterncode and users_id is null
2016-12-05 23:32:25.2511 DEBUG Parameters: @patterncode 
2016-12-05 23:32:25.2711 DEBUG Result 
2016-12-05 23:32:25.3191 DEBUG SQL: select pattern from codifiers.patterns_tab where code = @patterncode and users_id is null;
2016-12-05 23:32:25.3191 DEBUG Parameters: @patterncode=, @operator=
2016-12-05 23:32:25.3341 DEBUG Result 
2016-12-05 23:32:25.3341 DEBUG нет шаблона для пользователя
2016-12-05 23:32:25.3341 DEBUG SQL: select pattern from codifiers.patterns_tab where code = @patterncode and users_id is null
2016-12-05 23:32:25.3341 DEBUG Parameters: @patterncode 
2016-12-05 23:32:25.3341 DEBUG Result 
2016-12-05 23:32:25.7251 DEBUG Запрос: Select id, name, code, is_default, parent_id from codifiers.sp_kind_paid_tab order by id
2016-12-05 23:32:25.7251 DEBUG Получено записей: 9
2016-12-05 23:32:25.7421 DEBUG Запрос: Select id, name, code from codifiers.first_visit_condition_tab order by id
2016-12-05 23:32:25.7421 DEBUG Получено записей: 4
2016-12-05 23:32:25.7591 DEBUG Запрос: Select id, name, code, reestr, idsp, hospital_type_id, is_cure, is_inspection from codifiers.visit_purpose_common_tab order by id
2016-12-05 23:32:25.7591 DEBUG Получено записей: 22
2016-12-05 23:32:25.7801 DEBUG Запрос: Select id, name, code from codifiers.place_service_tab order by id
2016-12-05 23:32:25.7801 DEBUG Получено записей: 3
2016-12-05 23:32:25.7971 DEBUG Запрос: Select result_id, result, reestr, patient_state_id, reestr_rslt, reestr_ishod, _end from public.result_tab order by result_id
2016-12-05 23:32:25.8061 DEBUG Получено записей: 29
2016-12-05 23:32:25.8191 DEBUG Запрос: select id, name, code, bur_reestr_code from codifiers.travma_tab order by name;
2016-12-05 23:32:25.8191 DEBUG Получено записей: 15
2016-12-05 23:32:25.8381 DEBUG Запрос: SELECT * FROM codifiers.lpu_tab
2016-12-05 23:32:25.8821 DEBUG Получено записей: 105
2016-12-05 23:32:26.2351 DEBUG Запрос: SELECT * FROM codifiers.lpu_tab
2016-12-05 23:32:26.2511 DEBUG Получено записей: 105
2016-12-05 23:32:26.2641 DEBUG Запрос: select sp_napr_obosn_id,trim(obosn_name) as obosn_name FROM sp_napr_obosn_tab ORDER BY sp_napr_obosn_id;
2016-12-05 23:32:26.2641 DEBUG Получено записей: 8
2016-12-05 23:32:26.2781 DEBUG Запрос: SELECT sp_type_napr_id, sp_type_napr FROM sp_type_napr_tab ORDER BY 1;
2016-12-05 23:32:26.2781 DEBUG Получено записей: 9
2016-12-05 23:32:26.2971 DEBUG Запрос: select * from public.doctor_tab where sp_spec_doctor_id <> 900;
2016-12-05 23:32:26.4381 DEBUG Получено записей: 669
2016-12-05 23:32:57.4409 DEBUG Запрос: select id, code, name from codifiers.doctor_spec_tab order by 3,1;
2016-12-05 23:32:57.4409 DEBUG Получено записей: 175
2016-12-05 23:32:57.4699 DEBUG Запрос: Select mkb_id, mkb, kod_d, reestr_code from public.mkb_tab order by 1
2016-12-05 23:32:57.6899 DEBUG Получено записей: 13813
2016-12-05 23:35:24.9753 DEBUG Запрос: Select s.id, s.code, s.name from codifiers.sozstatus_tab s
2016-12-05 23:35:24.9753 DEBUG Получено записей: 11
2016-12-05 23:35:25.0024 DEBUG Запрос: Select u.id, u.code, u.name, u.doctor_id, u.otdel_id, u.age_from, u.age_for, u.flag_default, u.uchactok_type_id, u.lpu_id, u.sort, u.sex from codifiers.uchactok_tab u order by u.sort, u.name
2016-12-05 23:35:25.0024 DEBUG Получено записей: 77
2016-12-05 23:35:25.0734 DEBUG Запрос: select id, socr, name, full_name, index, code 
                              from codifiers.sp_kladr_tab
                              where level_ter=@level order by name
2016-12-05 23:35:25.0804 DEBUG Получено записей: 107
2016-12-05 23:35:32.8718 DEBUG PatientFindForm ShowFilterByDoctor set to true
2016-12-05 23:35:32.8718 DEBUG PatientFindForm OperatorId: 2469
2016-12-05 23:35:32.8718 DEBUG PatientFindForm DoctorId: 2469
2016-12-05 23:35:32.9808 DEBUG DoctorQuery
2016-12-05 23:35:33.0328 DEBUG sql: SELECT td.time_nazn as "Время записи", d.dan_id as "Id", d.fam as "Фамилия", d.nam as "Имя", d.mid as "Отчество", d.date_born as "Дата рождения", case when d.ser_pol is null then d.num_pol else d.ser_pol ||' '|| d.num_pol end as "Полис", d.address as "Адрес", case when spolref='2301001' then true else false end as "Прикреплен", case when strcom_region_id='0300000000000' then false else true end as "Иногородний" FROM dan_tab d LEFT JOIN public.talon_doctor_tab td on td.dan_id = d.dan_id WHERE td.date_nazn = date(@date) and td.doctor_id = @doctor;
2016-12-05 23:35:33.0338 DEBUG @date: 05.12.2016
2016-12-05 23:35:33.0338 DEBUG @doctor: 2469
2016-12-05 23:35:33.0338 DEBUG bindQueryToDataGrid
2016-12-05 23:35:33.0508 DEBUG Sql: SELECT td.time_nazn as "Время записи", d.dan_id as "Id", d.fam as "Фамилия", d.nam as "Имя", d.mid as "Отчество", d.date_born as "Дата рождения", case when d.ser_pol is null then d.num_pol else d.ser_pol ||' '|| d.num_pol end as "Полис", d.address as "Адрес", case when spolref='2301001' then true else false end as "Прикреплен", case when strcom_region_id='0300000000000' then false else true end as "Иногородний" FROM dan_tab d LEFT JOIN public.talon_doctor_tab td on td.dan_id = d.dan_id WHERE td.date_nazn = date(@date) and td.doctor_id = @doctor;
2016-12-05 23:35:33.0508 DEBUG SqlParams:
2016-12-05 23:35:33.0508 DEBUG SqlParam @date='05.12.2016'
2016-12-05 23:35:33.0508 DEBUG SqlParam @doctor=2469
2016-12-05 23:35:43.0674 DEBUG Sql: SELECT d.dan_id as "Id", d.fam as "Фамилия", d.nam as "Имя", d.mid as "Отчество", d.date_born as "Дата рождения", case when d.ser_pol is null then d.num_pol else d.ser_pol ||' '|| d.num_pol end as "Полис", d.pens as "СНИЛС", d.address as "Адрес", case when spolref='2301001' then true else false end as "Прикреплен" , case when strcom_region_id='0300000000000' then false else true end as "Иногородний" FROM dan_tab d WHERE Lower(d.fam) LIKE @fam and Lower(d.nam) LIKE @nam and Lower(d.mid) LIKE @mid ORDER BY d.fam, d.nam, d.mid, d.date_born LIMIT 150;
2016-12-05 23:35:43.0674 DEBUG SqlParams:
2016-12-05 23:35:43.0674 DEBUG SqlParam @fam=ра%
2016-12-05 23:35:43.0674 DEBUG SqlParam @nam=му%
2016-12-05 23:35:43.0674 DEBUG SqlParam @mid=ба%
2016-12-05 23:35:47.2576 DEBUG Запрос: Select smo.id, smo.name, kladr.name from codifiers.strcom_tab smo left join codifiers.sp_kladr_tab kladr on smo.region_id = kladr.code where smo.region_id = @id and smo.name not like '*%'order by smo.name
2016-12-05 23:35:47.3326 DEBUG Получено записей: 4
2016-12-05 23:35:47.4416 DEBUG Запрос: select * from fed_lgota_tab where pens like @snils;
2016-12-05 23:35:47.4416 DEBUG Получено записей: 0
2016-12-05 23:35:47.4566 DEBUG Запрос: select * from lgot_client_tab where dan_id = @id;
2016-12-05 23:35:47.4666 DEBUG Получено записей: 0
2016-12-05 23:37:51.6177 DEBUG Запрос: SELECT DISTINCT code_access, name, description FROM users_access_view WHERE users_id = @id
2016-12-05 23:37:51.6667 DEBUG Получено записей: 187
2016-12-05 23:37:53.9899 DEBUG SQL: select pattern from codifiers.patterns_tab where code = @patterncode and users_id is null;
2016-12-05 23:37:53.9899 DEBUG Parameters: @patterncode=, @operator=
2016-12-05 23:37:54.0379 DEBUG Result 
2016-12-05 23:37:54.0379 DEBUG нет шаблона для пользователя
2016-12-05 23:37:54.0379 DEBUG SQL: select pattern from codifiers.patterns_tab where code = @patterncode and users_id is null
2016-12-05 23:37:54.0379 DEBUG Parameters: @patterncode 
2016-12-05 23:37:54.0519 DEBUG Result 
2016-12-05 23:37:54.1069 DEBUG SQL: select pattern from codifiers.patterns_tab where code = @patterncode and users_id is null;
2016-12-05 23:37:54.1069 DEBUG Parameters: @patterncode=, @operator=
2016-12-05 23:37:54.1069 DEBUG Result 
2016-12-05 23:37:54.1069 DEBUG нет шаблона для пользователя
2016-12-05 23:37:54.1069 DEBUG SQL: select pattern from codifiers.patterns_tab where code = @patterncode and users_id is null
2016-12-05 23:37:54.1069 DEBUG Parameters: @patterncode 
2016-12-05 23:37:54.1299 DEBUG Result 
2016-12-05 23:37:54.5339 DEBUG Запрос: Select id, name, code, is_default, parent_id from codifiers.sp_kind_paid_tab order by id
2016-12-05 23:37:54.5339 DEBUG Получено записей: 9
2016-12-05 23:37:54.5509 DEBUG Запрос: Select id, name, code from codifiers.first_visit_condition_tab order by id
2016-12-05 23:37:54.5509 DEBUG Получено записей: 4
2016-12-05 23:37:54.5659 DEBUG Запрос: Select id, name, code, reestr, idsp, hospital_type_id, is_cure, is_inspection from codifiers.visit_purpose_common_tab order by id
2016-12-05 23:37:54.5729 DEBUG Получено записей: 22
2016-12-05 23:37:54.5729 DEBUG Запрос: Select id, name, code from codifiers.place_service_tab order by id
2016-12-05 23:37:54.5729 DEBUG Получено записей: 3
2016-12-05 23:37:54.6009 DEBUG Запрос: Select result_id, result, reestr, patient_state_id, reestr_rslt, reestr_ishod, _end from public.result_tab order by result_id
2016-12-05 23:37:54.6049 DEBUG Получено записей: 29
2016-12-05 23:37:54.6049 DEBUG Запрос: select id, name, code, bur_reestr_code from codifiers.travma_tab order by name;
2016-12-05 23:37:54.6239 DEBUG Получено записей: 15
2016-12-05 23:37:54.6369 DEBUG Запрос: SELECT * FROM codifiers.lpu_tab
2016-12-05 23:37:54.6729 DEBUG Получено записей: 105
2016-12-05 23:37:55.0029 DEBUG Запрос: SELECT * FROM codifiers.lpu_tab
2016-12-05 23:37:55.0159 DEBUG Получено записей: 105
2016-12-05 23:37:55.0159 DEBUG Запрос: select sp_napr_obosn_id,trim(obosn_name) as obosn_name FROM sp_napr_obosn_tab ORDER BY sp_napr_obosn_id;
2016-12-05 23:37:55.0289 DEBUG Получено записей: 8
2016-12-05 23:37:55.0289 DEBUG Запрос: SELECT sp_type_napr_id, sp_type_napr FROM sp_type_napr_tab ORDER BY 1;
2016-12-05 23:37:55.0419 DEBUG Получено записей: 9
2016-12-05 23:37:55.0419 DEBUG Запрос: select * from public.doctor_tab where sp_spec_doctor_id <> 900;
2016-12-05 23:37:55.1529 DEBUG Получено записей: 669
2016-12-05 23:38:22.2035 DEBUG Запрос: select id, code, name from codifiers.doctor_spec_tab order by 3,1;
2016-12-05 23:38:22.2035 DEBUG Получено записей: 175
2016-12-05 23:38:22.2205 DEBUG Запрос: Select mkb_id, mkb, kod_d, reestr_code from public.mkb_tab order by 1
2016-12-05 23:38:22.3885 DEBUG Получено записей: 13813
2016-12-05 23:40:18.0251 DEBUG Запрос: Select s.id, s.code, s.name from codifiers.sozstatus_tab s
2016-12-05 23:40:18.0251 DEBUG Получено записей: 11
2016-12-05 23:40:18.0451 DEBUG Запрос: Select u.id, u.code, u.name, u.doctor_id, u.otdel_id, u.age_from, u.age_for, u.flag_default, u.uchactok_type_id, u.lpu_id, u.sort, u.sex from codifiers.uchactok_tab u order by u.sort, u.name
2016-12-05 23:40:18.0521 DEBUG Получено записей: 77
2016-12-05 23:40:18.1131 DEBUG Запрос: select id, socr, name, full_name, index, code 
                              from codifiers.sp_kladr_tab
                              where level_ter=@level order by name
2016-12-05 23:40:18.1131 DEBUG Получено записей: 107
2016-12-05 23:40:51.3610 DEBUG PatientFindForm ShowFilterByDoctor set to true
2016-12-05 23:40:51.3610 DEBUG PatientFindForm OperatorId: 2469
2016-12-05 23:40:51.3610 DEBUG PatientFindForm DoctorId: 2469
2016-12-05 23:40:51.4700 DEBUG DoctorQuery
2016-12-05 23:40:51.4700 DEBUG sql: SELECT td.time_nazn as "Время записи", d.dan_id as "Id", d.fam as "Фамилия", d.nam as "Имя", d.mid as "Отчество", d.date_born as "Дата рождения", case when d.ser_pol is null then d.num_pol else d.ser_pol ||' '|| d.num_pol end as "Полис", d.address as "Адрес", case when spolref='2301001' then true else false end as "Прикреплен", case when strcom_region_id='0300000000000' then false else true end as "Иногородний" FROM dan_tab d LEFT JOIN public.talon_doctor_tab td on td.dan_id = d.dan_id WHERE td.date_nazn = date(@date) and td.doctor_id = @doctor;
2016-12-05 23:40:51.4700 DEBUG @date: 05.12.2016
2016-12-05 23:40:51.4700 DEBUG @doctor: 2469
2016-12-05 23:40:51.4700 DEBUG bindQueryToDataGrid
2016-12-05 23:40:51.4810 DEBUG Sql: SELECT td.time_nazn as "Время записи", d.dan_id as "Id", d.fam as "Фамилия", d.nam as "Имя", d.mid as "Отчество", d.date_born as "Дата рождения", case when d.ser_pol is null then d.num_pol else d.ser_pol ||' '|| d.num_pol end as "Полис", d.address as "Адрес", case when spolref='2301001' then true else false end as "Прикреплен", case when strcom_region_id='0300000000000' then false else true end as "Иногородний" FROM dan_tab d LEFT JOIN public.talon_doctor_tab td on td.dan_id = d.dan_id WHERE td.date_nazn = date(@date) and td.doctor_id = @doctor;
2016-12-05 23:40:51.4810 DEBUG SqlParams:
2016-12-05 23:40:51.4810 DEBUG SqlParam @date='05.12.2016'
2016-12-05 23:40:51.4810 DEBUG SqlParam @doctor=2469
2016-12-05 23:41:06.5289 DEBUG Sql: SELECT d.dan_id as "Id", d.fam as "Фамилия", d.nam as "Имя", d.mid as "Отчество", d.date_born as "Дата рождения", case when d.ser_pol is null then d.num_pol else d.ser_pol ||' '|| d.num_pol end as "Полис", d.pens as "СНИЛС", d.address as "Адрес", case when spolref='2301001' then true else false end as "Прикреплен" , case when strcom_region_id='0300000000000' then false else true end as "Иногородний" FROM dan_tab d WHERE Lower(d.fam) LIKE @fam and Lower(d.nam) LIKE @nam and Lower(d.mid) LIKE @mid ORDER BY d.fam, d.nam, d.mid, d.date_born LIMIT 150;
2016-12-05 23:41:06.5289 DEBUG SqlParams:
2016-12-05 23:41:06.5289 DEBUG SqlParam @fam=ра%
2016-12-05 23:41:06.5289 DEBUG SqlParam @nam=му%
2016-12-05 23:41:06.5289 DEBUG SqlParam @mid=ба%
2016-12-05 23:41:11.1631 DEBUG Запрос: select * from fed_lgota_tab where pens like @snils;
2016-12-05 23:41:11.1662 DEBUG Получено записей: 0
2016-12-05 23:41:11.1662 DEBUG Запрос: select * from lgot_client_tab where dan_id = @id;
2016-12-05 23:41:11.1892 DEBUG Получено записей: 0
2016-12-05 23:58:22.5831 DEBUG Запрос: SELECT DISTINCT code_access, name, description FROM users_access_view WHERE users_id = @id
2016-12-05 23:58:22.6411 DEBUG Получено записей: 187
2016-12-05 23:58:25.1503 DEBUG SQL: select pattern from codifiers.patterns_tab where code = @patterncode and users_id is null;
2016-12-05 23:58:25.1503 DEBUG Parameters: @patterncode=, @operator=
2016-12-05 23:58:25.2153 DEBUG Result 
2016-12-05 23:58:25.3423 DEBUG нет шаблона для пользователя
2016-12-05 23:58:25.3423 DEBUG SQL: select pattern from codifiers.patterns_tab where code = @patterncode and users_id is null
2016-12-05 23:58:25.3423 DEBUG Parameters: @patterncode 
2016-12-05 23:58:25.3533 DEBUG Result 
2016-12-05 23:58:25.4093 DEBUG SQL: select pattern from codifiers.patterns_tab where code = @patterncode and users_id is null;
2016-12-05 23:58:25.4093 DEBUG Parameters: @patterncode=, @operator=
2016-12-05 23:58:25.4093 DEBUG Result 
2016-12-05 23:58:25.4503 DEBUG нет шаблона для пользователя
2016-12-05 23:58:25.4503 DEBUG SQL: select pattern from codifiers.patterns_tab where code = @patterncode and users_id is null
2016-12-05 23:58:25.4503 DEBUG Parameters: @patterncode 
2016-12-05 23:58:25.4593 DEBUG Result 
2016-12-05 23:58:25.8773 DEBUG Запрос: Select id, name, code, is_default, parent_id from codifiers.sp_kind_paid_tab order by id
2016-12-05 23:58:25.8773 DEBUG Получено записей: 9
2016-12-05 23:58:25.8893 DEBUG Запрос: Select id, name, code from codifiers.first_visit_condition_tab order by id
2016-12-05 23:58:25.8893 DEBUG Получено записей: 4
2016-12-05 23:58:25.8893 DEBUG Запрос: Select id, name, code, reestr, idsp, hospital_type_id, is_cure, is_inspection from codifiers.visit_purpose_common_tab order by id
2016-12-05 23:58:25.8893 DEBUG Получено записей: 22
2016-12-05 23:58:25.9113 DEBUG Запрос: Select id, name, code from codifiers.place_service_tab order by id
2016-12-05 23:58:25.9113 DEBUG Получено записей: 3
2016-12-05 23:58:25.9203 DEBUG Запрос: Select result_id, result, reestr, patient_state_id, reestr_rslt, reestr_ishod, _end from public.result_tab order by result_id
2016-12-05 23:58:25.9203 DEBUG Получено записей: 29
2016-12-05 23:58:25.9203 DEBUG Запрос: select id, name, code, bur_reestr_code from codifiers.travma_tab order by name;
2016-12-05 23:58:25.9203 DEBUG Получено записей: 15
2016-12-05 23:58:25.9693 DEBUG Запрос: SELECT * FROM codifiers.lpu_tab
2016-12-05 23:58:26.0033 DEBUG Получено записей: 105
2016-12-05 23:58:26.3014 DEBUG Запрос: SELECT * FROM codifiers.lpu_tab
2016-12-05 23:58:26.3124 DEBUG Получено записей: 105
2016-12-05 23:58:26.3124 DEBUG Запрос: select sp_napr_obosn_id,trim(obosn_name) as obosn_name FROM sp_napr_obosn_tab ORDER BY sp_napr_obosn_id;
2016-12-05 23:58:26.3124 DEBUG Получено записей: 8
2016-12-05 23:58:26.3304 DEBUG Запрос: SELECT sp_type_napr_id, sp_type_napr FROM sp_type_napr_tab ORDER BY 1;
2016-12-05 23:58:26.3304 DEBUG Получено записей: 9
2016-12-05 23:58:26.3304 DEBUG Запрос: select * from public.doctor_tab where sp_spec_doctor_id <> 900;
2016-12-05 23:58:26.4524 DEBUG Получено записей: 669
2016-12-05 23:58:56.2111 DEBUG Запрос: select id, code, name from codifiers.doctor_spec_tab order by 3,1;
2016-12-05 23:58:56.2161 DEBUG Получено записей: 175
2016-12-05 23:58:56.2161 DEBUG Запрос: Select mkb_id, mkb, kod_d, reestr_code from public.mkb_tab order by 1
2016-12-05 23:58:56.4501 DEBUG Получено записей: 13813
2016-12-05 23:58:59.4163 DEBUG Запрос: Select s.id, s.code, s.name from codifiers.sozstatus_tab s
2016-12-05 23:58:59.4163 DEBUG Получено записей: 11
2016-12-05 23:58:59.4163 DEBUG Запрос: Select u.id, u.code, u.name, u.doctor_id, u.otdel_id, u.age_from, u.age_for, u.flag_default, u.uchactok_type_id, u.lpu_id, u.sort, u.sex from codifiers.uchactok_tab u order by u.sort, u.name
2016-12-05 23:58:59.4313 DEBUG Получено записей: 77
2016-12-05 23:58:59.5003 DEBUG Запрос: select id, socr, name, full_name, index, code 
                              from codifiers.sp_kladr_tab
                              where level_ter=@level order by name
2016-12-05 23:58:59.5003 DEBUG Получено записей: 107
2016-12-05 23:59:05.8126 DEBUG PatientFindForm ShowFilterByDoctor set to true
2016-12-05 23:59:05.8126 DEBUG PatientFindForm OperatorId: 2469
2016-12-05 23:59:05.8126 DEBUG PatientFindForm DoctorId: 2469
2016-12-05 23:59:05.9626 DEBUG DoctorQuery
2016-12-05 23:59:05.9626 DEBUG sql: SELECT td.time_nazn as "Время записи", d.dan_id as "Id", d.fam as "Фамилия", d.nam as "Имя", d.mid as "Отчество", d.date_born as "Дата рождения", case when d.ser_pol is null then d.num_pol else d.ser_pol ||' '|| d.num_pol end as "Полис", d.address as "Адрес", case when spolref='2301001' then true else false end as "Прикреплен", case when strcom_region_id='0300000000000' then false else true end as "Иногородний" FROM dan_tab d LEFT JOIN public.talon_doctor_tab td on td.dan_id = d.dan_id WHERE td.date_nazn = date(@date) and td.doctor_id = @doctor;
2016-12-05 23:59:05.9626 DEBUG @date: 05.12.2016
2016-12-05 23:59:05.9626 DEBUG @doctor: 2469
2016-12-05 23:59:05.9626 DEBUG bindQueryToDataGrid
2016-12-05 23:59:05.9766 DEBUG Sql: SELECT td.time_nazn as "Время записи", d.dan_id as "Id", d.fam as "Фамилия", d.nam as "Имя", d.mid as "Отчество", d.date_born as "Дата рождения", case when d.ser_pol is null then d.num_pol else d.ser_pol ||' '|| d.num_pol end as "Полис", d.address as "Адрес", case when spolref='2301001' then true else false end as "Прикреплен", case when strcom_region_id='0300000000000' then false else true end as "Иногородний" FROM dan_tab d LEFT JOIN public.talon_doctor_tab td on td.dan_id = d.dan_id WHERE td.date_nazn = date(@date) and td.doctor_id = @doctor;
2016-12-05 23:59:05.9766 DEBUG SqlParams:
2016-12-05 23:59:05.9766 DEBUG SqlParam @date='05.12.2016'
2016-12-05 23:59:05.9766 DEBUG SqlParam @doctor=2469
2016-12-05 23:59:21.7795 DEBUG Sql: SELECT d.dan_id as "Id", d.fam as "Фамилия", d.nam as "Имя", d.mid as "Отчество", d.date_born as "Дата рождения", case when d.ser_pol is null then d.num_pol else d.ser_pol ||' '|| d.num_pol end as "Полис", d.pens as "СНИЛС", d.address as "Адрес", case when spolref='2301001' then true else false end as "Прикреплен" , case when strcom_region_id='0300000000000' then false else true end as "Иногородний" FROM dan_tab d WHERE Lower(d.fam) LIKE @fam and Lower(d.nam) LIKE @nam and Lower(d.mid) LIKE @mid ORDER BY d.fam, d.nam, d.mid, d.date_born LIMIT 150;
2016-12-05 23:59:21.7795 DEBUG SqlParams:
2016-12-05 23:59:21.7795 DEBUG SqlParam @fam=ра%
2016-12-05 23:59:21.7795 DEBUG SqlParam @nam=му%
2016-12-05 23:59:21.7795 DEBUG SqlParam @mid=ба%
2016-12-05 23:59:25.4367 DEBUG Запрос: select * from fed_lgota_tab where pens like @snils;
2016-12-05 23:59:25.4367 DEBUG Получено записей: 0
2016-12-05 23:59:25.4367 DEBUG Запрос: select * from lgot_client_tab where dan_id = @id;
2016-12-05 23:59:25.4837 DEBUG Получено записей: 0
