2016-12-06 00:01:11.7508 DEBUG PatientFindForm ShowFilterByDoctor set to true
2016-12-06 00:01:11.7508 DEBUG PatientFindForm OperatorId: 2469
2016-12-06 00:01:11.7508 DEBUG PatientFindForm DoctorId: 2469
2016-12-06 00:01:12.9819 DEBUG DoctorQuery
2016-12-06 00:01:12.9819 DEBUG sql: SELECT td.time_nazn as "Время записи", d.dan_id as "Id", d.fam as "Фамилия", d.nam as "Имя", d.mid as "Отчество", d.date_born as "Дата рождения", case when d.ser_pol is null then d.num_pol else d.ser_pol ||' '|| d.num_pol end as "Полис", d.address as "Адрес", case when spolref='2301001' then true else false end as "Прикреплен", case when strcom_region_id='0300000000000' then false else true end as "Иногородний" FROM dan_tab d LEFT JOIN public.talon_doctor_tab td on td.dan_id = d.dan_id WHERE td.date_nazn = date(@date) and td.doctor_id = @doctor;
2016-12-06 00:01:12.9819 DEBUG @date: 06.12.2016
2016-12-06 00:01:12.9819 DEBUG @doctor: 2469
2016-12-06 00:01:12.9819 DEBUG bindQueryToDataGrid
2016-12-06 00:01:12.9819 DEBUG Sql: SELECT td.time_nazn as "Время записи", d.dan_id as "Id", d.fam as "Фамилия", d.nam as "Имя", d.mid as "Отчество", d.date_born as "Дата рождения", case when d.ser_pol is null then d.num_pol else d.ser_pol ||' '|| d.num_pol end as "Полис", d.address as "Адрес", case when spolref='2301001' then true else false end as "Прикреплен", case when strcom_region_id='0300000000000' then false else true end as "Иногородний" FROM dan_tab d LEFT JOIN public.talon_doctor_tab td on td.dan_id = d.dan_id WHERE td.date_nazn = date(@date) and td.doctor_id = @doctor;
2016-12-06 00:01:12.9819 DEBUG SqlParams:
2016-12-06 00:01:12.9819 DEBUG SqlParam @date='06.12.2016'
2016-12-06 00:01:12.9819 DEBUG SqlParam @doctor=2469
2016-12-06 00:01:36.7953 DEBUG Sql: SELECT d.dan_id as "Id", d.fam as "Фамилия", d.nam as "Имя", d.mid as "Отчество", d.date_born as "Дата рождения", case when d.ser_pol is null then d.num_pol else d.ser_pol ||' '|| d.num_pol end as "Полис", d.pens as "СНИЛС", d.address as "Адрес", case when spolref='2301001' then true else false end as "Прикреплен" , case when strcom_region_id='0300000000000' then false else true end as "Иногородний" FROM dan_tab d WHERE Lower(d.fam) LIKE @fam and Lower(d.nam) LIKE @nam and Lower(d.mid) LIKE @mid ORDER BY d.fam, d.nam, d.mid, d.date_born LIMIT 150;
2016-12-06 00:01:36.7953 DEBUG SqlParams:
2016-12-06 00:01:36.7953 DEBUG SqlParam @fam=авет%
2016-12-06 00:01:36.7953 DEBUG SqlParam @nam=макт%
2016-12-06 00:01:36.7953 DEBUG SqlParam @mid=арс%
2016-12-06 00:01:41.0125 DEBUG Запрос: Select smo.id, smo.name, kladr.name from codifiers.strcom_tab smo left join codifiers.sp_kladr_tab kladr on smo.region_id = kladr.code where smo.region_id = @id and smo.name not like '*%'order by smo.name
2016-12-06 00:01:41.5755 DEBUG Получено записей: 4
2016-12-06 00:01:41.6305 DEBUG Запрос: select * from fed_lgota_tab where pens like @snils;
2016-12-06 00:01:41.6305 DEBUG Получено записей: 0
2016-12-06 00:01:41.6415 DEBUG Запрос: select * from lgot_client_tab where dan_id = @id;
2016-12-06 00:01:41.6725 DEBUG Получено записей: 0
2016-12-06 00:01:46.8058 DEBUG PatientFindForm ShowFilterByDoctor set to true
2016-12-06 00:01:46.8058 DEBUG PatientFindForm OperatorId: 2469
2016-12-06 00:01:46.8058 DEBUG PatientFindForm DoctorId: 2469
2016-12-06 00:01:48.1119 DEBUG DoctorQuery
2016-12-06 00:01:48.1119 DEBUG sql: SELECT td.time_nazn as "Время записи", d.dan_id as "Id", d.fam as "Фамилия", d.nam as "Имя", d.mid as "Отчество", d.date_born as "Дата рождения", case when d.ser_pol is null then d.num_pol else d.ser_pol ||' '|| d.num_pol end as "Полис", d.address as "Адрес", case when spolref='2301001' then true else false end as "Прикреплен", case when strcom_region_id='0300000000000' then false else true end as "Иногородний" FROM dan_tab d LEFT JOIN public.talon_doctor_tab td on td.dan_id = d.dan_id WHERE td.date_nazn = date(@date) and td.doctor_id = @doctor;
2016-12-06 00:01:48.1119 DEBUG @date: 06.12.2016
2016-12-06 00:01:48.1129 DEBUG @doctor: 2469
2016-12-06 00:01:48.1129 DEBUG bindQueryToDataGrid
2016-12-06 00:01:48.1129 DEBUG Sql: SELECT td.time_nazn as "Время записи", d.dan_id as "Id", d.fam as "Фамилия", d.nam as "Имя", d.mid as "Отчество", d.date_born as "Дата рождения", case when d.ser_pol is null then d.num_pol else d.ser_pol ||' '|| d.num_pol end as "Полис", d.address as "Адрес", case when spolref='2301001' then true else false end as "Прикреплен", case when strcom_region_id='0300000000000' then false else true end as "Иногородний" FROM dan_tab d LEFT JOIN public.talon_doctor_tab td on td.dan_id = d.dan_id WHERE td.date_nazn = date(@date) and td.doctor_id = @doctor;
2016-12-06 00:01:48.1129 DEBUG SqlParams:
2016-12-06 00:01:48.1129 DEBUG SqlParam @date='06.12.2016'
2016-12-06 00:01:48.1129 DEBUG SqlParam @doctor=2469
2016-12-06 00:01:56.3704 DEBUG Sql: SELECT d.dan_id as "Id", d.fam as "Фамилия", d.nam as "Имя", d.mid as "Отчество", d.date_born as "Дата рождения", case when d.ser_pol is null then d.num_pol else d.ser_pol ||' '|| d.num_pol end as "Полис", d.pens as "СНИЛС", d.address as "Адрес", case when spolref='2301001' then true else false end as "Прикреплен" , case when strcom_region_id='0300000000000' then false else true end as "Иногородний" FROM dan_tab d WHERE Lower(d.fam) LIKE @fam and Lower(d.nam) LIKE @nam and Lower(d.mid) LIKE @mid ORDER BY d.fam, d.nam, d.mid, d.date_born LIMIT 150;
2016-12-06 00:01:56.3704 DEBUG SqlParams:
2016-12-06 00:01:56.3704 DEBUG SqlParam @fam=ра%
2016-12-06 00:01:56.3704 DEBUG SqlParam @nam=му%
2016-12-06 00:01:56.3704 DEBUG SqlParam @mid=ба%
2016-12-06 00:02:00.6566 DEBUG Запрос: select * from fed_lgota_tab where pens like @snils;
2016-12-06 00:02:00.6566 DEBUG Получено записей: 0
2016-12-06 00:02:00.6566 DEBUG Запрос: select * from lgot_client_tab where dan_id = @id;
2016-12-06 00:02:00.6776 DEBUG Получено записей: 0
2016-12-06 14:48:11.4338 DEBUG Запрос: SELECT DISTINCT code_access, name, description FROM users_access_view WHERE users_id = @id
2016-12-06 14:48:11.5088 DEBUG Получено записей: 187
2016-12-06 14:48:14.9300 DEBUG SQL: select pattern from codifiers.patterns_tab where code = @patterncode and users_id is null;
2016-12-06 14:48:14.9300 DEBUG Parameters: @patterncode=, @operator=
2016-12-06 14:48:14.9770 DEBUG Result 
2016-12-06 14:48:14.9980 DEBUG нет шаблона для пользователя
2016-12-06 14:48:14.9980 DEBUG SQL: select pattern from codifiers.patterns_tab where code = @patterncode and users_id is null
2016-12-06 14:48:14.9980 DEBUG Parameters: @patterncode 
2016-12-06 14:48:15.0110 DEBUG Result 
2016-12-06 14:48:15.0730 DEBUG SQL: select pattern from codifiers.patterns_tab where code = @patterncode and users_id is null;
2016-12-06 14:48:15.0730 DEBUG Parameters: @patterncode=, @operator=
2016-12-06 14:48:15.0840 DEBUG Result 
2016-12-06 14:48:15.0840 DEBUG нет шаблона для пользователя
2016-12-06 14:48:15.0840 DEBUG SQL: select pattern from codifiers.patterns_tab where code = @patterncode and users_id is null
2016-12-06 14:48:15.0840 DEBUG Parameters: @patterncode 
2016-12-06 14:48:15.0970 DEBUG Result 
2016-12-06 14:48:15.6411 DEBUG Запрос: Select id, name, code, is_default, parent_id from codifiers.sp_kind_paid_tab order by id
2016-12-06 14:48:15.6411 DEBUG Получено записей: 9
2016-12-06 14:48:15.6411 DEBUG Запрос: Select id, name, code from codifiers.first_visit_condition_tab order by id
2016-12-06 14:48:15.6571 DEBUG Получено записей: 4
2016-12-06 14:48:15.6571 DEBUG Запрос: Select id, name, code, reestr, idsp, hospital_type_id, is_cure, is_inspection from codifiers.visit_purpose_common_tab order by id
2016-12-06 14:48:15.6731 DEBUG Получено записей: 22
2016-12-06 14:48:15.6731 DEBUG Запрос: Select id, name, code from codifiers.place_service_tab order by id
2016-12-06 14:48:15.6871 DEBUG Получено записей: 3
2016-12-06 14:48:15.6871 DEBUG Запрос: Select result_id, result, reestr, patient_state_id, reestr_rslt, reestr_ishod, _end from public.result_tab order by result_id
2016-12-06 14:48:15.6871 DEBUG Получено записей: 29
2016-12-06 14:48:15.7131 DEBUG Запрос: select id, name, code, bur_reestr_code from codifiers.travma_tab order by name;
2016-12-06 14:48:15.7131 DEBUG Получено записей: 15
2016-12-06 14:48:15.7271 DEBUG Запрос: SELECT * FROM codifiers.lpu_tab
2016-12-06 14:48:15.7731 DEBUG Получено записей: 105
2016-12-06 14:48:16.1541 DEBUG Запрос: SELECT * FROM codifiers.lpu_tab
2016-12-06 14:48:16.1651 DEBUG Получено записей: 105
2016-12-06 14:48:16.1751 DEBUG Запрос: select sp_napr_obosn_id,trim(obosn_name) as obosn_name FROM sp_napr_obosn_tab ORDER BY sp_napr_obosn_id;
2016-12-06 14:48:16.1751 DEBUG Получено записей: 8
2016-12-06 14:48:16.1861 DEBUG Запрос: SELECT sp_type_napr_id, sp_type_napr FROM sp_type_napr_tab ORDER BY 1;
2016-12-06 14:48:16.1861 DEBUG Получено записей: 9
2016-12-06 14:48:16.1861 DEBUG Запрос: select * from public.doctor_tab where sp_spec_doctor_id <> 900;
2016-12-06 14:48:16.3061 DEBUG Получено записей: 670
2016-12-06 14:48:39.8174 DEBUG Запрос: select id, code, name from codifiers.doctor_spec_tab order by 3,1;
2016-12-06 14:48:39.8234 DEBUG Получено записей: 175
2016-12-06 14:48:39.8234 DEBUG Запрос: Select mkb_id, mkb, kod_d, reestr_code from public.mkb_tab order by 1
2016-12-06 14:48:40.0464 DEBUG Получено записей: 13813
2016-12-06 14:48:44.3547 DEBUG Запрос: Select s.id, s.code, s.name from codifiers.sozstatus_tab s
2016-12-06 14:48:44.3547 DEBUG Получено записей: 11
2016-12-06 14:48:44.3697 DEBUG Запрос: Select u.id, u.code, u.name, u.doctor_id, u.otdel_id, u.age_from, u.age_for, u.flag_default, u.uchactok_type_id, u.lpu_id, u.sort, u.sex from codifiers.uchactok_tab u order by u.sort, u.name
2016-12-06 14:48:44.3757 DEBUG Получено записей: 77
2016-12-06 14:48:44.4377 DEBUG Запрос: select id, socr, name, full_name, index, code 
                              from codifiers.sp_kladr_tab
                              where level_ter=@level order by name
2016-12-06 14:48:44.4377 DEBUG Получено записей: 107
2016-12-06 14:48:57.5044 DEBUG PatientFindForm ShowFilterByDoctor set to true
2016-12-06 14:48:57.5044 DEBUG PatientFindForm OperatorId: 2469
2016-12-06 14:48:57.5044 DEBUG PatientFindForm DoctorId: 2469
2016-12-06 14:48:57.6575 DEBUG DoctorQuery
2016-12-06 14:48:57.6575 DEBUG sql: SELECT td.time_nazn as "Время записи", d.dan_id as "Id", d.fam as "Фамилия", d.nam as "Имя", d.mid as "Отчество", d.date_born as "Дата рождения", case when d.ser_pol is null then d.num_pol else d.ser_pol ||' '|| d.num_pol end as "Полис", d.address as "Адрес", case when spolref='2301001' then true else false end as "Прикреплен", case when strcom_region_id='0300000000000' then false else true end as "Иногородний" FROM dan_tab d LEFT JOIN public.talon_doctor_tab td on td.dan_id = d.dan_id WHERE td.date_nazn = date(@date) and td.doctor_id = @doctor;
2016-12-06 14:48:57.6575 DEBUG @date: 06.12.2016
2016-12-06 14:48:57.6575 DEBUG @doctor: 2469
2016-12-06 14:48:57.6575 DEBUG bindQueryToDataGrid
2016-12-06 14:48:57.6735 DEBUG Sql: SELECT td.time_nazn as "Время записи", d.dan_id as "Id", d.fam as "Фамилия", d.nam as "Имя", d.mid as "Отчество", d.date_born as "Дата рождения", case when d.ser_pol is null then d.num_pol else d.ser_pol ||' '|| d.num_pol end as "Полис", d.address as "Адрес", case when spolref='2301001' then true else false end as "Прикреплен", case when strcom_region_id='0300000000000' then false else true end as "Иногородний" FROM dan_tab d LEFT JOIN public.talon_doctor_tab td on td.dan_id = d.dan_id WHERE td.date_nazn = date(@date) and td.doctor_id = @doctor;
2016-12-06 14:48:57.6735 DEBUG SqlParams:
2016-12-06 14:48:57.6735 DEBUG SqlParam @date='06.12.2016'
2016-12-06 14:48:57.6735 DEBUG SqlParam @doctor=2469
2016-12-06 14:49:11.4402 DEBUG Sql: SELECT d.dan_id as "Id", d.fam as "Фамилия", d.nam as "Имя", d.mid as "Отчество", d.date_born as "Дата рождения", case when d.ser_pol is null then d.num_pol else d.ser_pol ||' '|| d.num_pol end as "Полис", d.pens as "СНИЛС", d.address as "Адрес", case when spolref='2301001' then true else false end as "Прикреплен" , case when strcom_region_id='0300000000000' then false else true end as "Иногородний" FROM dan_tab d WHERE Lower(d.fam) LIKE @fam and Lower(d.nam) LIKE @nam and Lower(d.mid) LIKE @mid ORDER BY d.fam, d.nam, d.mid, d.date_born LIMIT 150;
2016-12-06 14:49:11.4402 DEBUG SqlParams:
2016-12-06 14:49:11.4402 DEBUG SqlParam @fam=ра%
2016-12-06 14:49:11.4402 DEBUG SqlParam @nam=му%
2016-12-06 14:49:11.4402 DEBUG SqlParam @mid=ба%
2016-12-06 14:49:15.7365 DEBUG Запрос: Select smo.id, smo.name, kladr.name from codifiers.strcom_tab smo left join codifiers.sp_kladr_tab kladr on smo.region_id = kladr.code where smo.region_id = @id and smo.name not like '*%'order by smo.name
2016-12-06 14:49:15.8105 DEBUG Получено записей: 4
2016-12-06 14:49:15.9035 DEBUG Запрос: select * from fed_lgota_tab where pens like @snils;
2016-12-06 14:49:15.9035 DEBUG Получено записей: 0
2016-12-06 14:49:15.9035 DEBUG Запрос: select * from lgot_client_tab where dan_id = @id;
2016-12-06 14:49:15.9255 DEBUG Получено записей: 0
2016-12-06 14:57:58.9324 DEBUG Запрос: SELECT DISTINCT code_access, name, description FROM users_access_view WHERE users_id = @id
2016-12-06 14:57:58.9844 DEBUG Получено записей: 187
2016-12-06 14:58:01.2215 DEBUG SQL: select pattern from codifiers.patterns_tab where code = @patterncode and users_id is null;
2016-12-06 14:58:01.2215 DEBUG Parameters: @patterncode=, @operator=
2016-12-06 14:58:01.2685 DEBUG Result 
2016-12-06 14:58:01.2685 DEBUG нет шаблона для пользователя
2016-12-06 14:58:01.2685 DEBUG SQL: select pattern from codifiers.patterns_tab where code = @patterncode and users_id is null
2016-12-06 14:58:01.2685 DEBUG Parameters: @patterncode 
2016-12-06 14:58:01.2835 DEBUG Result 
2016-12-06 14:58:01.3406 DEBUG SQL: select pattern from codifiers.patterns_tab where code = @patterncode and users_id is null;
2016-12-06 14:58:01.3406 DEBUG Parameters: @patterncode=, @operator=
2016-12-06 14:58:01.3526 DEBUG Result 
2016-12-06 14:58:01.3526 DEBUG нет шаблона для пользователя
2016-12-06 14:58:01.3526 DEBUG SQL: select pattern from codifiers.patterns_tab where code = @patterncode and users_id is null
2016-12-06 14:58:01.3526 DEBUG Parameters: @patterncode 
2016-12-06 14:58:01.3636 DEBUG Result 
2016-12-06 14:58:01.7636 DEBUG Запрос: Select id, name, code, is_default, parent_id from codifiers.sp_kind_paid_tab order by id
2016-12-06 14:58:01.7636 DEBUG Получено записей: 9
2016-12-06 14:58:01.7766 DEBUG Запрос: Select id, name, code from codifiers.first_visit_condition_tab order by id
2016-12-06 14:58:01.7766 DEBUG Получено записей: 4
2016-12-06 14:58:01.7896 DEBUG Запрос: Select id, name, code, reestr, idsp, hospital_type_id, is_cure, is_inspection from codifiers.visit_purpose_common_tab order by id
2016-12-06 14:58:01.7896 DEBUG Получено записей: 22
2016-12-06 14:58:01.8056 DEBUG Запрос: Select id, name, code from codifiers.place_service_tab order by id
2016-12-06 14:58:01.8056 DEBUG Получено записей: 3
2016-12-06 14:58:01.8176 DEBUG Запрос: Select result_id, result, reestr, patient_state_id, reestr_rslt, reestr_ishod, _end from public.result_tab order by result_id
2016-12-06 14:58:01.8176 DEBUG Получено записей: 29
2016-12-06 14:58:01.8346 DEBUG Запрос: select id, name, code, bur_reestr_code from codifiers.travma_tab order by name;
2016-12-06 14:58:01.8346 DEBUG Получено записей: 15
2016-12-06 14:58:01.8486 DEBUG Запрос: SELECT * FROM codifiers.lpu_tab
2016-12-06 14:58:01.8886 DEBUG Получено записей: 105
2016-12-06 14:58:02.1796 DEBUG Запрос: SELECT * FROM codifiers.lpu_tab
2016-12-06 14:58:02.1916 DEBUG Получено записей: 105
2016-12-06 14:58:02.1916 DEBUG Запрос: select sp_napr_obosn_id,trim(obosn_name) as obosn_name FROM sp_napr_obosn_tab ORDER BY sp_napr_obosn_id;
2016-12-06 14:58:02.2046 DEBUG Получено записей: 8
2016-12-06 14:58:02.2046 DEBUG Запрос: SELECT sp_type_napr_id, sp_type_napr FROM sp_type_napr_tab ORDER BY 1;
2016-12-06 14:58:02.2046 DEBUG Получено записей: 9
2016-12-06 14:58:02.2276 DEBUG Запрос: select * from public.doctor_tab where sp_spec_doctor_id <> 900;
2016-12-06 14:58:02.3386 DEBUG Получено записей: 670
2016-12-06 14:58:28.0321 DEBUG Запрос: select id, code, name from codifiers.doctor_spec_tab order by 3,1;
2016-12-06 14:58:28.0381 DEBUG Получено записей: 175
2016-12-06 14:58:28.0381 DEBUG Запрос: Select mkb_id, mkb, kod_d, reestr_code from public.mkb_tab order by 1
2016-12-06 14:58:28.2511 DEBUG Получено записей: 13813
2016-12-06 14:58:32.2993 DEBUG Запрос: Select s.id, s.code, s.name from codifiers.sozstatus_tab s
2016-12-06 14:58:32.2993 DEBUG Получено записей: 11
2016-12-06 14:58:32.3153 DEBUG Запрос: Select u.id, u.code, u.name, u.doctor_id, u.otdel_id, u.age_from, u.age_for, u.flag_default, u.uchactok_type_id, u.lpu_id, u.sort, u.sex from codifiers.uchactok_tab u order by u.sort, u.name
2016-12-06 14:58:32.3153 DEBUG Получено записей: 77
2016-12-06 14:58:32.3803 DEBUG Запрос: select id, socr, name, full_name, index, code 
                              from codifiers.sp_kladr_tab
                              where level_ter=@level order by name
2016-12-06 14:58:32.3803 DEBUG Получено записей: 107
2016-12-06 14:58:38.6537 DEBUG PatientFindForm ShowFilterByDoctor set to true
2016-12-06 14:58:38.6537 DEBUG PatientFindForm OperatorId: 2469
2016-12-06 14:58:38.6537 DEBUG PatientFindForm DoctorId: 2469
2016-12-06 14:58:38.7957 DEBUG DoctorQuery
2016-12-06 14:58:38.7957 DEBUG sql: SELECT td.time_nazn as "Время записи", d.dan_id as "Id", d.fam as "Фамилия", d.nam as "Имя", d.mid as "Отчество", d.date_born as "Дата рождения", case when d.ser_pol is null then d.num_pol else d.ser_pol ||' '|| d.num_pol end as "Полис", d.address as "Адрес", case when spolref='2301001' then true else false end as "Прикреплен", case when strcom_region_id='0300000000000' then false else true end as "Иногородний" FROM dan_tab d LEFT JOIN public.talon_doctor_tab td on td.dan_id = d.dan_id WHERE td.date_nazn = date(@date) and td.doctor_id = @doctor;
2016-12-06 14:58:38.7957 DEBUG @date: 06.12.2016
2016-12-06 14:58:38.7957 DEBUG @doctor: 2469
2016-12-06 14:58:38.7957 DEBUG bindQueryToDataGrid
2016-12-06 14:58:38.8127 DEBUG Sql: SELECT td.time_nazn as "Время записи", d.dan_id as "Id", d.fam as "Фамилия", d.nam as "Имя", d.mid as "Отчество", d.date_born as "Дата рождения", case when d.ser_pol is null then d.num_pol else d.ser_pol ||' '|| d.num_pol end as "Полис", d.address as "Адрес", case when spolref='2301001' then true else false end as "Прикреплен", case when strcom_region_id='0300000000000' then false else true end as "Иногородний" FROM dan_tab d LEFT JOIN public.talon_doctor_tab td on td.dan_id = d.dan_id WHERE td.date_nazn = date(@date) and td.doctor_id = @doctor;
2016-12-06 14:58:38.8127 DEBUG SqlParams:
2016-12-06 14:58:38.8127 DEBUG SqlParam @date='06.12.2016'
2016-12-06 14:58:38.8127 DEBUG SqlParam @doctor=2469
2016-12-06 14:58:53.7806 DEBUG Sql: SELECT d.dan_id as "Id", d.fam as "Фамилия", d.nam as "Имя", d.mid as "Отчество", d.date_born as "Дата рождения", case when d.ser_pol is null then d.num_pol else d.ser_pol ||' '|| d.num_pol end as "Полис", d.pens as "СНИЛС", d.address as "Адрес", case when spolref='2301001' then true else false end as "Прикреплен" , case when strcom_region_id='0300000000000' then false else true end as "Иногородний" FROM dan_tab d WHERE Lower(d.fam) LIKE @fam and Lower(d.nam) LIKE @nam and Lower(d.mid) LIKE @mid ORDER BY d.fam, d.nam, d.mid, d.date_born LIMIT 150;
2016-12-06 14:58:53.7806 DEBUG SqlParams:
2016-12-06 14:58:53.7806 DEBUG SqlParam @fam=ра%
2016-12-06 14:58:53.7806 DEBUG SqlParam @nam=му%
2016-12-06 14:58:53.7806 DEBUG SqlParam @mid=ба%
2016-12-06 14:58:58.9668 DEBUG Запрос: select * from fed_lgota_tab where pens like @snils;
2016-12-06 14:58:58.9668 DEBUG Получено записей: 0
2016-12-06 14:58:58.9778 DEBUG Запрос: select * from lgot_client_tab where dan_id = @id;
2016-12-06 14:58:59.0649 DEBUG Получено записей: 0
