2017-04-17 10:47:32.8127 DEBUG Запрос: SELECT DISTINCT code_access, name, description 
                            FROM users_access_view WHERE users_id = @id
2017-04-17 10:47:32.8777 DEBUG Получено записей: 187
2017-04-17 10:47:35.9998 DEBUG SQL: select pattern from codifiers.patterns_tab where code = @patterncode and users_id is null;
2017-04-17 10:47:35.9998 DEBUG Parameters: @patterncode=, @operator=
2017-04-17 10:47:36.0288 DEBUG Result 
2017-04-17 10:47:36.0288 DEBUG нет шаблона для пользователя
2017-04-17 10:47:36.0288 DEBUG SQL: select pattern from codifiers.patterns_tab where code = @patterncode and users_id is null
2017-04-17 10:47:36.0288 DEBUG Parameters: @patterncode 
2017-04-17 10:47:36.0428 DEBUG Result 
2017-04-17 10:47:36.0958 DEBUG SQL: select pattern from codifiers.patterns_tab where code = @patterncode and users_id is null;
2017-04-17 10:47:36.0958 DEBUG Parameters: @patterncode=, @operator=
2017-04-17 10:47:36.1068 DEBUG Result 
2017-04-17 10:47:36.1068 DEBUG нет шаблона для пользователя
2017-04-17 10:47:36.1068 DEBUG SQL: select pattern from codifiers.patterns_tab where code = @patterncode and users_id is null
2017-04-17 10:47:36.1068 DEBUG Parameters: @patterncode 
2017-04-17 10:47:36.1188 DEBUG Result 
2017-04-17 10:47:36.5469 DEBUG Запрос: Select id, name, code, is_default, parent_id from codifiers.sp_kind_paid_tab order by id
2017-04-17 10:47:36.5469 DEBUG Получено записей: 9
2017-04-17 10:47:36.5589 DEBUG Запрос: Select id, name, code from codifiers.first_visit_condition_tab order by id
2017-04-17 10:47:36.5589 DEBUG Получено записей: 4
2017-04-17 10:47:36.5709 DEBUG Запрос: Select id, name, code, reestr, idsp, hospital_type_id, is_cure, is_inspection from codifiers.visit_purpose_common_tab order by id
2017-04-17 10:47:36.5709 DEBUG Получено записей: 22
2017-04-17 10:47:36.5849 DEBUG Запрос: Select id, name, code from codifiers.place_service_tab order by id
2017-04-17 10:47:36.5849 DEBUG Получено записей: 3
2017-04-17 10:47:36.6069 DEBUG Запрос: Select result_id, result, reestr, patient_state_id, reestr_rslt, reestr_ishod, _end from public.result_tab order by result_id
2017-04-17 10:47:36.6069 DEBUG Получено записей: 29
2017-04-17 10:47:36.6209 DEBUG Запрос: select id, name, code, bur_reestr_code from codifiers.travma_tab order by name;
2017-04-17 10:47:36.6209 DEBUG Получено записей: 15
2017-04-17 10:47:36.6329 DEBUG Запрос: SELECT * FROM codifiers.lpu_tab
2017-04-17 10:47:36.6519 DEBUG Получено записей: 113
2017-04-17 10:47:36.9259 DEBUG Запрос: SELECT * FROM codifiers.lpu_tab order by name
2017-04-17 10:47:36.9259 DEBUG Получено записей: 113
2017-04-17 10:47:36.9459 DEBUG Запрос: select sp_napr_obosn_id,trim(obosn_name) as obosn_name FROM sp_napr_obosn_tab ORDER BY sp_napr_obosn_id;
2017-04-17 10:47:36.9459 DEBUG Получено записей: 8
2017-04-17 10:47:36.9569 DEBUG Запрос: SELECT sp_type_napr_id, sp_type_napr FROM sp_type_napr_tab where sp_type_napr_id!=1 ORDER BY 1;
2017-04-17 10:47:36.9569 DEBUG Получено записей: 8
2017-04-17 10:47:36.9569 DEBUG Запрос: select id, code, name from codifiers.doctor_spec_tab order by 3,1;
2017-04-17 10:47:36.9779 DEBUG Получено записей: 176
2017-04-17 10:47:36.9879 DEBUG Запрос: Select mkb_id, mkb, kod_d, reestr_code from public.mkb_tab order by 1
2017-04-17 10:47:37.1589 DEBUG Получено записей: 13813
2017-04-17 10:47:43.3973 DEBUG Запрос: Select s.id, s.code, s.name from codifiers.sozstatus_tab s
2017-04-17 10:47:43.3993 DEBUG Получено записей: 11
2017-04-17 10:47:43.3993 DEBUG Запрос: Select u.id, u.code, u.name, u.doctor_id, u.otdel_id, u.age_from, u.age_for, u.flag_default, u.uchactok_type_id, u.lpu_id, u.sort, u.sex from codifiers.uchactok_tab u order by u.sort, u.name
2017-04-17 10:47:43.3993 DEBUG Получено записей: 77
2017-04-17 10:47:43.4513 DEBUG Запрос: select id, socr, name, full_name, index, code 
                              from codifiers.sp_kladr_tab
                              where level_ter=@level order by name
2017-04-17 10:47:43.4513 DEBUG Получено записей: 107
2017-04-17 10:47:45.1434 DEBUG Запрос: SELECT * FROM codifiers.lpu_tab
2017-04-17 10:47:45.1564 DEBUG Получено записей: 113
2017-04-17 10:47:53.6989 DEBUG PatientFindForm ShowFilterByDoctor set to true
2017-04-17 10:47:53.6989 DEBUG PatientFindForm OperatorId: 2469
2017-04-17 10:47:53.6989 DEBUG PatientFindForm DoctorId: 2469
2017-04-17 10:47:55.4970 DEBUG DoctorQuery
2017-04-17 10:47:55.4970 DEBUG sql: SELECT td.time_nazn as "Время записи", d.dan_id as "Id", d.fam as "Фамилия", d.nam as "Имя", d.mid as "Отчество", d.date_born as "Дата рождения", case when d.ser_pol is null then d.num_pol else d.ser_pol ||' '|| d.num_pol end as "Полис", d.address as "Адрес", case when spolref='2301001' then true else false end as "Прикреплен", case when strcom_region_id='0300000000000' then false else true end as "Иногородний" FROM dan_tab d LEFT JOIN public.talon_doctor_tab td on td.dan_id = d.dan_id WHERE td.date_nazn = date(@date) and td.doctor_id = @doctor;
2017-04-17 10:47:55.4970 DEBUG @date: 17.04.2017
2017-04-17 10:47:55.4970 DEBUG @doctor: 2469
2017-04-17 10:47:55.4970 DEBUG bindQueryToDataGrid
2017-04-17 10:47:55.5070 DEBUG Sql: SELECT td.time_nazn as "Время записи", d.dan_id as "Id", d.fam as "Фамилия", d.nam as "Имя", d.mid as "Отчество", d.date_born as "Дата рождения", case when d.ser_pol is null then d.num_pol else d.ser_pol ||' '|| d.num_pol end as "Полис", d.address as "Адрес", case when spolref='2301001' then true else false end as "Прикреплен", case when strcom_region_id='0300000000000' then false else true end as "Иногородний" FROM dan_tab d LEFT JOIN public.talon_doctor_tab td on td.dan_id = d.dan_id WHERE td.date_nazn = date(@date) and td.doctor_id = @doctor;
2017-04-17 10:47:55.5070 DEBUG SqlParams:
2017-04-17 10:47:55.5070 DEBUG SqlParam @date='17.04.2017'
2017-04-17 10:47:55.5070 DEBUG SqlParam @doctor=2469
2017-04-17 10:48:16.4422 DEBUG Sql: SELECT d.dan_id as "Id", d.fam as "Фамилия", d.nam as "Имя", d.mid as "Отчество", d.date_born as "Дата рождения", case when d.ser_pol is null then d.num_pol else d.ser_pol ||' '|| d.num_pol end as "Полис", d.pens as "СНИЛС", d.address as "Адрес", case when spolref='2301001' then true else false end as "Прикреплен" , case when strcom_region_id='0300000000000' then false else true end as "Иногородний" FROM dan_tab d WHERE Lower(d.fam) LIKE @fam and Lower(d.nam) LIKE @nam ORDER BY d.fam, d.nam, d.mid, d.date_born LIMIT 150;
2017-04-17 10:48:16.4422 DEBUG SqlParams:
2017-04-17 10:48:16.4422 DEBUG SqlParam @fam=вахрушкина%
2017-04-17 10:48:16.4422 DEBUG SqlParam @nam=алевтина%
2017-04-17 10:48:20.0944 DEBUG Запрос: Select smo.id, smo.name, kladr.name from codifiers.strcom_tab smo left join codifiers.sp_kladr_tab kladr on smo.region_id = kladr.code where smo.region_id = @id and smo.name not like '*%'order by smo.name
2017-04-17 10:48:20.1734 DEBUG Получено записей: 4
2017-04-17 10:48:20.2514 DEBUG Запрос: select * from fed_lgota_tab where pens like @snils;
2017-04-17 10:48:20.2514 DEBUG Получено записей: 1
2017-04-17 10:48:20.2824 DEBUG Запрос: select * from lgot_client_tab where dan_id = @id;
2017-04-17 10:48:20.3084 DEBUG Получено записей: 0
2017-04-17 10:48:20.3514 DEBUG Запрос: SELECT t.talon_id, t.result_id, t.diag_osn, t.doctor_id, t.date_vnes_inf,
                        v.visit_id, v.doctor_id as vdoctor_id, v.data_vnes_inf as vdate_vnes_inf, v.data_pos 
                        FROM public.talon_tab t left join public.visit_tab v on v.talon_id = t.talon_id
                        where t.dan_id = @patient_id;
2017-04-17 10:48:20.6524 DEBUG Получено записей: 497
2017-04-17 10:48:25.2277 DEBUG Запрос: Select visit_id from public.visit_tab where talon_id = @talonId;
2017-04-17 10:48:25.2277 DEBUG Получено записей: 0
2017-04-17 10:48:25.2587 DEBUG Запрос: SELECT d.id FROM diagn_tab d WHERE d.talon_id = @caseId ORDER BY d.id desc;
2017-04-17 10:48:25.2587 DEBUG Получено записей: 0
2017-04-17 10:48:36.6933 DEBUG Запрос: Select visit_id from public.visit_tab where talon_id = @talonId;
2017-04-17 10:48:36.6933 DEBUG Получено записей: 1
2017-04-17 10:48:36.7503 DEBUG Запрос: SELECT d.id FROM diagn_tab d WHERE d.talon_id = @caseId ORDER BY d.id desc;
2017-04-17 10:48:36.7533 DEBUG Получено записей: 1
2017-04-17 10:48:36.8473 DEBUG Запрос: SELECT c.name, o.kol_vo, o.id, o.sp_uslug_id, o.inference_diagnosis FROM okaz_uslug_tab o LEFT JOIN codifiers.sp_uslug_tab c ON c.id = o.sp_uslug_id WHERE table_link_name = 'visit_tab' AND  table_link_id = @visitId;
2017-04-17 10:48:36.8473 DEBUG Получено записей: 0
2017-04-17 10:48:36.8653 DEBUG Запрос: SELECT p.id, p.name, p.code, p.sp_trnm_id, tr.name_lat AS nam_lat, tr.name AS nam_rus, p.sp_mnn_id, mnn.name_lat AS mnn_lat, mnn.name AS mnn_rus, p.sp_lf_id, lf.name as dtd, p.name_fct, p.name_cnf, p.doza, p.signa, p.price, p.sp_doza_id, p.d_ls, p.kod_rias FROM codifiers.preparat_tab p LEFT JOIN codifiers.sp_lf_tab lf ON lf.id = p.sp_lf_id LEFT JOIN codifiers.sp_trnm_tab tr ON tr.id = p.sp_trnm_id LEFT JOIN codifiers.sp_mnn_tab mnn ON mnn.id = p.sp_mnn_id;
2017-04-17 10:48:38.3874 DEBUG Получено записей: 36326
2017-04-17 10:50:50.4130 DEBUG Запрос: SELECT DISTINCT code_access, name, description 
                            FROM users_access_view WHERE users_id = @id
2017-04-17 10:50:50.4530 DEBUG Получено записей: 187
2017-04-17 10:50:52.4201 DEBUG SQL: select pattern from codifiers.patterns_tab where code = @patterncode and users_id is null;
2017-04-17 10:50:52.4201 DEBUG Parameters: @patterncode=, @operator=
2017-04-17 10:50:52.4451 DEBUG Result 
2017-04-17 10:50:52.4451 DEBUG нет шаблона для пользователя
2017-04-17 10:50:52.4451 DEBUG SQL: select pattern from codifiers.patterns_tab where code = @patterncode and users_id is null
2017-04-17 10:50:52.4451 DEBUG Parameters: @patterncode 
2017-04-17 10:50:52.4571 DEBUG Result 
2017-04-17 10:50:52.5021 DEBUG SQL: select pattern from codifiers.patterns_tab where code = @patterncode and users_id is null;
2017-04-17 10:50:52.5021 DEBUG Parameters: @patterncode=, @operator=
2017-04-17 10:50:52.5131 DEBUG Result 
2017-04-17 10:50:52.5131 DEBUG нет шаблона для пользователя
2017-04-17 10:50:52.5131 DEBUG SQL: select pattern from codifiers.patterns_tab where code = @patterncode and users_id is null
2017-04-17 10:50:52.5131 DEBUG Parameters: @patterncode 
2017-04-17 10:50:52.5231 DEBUG Result 
2017-04-17 10:50:52.8331 DEBUG Запрос: Select id, name, code, is_default, parent_id from codifiers.sp_kind_paid_tab order by id
2017-04-17 10:50:52.8331 DEBUG Получено записей: 9
2017-04-17 10:50:52.8331 DEBUG Запрос: Select id, name, code from codifiers.first_visit_condition_tab order by id
2017-04-17 10:50:52.8481 DEBUG Получено записей: 4
2017-04-17 10:50:52.8481 DEBUG Запрос: Select id, name, code, reestr, idsp, hospital_type_id, is_cure, is_inspection from codifiers.visit_purpose_common_tab order by id
2017-04-17 10:50:52.8631 DEBUG Получено записей: 22
2017-04-17 10:50:52.8631 DEBUG Запрос: Select id, name, code from codifiers.place_service_tab order by id
2017-04-17 10:50:52.8631 DEBUG Получено записей: 3
2017-04-17 10:50:52.8851 DEBUG Запрос: Select result_id, result, reestr, patient_state_id, reestr_rslt, reestr_ishod, _end from public.result_tab order by result_id
2017-04-17 10:50:52.9001 DEBUG Получено записей: 29
2017-04-17 10:50:52.9111 DEBUG Запрос: select id, name, code, bur_reestr_code from codifiers.travma_tab order by name;
2017-04-17 10:50:52.9111 DEBUG Получено записей: 15
2017-04-17 10:50:52.9111 DEBUG Запрос: SELECT * FROM codifiers.lpu_tab
2017-04-17 10:50:52.9451 DEBUG Получено записей: 113
2017-04-17 10:50:53.1861 DEBUG Запрос: SELECT * FROM codifiers.lpu_tab order by name
2017-04-17 10:50:53.1961 DEBUG Получено записей: 113
2017-04-17 10:50:53.2061 DEBUG Запрос: select sp_napr_obosn_id,trim(obosn_name) as obosn_name FROM sp_napr_obosn_tab ORDER BY sp_napr_obosn_id;
2017-04-17 10:50:53.2061 DEBUG Получено записей: 8
2017-04-17 10:50:53.2061 DEBUG Запрос: SELECT sp_type_napr_id, sp_type_napr FROM sp_type_napr_tab where sp_type_napr_id!=1 ORDER BY 1;
2017-04-17 10:50:53.2061 DEBUG Получено записей: 8
2017-04-17 10:50:53.2301 DEBUG Запрос: select id, code, name from codifiers.doctor_spec_tab order by 3,1;
2017-04-17 10:50:53.2301 DEBUG Получено записей: 176
2017-04-17 10:50:53.2461 DEBUG Запрос: Select mkb_id, mkb, kod_d, reestr_code from public.mkb_tab order by 1
2017-04-17 10:50:53.4291 DEBUG Получено записей: 13813
2017-04-17 10:51:07.3629 DEBUG Запрос: Select s.id, s.code, s.name from codifiers.sozstatus_tab s
2017-04-17 10:51:07.3629 DEBUG Получено записей: 11
2017-04-17 10:51:07.3799 DEBUG Запрос: Select u.id, u.code, u.name, u.doctor_id, u.otdel_id, u.age_from, u.age_for, u.flag_default, u.uchactok_type_id, u.lpu_id, u.sort, u.sex from codifiers.uchactok_tab u order by u.sort, u.name
2017-04-17 10:51:07.3859 DEBUG Получено записей: 77
2017-04-17 10:51:07.4299 DEBUG Запрос: select id, socr, name, full_name, index, code 
                              from codifiers.sp_kladr_tab
                              where level_ter=@level order by name
2017-04-17 10:51:07.4359 DEBUG Получено записей: 107
2017-04-17 10:51:07.6859 DEBUG Запрос: SELECT * FROM codifiers.lpu_tab
2017-04-17 10:51:07.6859 DEBUG Получено записей: 113
2017-04-17 10:51:13.2713 DEBUG PatientFindForm ShowFilterByDoctor set to true
2017-04-17 10:51:13.2713 DEBUG PatientFindForm OperatorId: 2469
2017-04-17 10:51:13.2713 DEBUG PatientFindForm DoctorId: 2469
2017-04-17 10:51:13.4143 DEBUG DoctorQuery
2017-04-17 10:51:13.4143 DEBUG sql: SELECT td.time_nazn as "Время записи", d.dan_id as "Id", d.fam as "Фамилия", d.nam as "Имя", d.mid as "Отчество", d.date_born as "Дата рождения", case when d.ser_pol is null then d.num_pol else d.ser_pol ||' '|| d.num_pol end as "Полис", d.address as "Адрес", case when spolref='2301001' then true else false end as "Прикреплен", case when strcom_region_id='0300000000000' then false else true end as "Иногородний" FROM dan_tab d LEFT JOIN public.talon_doctor_tab td on td.dan_id = d.dan_id WHERE td.date_nazn = date(@date) and td.doctor_id = @doctor;
2017-04-17 10:51:13.4143 DEBUG @date: 17.04.2017
2017-04-17 10:51:13.4143 DEBUG @doctor: 2469
2017-04-17 10:51:13.4143 DEBUG bindQueryToDataGrid
2017-04-17 10:51:13.4293 DEBUG Sql: SELECT td.time_nazn as "Время записи", d.dan_id as "Id", d.fam as "Фамилия", d.nam as "Имя", d.mid as "Отчество", d.date_born as "Дата рождения", case when d.ser_pol is null then d.num_pol else d.ser_pol ||' '|| d.num_pol end as "Полис", d.address as "Адрес", case when spolref='2301001' then true else false end as "Прикреплен", case when strcom_region_id='0300000000000' then false else true end as "Иногородний" FROM dan_tab d LEFT JOIN public.talon_doctor_tab td on td.dan_id = d.dan_id WHERE td.date_nazn = date(@date) and td.doctor_id = @doctor;
2017-04-17 10:51:13.4293 DEBUG SqlParams:
2017-04-17 10:51:13.4293 DEBUG SqlParam @date='17.04.2017'
2017-04-17 10:51:13.4293 DEBUG SqlParam @doctor=2469
2017-04-17 10:51:33.0184 DEBUG Sql: SELECT d.dan_id as "Id", d.fam as "Фамилия", d.nam as "Имя", d.mid as "Отчество", d.date_born as "Дата рождения", case when d.ser_pol is null then d.num_pol else d.ser_pol ||' '|| d.num_pol end as "Полис", d.pens as "СНИЛС", d.address as "Адрес", case when spolref='2301001' then true else false end as "Прикреплен" , case when strcom_region_id='0300000000000' then false else true end as "Иногородний" FROM dan_tab d WHERE Lower(d.fam) LIKE @fam and Lower(d.nam) LIKE @nam ORDER BY d.fam, d.nam, d.mid, d.date_born LIMIT 150;
2017-04-17 10:51:33.0184 DEBUG SqlParams:
2017-04-17 10:51:33.0184 DEBUG SqlParam @fam=вахрушкина%
2017-04-17 10:51:33.0184 DEBUG SqlParam @nam=алевтина%
2017-04-17 10:51:37.1556 DEBUG Запрос: Select smo.id, smo.name, kladr.name from codifiers.strcom_tab smo left join codifiers.sp_kladr_tab kladr on smo.region_id = kladr.code where smo.region_id = @id and smo.name not like '*%'order by smo.name
2017-04-17 10:51:37.2346 DEBUG Получено записей: 4
2017-04-17 10:51:37.3126 DEBUG Запрос: select * from fed_lgota_tab where pens like @snils;
2017-04-17 10:51:37.3126 DEBUG Получено записей: 1
2017-04-17 10:51:37.3456 DEBUG Запрос: select * from lgot_client_tab where dan_id = @id;
2017-04-17 10:51:37.3696 DEBUG Получено записей: 0
2017-04-17 10:51:37.4186 DEBUG Запрос: SELECT t.talon_id, t.result_id, t.diag_osn, t.doctor_id, t.date_vnes_inf,
                        v.visit_id, v.doctor_id as vdoctor_id, v.data_vnes_inf as vdate_vnes_inf, v.data_pos 
                        FROM public.talon_tab t left join public.visit_tab v on v.talon_id = t.talon_id
                        where t.dan_id = @patient_id;
2017-04-17 10:51:37.4537 DEBUG Получено записей: 497
2017-04-17 10:51:41.7899 DEBUG Запрос: Select visit_id from public.visit_tab where talon_id = @talonId;
2017-04-17 10:51:41.7899 DEBUG Получено записей: 0
2017-04-17 10:51:41.8209 DEBUG Запрос: SELECT d.id FROM diagn_tab d WHERE d.talon_id = @caseId ORDER BY d.id desc;
2017-04-17 10:51:41.8209 DEBUG Получено записей: 0
2017-04-17 10:52:33.6549 DEBUG Запрос: Select visit_id from public.visit_tab where talon_id = @talonId;
2017-04-17 10:52:33.6549 DEBUG Получено записей: 1
2017-04-17 10:52:33.7109 DEBUG Запрос: SELECT d.id FROM diagn_tab d WHERE d.talon_id = @caseId ORDER BY d.id desc;
2017-04-17 10:52:33.7109 DEBUG Получено записей: 1
2017-04-17 10:52:33.7999 DEBUG Запрос: SELECT c.name, o.kol_vo, o.id, o.sp_uslug_id, o.inference_diagnosis FROM okaz_uslug_tab o LEFT JOIN codifiers.sp_uslug_tab c ON c.id = o.sp_uslug_id WHERE table_link_name = 'visit_tab' AND  table_link_id = @visitId;
2017-04-17 10:52:33.7999 DEBUG Получено записей: 0
2017-04-17 10:52:33.8159 DEBUG Запрос: SELECT p.id, p.name, p.code, p.sp_trnm_id, tr.name_lat AS nam_lat, tr.name AS nam_rus, p.sp_mnn_id, mnn.name_lat AS mnn_lat, mnn.name AS mnn_rus, p.sp_lf_id, lf.name as dtd, p.name_fct, p.name_cnf, p.doza, p.signa, p.price, p.sp_doza_id, p.d_ls, p.kod_rias FROM codifiers.preparat_tab p LEFT JOIN codifiers.sp_lf_tab lf ON lf.id = p.sp_lf_id LEFT JOIN codifiers.sp_trnm_tab tr ON tr.id = p.sp_trnm_id LEFT JOIN codifiers.sp_mnn_tab mnn ON mnn.id = p.sp_mnn_id;
2017-04-17 10:52:35.4550 DEBUG Получено записей: 36326
2017-04-17 10:52:47.7457 DEBUG Запрос: Select visit_id from public.visit_tab where talon_id = @talonId;
2017-04-17 10:52:47.7457 DEBUG Получено записей: 1
2017-04-17 10:52:47.8017 DEBUG Запрос: SELECT d.id FROM diagn_tab d WHERE d.talon_id = @caseId ORDER BY d.id desc;
2017-04-17 10:52:47.8047 DEBUG Получено записей: 1
2017-04-17 10:52:47.8687 DEBUG Запрос: SELECT c.name, o.kol_vo, o.id, o.sp_uslug_id, o.inference_diagnosis FROM okaz_uslug_tab o LEFT JOIN codifiers.sp_uslug_tab c ON c.id = o.sp_uslug_id WHERE table_link_name = 'visit_tab' AND  table_link_id = @visitId;
2017-04-17 10:52:47.8687 DEBUG Получено записей: 0
2017-04-17 10:52:52.8450 DEBUG Запрос: Select visit_id from public.visit_tab where talon_id = @talonId;
2017-04-17 10:52:52.8450 DEBUG Получено записей: 1
2017-04-17 10:52:52.9100 DEBUG Запрос: SELECT d.id FROM diagn_tab d WHERE d.talon_id = @caseId ORDER BY d.id desc;
2017-04-17 10:52:52.9100 DEBUG Получено записей: 0
2017-04-17 10:52:52.9610 DEBUG Запрос: SELECT c.name, o.kol_vo, o.id, o.sp_uslug_id, o.inference_diagnosis FROM okaz_uslug_tab o LEFT JOIN codifiers.sp_uslug_tab c ON c.id = o.sp_uslug_id WHERE table_link_name = 'visit_tab' AND  table_link_id = @visitId;
2017-04-17 10:52:52.9610 DEBUG Получено записей: 0
2017-04-17 10:52:52.9780 DEBUG Запрос: SELECT s.name, s.code, c.date_begin, c.date_end, c.cost, e.sp_uslug_id as service_id  FROM eq_uslug_doctor_tab e JOIN eq_uslug_cost_tab c ON c.sp_uslug_id = e.sp_uslug_id AND sp_lpu_id = get_lpu_number()::bigint AND c.sp_kind_paid_id = 0 AND @visitDate::date BETWEEN date_begin AND date_end LEFT JOIN codifiers.sp_uslug_tab s ON s.id = e.sp_uslug_id WHERE e.doctor_id = @doctorId ORDER BY 1,2;
2017-04-17 10:52:52.9850 DEBUG Получено записей: 0
2017-04-17 10:52:57.9153 DEBUG Запрос: Select visit_id from public.visit_tab where talon_id = @talonId;
2017-04-17 10:52:57.9153 DEBUG Получено записей: 3
2017-04-17 10:52:58.0573 DEBUG Запрос: SELECT d.id FROM diagn_tab d WHERE d.talon_id = @caseId ORDER BY d.id desc;
2017-04-17 10:52:58.0573 DEBUG Получено записей: 4
2017-04-17 10:52:58.1733 DEBUG Запрос: SELECT c.name, o.kol_vo, o.id, o.sp_uslug_id, o.inference_diagnosis FROM okaz_uslug_tab o LEFT JOIN codifiers.sp_uslug_tab c ON c.id = o.sp_uslug_id WHERE table_link_name = 'visit_tab' AND  table_link_id = @visitId;
2017-04-17 10:52:58.1783 DEBUG Получено записей: 1
2017-04-17 10:52:59.9684 DEBUG Запрос: SELECT d.id FROM diagn_tab d WHERE d.talon_id = @caseId ORDER BY d.id desc;
2017-04-17 10:52:59.9724 DEBUG Получено записей: 4
2017-04-17 10:53:00.1284 DEBUG Запрос: SELECT c.name, o.kol_vo, o.id, o.sp_uslug_id, o.inference_diagnosis FROM okaz_uslug_tab o LEFT JOIN codifiers.sp_uslug_tab c ON c.id = o.sp_uslug_id WHERE table_link_name = 'visit_tab' AND  table_link_id = @visitId;
2017-04-17 10:53:00.1284 DEBUG Получено записей: 1
2017-04-17 10:53:01.7275 DEBUG Запрос: SELECT d.id FROM diagn_tab d WHERE d.talon_id = @caseId ORDER BY d.id desc;
2017-04-17 10:53:01.7275 DEBUG Получено записей: 4
2017-04-17 10:53:01.8335 DEBUG Запрос: SELECT c.name, o.kol_vo, o.id, o.sp_uslug_id, o.inference_diagnosis FROM okaz_uslug_tab o LEFT JOIN codifiers.sp_uslug_tab c ON c.id = o.sp_uslug_id WHERE table_link_name = 'visit_tab' AND  table_link_id = @visitId;
2017-04-17 10:53:01.8335 DEBUG Получено записей: 1
2017-04-17 10:53:22.6007 DEBUG Запрос: SELECT d.id FROM diagn_tab d WHERE d.talon_id = @caseId ORDER BY d.id desc;
2017-04-17 10:53:22.6007 DEBUG Получено записей: 4
2017-04-17 10:53:22.7357 DEBUG Запрос: SELECT c.name, o.kol_vo, o.id, o.sp_uslug_id, o.inference_diagnosis FROM okaz_uslug_tab o LEFT JOIN codifiers.sp_uslug_tab c ON c.id = o.sp_uslug_id WHERE table_link_name = 'visit_tab' AND  table_link_id = @visitId;
2017-04-17 10:53:22.7357 DEBUG Получено записей: 1
2017-04-17 10:54:39.2540 DEBUG Запрос: SELECT d.id FROM diagn_tab d WHERE d.talon_id = @caseId ORDER BY d.id desc;
2017-04-17 10:54:39.2540 DEBUG Получено записей: 4
2017-04-17 10:54:39.3771 DEBUG Запрос: SELECT c.name, o.kol_vo, o.id, o.sp_uslug_id, o.inference_diagnosis FROM okaz_uslug_tab o LEFT JOIN codifiers.sp_uslug_tab c ON c.id = o.sp_uslug_id WHERE table_link_name = 'visit_tab' AND  table_link_id = @visitId;
2017-04-17 10:54:39.3771 DEBUG Получено записей: 1
2017-04-17 10:54:41.2002 DEBUG Запрос: SELECT d.id FROM diagn_tab d WHERE d.talon_id = @caseId ORDER BY d.id desc;
2017-04-17 10:54:41.2032 DEBUG Получено записей: 4
2017-04-17 10:54:41.3042 DEBUG Запрос: SELECT c.name, o.kol_vo, o.id, o.sp_uslug_id, o.inference_diagnosis FROM okaz_uslug_tab o LEFT JOIN codifiers.sp_uslug_tab c ON c.id = o.sp_uslug_id WHERE table_link_name = 'visit_tab' AND  table_link_id = @visitId;
2017-04-17 10:54:41.3042 DEBUG Получено записей: 1
2017-04-17 10:54:44.3013 DEBUG Запрос: SELECT d.id FROM diagn_tab d WHERE d.talon_id = @caseId ORDER BY d.id desc;
2017-04-17 10:54:44.3013 DEBUG Получено записей: 4
2017-04-17 10:54:44.4293 DEBUG Запрос: SELECT c.name, o.kol_vo, o.id, o.sp_uslug_id, o.inference_diagnosis FROM okaz_uslug_tab o LEFT JOIN codifiers.sp_uslug_tab c ON c.id = o.sp_uslug_id WHERE table_link_name = 'visit_tab' AND  table_link_id = @visitId;
2017-04-17 10:54:44.4343 DEBUG Получено записей: 1
2017-04-17 10:54:45.9014 DEBUG Запрос: SELECT d.id FROM diagn_tab d WHERE d.talon_id = @caseId ORDER BY d.id desc;
2017-04-17 10:54:45.9014 DEBUG Получено записей: 4
2017-04-17 10:54:46.0214 DEBUG Запрос: SELECT c.name, o.kol_vo, o.id, o.sp_uslug_id, o.inference_diagnosis FROM okaz_uslug_tab o LEFT JOIN codifiers.sp_uslug_tab c ON c.id = o.sp_uslug_id WHERE table_link_name = 'visit_tab' AND  table_link_id = @visitId;
2017-04-17 10:54:46.0374 DEBUG Получено записей: 1
2017-04-17 10:54:47.6135 DEBUG Запрос: SELECT d.id FROM diagn_tab d WHERE d.talon_id = @caseId ORDER BY d.id desc;
2017-04-17 10:54:47.6135 DEBUG Получено записей: 4
2017-04-17 10:54:47.7185 DEBUG Запрос: SELECT c.name, o.kol_vo, o.id, o.sp_uslug_id, o.inference_diagnosis FROM okaz_uslug_tab o LEFT JOIN codifiers.sp_uslug_tab c ON c.id = o.sp_uslug_id WHERE table_link_name = 'visit_tab' AND  table_link_id = @visitId;
2017-04-17 10:54:47.7235 DEBUG Получено записей: 1
2017-04-17 10:54:49.2216 DEBUG Запрос: SELECT d.id FROM diagn_tab d WHERE d.talon_id = @caseId ORDER BY d.id desc;
2017-04-17 10:54:49.2216 DEBUG Получено записей: 4
2017-04-17 10:54:49.3336 DEBUG Запрос: SELECT c.name, o.kol_vo, o.id, o.sp_uslug_id, o.inference_diagnosis FROM okaz_uslug_tab o LEFT JOIN codifiers.sp_uslug_tab c ON c.id = o.sp_uslug_id WHERE table_link_name = 'visit_tab' AND  table_link_id = @visitId;
2017-04-17 10:54:49.3336 DEBUG Получено записей: 1
2017-04-17 10:54:52.4518 DEBUG Запрос: SELECT d.id FROM diagn_tab d WHERE d.talon_id = @caseId ORDER BY d.id desc;
2017-04-17 10:54:52.4518 DEBUG Получено записей: 4
2017-04-17 10:54:52.5598 DEBUG Запрос: SELECT c.name, o.kol_vo, o.id, o.sp_uslug_id, o.inference_diagnosis FROM okaz_uslug_tab o LEFT JOIN codifiers.sp_uslug_tab c ON c.id = o.sp_uslug_id WHERE table_link_name = 'visit_tab' AND  table_link_id = @visitId;
2017-04-17 10:54:52.5598 DEBUG Получено записей: 1
2017-04-17 10:54:53.8839 DEBUG Запрос: SELECT d.id FROM diagn_tab d WHERE d.talon_id = @caseId ORDER BY d.id desc;
2017-04-17 10:54:53.8839 DEBUG Получено записей: 4
2017-04-17 10:54:53.9919 DEBUG Запрос: SELECT c.name, o.kol_vo, o.id, o.sp_uslug_id, o.inference_diagnosis FROM okaz_uslug_tab o LEFT JOIN codifiers.sp_uslug_tab c ON c.id = o.sp_uslug_id WHERE table_link_name = 'visit_tab' AND  table_link_id = @visitId;
2017-04-17 10:54:54.0179 DEBUG Получено записей: 1
2017-04-17 10:54:55.5240 DEBUG Запрос: SELECT d.id FROM diagn_tab d WHERE d.talon_id = @caseId ORDER BY d.id desc;
2017-04-17 10:54:55.5240 DEBUG Получено записей: 0
2017-04-17 10:54:55.5710 DEBUG Запрос: SELECT c.name, o.kol_vo, o.id, o.sp_uslug_id, o.inference_diagnosis FROM okaz_uslug_tab o LEFT JOIN codifiers.sp_uslug_tab c ON c.id = o.sp_uslug_id WHERE table_link_name = 'visit_tab' AND  table_link_id = @visitId;
2017-04-17 10:54:55.5710 DEBUG Получено записей: 0
2017-04-17 10:54:55.5710 DEBUG Запрос: SELECT s.name, s.code, c.date_begin, c.date_end, c.cost, e.sp_uslug_id as service_id  FROM eq_uslug_doctor_tab e JOIN eq_uslug_cost_tab c ON c.sp_uslug_id = e.sp_uslug_id AND sp_lpu_id = get_lpu_number()::bigint AND c.sp_kind_paid_id = 0 AND @visitDate::date BETWEEN date_begin AND date_end LEFT JOIN codifiers.sp_uslug_tab s ON s.id = e.sp_uslug_id WHERE e.doctor_id = @doctorId ORDER BY 1,2;
2017-04-17 10:54:55.5900 DEBUG Получено записей: 0
2017-04-17 10:54:57.8391 DEBUG Запрос: SELECT d.id FROM diagn_tab d WHERE d.talon_id = @caseId ORDER BY d.id desc;
2017-04-17 10:54:57.8391 DEBUG Получено записей: 4
2017-04-17 10:54:57.9581 DEBUG Запрос: SELECT c.name, o.kol_vo, o.id, o.sp_uslug_id, o.inference_diagnosis FROM okaz_uslug_tab o LEFT JOIN codifiers.sp_uslug_tab c ON c.id = o.sp_uslug_id WHERE table_link_name = 'visit_tab' AND  table_link_id = @visitId;
2017-04-17 10:54:57.9581 DEBUG Получено записей: 1
2017-04-17 10:55:00.4223 DEBUG Запрос: SELECT d.id FROM diagn_tab d WHERE d.talon_id = @caseId ORDER BY d.id desc;
2017-04-17 10:55:00.4223 DEBUG Получено записей: 4
2017-04-17 10:55:00.5443 DEBUG Запрос: SELECT c.name, o.kol_vo, o.id, o.sp_uslug_id, o.inference_diagnosis FROM okaz_uslug_tab o LEFT JOIN codifiers.sp_uslug_tab c ON c.id = o.sp_uslug_id WHERE table_link_name = 'visit_tab' AND  table_link_id = @visitId;
2017-04-17 10:55:00.5483 DEBUG Получено записей: 1
2017-04-17 10:55:01.8293 DEBUG Запрос: SELECT d.id FROM diagn_tab d WHERE d.talon_id = @caseId ORDER BY d.id desc;
2017-04-17 10:55:01.8293 DEBUG Получено записей: 0
2017-04-17 10:55:01.8763 DEBUG Запрос: SELECT c.name, o.kol_vo, o.id, o.sp_uslug_id, o.inference_diagnosis FROM okaz_uslug_tab o LEFT JOIN codifiers.sp_uslug_tab c ON c.id = o.sp_uslug_id WHERE table_link_name = 'visit_tab' AND  table_link_id = @visitId;
2017-04-17 10:55:01.8763 DEBUG Получено записей: 0
2017-04-17 10:55:01.8883 DEBUG Запрос: SELECT s.name, s.code, c.date_begin, c.date_end, c.cost, e.sp_uslug_id as service_id  FROM eq_uslug_doctor_tab e JOIN eq_uslug_cost_tab c ON c.sp_uslug_id = e.sp_uslug_id AND sp_lpu_id = get_lpu_number()::bigint AND c.sp_kind_paid_id = 0 AND @visitDate::date BETWEEN date_begin AND date_end LEFT JOIN codifiers.sp_uslug_tab s ON s.id = e.sp_uslug_id WHERE e.doctor_id = @doctorId ORDER BY 1,2;
2017-04-17 10:55:01.8883 DEBUG Получено записей: 0
2017-04-17 10:55:03.9835 DEBUG Запрос: SELECT d.id FROM diagn_tab d WHERE d.talon_id = @caseId ORDER BY d.id desc;
2017-04-17 10:55:03.9835 DEBUG Получено записей: 4
2017-04-17 10:55:04.0915 DEBUG Запрос: SELECT c.name, o.kol_vo, o.id, o.sp_uslug_id, o.inference_diagnosis FROM okaz_uslug_tab o LEFT JOIN codifiers.sp_uslug_tab c ON c.id = o.sp_uslug_id WHERE table_link_name = 'visit_tab' AND  table_link_id = @visitId;
2017-04-17 10:55:04.0915 DEBUG Получено записей: 1
2017-04-17 10:55:04.9855 DEBUG Запрос: SELECT d.id FROM diagn_tab d WHERE d.talon_id = @caseId ORDER BY d.id desc;
2017-04-17 10:55:04.9855 DEBUG Получено записей: 4
2017-04-17 10:55:05.0995 DEBUG Запрос: SELECT c.name, o.kol_vo, o.id, o.sp_uslug_id, o.inference_diagnosis FROM okaz_uslug_tab o LEFT JOIN codifiers.sp_uslug_tab c ON c.id = o.sp_uslug_id WHERE table_link_name = 'visit_tab' AND  table_link_id = @visitId;
2017-04-17 10:55:05.1045 DEBUG Получено записей: 1
2017-04-17 10:55:05.9476 DEBUG Запрос: SELECT d.id FROM diagn_tab d WHERE d.talon_id = @caseId ORDER BY d.id desc;
2017-04-17 10:55:05.9476 DEBUG Получено записей: 4
2017-04-17 10:55:06.0556 DEBUG Запрос: SELECT c.name, o.kol_vo, o.id, o.sp_uslug_id, o.inference_diagnosis FROM okaz_uslug_tab o LEFT JOIN codifiers.sp_uslug_tab c ON c.id = o.sp_uslug_id WHERE table_link_name = 'visit_tab' AND  table_link_id = @visitId;
2017-04-17 10:55:06.0556 DEBUG Получено записей: 1
2017-04-17 10:55:08.6307 DEBUG Запрос: SELECT d.id FROM diagn_tab d WHERE d.talon_id = @caseId ORDER BY d.id desc;
2017-04-17 10:55:08.6307 DEBUG Получено записей: 0
2017-04-17 10:55:08.6797 DEBUG Запрос: SELECT c.name, o.kol_vo, o.id, o.sp_uslug_id, o.inference_diagnosis FROM okaz_uslug_tab o LEFT JOIN codifiers.sp_uslug_tab c ON c.id = o.sp_uslug_id WHERE table_link_name = 'visit_tab' AND  table_link_id = @visitId;
2017-04-17 10:55:08.6797 DEBUG Получено записей: 0
2017-04-17 10:55:08.6927 DEBUG Запрос: SELECT s.name, s.code, c.date_begin, c.date_end, c.cost, e.sp_uslug_id as service_id  FROM eq_uslug_doctor_tab e JOIN eq_uslug_cost_tab c ON c.sp_uslug_id = e.sp_uslug_id AND sp_lpu_id = get_lpu_number()::bigint AND c.sp_kind_paid_id = 0 AND @visitDate::date BETWEEN date_begin AND date_end LEFT JOIN codifiers.sp_uslug_tab s ON s.id = e.sp_uslug_id WHERE e.doctor_id = @doctorId ORDER BY 1,2;
2017-04-17 10:55:08.6927 DEBUG Получено записей: 0
2017-04-17 10:55:13.4910 DEBUG Запрос: SELECT d.id FROM diagn_tab d WHERE d.talon_id = @caseId ORDER BY d.id desc;
2017-04-17 10:55:13.4940 DEBUG Получено записей: 1
2017-04-17 10:55:13.5520 DEBUG Запрос: SELECT c.name, o.kol_vo, o.id, o.sp_uslug_id, o.inference_diagnosis FROM okaz_uslug_tab o LEFT JOIN codifiers.sp_uslug_tab c ON c.id = o.sp_uslug_id WHERE table_link_name = 'visit_tab' AND  table_link_id = @visitId;
2017-04-17 10:55:13.5570 DEBUG Получено записей: 0
2017-04-17 11:00:06.5598 DEBUG Запрос: SELECT DISTINCT code_access, name, description 
                            FROM users_access_view WHERE users_id = @id
2017-04-17 11:00:06.6058 DEBUG Получено записей: 187
2017-04-17 11:00:08.5329 DEBUG SQL: select pattern from codifiers.patterns_tab where code = @patterncode and users_id is null;
2017-04-17 11:00:08.5329 DEBUG Parameters: @patterncode=, @operator=
2017-04-17 11:00:08.5569 DEBUG Result 
2017-04-17 11:00:08.5569 DEBUG нет шаблона для пользователя
2017-04-17 11:00:08.5569 DEBUG SQL: select pattern from codifiers.patterns_tab where code = @patterncode and users_id is null
2017-04-17 11:00:08.5569 DEBUG Parameters: @patterncode 
2017-04-17 11:00:08.5689 DEBUG Result 
2017-04-17 11:00:08.6099 DEBUG SQL: select pattern from codifiers.patterns_tab where code = @patterncode and users_id is null;
2017-04-17 11:00:08.6099 DEBUG Parameters: @patterncode=, @operator=
2017-04-17 11:00:08.6209 DEBUG Result 
2017-04-17 11:00:08.6209 DEBUG нет шаблона для пользователя
2017-04-17 11:00:08.6209 DEBUG SQL: select pattern from codifiers.patterns_tab where code = @patterncode and users_id is null
2017-04-17 11:00:08.6209 DEBUG Parameters: @patterncode 
2017-04-17 11:00:08.6209 DEBUG Result 
2017-04-17 11:00:09.0029 DEBUG Запрос: Select id, name, code, is_default, parent_id from codifiers.sp_kind_paid_tab order by id
2017-04-17 11:00:09.0059 DEBUG Получено записей: 9
2017-04-17 11:00:09.0059 DEBUG Запрос: Select id, name, code from codifiers.first_visit_condition_tab order by id
2017-04-17 11:00:09.0059 DEBUG Получено записей: 4
2017-04-17 11:00:09.0299 DEBUG Запрос: Select id, name, code, reestr, idsp, hospital_type_id, is_cure, is_inspection from codifiers.visit_purpose_common_tab order by id
2017-04-17 11:00:09.0299 DEBUG Получено записей: 22
2017-04-17 11:00:09.0449 DEBUG Запрос: Select id, name, code from codifiers.place_service_tab order by id
2017-04-17 11:00:09.0449 DEBUG Получено записей: 3
2017-04-17 11:00:09.0669 DEBUG Запрос: Select result_id, result, reestr, patient_state_id, reestr_rslt, reestr_ishod, _end from public.result_tab order by result_id
2017-04-17 11:00:09.0719 DEBUG Получено записей: 29
2017-04-17 11:00:09.0719 DEBUG Запрос: select id, name, code, bur_reestr_code from codifiers.travma_tab order by name;
2017-04-17 11:00:09.0849 DEBUG Получено записей: 15
2017-04-17 11:00:09.0849 DEBUG Запрос: SELECT * FROM codifiers.lpu_tab
2017-04-17 11:00:09.1159 DEBUG Получено записей: 113
2017-04-17 11:00:09.3729 DEBUG Запрос: SELECT * FROM codifiers.lpu_tab order by name
2017-04-17 11:00:09.3829 DEBUG Получено записей: 113
2017-04-17 11:00:09.3829 DEBUG Запрос: select sp_napr_obosn_id,trim(obosn_name) as obosn_name FROM sp_napr_obosn_tab ORDER BY sp_napr_obosn_id;
2017-04-17 11:00:09.3829 DEBUG Получено записей: 8
2017-04-17 11:00:09.4039 DEBUG Запрос: SELECT sp_type_napr_id, sp_type_napr FROM sp_type_napr_tab where sp_type_napr_id!=1 ORDER BY 1;
2017-04-17 11:00:09.4039 DEBUG Получено записей: 8
2017-04-17 11:00:09.4169 DEBUG Запрос: select id, code, name from codifiers.doctor_spec_tab order by 3,1;
2017-04-17 11:00:09.4169 DEBUG Получено записей: 176
2017-04-17 11:00:09.4319 DEBUG Запрос: Select mkb_id, mkb, kod_d, reestr_code from public.mkb_tab order by 1
2017-04-17 11:00:09.6019 DEBUG Получено записей: 13813
2017-04-17 11:00:14.0992 DEBUG Запрос: Select s.id, s.code, s.name from codifiers.sozstatus_tab s
2017-04-17 11:00:14.0992 DEBUG Получено записей: 11
2017-04-17 11:00:14.1142 DEBUG Запрос: Select u.id, u.code, u.name, u.doctor_id, u.otdel_id, u.age_from, u.age_for, u.flag_default, u.uchactok_type_id, u.lpu_id, u.sort, u.sex from codifiers.uchactok_tab u order by u.sort, u.name
2017-04-17 11:00:14.1142 DEBUG Получено записей: 77
2017-04-17 11:00:14.1762 DEBUG Запрос: select id, socr, name, full_name, index, code 
                              from codifiers.sp_kladr_tab
                              where level_ter=@level order by name
2017-04-17 11:00:14.1762 DEBUG Получено записей: 107
2017-04-17 11:00:14.4382 DEBUG Запрос: SELECT * FROM codifiers.lpu_tab
2017-04-17 11:00:14.4502 DEBUG Получено записей: 113
2017-04-17 11:00:22.5297 DEBUG PatientFindForm ShowFilterByDoctor set to true
2017-04-17 11:00:22.5297 DEBUG PatientFindForm OperatorId: 2469
2017-04-17 11:00:22.5297 DEBUG PatientFindForm DoctorId: 2469
2017-04-17 11:00:24.3648 DEBUG DoctorQuery
2017-04-17 11:00:24.3648 DEBUG sql: SELECT td.time_nazn as "Время записи", d.dan_id as "Id", d.fam as "Фамилия", d.nam as "Имя", d.mid as "Отчество", d.date_born as "Дата рождения", case when d.ser_pol is null then d.num_pol else d.ser_pol ||' '|| d.num_pol end as "Полис", d.address as "Адрес", case when spolref='2301001' then true else false end as "Прикреплен", case when strcom_region_id='0300000000000' then false else true end as "Иногородний" FROM dan_tab d LEFT JOIN public.talon_doctor_tab td on td.dan_id = d.dan_id WHERE td.date_nazn = date(@date) and td.doctor_id = @doctor;
2017-04-17 11:00:24.3648 DEBUG @date: 17.04.2017
2017-04-17 11:00:24.3648 DEBUG @doctor: 2469
2017-04-17 11:00:24.3648 DEBUG bindQueryToDataGrid
2017-04-17 11:00:24.3788 DEBUG Sql: SELECT td.time_nazn as "Время записи", d.dan_id as "Id", d.fam as "Фамилия", d.nam as "Имя", d.mid as "Отчество", d.date_born as "Дата рождения", case when d.ser_pol is null then d.num_pol else d.ser_pol ||' '|| d.num_pol end as "Полис", d.address as "Адрес", case when spolref='2301001' then true else false end as "Прикреплен", case when strcom_region_id='0300000000000' then false else true end as "Иногородний" FROM dan_tab d LEFT JOIN public.talon_doctor_tab td on td.dan_id = d.dan_id WHERE td.date_nazn = date(@date) and td.doctor_id = @doctor;
2017-04-17 11:00:24.3788 DEBUG SqlParams:
2017-04-17 11:00:24.3788 DEBUG SqlParam @date='17.04.2017'
2017-04-17 11:00:24.3788 DEBUG SqlParam @doctor=2469
2017-04-17 11:00:44.9680 DEBUG Sql: SELECT d.dan_id as "Id", d.fam as "Фамилия", d.nam as "Имя", d.mid as "Отчество", d.date_born as "Дата рождения", case when d.ser_pol is null then d.num_pol else d.ser_pol ||' '|| d.num_pol end as "Полис", d.pens as "СНИЛС", d.address as "Адрес", case when spolref='2301001' then true else false end as "Прикреплен" , case when strcom_region_id='0300000000000' then false else true end as "Иногородний" FROM dan_tab d WHERE Lower(d.fam) LIKE @fam and Lower(d.nam) LIKE @nam ORDER BY d.fam, d.nam, d.mid, d.date_born LIMIT 150;
2017-04-17 11:00:44.9680 DEBUG SqlParams:
2017-04-17 11:00:44.9680 DEBUG SqlParam @fam=вахрушкина%
2017-04-17 11:00:44.9680 DEBUG SqlParam @nam=алевтина%
2017-04-17 11:00:49.0982 DEBUG Запрос: Select smo.id, smo.name, kladr.name from codifiers.strcom_tab smo left join codifiers.sp_kladr_tab kladr on smo.region_id = kladr.code where smo.region_id = @id and smo.name not like '*%'order by smo.name
2017-04-17 11:00:49.1762 DEBUG Получено записей: 4
2017-04-17 11:00:49.2482 DEBUG Запрос: select * from fed_lgota_tab where pens like @snils;
2017-04-17 11:00:49.2482 DEBUG Получено записей: 1
2017-04-17 11:00:49.2802 DEBUG Запрос: select * from lgot_client_tab where dan_id = @id;
2017-04-17 11:00:49.3042 DEBUG Получено записей: 0
2017-04-17 11:00:49.3512 DEBUG Запрос: SELECT t.talon_id, t.result_id, t.diag_osn, t.doctor_id, t.date_vnes_inf,
                        v.visit_id, v.doctor_id as vdoctor_id, v.data_vnes_inf as vdate_vnes_inf, v.data_pos 
                        FROM public.talon_tab t left join public.visit_tab v on v.talon_id = t.talon_id
                        where t.dan_id = @patient_id;
2017-04-17 11:00:49.3872 DEBUG Получено записей: 497
2017-04-17 11:00:53.7925 DEBUG Запрос: Select visit_id from public.visit_tab where talon_id = @talonId;
2017-04-17 11:00:53.7945 DEBUG Получено записей: 0
2017-04-17 11:00:53.8235 DEBUG Запрос: SELECT d.id FROM diagn_tab d WHERE d.talon_id = @caseId ORDER BY d.id desc;
2017-04-17 11:00:53.8265 DEBUG Получено записей: 0
2017-04-17 11:01:06.8642 DEBUG Запрос: Select visit_id from public.visit_tab where talon_id = @talonId;
2017-04-17 11:01:06.8642 DEBUG Получено записей: 3
2017-04-17 11:01:07.0102 DEBUG Запрос: SELECT d.id FROM diagn_tab d WHERE d.talon_id = @caseId ORDER BY d.id desc;
2017-04-17 11:01:07.0102 DEBUG Получено записей: 4
2017-04-17 11:01:07.1542 DEBUG Запрос: SELECT c.name, o.kol_vo, o.id, o.sp_uslug_id, o.inference_diagnosis FROM okaz_uslug_tab o LEFT JOIN codifiers.sp_uslug_tab c ON c.id = o.sp_uslug_id WHERE table_link_name = 'visit_tab' AND  table_link_id = @visitId;
2017-04-17 11:01:07.1542 DEBUG Получено записей: 1
2017-04-17 11:01:07.1762 DEBUG Запрос: SELECT p.id, p.name, p.code, p.sp_trnm_id, tr.name_lat AS nam_lat, tr.name AS nam_rus, p.sp_mnn_id, mnn.name_lat AS mnn_lat, mnn.name AS mnn_rus, p.sp_lf_id, lf.name as dtd, p.name_fct, p.name_cnf, p.doza, p.signa, p.price, p.sp_doza_id, p.d_ls, p.kod_rias FROM codifiers.preparat_tab p LEFT JOIN codifiers.sp_lf_tab lf ON lf.id = p.sp_lf_id LEFT JOIN codifiers.sp_trnm_tab tr ON tr.id = p.sp_trnm_id LEFT JOIN codifiers.sp_mnn_tab mnn ON mnn.id = p.sp_mnn_id;
2017-04-17 11:01:08.7703 DEBUG Получено записей: 36326
2017-04-17 11:01:14.3176 DEBUG Запрос: SELECT d.id FROM diagn_tab d WHERE d.talon_id = @caseId ORDER BY d.id desc;
2017-04-17 11:01:14.3176 DEBUG Получено записей: 4
2017-04-17 11:01:14.7957 DEBUG Запрос: SELECT c.name, o.kol_vo, o.id, o.sp_uslug_id, o.inference_diagnosis FROM okaz_uslug_tab o LEFT JOIN codifiers.sp_uslug_tab c ON c.id = o.sp_uslug_id WHERE table_link_name = 'visit_tab' AND  table_link_id = @visitId;
2017-04-17 11:01:14.7957 DEBUG Получено записей: 1
2017-04-17 11:01:16.6288 DEBUG Запрос: SELECT d.id FROM diagn_tab d WHERE d.talon_id = @caseId ORDER BY d.id desc;
2017-04-17 11:01:16.6288 DEBUG Получено записей: 4
2017-04-17 11:01:16.7438 DEBUG Запрос: SELECT c.name, o.kol_vo, o.id, o.sp_uslug_id, o.inference_diagnosis FROM okaz_uslug_tab o LEFT JOIN codifiers.sp_uslug_tab c ON c.id = o.sp_uslug_id WHERE table_link_name = 'visit_tab' AND  table_link_id = @visitId;
2017-04-17 11:01:16.7438 DEBUG Получено записей: 1
2017-04-17 11:02:56.7865 DEBUG Запрос: SELECT d.id FROM diagn_tab d WHERE d.talon_id = @caseId ORDER BY d.id desc;
2017-04-17 11:02:56.7865 DEBUG Получено записей: 4
2017-04-17 11:02:57.2785 DEBUG Запрос: SELECT c.name, o.kol_vo, o.id, o.sp_uslug_id, o.inference_diagnosis FROM okaz_uslug_tab o LEFT JOIN codifiers.sp_uslug_tab c ON c.id = o.sp_uslug_id WHERE table_link_name = 'visit_tab' AND  table_link_id = @visitId;
2017-04-17 11:02:57.2785 DEBUG Получено записей: 1
2017-04-17 11:02:58.9716 DEBUG Запрос: SELECT d.id FROM diagn_tab d WHERE d.talon_id = @caseId ORDER BY d.id desc;
2017-04-17 11:02:58.9716 DEBUG Получено записей: 4
2017-04-17 11:02:59.0876 DEBUG Запрос: SELECT c.name, o.kol_vo, o.id, o.sp_uslug_id, o.inference_diagnosis FROM okaz_uslug_tab o LEFT JOIN codifiers.sp_uslug_tab c ON c.id = o.sp_uslug_id WHERE table_link_name = 'visit_tab' AND  table_link_id = @visitId;
2017-04-17 11:02:59.0876 DEBUG Получено записей: 1
2017-04-17 11:02:59.8937 DEBUG Запрос: SELECT d.id FROM diagn_tab d WHERE d.talon_id = @caseId ORDER BY d.id desc;
2017-04-17 11:02:59.8937 DEBUG Получено записей: 4
2017-04-17 11:03:00.0067 DEBUG Запрос: SELECT c.name, o.kol_vo, o.id, o.sp_uslug_id, o.inference_diagnosis FROM okaz_uslug_tab o LEFT JOIN codifiers.sp_uslug_tab c ON c.id = o.sp_uslug_id WHERE table_link_name = 'visit_tab' AND  table_link_id = @visitId;
2017-04-17 11:03:00.0067 DEBUG Получено записей: 1
