2017-03-23 15:16:28.1346 DEBUG Запрос: SELECT DISTINCT code_access, name, description 
                            FROM users_access_view WHERE users_id = @id
2017-03-23 15:16:28.1946 DEBUG Получено записей: 187
2017-03-23 15:16:31.8898 DEBUG SQL: select pattern from codifiers.patterns_tab where code = @patterncode and users_id is null;
2017-03-23 15:16:31.8898 DEBUG Parameters: @patterncode=, @operator=
2017-03-23 15:16:31.9248 DEBUG Result 
2017-03-23 15:16:31.9248 DEBUG нет шаблона для пользователя
2017-03-23 15:16:31.9248 DEBUG SQL: select pattern from codifiers.patterns_tab where code = @patterncode and users_id is null
2017-03-23 15:16:31.9248 DEBUG Parameters: @patterncode 
2017-03-23 15:16:31.9388 DEBUG Result 
2017-03-23 15:16:32.0008 DEBUG SQL: select pattern from codifiers.patterns_tab where code = @patterncode and users_id is null;
2017-03-23 15:16:32.0008 DEBUG Parameters: @patterncode=, @operator=
2017-03-23 15:16:32.0138 DEBUG Result 
2017-03-23 15:16:32.0138 DEBUG нет шаблона для пользователя
2017-03-23 15:16:32.0138 DEBUG SQL: select pattern from codifiers.patterns_tab where code = @patterncode and users_id is null
2017-03-23 15:16:32.0138 DEBUG Parameters: @patterncode 
2017-03-23 15:16:32.0138 DEBUG Result 
2017-03-23 15:16:32.5689 DEBUG Запрос: Select id, name, code, is_default, parent_id from codifiers.sp_kind_paid_tab order by id
2017-03-23 15:16:32.5689 DEBUG Получено записей: 9
2017-03-23 15:16:32.5839 DEBUG Запрос: Select id, name, code from codifiers.first_visit_condition_tab order by id
2017-03-23 15:16:32.5839 DEBUG Получено записей: 4
2017-03-23 15:16:32.5979 DEBUG Запрос: Select id, name, code, reestr, idsp, hospital_type_id, is_cure, is_inspection from codifiers.visit_purpose_common_tab order by id
2017-03-23 15:16:32.5979 DEBUG Получено записей: 22
2017-03-23 15:16:32.6159 DEBUG Запрос: Select id, name, code from codifiers.place_service_tab order by id
2017-03-23 15:16:32.6159 DEBUG Получено записей: 3
2017-03-23 15:16:32.6419 DEBUG Запрос: Select result_id, result, reestr, patient_state_id, reestr_rslt, reestr_ishod, _end from public.result_tab order by result_id
2017-03-23 15:16:32.6419 DEBUG Получено записей: 29
2017-03-23 15:16:32.6599 DEBUG Запрос: select id, name, code, bur_reestr_code from codifiers.travma_tab order by name;
2017-03-23 15:16:32.6599 DEBUG Получено записей: 15
2017-03-23 15:16:32.6739 DEBUG Запрос: SELECT * FROM codifiers.lpu_tab
2017-03-23 15:16:32.7039 DEBUG Получено записей: 113
2017-03-23 15:16:33.0829 DEBUG Запрос: SELECT * FROM codifiers.lpu_tab order by name
2017-03-23 15:16:33.0989 DEBUG Получено записей: 113
2017-03-23 15:16:33.1099 DEBUG Запрос: select sp_napr_obosn_id,trim(obosn_name) as obosn_name FROM sp_napr_obosn_tab ORDER BY sp_napr_obosn_id;
2017-03-23 15:16:33.1099 DEBUG Получено записей: 8
2017-03-23 15:16:33.1219 DEBUG Запрос: SELECT sp_type_napr_id, sp_type_napr FROM sp_type_napr_tab ORDER BY 1;
2017-03-23 15:16:33.1219 DEBUG Получено записей: 9
2017-03-23 15:16:33.1219 DEBUG Запрос: select id, code, name from codifiers.doctor_spec_tab order by 3,1;
2017-03-23 15:16:33.1409 DEBUG Получено записей: 176
2017-03-23 15:16:33.1529 DEBUG Запрос: Select mkb_id, mkb, kod_d, reestr_code from public.mkb_tab order by 1
2017-03-23 15:16:33.4089 DEBUG Получено записей: 13813
2017-03-23 15:18:39.0621 DEBUG Запрос: Select s.id, s.code, s.name from codifiers.sozstatus_tab s
2017-03-23 15:18:39.0621 DEBUG Получено записей: 11
2017-03-23 15:18:39.0831 DEBUG Запрос: Select u.id, u.code, u.name, u.doctor_id, u.otdel_id, u.age_from, u.age_for, u.flag_default, u.uchactok_type_id, u.lpu_id, u.sort, u.sex from codifiers.uchactok_tab u order by u.sort, u.name
2017-03-23 15:18:39.0831 DEBUG Получено записей: 77
2017-03-23 15:18:39.1521 DEBUG Запрос: select id, socr, name, full_name, index, code 
                              from codifiers.sp_kladr_tab
                              where level_ter=@level order by name
2017-03-23 15:18:39.1601 DEBUG Получено записей: 107
2017-03-23 15:18:39.4271 DEBUG Запрос: SELECT * FROM codifiers.lpu_tab
2017-03-23 15:18:39.4411 DEBUG Получено записей: 113
2017-03-23 15:18:47.1746 DEBUG PatientFindForm ShowFilterByDoctor set to true
2017-03-23 15:18:47.1746 DEBUG PatientFindForm OperatorId: 2469
2017-03-23 15:18:47.1746 DEBUG PatientFindForm DoctorId: 2469
2017-03-23 15:18:47.3266 DEBUG DoctorQuery
2017-03-23 15:18:47.3266 DEBUG sql: SELECT td.time_nazn as "Время записи", d.dan_id as "Id", d.fam as "Фамилия", d.nam as "Имя", d.mid as "Отчество", d.date_born as "Дата рождения", case when d.ser_pol is null then d.num_pol else d.ser_pol ||' '|| d.num_pol end as "Полис", d.address as "Адрес", case when spolref='2301001' then true else false end as "Прикреплен", case when strcom_region_id='0300000000000' then false else true end as "Иногородний" FROM dan_tab d LEFT JOIN public.talon_doctor_tab td on td.dan_id = d.dan_id WHERE td.date_nazn = date(@date) and td.doctor_id = @doctor;
2017-03-23 15:18:47.3266 DEBUG @date: 23.03.2017
2017-03-23 15:18:47.3286 DEBUG @doctor: 2469
2017-03-23 15:18:47.3286 DEBUG bindQueryToDataGrid
2017-03-23 15:18:47.3446 DEBUG Sql: SELECT td.time_nazn as "Время записи", d.dan_id as "Id", d.fam as "Фамилия", d.nam as "Имя", d.mid as "Отчество", d.date_born as "Дата рождения", case when d.ser_pol is null then d.num_pol else d.ser_pol ||' '|| d.num_pol end as "Полис", d.address as "Адрес", case when spolref='2301001' then true else false end as "Прикреплен", case when strcom_region_id='0300000000000' then false else true end as "Иногородний" FROM dan_tab d LEFT JOIN public.talon_doctor_tab td on td.dan_id = d.dan_id WHERE td.date_nazn = date(@date) and td.doctor_id = @doctor;
2017-03-23 15:18:47.3446 DEBUG SqlParams:
2017-03-23 15:18:47.3446 DEBUG SqlParam @date='23.03.2017'
2017-03-23 15:18:47.3446 DEBUG SqlParam @doctor=2469
2017-03-23 15:19:06.7547 DEBUG Sql: SELECT d.dan_id as "Id", d.fam as "Фамилия", d.nam as "Имя", d.mid as "Отчество", d.date_born as "Дата рождения", case when d.ser_pol is null then d.num_pol else d.ser_pol ||' '|| d.num_pol end as "Полис", d.pens as "СНИЛС", d.address as "Адрес", case when spolref='2301001' then true else false end as "Прикреплен" , case when strcom_region_id='0300000000000' then false else true end as "Иногородний" FROM dan_tab d WHERE Lower(d.fam) LIKE @fam and Lower(d.nam) LIKE @nam ORDER BY d.fam, d.nam, d.mid, d.date_born LIMIT 150;
2017-03-23 15:19:06.7547 DEBUG SqlParams:
2017-03-23 15:19:06.7547 DEBUG SqlParam @fam=аветян%
2017-03-23 15:19:06.7547 DEBUG SqlParam @nam=мактах%
2017-03-23 15:19:11.5160 DEBUG Запрос: Select smo.id, smo.name, kladr.name from codifiers.strcom_tab smo left join codifiers.sp_kladr_tab kladr on smo.region_id = kladr.code where smo.region_id = @id and smo.name not like '*%'order by smo.name
2017-03-23 15:19:11.5940 DEBUG Получено записей: 4
2017-03-23 15:19:11.6690 DEBUG Запрос: select * from fed_lgota_tab where pens like @snils;
2017-03-23 15:19:11.6690 DEBUG Получено записей: 0
2017-03-23 15:19:11.6810 DEBUG Запрос: select * from lgot_client_tab where dan_id = @id;
2017-03-23 15:19:11.7580 DEBUG Получено записей: 0
2017-03-23 15:19:19.1484 DEBUG Запрос: SELECT t.talon_id, t.result_id, t.diag_osn, t.doctor_id, t.date_vnes_inf,
                        v.visit_id, v.doctor_id as vdoctor_id, v.data_vnes_inf as vdate_vnes_inf, v.data_pos 
                        FROM public.talon_tab t left join public.visit_tab v on v.talon_id = t.talon_id
                        where t.dan_id = @patient_id;
2017-03-23 15:19:20.9735 DEBUG Получено записей: 82
2017-03-23 15:19:21.9486 DEBUG Запрос: Select visit_id from public.visit_tab where talon_id = @talonId;
2017-03-23 15:19:21.9486 DEBUG Получено записей: 0
2017-03-23 15:19:21.9816 DEBUG Запрос: SELECT d.id FROM diagn_tab d WHERE d.talon_id = @caseId ORDER BY d.id desc;
2017-03-23 15:19:21.9816 DEBUG Получено записей: 0
2017-03-23 15:19:42.6968 DEBUG Запрос: Select visit_id from public.visit_tab where talon_id = @talonId;
2017-03-23 15:19:42.6968 DEBUG Получено записей: 1
2017-03-23 15:19:42.7838 DEBUG Запрос: SELECT d.id FROM diagn_tab d WHERE d.talon_id = @caseId ORDER BY d.id desc;
2017-03-23 15:19:42.7878 DEBUG Получено записей: 0
2017-03-23 15:19:42.8868 DEBUG Запрос: SELECT c.name, o.kol_vo, o.id, o.sp_uslug_id, o.inference_diagnosis FROM okaz_uslug_tab o LEFT JOIN codifiers.sp_uslug_tab c ON c.id = o.sp_uslug_id WHERE table_link_name = 'visit_tab' AND  table_link_id = @visitId;
2017-03-23 15:19:42.9338 DEBUG Получено записей: 0
2017-03-23 15:19:42.9478 DEBUG Запрос: SELECT s.name, s.code, c.date_begin, c.date_end, c.cost, e.sp_uslug_id as service_id  FROM eq_uslug_doctor_tab e JOIN eq_uslug_cost_tab c ON c.sp_uslug_id = e.sp_uslug_id AND sp_lpu_id = get_lpu_number()::bigint AND c.sp_kind_paid_id = 0 AND @visitDate::date BETWEEN date_begin AND date_end LEFT JOIN codifiers.sp_uslug_tab s ON s.id = e.sp_uslug_id WHERE e.doctor_id = @doctorId ORDER BY 1,2;
2017-03-23 15:19:42.9628 DEBUG Получено записей: 0
2017-03-23 15:22:53.2096 DEBUG Запрос: SELECT DISTINCT code_access, name, description 
                            FROM users_access_view WHERE users_id = @id
2017-03-23 15:22:53.2627 DEBUG Получено записей: 187
2017-03-23 15:22:55.6808 DEBUG SQL: select pattern from codifiers.patterns_tab where code = @patterncode and users_id is null;
2017-03-23 15:22:55.6818 DEBUG Parameters: @patterncode=, @operator=
2017-03-23 15:22:55.7108 DEBUG Result 
2017-03-23 15:22:55.7108 DEBUG нет шаблона для пользователя
2017-03-23 15:22:55.7108 DEBUG SQL: select pattern from codifiers.patterns_tab where code = @patterncode and users_id is null
2017-03-23 15:22:55.7108 DEBUG Parameters: @patterncode 
2017-03-23 15:22:55.7248 DEBUG Result 
2017-03-23 15:22:55.7818 DEBUG SQL: select pattern from codifiers.patterns_tab where code = @patterncode and users_id is null;
2017-03-23 15:22:55.7818 DEBUG Parameters: @patterncode=, @operator=
2017-03-23 15:22:55.7948 DEBUG Result 
2017-03-23 15:22:55.7948 DEBUG нет шаблона для пользователя
2017-03-23 15:22:55.7948 DEBUG SQL: select pattern from codifiers.patterns_tab where code = @patterncode and users_id is null
2017-03-23 15:22:55.7948 DEBUG Parameters: @patterncode 
2017-03-23 15:22:55.8068 DEBUG Result 
2017-03-23 15:22:56.1878 DEBUG Запрос: Select id, name, code, is_default, parent_id from codifiers.sp_kind_paid_tab order by id
2017-03-23 15:22:56.1878 DEBUG Получено записей: 9
2017-03-23 15:22:56.2018 DEBUG Запрос: Select id, name, code from codifiers.first_visit_condition_tab order by id
2017-03-23 15:22:56.2018 DEBUG Получено записей: 4
2017-03-23 15:22:56.2158 DEBUG Запрос: Select id, name, code, reestr, idsp, hospital_type_id, is_cure, is_inspection from codifiers.visit_purpose_common_tab order by id
2017-03-23 15:22:56.2158 DEBUG Получено записей: 22
2017-03-23 15:22:56.2328 DEBUG Запрос: Select id, name, code from codifiers.place_service_tab order by id
2017-03-23 15:22:56.2328 DEBUG Получено записей: 3
2017-03-23 15:22:56.2468 DEBUG Запрос: Select result_id, result, reestr, patient_state_id, reestr_rslt, reestr_ishod, _end from public.result_tab order by result_id
2017-03-23 15:22:56.2668 DEBUG Получено записей: 29
2017-03-23 15:22:56.2798 DEBUG Запрос: select id, name, code, bur_reestr_code from codifiers.travma_tab order by name;
2017-03-23 15:22:56.2798 DEBUG Получено записей: 15
2017-03-23 15:22:56.2938 DEBUG Запрос: SELECT * FROM codifiers.lpu_tab
2017-03-23 15:22:56.3198 DEBUG Получено записей: 113
2017-03-23 15:22:56.6528 DEBUG Запрос: SELECT * FROM codifiers.lpu_tab order by name
2017-03-23 15:22:56.6668 DEBUG Получено записей: 113
2017-03-23 15:22:56.6668 DEBUG Запрос: select sp_napr_obosn_id,trim(obosn_name) as obosn_name FROM sp_napr_obosn_tab ORDER BY sp_napr_obosn_id;
2017-03-23 15:22:56.6808 DEBUG Получено записей: 8
2017-03-23 15:22:56.6808 DEBUG Запрос: SELECT sp_type_napr_id, sp_type_napr FROM sp_type_napr_tab ORDER BY 1;
2017-03-23 15:22:56.6808 DEBUG Получено записей: 9
2017-03-23 15:22:56.7048 DEBUG Запрос: select id, code, name from codifiers.doctor_spec_tab order by 3,1;
2017-03-23 15:22:56.7048 DEBUG Получено записей: 176
2017-03-23 15:22:56.7249 DEBUG Запрос: Select mkb_id, mkb, kod_d, reestr_code from public.mkb_tab order by 1
2017-03-23 15:22:56.9529 DEBUG Получено записей: 13813
2017-03-23 15:23:04.7733 DEBUG Запрос: Select s.id, s.code, s.name from codifiers.sozstatus_tab s
2017-03-23 15:23:04.7733 DEBUG Получено записей: 11
2017-03-23 15:23:04.7873 DEBUG Запрос: Select u.id, u.code, u.name, u.doctor_id, u.otdel_id, u.age_from, u.age_for, u.flag_default, u.uchactok_type_id, u.lpu_id, u.sort, u.sex from codifiers.uchactok_tab u order by u.sort, u.name
2017-03-23 15:23:04.7943 DEBUG Получено записей: 77
2017-03-23 15:23:04.8483 DEBUG Запрос: select id, socr, name, full_name, index, code 
                              from codifiers.sp_kladr_tab
                              where level_ter=@level order by name
2017-03-23 15:23:04.8563 DEBUG Получено записей: 107
2017-03-23 15:23:05.1043 DEBUG Запрос: SELECT * FROM codifiers.lpu_tab
2017-03-23 15:23:05.1383 DEBUG Получено записей: 113
2017-03-23 15:23:12.4558 DEBUG PatientFindForm ShowFilterByDoctor set to true
2017-03-23 15:23:12.4558 DEBUG PatientFindForm OperatorId: 2469
2017-03-23 15:23:12.4558 DEBUG PatientFindForm DoctorId: 2469
2017-03-23 15:23:12.5558 DEBUG DoctorQuery
2017-03-23 15:23:12.5558 DEBUG sql: SELECT td.time_nazn as "Время записи", d.dan_id as "Id", d.fam as "Фамилия", d.nam as "Имя", d.mid as "Отчество", d.date_born as "Дата рождения", case when d.ser_pol is null then d.num_pol else d.ser_pol ||' '|| d.num_pol end as "Полис", d.address as "Адрес", case when spolref='2301001' then true else false end as "Прикреплен", case when strcom_region_id='0300000000000' then false else true end as "Иногородний" FROM dan_tab d LEFT JOIN public.talon_doctor_tab td on td.dan_id = d.dan_id WHERE td.date_nazn = date(@date) and td.doctor_id = @doctor;
2017-03-23 15:23:12.5558 DEBUG @date: 23.03.2017
2017-03-23 15:23:12.5558 DEBUG @doctor: 2469
2017-03-23 15:23:12.5558 DEBUG bindQueryToDataGrid
2017-03-23 15:23:12.5668 DEBUG Sql: SELECT td.time_nazn as "Время записи", d.dan_id as "Id", d.fam as "Фамилия", d.nam as "Имя", d.mid as "Отчество", d.date_born as "Дата рождения", case when d.ser_pol is null then d.num_pol else d.ser_pol ||' '|| d.num_pol end as "Полис", d.address as "Адрес", case when spolref='2301001' then true else false end as "Прикреплен", case when strcom_region_id='0300000000000' then false else true end as "Иногородний" FROM dan_tab d LEFT JOIN public.talon_doctor_tab td on td.dan_id = d.dan_id WHERE td.date_nazn = date(@date) and td.doctor_id = @doctor;
2017-03-23 15:23:12.5668 DEBUG SqlParams:
2017-03-23 15:23:12.5668 DEBUG SqlParam @date='23.03.2017'
2017-03-23 15:23:12.5668 DEBUG SqlParam @doctor=2469
2017-03-23 15:23:59.1114 DEBUG Sql: SELECT d.dan_id as "Id", d.fam as "Фамилия", d.nam as "Имя", d.mid as "Отчество", d.date_born as "Дата рождения", case when d.ser_pol is null then d.num_pol else d.ser_pol ||' '|| d.num_pol end as "Полис", d.pens as "СНИЛС", d.address as "Адрес", case when spolref='2301001' then true else false end as "Прикреплен" , case when strcom_region_id='0300000000000' then false else true end as "Иногородний" FROM dan_tab d WHERE Lower(d.fam) LIKE @fam and Lower(d.nam) LIKE @nam ORDER BY d.fam, d.nam, d.mid, d.date_born LIMIT 150;
2017-03-23 15:23:59.1124 DEBUG SqlParams:
2017-03-23 15:23:59.1124 DEBUG SqlParam @fam=аветян%
2017-03-23 15:23:59.1124 DEBUG SqlParam @nam=мактах%
2017-03-23 15:24:03.1186 DEBUG Запрос: Select smo.id, smo.name, kladr.name from codifiers.strcom_tab smo left join codifiers.sp_kladr_tab kladr on smo.region_id = kladr.code where smo.region_id = @id and smo.name not like '*%'order by smo.name
2017-03-23 15:24:03.2117 DEBUG Получено записей: 4
2017-03-23 15:24:03.2867 DEBUG Запрос: select * from fed_lgota_tab where pens like @snils;
2017-03-23 15:24:03.2927 DEBUG Получено записей: 0
2017-03-23 15:24:03.2927 DEBUG Запрос: select * from lgot_client_tab where dan_id = @id;
2017-03-23 15:24:03.3167 DEBUG Получено записей: 0
2017-03-23 15:24:13.9543 DEBUG Запрос: SELECT t.talon_id, t.result_id, t.diag_osn, t.doctor_id, t.date_vnes_inf,
                        v.visit_id, v.doctor_id as vdoctor_id, v.data_vnes_inf as vdate_vnes_inf, v.data_pos 
                        FROM public.talon_tab t left join public.visit_tab v on v.talon_id = t.talon_id
                        where t.dan_id = @patient_id;
2017-03-23 15:24:13.9663 DEBUG Получено записей: 82
2017-03-23 15:24:15.0123 DEBUG Запрос: Select visit_id from public.visit_tab where talon_id = @talonId;
2017-03-23 15:24:15.0263 DEBUG Получено записей: 0
2017-03-23 15:24:15.0633 DEBUG Запрос: SELECT d.id FROM diagn_tab d WHERE d.talon_id = @caseId ORDER BY d.id desc;
2017-03-23 15:24:15.0633 DEBUG Получено записей: 0
2017-03-23 15:24:27.4500 DEBUG Запрос: Select visit_id from public.visit_tab where talon_id = @talonId;
2017-03-23 15:24:27.4500 DEBUG Получено записей: 1
2017-03-23 15:24:27.5850 DEBUG Запрос: SELECT d.id FROM diagn_tab d WHERE d.talon_id = @caseId ORDER BY d.id desc;
2017-03-23 15:24:27.6721 DEBUG Получено записей: 0
2017-03-23 15:24:27.7871 DEBUG Запрос: SELECT c.name, o.kol_vo, o.id, o.sp_uslug_id, o.inference_diagnosis FROM okaz_uslug_tab o LEFT JOIN codifiers.sp_uslug_tab c ON c.id = o.sp_uslug_id WHERE table_link_name = 'visit_tab' AND  table_link_id = @visitId;
2017-03-23 15:24:27.7871 DEBUG Получено записей: 0
2017-03-23 15:24:27.8071 DEBUG Запрос: SELECT s.name, s.code, c.date_begin, c.date_end, c.cost, e.sp_uslug_id as service_id  FROM eq_uslug_doctor_tab e JOIN eq_uslug_cost_tab c ON c.sp_uslug_id = e.sp_uslug_id AND sp_lpu_id = get_lpu_number()::bigint AND c.sp_kind_paid_id = 0 AND @visitDate::date BETWEEN date_begin AND date_end LEFT JOIN codifiers.sp_uslug_tab s ON s.id = e.sp_uslug_id WHERE e.doctor_id = @doctorId ORDER BY 1,2;
2017-03-23 15:24:27.8211 DEBUG Получено записей: 0
2017-03-23 15:27:20.3099 DEBUG Запрос: SELECT DISTINCT code_access, name, description 
                            FROM users_access_view WHERE users_id = @id
2017-03-23 15:27:20.3509 DEBUG Получено записей: 187
2017-03-23 15:27:22.3360 DEBUG SQL: select pattern from codifiers.patterns_tab where code = @patterncode and users_id is null;
2017-03-23 15:27:22.3360 DEBUG Parameters: @patterncode=, @operator=
2017-03-23 15:27:22.3620 DEBUG Result 
2017-03-23 15:27:22.3620 DEBUG нет шаблона для пользователя
2017-03-23 15:27:22.3620 DEBUG SQL: select pattern from codifiers.patterns_tab where code = @patterncode and users_id is null
2017-03-23 15:27:22.3620 DEBUG Parameters: @patterncode 
2017-03-23 15:27:22.3750 DEBUG Result 
2017-03-23 15:27:22.4180 DEBUG SQL: select pattern from codifiers.patterns_tab where code = @patterncode and users_id is null;
2017-03-23 15:27:22.4180 DEBUG Parameters: @patterncode=, @operator=
2017-03-23 15:27:22.4290 DEBUG Result 
2017-03-23 15:27:22.4290 DEBUG нет шаблона для пользователя
2017-03-23 15:27:22.4290 DEBUG SQL: select pattern from codifiers.patterns_tab where code = @patterncode and users_id is null
2017-03-23 15:27:22.4290 DEBUG Parameters: @patterncode 
2017-03-23 15:27:22.4290 DEBUG Result 
2017-03-23 15:27:22.7421 DEBUG Запрос: Select id, name, code, is_default, parent_id from codifiers.sp_kind_paid_tab order by id
2017-03-23 15:27:22.7421 DEBUG Получено записей: 9
2017-03-23 15:27:22.7561 DEBUG Запрос: Select id, name, code from codifiers.first_visit_condition_tab order by id
2017-03-23 15:27:22.7561 DEBUG Получено записей: 4
2017-03-23 15:27:22.7561 DEBUG Запрос: Select id, name, code, reestr, idsp, hospital_type_id, is_cure, is_inspection from codifiers.visit_purpose_common_tab order by id
2017-03-23 15:27:22.7761 DEBUG Получено записей: 22
2017-03-23 15:27:22.7881 DEBUG Запрос: Select id, name, code from codifiers.place_service_tab order by id
2017-03-23 15:27:22.7881 DEBUG Получено записей: 3
2017-03-23 15:27:22.7881 DEBUG Запрос: Select result_id, result, reestr, patient_state_id, reestr_rslt, reestr_ishod, _end from public.result_tab order by result_id
2017-03-23 15:27:22.8201 DEBUG Получено записей: 29
2017-03-23 15:27:22.8201 DEBUG Запрос: select id, name, code, bur_reestr_code from codifiers.travma_tab order by name;
2017-03-23 15:27:22.8361 DEBUG Получено записей: 15
2017-03-23 15:27:22.8361 DEBUG Запрос: SELECT * FROM codifiers.lpu_tab
2017-03-23 15:27:22.8721 DEBUG Получено записей: 113
2017-03-23 15:27:23.1461 DEBUG Запрос: SELECT * FROM codifiers.lpu_tab order by name
2017-03-23 15:27:23.1461 DEBUG Получено записей: 113
2017-03-23 15:27:23.1691 DEBUG Запрос: select sp_napr_obosn_id,trim(obosn_name) as obosn_name FROM sp_napr_obosn_tab ORDER BY sp_napr_obosn_id;
2017-03-23 15:27:23.1691 DEBUG Получено записей: 8
2017-03-23 15:27:23.1811 DEBUG Запрос: SELECT sp_type_napr_id, sp_type_napr FROM sp_type_napr_tab ORDER BY 1;
2017-03-23 15:27:23.1811 DEBUG Получено записей: 9
2017-03-23 15:27:23.1941 DEBUG Запрос: select id, code, name from codifiers.doctor_spec_tab order by 3,1;
2017-03-23 15:27:23.1941 DEBUG Получено записей: 176
2017-03-23 15:27:23.2131 DEBUG Запрос: Select mkb_id, mkb, kod_d, reestr_code from public.mkb_tab order by 1
2017-03-23 15:27:23.3831 DEBUG Получено записей: 13813
2017-03-23 15:27:29.4564 DEBUG Запрос: Select s.id, s.code, s.name from codifiers.sozstatus_tab s
2017-03-23 15:27:29.4564 DEBUG Получено записей: 11
2017-03-23 15:27:29.4765 DEBUG Запрос: Select u.id, u.code, u.name, u.doctor_id, u.otdel_id, u.age_from, u.age_for, u.flag_default, u.uchactok_type_id, u.lpu_id, u.sort, u.sex from codifiers.uchactok_tab u order by u.sort, u.name
2017-03-23 15:27:29.4835 DEBUG Получено записей: 77
2017-03-23 15:27:29.5405 DEBUG Запрос: select id, socr, name, full_name, index, code 
                              from codifiers.sp_kladr_tab
                              where level_ter=@level order by name
2017-03-23 15:27:29.5485 DEBUG Получено записей: 107
2017-03-23 15:27:29.8035 DEBUG Запрос: SELECT * FROM codifiers.lpu_tab
2017-03-23 15:27:29.8175 DEBUG Получено записей: 113
2017-03-23 15:27:38.3870 DEBUG PatientFindForm ShowFilterByDoctor set to true
2017-03-23 15:27:38.3870 DEBUG PatientFindForm OperatorId: 2469
2017-03-23 15:27:38.3870 DEBUG PatientFindForm DoctorId: 2469
2017-03-23 15:27:40.2001 DEBUG DoctorQuery
2017-03-23 15:27:40.2001 DEBUG sql: SELECT td.time_nazn as "Время записи", d.dan_id as "Id", d.fam as "Фамилия", d.nam as "Имя", d.mid as "Отчество", d.date_born as "Дата рождения", case when d.ser_pol is null then d.num_pol else d.ser_pol ||' '|| d.num_pol end as "Полис", d.address as "Адрес", case when spolref='2301001' then true else false end as "Прикреплен", case when strcom_region_id='0300000000000' then false else true end as "Иногородний" FROM dan_tab d LEFT JOIN public.talon_doctor_tab td on td.dan_id = d.dan_id WHERE td.date_nazn = date(@date) and td.doctor_id = @doctor;
2017-03-23 15:27:40.2001 DEBUG @date: 23.03.2017
2017-03-23 15:27:40.2001 DEBUG @doctor: 2469
2017-03-23 15:27:40.2001 DEBUG bindQueryToDataGrid
2017-03-23 15:27:40.2171 DEBUG Sql: SELECT td.time_nazn as "Время записи", d.dan_id as "Id", d.fam as "Фамилия", d.nam as "Имя", d.mid as "Отчество", d.date_born as "Дата рождения", case when d.ser_pol is null then d.num_pol else d.ser_pol ||' '|| d.num_pol end as "Полис", d.address as "Адрес", case when spolref='2301001' then true else false end as "Прикреплен", case when strcom_region_id='0300000000000' then false else true end as "Иногородний" FROM dan_tab d LEFT JOIN public.talon_doctor_tab td on td.dan_id = d.dan_id WHERE td.date_nazn = date(@date) and td.doctor_id = @doctor;
2017-03-23 15:27:40.2171 DEBUG SqlParams:
2017-03-23 15:27:40.2171 DEBUG SqlParam @date='23.03.2017'
2017-03-23 15:27:40.2171 DEBUG SqlParam @doctor=2469
2017-03-23 15:27:54.9179 DEBUG Sql: SELECT d.dan_id as "Id", d.fam as "Фамилия", d.nam as "Имя", d.mid as "Отчество", d.date_born as "Дата рождения", case when d.ser_pol is null then d.num_pol else d.ser_pol ||' '|| d.num_pol end as "Полис", d.pens as "СНИЛС", d.address as "Адрес", case when spolref='2301001' then true else false end as "Прикреплен" , case when strcom_region_id='0300000000000' then false else true end as "Иногородний" FROM dan_tab d WHERE Lower(d.fam) LIKE @fam and Lower(d.nam) LIKE @nam ORDER BY d.fam, d.nam, d.mid, d.date_born LIMIT 150;
2017-03-23 15:27:54.9179 DEBUG SqlParams:
2017-03-23 15:27:54.9179 DEBUG SqlParam @fam=аветян%
2017-03-23 15:27:54.9179 DEBUG SqlParam @nam=мактах%
2017-03-23 15:27:59.4222 DEBUG Запрос: Select smo.id, smo.name, kladr.name from codifiers.strcom_tab smo left join codifiers.sp_kladr_tab kladr on smo.region_id = kladr.code where smo.region_id = @id and smo.name not like '*%'order by smo.name
2017-03-23 15:27:59.5002 DEBUG Получено записей: 4
2017-03-23 15:27:59.5682 DEBUG Запрос: select * from fed_lgota_tab where pens like @snils;
2017-03-23 15:27:59.5722 DEBUG Получено записей: 0
2017-03-23 15:27:59.5722 DEBUG Запрос: select * from lgot_client_tab where dan_id = @id;
2017-03-23 15:27:59.5992 DEBUG Получено записей: 0
2017-03-23 15:27:59.6432 DEBUG Запрос: SELECT t.talon_id, t.result_id, t.diag_osn, t.doctor_id, t.date_vnes_inf,
                        v.visit_id, v.doctor_id as vdoctor_id, v.data_vnes_inf as vdate_vnes_inf, v.data_pos 
                        FROM public.talon_tab t left join public.visit_tab v on v.talon_id = t.talon_id
                        where t.dan_id = @patient_id;
2017-03-23 15:27:59.6722 DEBUG Получено записей: 82
2017-03-23 15:28:00.5632 DEBUG Запрос: Select visit_id from public.visit_tab where talon_id = @talonId;
2017-03-23 15:28:00.5842 DEBUG Получено записей: 0
2017-03-23 15:28:00.6192 DEBUG Запрос: SELECT d.id FROM diagn_tab d WHERE d.talon_id = @caseId ORDER BY d.id desc;
2017-03-23 15:28:00.6192 DEBUG Получено записей: 0
2017-03-23 15:28:19.5263 DEBUG Запрос: Select visit_id from public.visit_tab where talon_id = @talonId;
2017-03-23 15:28:19.5613 DEBUG Получено записей: 1
2017-03-23 15:28:19.6263 DEBUG Запрос: SELECT d.id FROM diagn_tab d WHERE d.talon_id = @caseId ORDER BY d.id desc;
2017-03-23 15:28:19.6263 DEBUG Получено записей: 0
2017-03-23 15:28:19.7093 DEBUG Запрос: SELECT c.name, o.kol_vo, o.id, o.sp_uslug_id, o.inference_diagnosis FROM okaz_uslug_tab o LEFT JOIN codifiers.sp_uslug_tab c ON c.id = o.sp_uslug_id WHERE table_link_name = 'visit_tab' AND  table_link_id = @visitId;
2017-03-23 15:28:19.7163 DEBUG Получено записей: 0
2017-03-23 15:28:19.7293 DEBUG Запрос: SELECT s.name, s.code, c.date_begin, c.date_end, c.cost, e.sp_uslug_id as service_id  FROM eq_uslug_doctor_tab e JOIN eq_uslug_cost_tab c ON c.sp_uslug_id = e.sp_uslug_id AND sp_lpu_id = get_lpu_number()::bigint AND c.sp_kind_paid_id = 0 AND @visitDate::date BETWEEN date_begin AND date_end LEFT JOIN codifiers.sp_uslug_tab s ON s.id = e.sp_uslug_id WHERE e.doctor_id = @doctorId ORDER BY 1,2;
2017-03-23 15:28:19.7433 DEBUG Получено записей: 0
2017-03-23 15:28:19.7433 DEBUG Запрос: SELECT p.id, p.name, p.code, p.sp_trnm_id, tr.name_lat AS nam_lat, tr.name AS nam_rus, p.sp_mnn_id, mnn.name_lat AS mnn_lat, mnn.name AS mnn_rus, p.sp_lf_id, lf.name as dtd, p.name_fct, p.name_cnf, p.doza, p.signa, p.price, p.sp_doza_id, p.d_ls FROM codifiers.preparat_tab p LEFT JOIN codifiers.sp_lf_tab lf ON lf.id = p.sp_lf_id LEFT JOIN codifiers.sp_trnm_tab tr ON tr.id = p.sp_trnm_id LEFT JOIN codifiers.sp_mnn_tab mnn ON mnn.id = p.sp_mnn_id;
2017-03-23 15:28:21.5774 DEBUG Получено записей: 36319
2017-03-23 15:30:11.0097 DEBUG Запрос: SELECT d.id FROM diagn_tab d WHERE d.talon_id = @caseId ORDER BY d.id desc;
2017-03-23 15:30:11.0097 DEBUG Получено записей: 0
2017-03-23 15:30:17.3871 DEBUG Запрос: select * from fed_lgota_tab where pens like @snils;
2017-03-23 15:30:17.3871 DEBUG Получено записей: 0
2017-03-23 15:30:17.3991 DEBUG Запрос: select * from lgot_client_tab where dan_id = @id;
2017-03-23 15:30:17.3991 DEBUG Получено записей: 0
2017-03-23 15:30:17.4211 DEBUG Запрос: select * from fed_lgota_tab where pens like @snils;
2017-03-23 15:30:17.4211 DEBUG Получено записей: 0
2017-03-23 15:30:17.4331 DEBUG Запрос: select * from lgot_client_tab where dan_id = @id;
2017-03-23 15:30:17.4461 DEBUG Получено записей: 0
2017-03-23 15:30:41.5534 DEBUG PatientFindForm ShowFilterByDoctor set to true
2017-03-23 15:30:41.5534 DEBUG PatientFindForm OperatorId: 2469
2017-03-23 15:30:41.5534 DEBUG PatientFindForm DoctorId: 2469
2017-03-23 15:30:41.6614 DEBUG DoctorQuery
2017-03-23 15:30:41.6614 DEBUG sql: SELECT td.time_nazn as "Время записи", d.dan_id as "Id", d.fam as "Фамилия", d.nam as "Имя", d.mid as "Отчество", d.date_born as "Дата рождения", case when d.ser_pol is null then d.num_pol else d.ser_pol ||' '|| d.num_pol end as "Полис", d.address as "Адрес", case when spolref='2301001' then true else false end as "Прикреплен", case when strcom_region_id='0300000000000' then false else true end as "Иногородний" FROM dan_tab d LEFT JOIN public.talon_doctor_tab td on td.dan_id = d.dan_id WHERE td.date_nazn = date(@date) and td.doctor_id = @doctor;
2017-03-23 15:30:41.6614 DEBUG @date: 23.03.2017
2017-03-23 15:30:41.6614 DEBUG @doctor: 2469
2017-03-23 15:30:41.6614 DEBUG bindQueryToDataGrid
2017-03-23 15:30:41.6614 DEBUG Sql: SELECT td.time_nazn as "Время записи", d.dan_id as "Id", d.fam as "Фамилия", d.nam as "Имя", d.mid as "Отчество", d.date_born as "Дата рождения", case when d.ser_pol is null then d.num_pol else d.ser_pol ||' '|| d.num_pol end as "Полис", d.address as "Адрес", case when spolref='2301001' then true else false end as "Прикреплен", case when strcom_region_id='0300000000000' then false else true end as "Иногородний" FROM dan_tab d LEFT JOIN public.talon_doctor_tab td on td.dan_id = d.dan_id WHERE td.date_nazn = date(@date) and td.doctor_id = @doctor;
2017-03-23 15:30:41.6614 DEBUG SqlParams:
2017-03-23 15:30:41.6614 DEBUG SqlParam @date='23.03.2017'
2017-03-23 15:30:41.6614 DEBUG SqlParam @doctor=2469
2017-03-23 15:30:55.5672 DEBUG Sql: SELECT d.dan_id as "Id", d.fam as "Фамилия", d.nam as "Имя", d.mid as "Отчество", d.date_born as "Дата рождения", case when d.ser_pol is null then d.num_pol else d.ser_pol ||' '|| d.num_pol end as "Полис", d.pens as "СНИЛС", d.address as "Адрес", case when spolref='2301001' then true else false end as "Прикреплен" , case when strcom_region_id='0300000000000' then false else true end as "Иногородний" FROM dan_tab d WHERE Lower(d.fam) LIKE @fam and Lower(d.nam) LIKE @nam ORDER BY d.fam, d.nam, d.mid, d.date_born LIMIT 150;
2017-03-23 15:30:55.5672 DEBUG SqlParams:
2017-03-23 15:30:55.5672 DEBUG SqlParam @fam=вахрушкина%
2017-03-23 15:30:55.5672 DEBUG SqlParam @nam=алевтина%
2017-03-23 15:32:06.0243 DEBUG Запрос: select * from fed_lgota_tab where pens like @snils;
2017-03-23 15:32:06.0943 DEBUG Получено записей: 1
2017-03-23 15:32:06.1313 DEBUG Запрос: select * from lgot_client_tab where dan_id = @id;
2017-03-23 15:32:06.2153 DEBUG Получено записей: 0
2017-03-23 15:32:06.2393 DEBUG Запрос: SELECT t.talon_id, t.result_id, t.diag_osn, t.doctor_id, t.date_vnes_inf,
                        v.visit_id, v.doctor_id as vdoctor_id, v.data_vnes_inf as vdate_vnes_inf, v.data_pos 
                        FROM public.talon_tab t left join public.visit_tab v on v.talon_id = t.talon_id
                        where t.dan_id = @patient_id;
2017-03-23 15:32:15.3838 DEBUG Получено записей: 487
2017-03-23 15:32:21.0431 DEBUG Запрос: Select visit_id from public.visit_tab where talon_id = @talonId;
2017-03-23 15:32:21.0461 DEBUG Получено записей: 1
2017-03-23 15:32:21.1781 DEBUG Запрос: SELECT d.id FROM diagn_tab d WHERE d.talon_id = @caseId ORDER BY d.id desc;
2017-03-23 15:32:21.1781 DEBUG Получено записей: 2
2017-03-23 15:37:28.3277 DEBUG Запрос: SELECT d.id FROM diagn_tab d WHERE d.talon_id = @caseId ORDER BY d.id desc;
2017-03-23 15:37:28.3277 DEBUG Получено записей: 2
2017-03-23 15:37:28.4317 DEBUG Запрос: SELECT c.name, o.kol_vo, o.id, o.sp_uslug_id, o.inference_diagnosis FROM okaz_uslug_tab o LEFT JOIN codifiers.sp_uslug_tab c ON c.id = o.sp_uslug_id WHERE table_link_name = 'visit_tab' AND  table_link_id = @visitId;
2017-03-23 15:37:28.4607 DEBUG Получено записей: 0
2017-03-23 15:37:31.4249 DEBUG Запрос: SELECT p.id, p.name, p.code, p.sp_trnm_id, tr.name_lat AS nam_lat, tr.name AS nam_rus, p.sp_mnn_id, mnn.name_lat AS mnn_lat, mnn.name AS mnn_rus, p.sp_lf_id, lf.name as dtd, p.name_fct, p.name_cnf, p.doza, p.signa, p.price, p.sp_doza_id, p.d_ls FROM codifiers.preparat_tab p LEFT JOIN codifiers.sp_lf_tab lf ON lf.id = p.sp_lf_id LEFT JOIN codifiers.sp_trnm_tab tr ON tr.id = p.sp_trnm_id LEFT JOIN codifiers.sp_mnn_tab mnn ON mnn.id = p.sp_mnn_id;
2017-03-23 15:37:33.4030 DEBUG Получено записей: 36319
2017-03-23 15:37:33.7940 DEBUG Запрос: select name from codifiers.signa_tab order by name;
2017-03-23 15:37:33.7970 DEBUG Получено записей: 20
2017-03-23 15:37:33.8270 DEBUG Запрос: SELECT d.*,c.name as character_name, v.name AS type_name, m.mkb as mkb_name, s.name_stadiya as stadia_name, v.sort as diagn_type_sort FROM diagn_tab d LEFT JOIN public.sp_stadiya_diagn_tab s ON d.stage_of_disease = s.sp_stadiya_diagn_id LEFT JOIN codifiers.sp_disease_vid_tab v ON v.id = d.sp_disease_vid_id LEFT JOIN codifiers.diagn_type_tab c ON d.diagn_type_id = c.id LEFT JOIN mkb_tab m ON m.kod_d = d.diagn_osn WHERE d.talon_id = @id
2017-03-23 15:37:33.8270 DEBUG Получено записей: 2
2017-03-23 15:41:56.5400 DEBUG Запрос: SELECT p.id, p.name, p.code, p.sp_trnm_id, tr.name_lat AS nam_lat, tr.name AS nam_rus, p.sp_mnn_id, mnn.name_lat AS mnn_lat, mnn.name AS mnn_rus, p.sp_lf_id, lf.name as dtd, p.name_fct, p.name_cnf, p.doza, p.signa, p.price, p.sp_doza_id, p.d_ls FROM codifiers.preparat_tab p LEFT JOIN codifiers.sp_lf_tab lf ON lf.id = p.sp_lf_id LEFT JOIN codifiers.sp_trnm_tab tr ON tr.id = p.sp_trnm_id LEFT JOIN codifiers.sp_mnn_tab mnn ON mnn.id = p.sp_mnn_id;
2017-03-23 15:41:58.4202 DEBUG Получено записей: 36319
2017-03-23 15:41:58.7182 DEBUG Запрос: select name from codifiers.signa_tab order by name;
2017-03-23 15:41:58.7182 DEBUG Получено записей: 20
2017-03-23 15:41:58.7432 DEBUG Запрос: SELECT d.*,c.name as character_name, v.name AS type_name, m.mkb as mkb_name, s.name_stadiya as stadia_name, v.sort as diagn_type_sort FROM diagn_tab d LEFT JOIN public.sp_stadiya_diagn_tab s ON d.stage_of_disease = s.sp_stadiya_diagn_id LEFT JOIN codifiers.sp_disease_vid_tab v ON v.id = d.sp_disease_vid_id LEFT JOIN codifiers.diagn_type_tab c ON d.diagn_type_id = c.id LEFT JOIN mkb_tab m ON m.kod_d = d.diagn_osn WHERE d.talon_id = @id
2017-03-23 15:41:59.2592 DEBUG Получено записей: 2
2017-03-23 15:44:31.1059 DEBUG PatientFindForm ShowFilterByDoctor set to true
2017-03-23 15:44:31.1059 DEBUG PatientFindForm OperatorId: 2469
2017-03-23 15:44:31.1059 DEBUG PatientFindForm DoctorId: 2469
2017-03-23 15:44:31.2059 DEBUG DoctorQuery
2017-03-23 15:44:31.2059 DEBUG sql: SELECT td.time_nazn as "Время записи", d.dan_id as "Id", d.fam as "Фамилия", d.nam as "Имя", d.mid as "Отчество", d.date_born as "Дата рождения", case when d.ser_pol is null then d.num_pol else d.ser_pol ||' '|| d.num_pol end as "Полис", d.address as "Адрес", case when spolref='2301001' then true else false end as "Прикреплен", case when strcom_region_id='0300000000000' then false else true end as "Иногородний" FROM dan_tab d LEFT JOIN public.talon_doctor_tab td on td.dan_id = d.dan_id WHERE td.date_nazn = date(@date) and td.doctor_id = @doctor;
2017-03-23 15:44:31.2059 DEBUG @date: 23.03.2017
2017-03-23 15:44:31.2059 DEBUG @doctor: 2469
2017-03-23 15:44:31.2059 DEBUG bindQueryToDataGrid
2017-03-23 15:44:31.2059 DEBUG Sql: SELECT td.time_nazn as "Время записи", d.dan_id as "Id", d.fam as "Фамилия", d.nam as "Имя", d.mid as "Отчество", d.date_born as "Дата рождения", case when d.ser_pol is null then d.num_pol else d.ser_pol ||' '|| d.num_pol end as "Полис", d.address as "Адрес", case when spolref='2301001' then true else false end as "Прикреплен", case when strcom_region_id='0300000000000' then false else true end as "Иногородний" FROM dan_tab d LEFT JOIN public.talon_doctor_tab td on td.dan_id = d.dan_id WHERE td.date_nazn = date(@date) and td.doctor_id = @doctor;
2017-03-23 15:44:31.2079 DEBUG SqlParams:
2017-03-23 15:44:31.2079 DEBUG SqlParam @date='23.03.2017'
2017-03-23 15:44:31.2079 DEBUG SqlParam @doctor=2469
