2017-01-26 17:51:49.7694 DEBUG Запрос: SELECT DISTINCT code_access, name, description 
                            FROM users_access_view WHERE users_id = @id
2017-01-26 17:51:49.8214 DEBUG Получено записей: 187
2017-01-26 17:51:52.8146 DEBUG SQL: select pattern from codifiers.patterns_tab where code = @patterncode and users_id is null;
2017-01-26 17:51:52.8146 DEBUG Parameters: @patterncode=, @operator=
2017-01-26 17:51:52.8436 DEBUG Result 
2017-01-26 17:51:52.8436 DEBUG нет шаблона для пользователя
2017-01-26 17:51:52.8436 DEBUG SQL: select pattern from codifiers.patterns_tab where code = @patterncode and users_id is null
2017-01-26 17:51:52.8436 DEBUG Parameters: @patterncode 
2017-01-26 17:51:52.8576 DEBUG Result 
2017-01-26 17:51:52.9096 DEBUG SQL: select pattern from codifiers.patterns_tab where code = @patterncode and users_id is null;
2017-01-26 17:51:52.9096 DEBUG Parameters: @patterncode=, @operator=
2017-01-26 17:51:52.9226 DEBUG Result 
2017-01-26 17:51:52.9226 DEBUG нет шаблона для пользователя
2017-01-26 17:51:52.9226 DEBUG SQL: select pattern from codifiers.patterns_tab where code = @patterncode and users_id is null
2017-01-26 17:51:52.9226 DEBUG Parameters: @patterncode 
2017-01-26 17:51:52.9326 DEBUG Result 
2017-01-26 17:51:53.5236 DEBUG Запрос: Select id, name, code, is_default, parent_id from codifiers.sp_kind_paid_tab order by id
2017-01-26 17:51:53.5276 DEBUG Получено записей: 9
2017-01-26 17:51:53.5276 DEBUG Запрос: Select id, name, code from codifiers.first_visit_condition_tab order by id
2017-01-26 17:51:53.5416 DEBUG Получено записей: 4
2017-01-26 17:51:53.5416 DEBUG Запрос: Select id, name, code, reestr, idsp, hospital_type_id, is_cure, is_inspection from codifiers.visit_purpose_common_tab order by id
2017-01-26 17:51:53.5576 DEBUG Получено записей: 22
2017-01-26 17:51:53.5576 DEBUG Запрос: Select id, name, code from codifiers.place_service_tab order by id
2017-01-26 17:51:53.5576 DEBUG Получено записей: 3
2017-01-26 17:51:53.5826 DEBUG Запрос: Select result_id, result, reestr, patient_state_id, reestr_rslt, reestr_ishod, _end from public.result_tab order by result_id
2017-01-26 17:51:53.6026 DEBUG Получено записей: 29
2017-01-26 17:51:53.6156 DEBUG Запрос: select id, name, code, bur_reestr_code from codifiers.travma_tab order by name;
2017-01-26 17:51:53.6156 DEBUG Получено записей: 15
2017-01-26 17:51:53.6286 DEBUG Запрос: SELECT * FROM codifiers.lpu_tab
2017-01-26 17:51:53.6546 DEBUG Получено записей: 108
2017-01-26 17:51:54.0217 DEBUG Запрос: SELECT * FROM codifiers.lpu_tab order by name
2017-01-26 17:51:54.0347 DEBUG Получено записей: 108
2017-01-26 17:51:54.0457 DEBUG Запрос: select sp_napr_obosn_id,trim(obosn_name) as obosn_name FROM sp_napr_obosn_tab ORDER BY sp_napr_obosn_id;
2017-01-26 17:51:54.0457 DEBUG Получено записей: 8
2017-01-26 17:51:54.0567 DEBUG Запрос: SELECT sp_type_napr_id, sp_type_napr FROM sp_type_napr_tab ORDER BY 1;
2017-01-26 17:51:54.0567 DEBUG Получено записей: 9
2017-01-26 17:51:54.0567 DEBUG Запрос: select * from public.doctor_tab where sp_spec_doctor_id <> 900;
2017-01-26 17:51:54.1697 DEBUG Получено записей: 684
2017-01-26 17:52:22.1623 DEBUG Запрос: select id, code, name from codifiers.doctor_spec_tab order by 3,1;
2017-01-26 17:52:22.1683 DEBUG Получено записей: 175
2017-01-26 17:52:22.1683 DEBUG Запрос: Select mkb_id, mkb, kod_d, reestr_code from public.mkb_tab order by 1
2017-01-26 17:52:22.4003 DEBUG Получено записей: 13813
2017-01-26 18:12:54.8258 DEBUG Запрос: Select s.id, s.code, s.name from codifiers.sozstatus_tab s
2017-01-26 18:12:54.8258 DEBUG Получено записей: 11
2017-01-26 18:12:54.8258 DEBUG Запрос: Select u.id, u.code, u.name, u.doctor_id, u.otdel_id, u.age_from, u.age_for, u.flag_default, u.uchactok_type_id, u.lpu_id, u.sort, u.sex from codifiers.uchactok_tab u order by u.sort, u.name
2017-01-26 18:12:54.8468 DEBUG Получено записей: 77
2017-01-26 18:12:54.9048 DEBUG Запрос: select id, socr, name, full_name, index, code 
                              from codifiers.sp_kladr_tab
                              where level_ter=@level order by name
2017-01-26 18:12:54.9048 DEBUG Получено записей: 107
