2017-06-11 16:51:19.3697 DEBUG Запрос: SELECT DISTINCT code_access, name, description 
                            FROM users_access_view WHERE users_id = @id
2017-06-11 16:51:19.4767 DEBUG Получено записей: 187
2017-06-11 16:51:23.4990 DEBUG SQL: select pattern from codifiers.patterns_tab where code = @patterncode and users_id is null;
2017-06-11 16:51:23.4990 DEBUG Parameters: @patterncode=, @operator=
2017-06-11 16:51:23.5250 DEBUG Result 
2017-06-11 16:51:23.5260 DEBUG нет шаблона для пользователя
2017-06-11 16:51:23.5260 DEBUG SQL: select pattern from codifiers.patterns_tab where code = @patterncode and users_id is null
2017-06-11 16:51:23.5260 DEBUG Parameters: @patterncode 
2017-06-11 16:51:23.5260 DEBUG Result 
2017-06-11 16:51:23.5860 DEBUG SQL: select pattern from codifiers.patterns_tab where code = @patterncode and users_id is null;
2017-06-11 16:51:23.5860 DEBUG Parameters: @patterncode=, @operator=
2017-06-11 16:51:23.5960 DEBUG Result 
2017-06-11 16:51:23.5960 DEBUG нет шаблона для пользователя
2017-06-11 16:51:23.5960 DEBUG SQL: select pattern from codifiers.patterns_tab where code = @patterncode and users_id is null
2017-06-11 16:51:23.5960 DEBUG Parameters: @patterncode 
2017-06-11 16:51:23.6050 DEBUG Result 
2017-06-11 16:51:23.9920 DEBUG Запрос: Select id, name, code, is_default, parent_id from codifiers.sp_kind_paid_tab order by id
2017-06-11 16:51:24.0060 DEBUG Получено записей: 9
2017-06-11 16:51:24.0150 DEBUG Запрос: Select id, name, code from codifiers.first_visit_condition_tab order by id
2017-06-11 16:51:24.0150 DEBUG Получено записей: 4
2017-06-11 16:51:24.0270 DEBUG Запрос: Select id, name, code, reestr, idsp, hospital_type_id, is_cure, is_inspection from codifiers.visit_purpose_common_tab order by id
2017-06-11 16:51:24.0270 DEBUG Получено записей: 22
2017-06-11 16:51:24.0410 DEBUG Запрос: Select id, name, code from codifiers.place_service_tab order by id
2017-06-11 16:51:24.0410 DEBUG Получено записей: 3
2017-06-11 16:51:24.0410 DEBUG Запрос: Select result_id, result, reestr, patient_state_id, reestr_rslt, reestr_ishod, _end from public.result_tab order by result_id
2017-06-11 16:51:24.0690 DEBUG Получено записей: 29
2017-06-11 16:51:24.0790 DEBUG Запрос: select id, name, code, bur_reestr_code from codifiers.travma_tab order by name;
2017-06-11 16:51:24.0790 DEBUG Получено записей: 15
2017-06-11 16:51:24.0910 DEBUG Запрос: SELECT * FROM codifiers.lpu_tab
2017-06-11 16:51:24.1110 DEBUG Получено записей: 114
2017-06-11 16:51:24.6600 DEBUG Запрос: SELECT * FROM codifiers.lpu_tab order by name
2017-06-11 16:51:24.6700 DEBUG Получено записей: 114
2017-06-11 16:51:24.6700 DEBUG Запрос: select sp_napr_obosn_id,trim(obosn_name) as obosn_name FROM sp_napr_obosn_tab ORDER BY sp_napr_obosn_id;
2017-06-11 16:51:24.6820 DEBUG Получено записей: 8
2017-06-11 16:51:24.6820 DEBUG Запрос: SELECT sp_type_napr_id, sp_type_napr FROM sp_type_napr_tab where sp_type_napr_id!=1 ORDER BY 1;
2017-06-11 16:51:24.6820 DEBUG Получено записей: 8
2017-06-11 16:51:24.7170 DEBUG Запрос: select id, code, name from codifiers.doctor_spec_tab order by 3,1;
2017-06-11 16:51:24.7170 DEBUG Получено записей: 176
2017-06-11 16:51:24.7320 DEBUG Запрос: Select mkb_id, mkb, kod_d, reestr_code from public.mkb_tab order by 1
2017-06-11 16:51:24.8991 DEBUG Получено записей: 13813
2017-06-11 16:51:49.5285 DEBUG Запрос: Select s.id, s.code, s.name from codifiers.sozstatus_tab s
2017-06-11 16:51:49.5285 DEBUG Получено записей: 11
2017-06-11 16:51:49.5425 DEBUG Запрос: Select u.id, u.code, u.name, u.doctor_id, u.otdel_id, u.age_from, u.age_for, u.flag_default, u.uchactok_type_id, u.lpu_id, u.sort, u.sex from codifiers.uchactok_tab u order by u.sort, u.name
2017-06-11 16:51:49.5485 DEBUG Получено записей: 77
2017-06-11 16:51:49.5995 DEBUG Запрос: select id, socr, name, full_name, index, code 
                              from codifiers.sp_kladr_tab
                              where level_ter=@level order by name
2017-06-11 16:51:49.5995 DEBUG Получено записей: 107
2017-06-11 16:51:49.8995 DEBUG Запрос: SELECT * FROM codifiers.lpu_tab
2017-06-11 16:51:49.9105 DEBUG Получено записей: 114
2017-06-11 17:07:23.0259 DEBUG Запрос: SELECT DISTINCT code_access, name, description 
                            FROM users_access_view WHERE users_id = @id
2017-06-11 17:07:23.0729 DEBUG Получено записей: 187
2017-06-11 17:07:25.6910 DEBUG SQL: select pattern from codifiers.patterns_tab where code = @patterncode and users_id is null;
2017-06-11 17:07:25.6910 DEBUG Parameters: @patterncode=, @operator=
2017-06-11 17:07:25.7340 DEBUG Result 
2017-06-11 17:07:25.7340 DEBUG нет шаблона для пользователя
2017-06-11 17:07:25.7340 DEBUG SQL: select pattern from codifiers.patterns_tab where code = @patterncode and users_id is null
2017-06-11 17:07:25.7340 DEBUG Parameters: @patterncode 
2017-06-11 17:07:25.7460 DEBUG Result 
2017-06-11 17:07:25.7960 DEBUG SQL: select pattern from codifiers.patterns_tab where code = @patterncode and users_id is null;
2017-06-11 17:07:25.7960 DEBUG Parameters: @patterncode=, @operator=
2017-06-11 17:07:25.8060 DEBUG Result 
2017-06-11 17:07:25.8060 DEBUG нет шаблона для пользователя
2017-06-11 17:07:25.8060 DEBUG SQL: select pattern from codifiers.patterns_tab where code = @patterncode and users_id is null
2017-06-11 17:07:25.8060 DEBUG Parameters: @patterncode 
2017-06-11 17:07:25.8060 DEBUG Result 
2017-06-11 17:07:26.1470 DEBUG Запрос: Select id, name, code, is_default, parent_id from codifiers.sp_kind_paid_tab order by id
2017-06-11 17:07:26.1470 DEBUG Получено записей: 9
2017-06-11 17:07:26.1470 DEBUG Запрос: Select id, name, code from codifiers.first_visit_condition_tab order by id
2017-06-11 17:07:26.1610 DEBUG Получено записей: 4
2017-06-11 17:07:26.1610 DEBUG Запрос: Select id, name, code, reestr, idsp, hospital_type_id, is_cure, is_inspection from codifiers.visit_purpose_common_tab order by id
2017-06-11 17:07:26.1610 DEBUG Получено записей: 22
2017-06-11 17:07:26.1840 DEBUG Запрос: Select id, name, code from codifiers.place_service_tab order by id
2017-06-11 17:07:26.1840 DEBUG Получено записей: 3
2017-06-11 17:07:26.1950 DEBUG Запрос: Select result_id, result, reestr, patient_state_id, reestr_rslt, reestr_ishod, _end from public.result_tab order by result_id
2017-06-11 17:07:26.1950 DEBUG Получено записей: 29
2017-06-11 17:07:26.2250 DEBUG Запрос: select id, name, code, bur_reestr_code from codifiers.travma_tab order by name;
2017-06-11 17:07:26.2250 DEBUG Получено записей: 15
2017-06-11 17:07:26.2390 DEBUG Запрос: SELECT * FROM codifiers.lpu_tab
2017-06-11 17:07:26.2630 DEBUG Получено записей: 114
2017-06-11 17:07:26.5931 DEBUG Запрос: SELECT * FROM codifiers.lpu_tab order by name
2017-06-11 17:07:26.6041 DEBUG Получено записей: 114
2017-06-11 17:07:26.6141 DEBUG Запрос: select sp_napr_obosn_id,trim(obosn_name) as obosn_name FROM sp_napr_obosn_tab ORDER BY sp_napr_obosn_id;
2017-06-11 17:07:26.6141 DEBUG Получено записей: 8
2017-06-11 17:07:26.6141 DEBUG Запрос: SELECT sp_type_napr_id, sp_type_napr FROM sp_type_napr_tab where sp_type_napr_id!=1 ORDER BY 1;
2017-06-11 17:07:26.6141 DEBUG Получено записей: 8
2017-06-11 17:07:26.6401 DEBUG Запрос: select id, code, name from codifiers.doctor_spec_tab order by 3,1;
2017-06-11 17:07:26.6451 DEBUG Получено записей: 176
2017-06-11 17:07:26.6451 DEBUG Запрос: Select mkb_id, mkb, kod_d, reestr_code from public.mkb_tab order by 1
2017-06-11 17:07:26.8491 DEBUG Получено записей: 13813
2017-06-11 17:14:19.8257 DEBUG Запрос: Select s.id, s.code, s.name from codifiers.sozstatus_tab s
2017-06-11 17:14:19.8257 DEBUG Получено записей: 11
2017-06-11 17:14:19.8387 DEBUG Запрос: Select u.id, u.code, u.name, u.doctor_id, u.otdel_id, u.age_from, u.age_for, u.flag_default, u.uchactok_type_id, u.lpu_id, u.sort, u.sex from codifiers.uchactok_tab u order by u.sort, u.name
2017-06-11 17:14:19.8447 DEBUG Получено записей: 77
2017-06-11 17:14:19.8957 DEBUG Запрос: select id, socr, name, full_name, index, code 
                              from codifiers.sp_kladr_tab
                              where level_ter=@level order by name
2017-06-11 17:14:19.8957 DEBUG Получено записей: 107
2017-06-11 17:14:20.1517 DEBUG Запрос: SELECT * FROM codifiers.lpu_tab
2017-06-11 17:14:20.1677 DEBUG Получено записей: 114
2017-06-11 17:14:30.7543 DEBUG PatientFindForm ShowFilterByDoctor set to true
2017-06-11 17:14:30.7543 DEBUG PatientFindForm OperatorId: 2469
2017-06-11 17:14:30.7543 DEBUG PatientFindForm DoctorId: 2469
2017-06-11 17:14:30.8933 DEBUG DoctorQuery
2017-06-11 17:14:30.8933 DEBUG sql: SELECT td.time_nazn as "Время записи", d.dan_id as "Id", d.fam as "Фамилия", d.nam as "Имя", d.mid as "Отчество", d.date_born as "Дата рождения", case when d.ser_pol is null then d.num_pol else d.ser_pol ||' '|| d.num_pol end as "Полис", d.address as "Адрес", case when spolref='2301001' then true else false end as "Прикреплен", case when strcom_region_id='0300000000000' then false else true end as "Иногородний" FROM dan_tab d LEFT JOIN public.talon_doctor_tab td on td.dan_id = d.dan_id WHERE td.date_nazn = date(@date) and td.doctor_id = @doctor;
2017-06-11 17:14:30.8933 DEBUG @date: 11.06.2017
2017-06-11 17:14:30.8933 DEBUG @doctor: 2469
2017-06-11 17:14:30.8933 DEBUG bindQueryToDataGrid
2017-06-11 17:14:30.9353 DEBUG Sql: SELECT td.time_nazn as "Время записи", d.dan_id as "Id", d.fam as "Фамилия", d.nam as "Имя", d.mid as "Отчество", d.date_born as "Дата рождения", case when d.ser_pol is null then d.num_pol else d.ser_pol ||' '|| d.num_pol end as "Полис", d.address as "Адрес", case when spolref='2301001' then true else false end as "Прикреплен", case when strcom_region_id='0300000000000' then false else true end as "Иногородний" FROM dan_tab d LEFT JOIN public.talon_doctor_tab td on td.dan_id = d.dan_id WHERE td.date_nazn = date(@date) and td.doctor_id = @doctor;
2017-06-11 17:14:30.9353 DEBUG SqlParams:
2017-06-11 17:14:30.9363 DEBUG SqlParam @date='11.06.2017'
2017-06-11 17:14:30.9363 DEBUG SqlParam @doctor=2469
2017-06-11 17:14:42.9190 DEBUG Sql: SELECT d.dan_id as "Id", d.fam as "Фамилия", d.nam as "Имя", d.mid as "Отчество", d.date_born as "Дата рождения", case when d.ser_pol is null then d.num_pol else d.ser_pol ||' '|| d.num_pol end as "Полис", d.pens as "СНИЛС", d.address as "Адрес", case when spolref='2301001' then true else false end as "Прикреплен" , case when strcom_region_id='0300000000000' then false else true end as "Иногородний" FROM dan_tab d WHERE Lower(d.fam) LIKE @fam and Lower(d.nam) LIKE @nam ORDER BY d.fam, d.nam, d.mid, d.date_born LIMIT 150;
2017-06-11 17:14:42.9190 DEBUG SqlParams:
2017-06-11 17:14:42.9190 DEBUG SqlParam @fam=вахрушкина%
2017-06-11 17:14:42.9190 DEBUG SqlParam @nam=алевтина%
2017-06-11 17:14:46.5972 DEBUG Запрос: Select smo.id, smo.name, kladr.name from codifiers.strcom_tab smo left join codifiers.sp_kladr_tab kladr on smo.region_id = kladr.code where smo.region_id = @id and smo.name not like '*%'order by smo.name
2017-06-11 17:14:46.6752 DEBUG Получено записей: 4
2017-06-11 17:14:46.7602 DEBUG Запрос: select * from fed_lgota_tab where pens like @snils;
2017-06-11 17:14:46.7752 DEBUG Получено записей: 1
2017-06-11 17:14:46.9082 DEBUG Запрос: SELECT t.talon_id, t.result_id, t.diag_osn, t.doctor_id, t.date_vnes_inf,
                        v.visit_id, v.doctor_id as vdoctor_id, v.data_vnes_inf as vdate_vnes_inf, v.data_pos 
                        FROM public.talon_tab t left join public.visit_tab v on v.talon_id = t.talon_id
                        where t.dan_id = @patient_id;
2017-06-11 17:14:46.9442 DEBUG Получено записей: 531
2017-06-11 17:14:49.6974 DEBUG Запрос: Select visit_id from public.visit_tab where talon_id = @talonId;
2017-06-11 17:14:49.6974 DEBUG Получено записей: 0
2017-06-11 17:14:49.7404 DEBUG Запрос: SELECT d.id FROM diagn_tab d WHERE d.talon_id = @caseId ORDER BY d.id desc;
2017-06-11 17:14:49.7404 DEBUG Получено записей: 0
2017-06-11 17:15:00.5510 DEBUG Запрос: Select visit_id from public.visit_tab where talon_id = @talonId;
2017-06-11 17:15:00.5510 DEBUG Получено записей: 1
2017-06-11 17:15:00.6340 DEBUG Запрос: SELECT d.id FROM diagn_tab d WHERE d.talon_id = @caseId ORDER BY d.id desc;
2017-06-11 17:15:00.6340 DEBUG Получено записей: 3
2017-06-11 17:15:02.0551 DEBUG Запрос: SELECT d.id FROM diagn_tab d WHERE d.talon_id = @caseId ORDER BY d.id desc;
2017-06-11 17:15:02.0841 DEBUG Получено записей: 3
2017-06-11 17:15:02.2091 DEBUG Запрос: SELECT c.name, o.kol_vo, o.id, o.sp_uslug_id, o.inference_diagnosis FROM okaz_uslug_tab o LEFT JOIN codifiers.sp_uslug_tab c ON c.id = o.sp_uslug_id WHERE table_link_name = 'visit_tab' AND  table_link_id = @visitId;
2017-06-11 17:15:02.2141 DEBUG Получено записей: 0
2017-06-11 17:15:02.2141 DEBUG Запрос: SELECT p.id, p.name, p.code, p.sp_trnm_id, tr.name_lat AS nam_lat, tr.name AS nam_rus, p.sp_mnn_id, mnn.name_lat AS mnn_lat, mnn.name AS mnn_rus, p.sp_lf_id, lf.name as dtd, p.name_fct, p.name_cnf, p.doza, p.signa, p.price, p.sp_doza_id, p.d_ls, p.kod_rias FROM codifiers.preparat_tab p LEFT JOIN codifiers.sp_lf_tab lf ON lf.id = p.sp_lf_id LEFT JOIN codifiers.sp_trnm_tab tr ON tr.id = p.sp_trnm_id LEFT JOIN codifiers.sp_mnn_tab mnn ON mnn.id = p.sp_mnn_id;
2017-06-11 17:15:03.7212 DEBUG Получено записей: 36330
2017-06-11 18:30:58.4047 DEBUG Запрос: SELECT DISTINCT code_access, name, description 
                            FROM users_access_view WHERE users_id = @id
2017-06-11 18:30:58.4517 DEBUG Получено записей: 187
2017-06-11 18:31:00.9219 DEBUG SQL: select pattern from codifiers.patterns_tab where code = @patterncode and users_id is null;
2017-06-11 18:31:00.9229 DEBUG Parameters: @patterncode=, @operator=
2017-06-11 18:31:00.9489 DEBUG Result 
2017-06-11 18:31:00.9489 DEBUG нет шаблона для пользователя
2017-06-11 18:31:00.9489 DEBUG SQL: select pattern from codifiers.patterns_tab where code = @patterncode and users_id is null
2017-06-11 18:31:00.9489 DEBUG Parameters: @patterncode 
2017-06-11 18:31:00.9619 DEBUG Result 
2017-06-11 18:31:01.0139 DEBUG SQL: select pattern from codifiers.patterns_tab where code = @patterncode and users_id is null;
2017-06-11 18:31:01.0139 DEBUG Parameters: @patterncode=, @operator=
2017-06-11 18:31:01.0229 DEBUG Result 
2017-06-11 18:31:01.0229 DEBUG нет шаблона для пользователя
2017-06-11 18:31:01.0229 DEBUG SQL: select pattern from codifiers.patterns_tab where code = @patterncode and users_id is null
2017-06-11 18:31:01.0229 DEBUG Parameters: @patterncode 
2017-06-11 18:31:01.0339 DEBUG Result 
2017-06-11 18:31:01.3189 DEBUG Запрос: Select id, name, code, is_default, parent_id from codifiers.sp_kind_paid_tab order by id
2017-06-11 18:31:01.3189 DEBUG Получено записей: 9
2017-06-11 18:31:01.3309 DEBUG Запрос: Select id, name, code from codifiers.first_visit_condition_tab order by id
2017-06-11 18:31:01.3309 DEBUG Получено записей: 4
2017-06-11 18:31:01.3309 DEBUG Запрос: Select id, name, code, reestr, idsp, hospital_type_id, is_cure, is_inspection from codifiers.visit_purpose_common_tab order by id
2017-06-11 18:31:01.3469 DEBUG Получено записей: 22
2017-06-11 18:31:01.3469 DEBUG Запрос: Select id, name, code from codifiers.place_service_tab order by id
2017-06-11 18:31:01.3599 DEBUG Получено записей: 3
2017-06-11 18:31:01.3839 DEBUG Запрос: Select result_id, result, reestr, patient_state_id, reestr_rslt, reestr_ishod, _end from public.result_tab order by result_id
2017-06-11 18:31:01.3839 DEBUG Получено записей: 29
2017-06-11 18:31:01.3989 DEBUG Запрос: select id, name, code, bur_reestr_code from codifiers.travma_tab order by name;
2017-06-11 18:31:01.3989 DEBUG Получено записей: 15
2017-06-11 18:31:01.4119 DEBUG Запрос: SELECT * FROM codifiers.lpu_tab
2017-06-11 18:31:01.4359 DEBUG Получено записей: 114
2017-06-11 18:31:01.7659 DEBUG Запрос: SELECT * FROM codifiers.lpu_tab order by name
2017-06-11 18:31:01.7659 DEBUG Получено записей: 114
2017-06-11 18:31:01.7869 DEBUG Запрос: select sp_napr_obosn_id,trim(obosn_name) as obosn_name FROM sp_napr_obosn_tab ORDER BY sp_napr_obosn_id;
2017-06-11 18:31:01.7869 DEBUG Получено записей: 8
2017-06-11 18:31:01.7989 DEBUG Запрос: SELECT sp_type_napr_id, sp_type_napr FROM sp_type_napr_tab where sp_type_napr_id!=1 ORDER BY 1;
2017-06-11 18:31:01.7989 DEBUG Получено записей: 8
2017-06-11 18:31:01.8139 DEBUG Запрос: select id, code, name from codifiers.doctor_spec_tab order by 3,1;
2017-06-11 18:31:01.8139 DEBUG Получено записей: 176
2017-06-11 18:31:01.8299 DEBUG Запрос: Select mkb_id, mkb, kod_d, reestr_code from public.mkb_tab order by 1
2017-06-11 18:31:02.0249 DEBUG Получено записей: 13813
2017-06-11 18:31:07.9043 DEBUG Запрос: Select s.id, s.code, s.name from codifiers.sozstatus_tab s
2017-06-11 18:31:07.9043 DEBUG Получено записей: 11
2017-06-11 18:31:07.9173 DEBUG Запрос: Select u.id, u.code, u.name, u.doctor_id, u.otdel_id, u.age_from, u.age_for, u.flag_default, u.uchactok_type_id, u.lpu_id, u.sort, u.sex from codifiers.uchactok_tab u order by u.sort, u.name
2017-06-11 18:31:07.9173 DEBUG Получено записей: 77
2017-06-11 18:31:07.9773 DEBUG Запрос: select id, socr, name, full_name, index, code 
                              from codifiers.sp_kladr_tab
                              where level_ter=@level order by name
2017-06-11 18:31:07.9943 DEBUG Получено записей: 107
2017-06-11 18:31:08.2563 DEBUG Запрос: SELECT * FROM codifiers.lpu_tab
2017-06-11 18:31:08.2563 DEBUG Получено записей: 114
2017-06-11 18:31:13.9906 DEBUG PatientFindForm ShowFilterByDoctor set to true
2017-06-11 18:31:13.9906 DEBUG PatientFindForm OperatorId: 2469
2017-06-11 18:31:13.9906 DEBUG PatientFindForm DoctorId: 2469
2017-06-11 18:31:15.2997 DEBUG DoctorQuery
2017-06-11 18:31:15.2997 DEBUG sql: SELECT td.time_nazn as "Время записи", d.dan_id as "Id", d.fam as "Фамилия", d.nam as "Имя", d.mid as "Отчество", d.date_born as "Дата рождения", case when d.ser_pol is null then d.num_pol else d.ser_pol ||' '|| d.num_pol end as "Полис", d.address as "Адрес", case when spolref='2301001' then true else false end as "Прикреплен", case when strcom_region_id='0300000000000' then false else true end as "Иногородний" FROM dan_tab d LEFT JOIN public.talon_doctor_tab td on td.dan_id = d.dan_id WHERE td.date_nazn = date(@date) and td.doctor_id = @doctor;
2017-06-11 18:31:15.2997 DEBUG @date: 11.06.2017
2017-06-11 18:31:15.2997 DEBUG @doctor: 2469
2017-06-11 18:31:15.2997 DEBUG bindQueryToDataGrid
2017-06-11 18:31:15.3137 DEBUG Sql: SELECT td.time_nazn as "Время записи", d.dan_id as "Id", d.fam as "Фамилия", d.nam as "Имя", d.mid as "Отчество", d.date_born as "Дата рождения", case when d.ser_pol is null then d.num_pol else d.ser_pol ||' '|| d.num_pol end as "Полис", d.address as "Адрес", case when spolref='2301001' then true else false end as "Прикреплен", case when strcom_region_id='0300000000000' then false else true end as "Иногородний" FROM dan_tab d LEFT JOIN public.talon_doctor_tab td on td.dan_id = d.dan_id WHERE td.date_nazn = date(@date) and td.doctor_id = @doctor;
2017-06-11 18:31:15.3137 DEBUG SqlParams:
2017-06-11 18:31:15.3137 DEBUG SqlParam @date='11.06.2017'
2017-06-11 18:31:15.3137 DEBUG SqlParam @doctor=2469
2017-06-11 18:31:25.8333 DEBUG Sql: SELECT d.dan_id as "Id", d.fam as "Фамилия", d.nam as "Имя", d.mid as "Отчество", d.date_born as "Дата рождения", case when d.ser_pol is null then d.num_pol else d.ser_pol ||' '|| d.num_pol end as "Полис", d.pens as "СНИЛС", d.address as "Адрес", case when spolref='2301001' then true else false end as "Прикреплен" , case when strcom_region_id='0300000000000' then false else true end as "Иногородний" FROM dan_tab d WHERE Lower(d.fam) LIKE @fam and Lower(d.nam) LIKE @nam ORDER BY d.fam, d.nam, d.mid, d.date_born LIMIT 150;
2017-06-11 18:31:25.8333 DEBUG SqlParams:
2017-06-11 18:31:25.8333 DEBUG SqlParam @fam=вахрушкина%
2017-06-11 18:31:25.8333 DEBUG SqlParam @nam=алевтина%
2017-06-11 18:31:29.2595 DEBUG Запрос: Select smo.id, smo.name, kladr.name from codifiers.strcom_tab smo left join codifiers.sp_kladr_tab kladr on smo.region_id = kladr.code where smo.region_id = @id and smo.name not like '*%'order by smo.name
2017-06-11 18:31:29.3365 DEBUG Получено записей: 4
2017-06-11 18:31:29.4155 DEBUG Запрос: select * from fed_lgota_tab where pens like @snils;
2017-06-11 18:31:29.4155 DEBUG Получено записей: 1
2017-06-11 18:31:29.5465 DEBUG Запрос: SELECT t.talon_id, t.result_id, t.diag_osn, t.doctor_id, t.date_vnes_inf,
                        v.visit_id, v.doctor_id as vdoctor_id, v.data_vnes_inf as vdate_vnes_inf, v.data_pos 
                        FROM public.talon_tab t left join public.visit_tab v on v.talon_id = t.talon_id
                        where t.dan_id = @patient_id;
2017-06-11 18:31:29.5805 DEBUG Получено записей: 531
2017-06-11 18:31:32.3657 DEBUG Запрос: Select visit_id from public.visit_tab where talon_id = @talonId;
2017-06-11 18:31:32.3657 DEBUG Получено записей: 0
2017-06-11 18:31:32.4057 DEBUG Запрос: SELECT d.id FROM diagn_tab d WHERE d.talon_id = @caseId ORDER BY d.id desc;
2017-06-11 18:31:32.4057 DEBUG Получено записей: 0
2017-06-11 18:31:42.1152 DEBUG Запрос: Select visit_id from public.visit_tab where talon_id = @talonId;
2017-06-11 18:31:42.1152 DEBUG Получено записей: 1
2017-06-11 18:31:42.1772 DEBUG Запрос: SELECT d.id FROM diagn_tab d WHERE d.talon_id = @caseId ORDER BY d.id desc;
2017-06-11 18:31:42.1772 DEBUG Получено записей: 3
2017-06-11 18:31:42.2972 DEBUG Запрос: SELECT c.name, o.kol_vo, o.id, o.sp_uslug_id, o.inference_diagnosis FROM okaz_uslug_tab o LEFT JOIN codifiers.sp_uslug_tab c ON c.id = o.sp_uslug_id WHERE table_link_name = 'visit_tab' AND  table_link_id = @visitId;
2017-06-11 18:31:42.2972 DEBUG Получено записей: 0
2017-06-11 18:31:42.3202 DEBUG Запрос: SELECT p.id, p.name, p.code, p.sp_trnm_id, tr.name_lat AS nam_lat, tr.name AS nam_rus, p.sp_mnn_id, mnn.name_lat AS mnn_lat, mnn.name AS mnn_rus, p.sp_lf_id, lf.name as dtd, p.name_fct, p.name_cnf, p.doza, p.signa, p.price, p.sp_doza_id, p.d_ls, p.kod_rias FROM codifiers.preparat_tab p LEFT JOIN codifiers.sp_lf_tab lf ON lf.id = p.sp_lf_id LEFT JOIN codifiers.sp_trnm_tab tr ON tr.id = p.sp_trnm_id LEFT JOIN codifiers.sp_mnn_tab mnn ON mnn.id = p.sp_mnn_id;
2017-06-11 18:31:43.6913 DEBUG Получено записей: 36330
2017-06-11 18:31:47.2445 DEBUG PatientFindForm ShowFilterByDoctor set to true
2017-06-11 18:31:47.2445 DEBUG PatientFindForm OperatorId: 2469
2017-06-11 18:31:47.2445 DEBUG PatientFindForm DoctorId: 2469
2017-06-11 18:31:47.3495 DEBUG DoctorQuery
2017-06-11 18:31:47.3495 DEBUG sql: SELECT td.time_nazn as "Время записи", d.dan_id as "Id", d.fam as "Фамилия", d.nam as "Имя", d.mid as "Отчество", d.date_born as "Дата рождения", case when d.ser_pol is null then d.num_pol else d.ser_pol ||' '|| d.num_pol end as "Полис", d.address as "Адрес", case when spolref='2301001' then true else false end as "Прикреплен", case when strcom_region_id='0300000000000' then false else true end as "Иногородний" FROM dan_tab d LEFT JOIN public.talon_doctor_tab td on td.dan_id = d.dan_id WHERE td.date_nazn = date(@date) and td.doctor_id = @doctor;
2017-06-11 18:31:47.3495 DEBUG @date: 11.06.2017
2017-06-11 18:31:47.3495 DEBUG @doctor: 2469
2017-06-11 18:31:47.3495 DEBUG bindQueryToDataGrid
2017-06-11 18:31:47.3495 DEBUG Sql: SELECT td.time_nazn as "Время записи", d.dan_id as "Id", d.fam as "Фамилия", d.nam as "Имя", d.mid as "Отчество", d.date_born as "Дата рождения", case when d.ser_pol is null then d.num_pol else d.ser_pol ||' '|| d.num_pol end as "Полис", d.address as "Адрес", case when spolref='2301001' then true else false end as "Прикреплен", case when strcom_region_id='0300000000000' then false else true end as "Иногородний" FROM dan_tab d LEFT JOIN public.talon_doctor_tab td on td.dan_id = d.dan_id WHERE td.date_nazn = date(@date) and td.doctor_id = @doctor;
2017-06-11 18:31:47.3495 DEBUG SqlParams:
2017-06-11 18:31:47.3495 DEBUG SqlParam @date='11.06.2017'
2017-06-11 18:31:47.3495 DEBUG SqlParam @doctor=2469
2017-06-11 18:34:32.7480 DEBUG Запрос: SELECT DISTINCT code_access, name, description 
                            FROM users_access_view WHERE users_id = @id
2017-06-11 18:34:32.7960 DEBUG Получено записей: 187
2017-06-11 18:34:35.1381 DEBUG SQL: select pattern from codifiers.patterns_tab where code = @patterncode and users_id is null;
2017-06-11 18:34:35.1381 DEBUG Parameters: @patterncode=, @operator=
2017-06-11 18:34:35.1661 DEBUG Result 
2017-06-11 18:34:35.1661 DEBUG нет шаблона для пользователя
2017-06-11 18:34:35.1661 DEBUG SQL: select pattern from codifiers.patterns_tab where code = @patterncode and users_id is null
2017-06-11 18:34:35.1661 DEBUG Parameters: @patterncode 
2017-06-11 18:34:35.1781 DEBUG Result 
2017-06-11 18:34:35.2341 DEBUG SQL: select pattern from codifiers.patterns_tab where code = @patterncode and users_id is null;
2017-06-11 18:34:35.2341 DEBUG Parameters: @patterncode=, @operator=
2017-06-11 18:34:35.2611 DEBUG Result 
2017-06-11 18:34:35.2611 DEBUG нет шаблона для пользователя
2017-06-11 18:34:35.2611 DEBUG SQL: select pattern from codifiers.patterns_tab where code = @patterncode and users_id is null
2017-06-11 18:34:35.2611 DEBUG Parameters: @patterncode 
2017-06-11 18:34:35.2711 DEBUG Result 
2017-06-11 18:34:35.6821 DEBUG Запрос: Select id, name, code, is_default, parent_id from codifiers.sp_kind_paid_tab order by id
2017-06-11 18:34:35.6821 DEBUG Получено записей: 9
2017-06-11 18:34:35.6931 DEBUG Запрос: Select id, name, code from codifiers.first_visit_condition_tab order by id
2017-06-11 18:34:35.6931 DEBUG Получено записей: 4
2017-06-11 18:34:35.6931 DEBUG Запрос: Select id, name, code, reestr, idsp, hospital_type_id, is_cure, is_inspection from codifiers.visit_purpose_common_tab order by id
2017-06-11 18:34:35.7091 DEBUG Получено записей: 22
2017-06-11 18:34:35.7091 DEBUG Запрос: Select id, name, code from codifiers.place_service_tab order by id
2017-06-11 18:34:35.7211 DEBUG Получено записей: 3
2017-06-11 18:34:35.7211 DEBUG Запрос: Select result_id, result, reestr, patient_state_id, reestr_rslt, reestr_ishod, _end from public.result_tab order by result_id
2017-06-11 18:34:35.7211 DEBUG Получено записей: 29
2017-06-11 18:34:35.7592 DEBUG Запрос: select id, name, code, bur_reestr_code from codifiers.travma_tab order by name;
2017-06-11 18:34:35.7592 DEBUG Получено записей: 15
2017-06-11 18:34:35.7722 DEBUG Запрос: SELECT * FROM codifiers.lpu_tab
2017-06-11 18:34:35.7962 DEBUG Получено записей: 114
2017-06-11 18:34:36.1322 DEBUG Запрос: SELECT * FROM codifiers.lpu_tab order by name
2017-06-11 18:34:36.1432 DEBUG Получено записей: 114
2017-06-11 18:34:36.1432 DEBUG Запрос: select sp_napr_obosn_id,trim(obosn_name) as obosn_name FROM sp_napr_obosn_tab ORDER BY sp_napr_obosn_id;
2017-06-11 18:34:36.1432 DEBUG Получено записей: 8
2017-06-11 18:34:36.1662 DEBUG Запрос: SELECT sp_type_napr_id, sp_type_napr FROM sp_type_napr_tab where sp_type_napr_id!=1 ORDER BY 1;
2017-06-11 18:34:36.1662 DEBUG Получено записей: 8
2017-06-11 18:34:36.1782 DEBUG Запрос: select id, code, name from codifiers.doctor_spec_tab order by 3,1;
2017-06-11 18:34:36.1782 DEBUG Получено записей: 176
2017-06-11 18:34:36.1942 DEBUG Запрос: Select mkb_id, mkb, kod_d, reestr_code from public.mkb_tab order by 1
2017-06-11 18:34:36.3802 DEBUG Получено записей: 13813
2017-06-11 18:37:01.8645 DEBUG Запрос: SELECT DISTINCT code_access, name, description 
                            FROM users_access_view WHERE users_id = @id
2017-06-11 18:37:01.9145 DEBUG Получено записей: 21
2017-06-11 18:37:04.5647 DEBUG SQL: select pattern from codifiers.patterns_tab where code = @patterncode and users_id is null;
2017-06-11 18:37:04.5647 DEBUG Parameters: @patterncode=, @operator=
2017-06-11 18:37:04.6147 DEBUG Result 
2017-06-11 18:37:04.6147 DEBUG нет шаблона для пользователя
2017-06-11 18:37:04.6147 DEBUG SQL: select pattern from codifiers.patterns_tab where code = @patterncode and users_id is null
2017-06-11 18:37:04.6147 DEBUG Parameters: @patterncode 
2017-06-11 18:37:04.6267 DEBUG Result 
2017-06-11 18:37:04.6887 DEBUG SQL: select pattern from codifiers.patterns_tab where code = @patterncode and users_id is null;
2017-06-11 18:37:04.6887 DEBUG Parameters: @patterncode=, @operator=
2017-06-11 18:37:04.6887 DEBUG Result 
2017-06-11 18:37:04.6887 DEBUG нет шаблона для пользователя
2017-06-11 18:37:04.6887 DEBUG SQL: select pattern from codifiers.patterns_tab where code = @patterncode and users_id is null
2017-06-11 18:37:04.6887 DEBUG Parameters: @patterncode 
2017-06-11 18:37:04.7067 DEBUG Result 
2017-06-11 18:37:05.0557 DEBUG Запрос: Select id, name, code, is_default, parent_id from codifiers.sp_kind_paid_tab order by id
2017-06-11 18:37:05.0557 DEBUG Получено записей: 9
2017-06-11 18:37:05.0667 DEBUG Запрос: Select id, name, code from codifiers.first_visit_condition_tab order by id
2017-06-11 18:37:05.0667 DEBUG Получено записей: 4
2017-06-11 18:37:05.0787 DEBUG Запрос: Select id, name, code, reestr, idsp, hospital_type_id, is_cure, is_inspection from codifiers.visit_purpose_common_tab order by id
2017-06-11 18:37:05.0787 DEBUG Получено записей: 22
2017-06-11 18:37:05.0937 DEBUG Запрос: Select id, name, code from codifiers.place_service_tab order by id
2017-06-11 18:37:05.0937 DEBUG Получено записей: 3
2017-06-11 18:37:05.0937 DEBUG Запрос: Select result_id, result, reestr, patient_state_id, reestr_rslt, reestr_ishod, _end from public.result_tab order by result_id
2017-06-11 18:37:05.1097 DEBUG Получено записей: 29
2017-06-11 18:37:05.1097 DEBUG Запрос: select id, name, code, bur_reestr_code from codifiers.travma_tab order by name;
2017-06-11 18:37:05.1227 DEBUG Получено записей: 15
2017-06-11 18:37:05.1227 DEBUG Запрос: SELECT * FROM codifiers.lpu_tab
2017-06-11 18:37:05.1747 DEBUG Получено записей: 114
2017-06-11 18:37:05.5087 DEBUG Запрос: SELECT * FROM codifiers.lpu_tab order by name
2017-06-11 18:37:05.5197 DEBUG Получено записей: 114
2017-06-11 18:37:05.5287 DEBUG Запрос: select sp_napr_obosn_id,trim(obosn_name) as obosn_name FROM sp_napr_obosn_tab ORDER BY sp_napr_obosn_id;
2017-06-11 18:37:05.5287 DEBUG Получено записей: 8
2017-06-11 18:37:05.5287 DEBUG Запрос: SELECT sp_type_napr_id, sp_type_napr FROM sp_type_napr_tab where sp_type_napr_id!=1 ORDER BY 1;
2017-06-11 18:37:05.5287 DEBUG Получено записей: 8
2017-06-11 18:37:05.5517 DEBUG Запрос: select id, code, name from codifiers.doctor_spec_tab order by 3,1;
2017-06-11 18:37:05.5517 DEBUG Получено записей: 176
2017-06-11 18:37:05.5667 DEBUG Запрос: Select mkb_id, mkb, kod_d, reestr_code from public.mkb_tab order by 1
2017-06-11 18:37:05.7677 DEBUG Получено записей: 13813
2017-06-11 18:49:57.0298 DEBUG Запрос: Select s.id, s.code, s.name from codifiers.sozstatus_tab s
2017-06-11 18:49:57.0318 DEBUG Получено записей: 11
2017-06-11 18:49:57.0488 DEBUG Запрос: Select u.id, u.code, u.name, u.doctor_id, u.otdel_id, u.age_from, u.age_for, u.flag_default, u.uchactok_type_id, u.lpu_id, u.sort, u.sex from codifiers.uchactok_tab u order by u.sort, u.name
2017-06-11 18:49:57.0488 DEBUG Получено записей: 77
2017-06-11 18:49:57.1138 DEBUG Запрос: select id, socr, name, full_name, index, code 
                              from codifiers.sp_kladr_tab
                              where level_ter=@level order by name
2017-06-11 18:49:57.1138 DEBUG Получено записей: 107
2017-06-11 18:49:57.3879 DEBUG Запрос: SELECT * FROM codifiers.lpu_tab
2017-06-11 18:49:57.3989 DEBUG Получено записей: 114
2017-06-11 18:50:03.4592 DEBUG PatientFindForm ShowFilterByDoctor set to true
2017-06-11 18:50:03.4592 DEBUG PatientFindForm OperatorId: 2643
2017-06-11 18:50:03.4592 DEBUG PatientFindForm DoctorId: 2643
2017-06-11 18:50:03.6102 DEBUG DoctorQuery
2017-06-11 18:50:03.6102 DEBUG sql: SELECT td.time_nazn as "Время записи", d.dan_id as "Id", d.fam as "Фамилия", d.nam as "Имя", d.mid as "Отчество", d.date_born as "Дата рождения", case when d.ser_pol is null then d.num_pol else d.ser_pol ||' '|| d.num_pol end as "Полис", d.address as "Адрес", case when spolref='2301001' then true else false end as "Прикреплен", case when strcom_region_id='0300000000000' then false else true end as "Иногородний" FROM dan_tab d LEFT JOIN public.talon_doctor_tab td on td.dan_id = d.dan_id WHERE td.date_nazn = date(@date) and td.doctor_id = @doctor;
2017-06-11 18:50:03.6102 DEBUG @date: 11.06.2017
2017-06-11 18:50:03.6102 DEBUG @doctor: 2643
2017-06-11 18:50:03.6102 DEBUG bindQueryToDataGrid
2017-06-11 18:50:04.7363 DEBUG Sql: SELECT td.time_nazn as "Время записи", d.dan_id as "Id", d.fam as "Фамилия", d.nam as "Имя", d.mid as "Отчество", d.date_born as "Дата рождения", case when d.ser_pol is null then d.num_pol else d.ser_pol ||' '|| d.num_pol end as "Полис", d.address as "Адрес", case when spolref='2301001' then true else false end as "Прикреплен", case when strcom_region_id='0300000000000' then false else true end as "Иногородний" FROM dan_tab d LEFT JOIN public.talon_doctor_tab td on td.dan_id = d.dan_id WHERE td.date_nazn = date(@date) and td.doctor_id = @doctor;
2017-06-11 18:50:04.7373 DEBUG SqlParams:
2017-06-11 18:50:04.7373 DEBUG SqlParam @date='11.06.2017'
2017-06-11 18:50:04.7373 DEBUG SqlParam @doctor=2643
2017-06-11 18:50:17.9190 DEBUG Sql: SELECT d.dan_id as "Id", d.fam as "Фамилия", d.nam as "Имя", d.mid as "Отчество", d.date_born as "Дата рождения", case when d.ser_pol is null then d.num_pol else d.ser_pol ||' '|| d.num_pol end as "Полис", d.pens as "СНИЛС", d.address as "Адрес", case when spolref='2301001' then true else false end as "Прикреплен" , case when strcom_region_id='0300000000000' then false else true end as "Иногородний" FROM dan_tab d WHERE Lower(d.fam) LIKE @fam and Lower(d.nam) LIKE @nam ORDER BY d.fam, d.nam, d.mid, d.date_born LIMIT 150;
2017-06-11 18:50:17.9190 DEBUG SqlParams:
2017-06-11 18:50:17.9200 DEBUG SqlParam @fam=вахрушкина%
2017-06-11 18:50:17.9200 DEBUG SqlParam @nam=алевтина%
2017-06-11 18:50:22.0313 DEBUG Запрос: Select smo.id, smo.name, kladr.name from codifiers.strcom_tab smo left join codifiers.sp_kladr_tab kladr on smo.region_id = kladr.code where smo.region_id = @id and smo.name not like '*%'order by smo.name
2017-06-11 18:50:22.1083 DEBUG Получено записей: 4
2017-06-11 18:50:22.1873 DEBUG Запрос: select * from fed_lgota_tab where pens like @snils;
2017-06-11 18:50:22.1873 DEBUG Получено записей: 1
2017-06-11 18:50:22.3173 DEBUG Запрос: SELECT t.talon_id, t.result_id, t.diag_osn, t.doctor_id, t.date_vnes_inf,
                        v.visit_id, v.doctor_id as vdoctor_id, v.data_vnes_inf as vdate_vnes_inf, v.data_pos 
                        FROM public.talon_tab t left join public.visit_tab v on v.talon_id = t.talon_id
                        where t.dan_id = @patient_id;
2017-06-11 18:50:22.3423 DEBUG Получено записей: 531
2017-06-11 18:50:24.9404 DEBUG Запрос: Select visit_id from public.visit_tab where talon_id = @talonId;
2017-06-11 18:50:24.9404 DEBUG Получено записей: 0
2017-06-11 18:50:24.9814 DEBUG Запрос: SELECT d.id FROM diagn_tab d WHERE d.talon_id = @caseId ORDER BY d.id desc;
2017-06-11 18:50:24.9814 DEBUG Получено записей: 0
2017-06-11 18:50:34.4190 DEBUG Запрос: Select visit_id from public.visit_tab where talon_id = @talonId;
2017-06-11 18:50:34.4190 DEBUG Получено записей: 1
2017-06-11 18:50:34.4810 DEBUG Запрос: SELECT d.id FROM diagn_tab d WHERE d.talon_id = @caseId ORDER BY d.id desc;
2017-06-11 18:50:34.4810 DEBUG Получено записей: 3
2017-06-11 18:50:34.6150 DEBUG Запрос: SELECT c.name, o.kol_vo, o.id, o.sp_uslug_id, o.inference_diagnosis FROM okaz_uslug_tab o LEFT JOIN codifiers.sp_uslug_tab c ON c.id = o.sp_uslug_id WHERE table_link_name = 'visit_tab' AND  table_link_id = @visitId;
2017-06-11 18:50:34.6150 DEBUG Получено записей: 0
2017-06-11 18:50:34.6320 DEBUG Запрос: SELECT p.id, p.name, p.code, p.sp_trnm_id, tr.name_lat AS nam_lat, tr.name AS nam_rus, p.sp_mnn_id, mnn.name_lat AS mnn_lat, mnn.name AS mnn_rus, p.sp_lf_id, lf.name as dtd, p.name_fct, p.name_cnf, p.doza, p.signa, p.price, p.sp_doza_id, p.d_ls, p.kod_rias FROM codifiers.preparat_tab p LEFT JOIN codifiers.sp_lf_tab lf ON lf.id = p.sp_lf_id LEFT JOIN codifiers.sp_trnm_tab tr ON tr.id = p.sp_trnm_id LEFT JOIN codifiers.sp_mnn_tab mnn ON mnn.id = p.sp_mnn_id;
2017-06-11 18:50:36.3121 DEBUG Получено записей: 36330
2017-06-11 18:50:39.2053 DEBUG PatientFindForm ShowFilterByDoctor set to true
2017-06-11 18:50:39.2053 DEBUG PatientFindForm OperatorId: 2643
2017-06-11 18:50:39.2053 DEBUG PatientFindForm DoctorId: 2643
2017-06-11 18:50:40.6203 DEBUG DoctorQuery
2017-06-11 18:50:40.6203 DEBUG sql: SELECT td.time_nazn as "Время записи", d.dan_id as "Id", d.fam as "Фамилия", d.nam as "Имя", d.mid as "Отчество", d.date_born as "Дата рождения", case when d.ser_pol is null then d.num_pol else d.ser_pol ||' '|| d.num_pol end as "Полис", d.address as "Адрес", case when spolref='2301001' then true else false end as "Прикреплен", case when strcom_region_id='0300000000000' then false else true end as "Иногородний" FROM dan_tab d LEFT JOIN public.talon_doctor_tab td on td.dan_id = d.dan_id WHERE td.date_nazn = date(@date) and td.doctor_id = @doctor;
2017-06-11 18:50:40.6203 DEBUG @date: 11.06.2017
2017-06-11 18:50:40.6203 DEBUG @doctor: 2643
2017-06-11 18:50:40.6203 DEBUG bindQueryToDataGrid
2017-06-11 18:50:40.6203 DEBUG Sql: SELECT td.time_nazn as "Время записи", d.dan_id as "Id", d.fam as "Фамилия", d.nam as "Имя", d.mid as "Отчество", d.date_born as "Дата рождения", case when d.ser_pol is null then d.num_pol else d.ser_pol ||' '|| d.num_pol end as "Полис", d.address as "Адрес", case when spolref='2301001' then true else false end as "Прикреплен", case when strcom_region_id='0300000000000' then false else true end as "Иногородний" FROM dan_tab d LEFT JOIN public.talon_doctor_tab td on td.dan_id = d.dan_id WHERE td.date_nazn = date(@date) and td.doctor_id = @doctor;
2017-06-11 18:50:40.6203 DEBUG SqlParams:
2017-06-11 18:50:40.6203 DEBUG SqlParam @date='11.06.2017'
2017-06-11 18:50:40.6203 DEBUG SqlParam @doctor=2643
2017-06-11 18:51:20.6876 DEBUG Запрос: Select visit_id from public.visit_tab where talon_id = @talonId;
2017-06-11 18:51:20.6876 DEBUG Получено записей: 1
2017-06-11 18:51:20.7666 DEBUG Запрос: SELECT d.id FROM diagn_tab d WHERE d.talon_id = @caseId ORDER BY d.id desc;
2017-06-11 18:51:20.7666 DEBUG Получено записей: 1
2017-06-11 18:51:22.3017 DEBUG Запрос: SELECT d.id FROM diagn_tab d WHERE d.talon_id = @caseId ORDER BY d.id desc;
2017-06-11 18:51:22.3217 DEBUG Получено записей: 3
2017-06-11 18:51:22.4127 DEBUG Запрос: SELECT c.name, o.kol_vo, o.id, o.sp_uslug_id, o.inference_diagnosis FROM okaz_uslug_tab o LEFT JOIN codifiers.sp_uslug_tab c ON c.id = o.sp_uslug_id WHERE table_link_name = 'visit_tab' AND  table_link_id = @visitId;
2017-06-11 18:51:22.4127 DEBUG Получено записей: 0
2017-06-11 18:52:06.6543 DEBUG PatientFindForm ShowFilterByDoctor set to true
2017-06-11 18:52:06.6543 DEBUG PatientFindForm OperatorId: 2643
2017-06-11 18:52:06.6543 DEBUG PatientFindForm DoctorId: 2643
2017-06-11 18:52:06.7673 DEBUG DoctorQuery
2017-06-11 18:52:06.7673 DEBUG sql: SELECT td.time_nazn as "Время записи", d.dan_id as "Id", d.fam as "Фамилия", d.nam as "Имя", d.mid as "Отчество", d.date_born as "Дата рождения", case when d.ser_pol is null then d.num_pol else d.ser_pol ||' '|| d.num_pol end as "Полис", d.address as "Адрес", case when spolref='2301001' then true else false end as "Прикреплен", case when strcom_region_id='0300000000000' then false else true end as "Иногородний" FROM dan_tab d LEFT JOIN public.talon_doctor_tab td on td.dan_id = d.dan_id WHERE td.date_nazn = date(@date) and td.doctor_id = @doctor;
2017-06-11 18:52:06.7673 DEBUG @date: 11.06.2017
2017-06-11 18:52:06.7673 DEBUG @doctor: 2643
2017-06-11 18:52:06.7673 DEBUG bindQueryToDataGrid
2017-06-11 18:52:06.7673 DEBUG Sql: SELECT td.time_nazn as "Время записи", d.dan_id as "Id", d.fam as "Фамилия", d.nam as "Имя", d.mid as "Отчество", d.date_born as "Дата рождения", case when d.ser_pol is null then d.num_pol else d.ser_pol ||' '|| d.num_pol end as "Полис", d.address as "Адрес", case when spolref='2301001' then true else false end as "Прикреплен", case when strcom_region_id='0300000000000' then false else true end as "Иногородний" FROM dan_tab d LEFT JOIN public.talon_doctor_tab td on td.dan_id = d.dan_id WHERE td.date_nazn = date(@date) and td.doctor_id = @doctor;
2017-06-11 18:52:06.7673 DEBUG SqlParams:
2017-06-11 18:52:06.7673 DEBUG SqlParam @date='11.06.2017'
2017-06-11 18:52:06.7673 DEBUG SqlParam @doctor=2643
2017-06-11 18:52:17.6509 DEBUG PatientFindForm ShowFilterByDoctor set to true
2017-06-11 18:52:17.6509 DEBUG PatientFindForm OperatorId: 2643
2017-06-11 18:52:17.6509 DEBUG PatientFindForm DoctorId: 2643
2017-06-11 18:52:17.7679 DEBUG DoctorQuery
2017-06-11 18:52:17.7679 DEBUG sql: SELECT td.time_nazn as "Время записи", d.dan_id as "Id", d.fam as "Фамилия", d.nam as "Имя", d.mid as "Отчество", d.date_born as "Дата рождения", case when d.ser_pol is null then d.num_pol else d.ser_pol ||' '|| d.num_pol end as "Полис", d.address as "Адрес", case when spolref='2301001' then true else false end as "Прикреплен", case when strcom_region_id='0300000000000' then false else true end as "Иногородний" FROM dan_tab d LEFT JOIN public.talon_doctor_tab td on td.dan_id = d.dan_id WHERE td.date_nazn = date(@date) and td.doctor_id = @doctor;
2017-06-11 18:52:17.7679 DEBUG @date: 11.06.2017
2017-06-11 18:52:17.7679 DEBUG @doctor: 2643
2017-06-11 18:52:17.7679 DEBUG bindQueryToDataGrid
2017-06-11 18:52:17.7679 DEBUG Sql: SELECT td.time_nazn as "Время записи", d.dan_id as "Id", d.fam as "Фамилия", d.nam as "Имя", d.mid as "Отчество", d.date_born as "Дата рождения", case when d.ser_pol is null then d.num_pol else d.ser_pol ||' '|| d.num_pol end as "Полис", d.address as "Адрес", case when spolref='2301001' then true else false end as "Прикреплен", case when strcom_region_id='0300000000000' then false else true end as "Иногородний" FROM dan_tab d LEFT JOIN public.talon_doctor_tab td on td.dan_id = d.dan_id WHERE td.date_nazn = date(@date) and td.doctor_id = @doctor;
2017-06-11 18:52:17.7679 DEBUG SqlParams:
2017-06-11 18:52:17.7679 DEBUG SqlParam @date='11.06.2017'
2017-06-11 18:52:17.7679 DEBUG SqlParam @doctor=2643
