2017-04-03 11:44:13.9933 DEBUG Запрос: SELECT DISTINCT code_access, name, description 
                            FROM users_access_view WHERE users_id = @id
2017-04-03 11:44:14.0654 DEBUG Получено записей: 187
2017-04-03 11:44:17.3235 DEBUG SQL: select pattern from codifiers.patterns_tab where code = @patterncode and users_id is null;
2017-04-03 11:44:17.3235 DEBUG Parameters: @patterncode=, @operator=
2017-04-03 11:44:17.3535 DEBUG Result 
2017-04-03 11:44:17.3535 DEBUG нет шаблона для пользователя
2017-04-03 11:44:17.3535 DEBUG SQL: select pattern from codifiers.patterns_tab where code = @patterncode and users_id is null
2017-04-03 11:44:17.3535 DEBUG Parameters: @patterncode 
2017-04-03 11:44:17.3665 DEBUG Result 
2017-04-03 11:44:17.4215 DEBUG SQL: select pattern from codifiers.patterns_tab where code = @patterncode and users_id is null;
2017-04-03 11:44:17.4215 DEBUG Parameters: @patterncode=, @operator=
2017-04-03 11:44:17.4325 DEBUG Result 
2017-04-03 11:44:17.4325 DEBUG нет шаблона для пользователя
2017-04-03 11:44:17.4325 DEBUG SQL: select pattern from codifiers.patterns_tab where code = @patterncode and users_id is null
2017-04-03 11:44:17.4325 DEBUG Parameters: @patterncode 
2017-04-03 11:44:17.4425 DEBUG Result 
2017-04-03 11:44:17.9386 DEBUG Запрос: Select id, name, code, is_default, parent_id from codifiers.sp_kind_paid_tab order by id
2017-04-03 11:44:17.9416 DEBUG Получено записей: 9
2017-04-03 11:44:17.9416 DEBUG Запрос: Select id, name, code from codifiers.first_visit_condition_tab order by id
2017-04-03 11:44:17.9416 DEBUG Получено записей: 4
2017-04-03 11:44:17.9636 DEBUG Запрос: Select id, name, code, reestr, idsp, hospital_type_id, is_cure, is_inspection from codifiers.visit_purpose_common_tab order by id
2017-04-03 11:44:17.9636 DEBUG Получено записей: 22
2017-04-03 11:44:17.9796 DEBUG Запрос: Select id, name, code from codifiers.place_service_tab order by id
2017-04-03 11:44:18.0756 DEBUG Получено записей: 3
2017-04-03 11:44:18.0856 DEBUG Запрос: Select result_id, result, reestr, patient_state_id, reestr_rslt, reestr_ishod, _end from public.result_tab order by result_id
2017-04-03 11:44:18.0856 DEBUG Получено записей: 29
2017-04-03 11:44:18.1056 DEBUG Запрос: select id, name, code, bur_reestr_code from codifiers.travma_tab order by name;
2017-04-03 11:44:18.1056 DEBUG Получено записей: 15
2017-04-03 11:44:18.1186 DEBUG Запрос: SELECT * FROM codifiers.lpu_tab
2017-04-03 11:44:18.1446 DEBUG Получено записей: 113
2017-04-03 11:44:18.5456 DEBUG Запрос: SELECT * FROM codifiers.lpu_tab order by name
2017-04-03 11:44:18.5596 DEBUG Получено записей: 113
2017-04-03 11:44:18.5696 DEBUG Запрос: select sp_napr_obosn_id,trim(obosn_name) as obosn_name FROM sp_napr_obosn_tab ORDER BY sp_napr_obosn_id;
2017-04-03 11:44:18.5696 DEBUG Получено записей: 8
2017-04-03 11:44:18.5696 DEBUG Запрос: SELECT sp_type_napr_id, sp_type_napr FROM sp_type_napr_tab ORDER BY 1;
2017-04-03 11:44:18.5836 DEBUG Получено записей: 9
2017-04-03 11:44:18.5836 DEBUG Запрос: select id, code, name from codifiers.doctor_spec_tab order by 3,1;
2017-04-03 11:44:18.5986 DEBUG Получено записей: 176
2017-04-03 11:44:18.5986 DEBUG Запрос: Select mkb_id, mkb, kod_d, reestr_code from public.mkb_tab order by 1
2017-04-03 11:44:18.8546 DEBUG Получено записей: 13813
2017-04-03 11:44:25.0180 DEBUG Запрос: Select s.id, s.code, s.name from codifiers.sozstatus_tab s
2017-04-03 11:44:25.0180 DEBUG Получено записей: 11
2017-04-03 11:44:25.0320 DEBUG Запрос: Select u.id, u.code, u.name, u.doctor_id, u.otdel_id, u.age_from, u.age_for, u.flag_default, u.uchactok_type_id, u.lpu_id, u.sort, u.sex from codifiers.uchactok_tab u order by u.sort, u.name
2017-04-03 11:44:25.0320 DEBUG Получено записей: 77
2017-04-03 11:44:25.0960 DEBUG Запрос: select id, socr, name, full_name, index, code 
                              from codifiers.sp_kladr_tab
                              where level_ter=@level order by name
2017-04-03 11:44:25.1040 DEBUG Получено записей: 107
2017-04-03 11:44:25.3830 DEBUG Запрос: SELECT * FROM codifiers.lpu_tab
2017-04-03 11:44:25.3830 DEBUG Получено записей: 113
2017-04-03 11:46:27.5290 DEBUG PatientFindForm ShowFilterByDoctor set to true
2017-04-03 11:46:27.5290 DEBUG PatientFindForm OperatorId: 2469
2017-04-03 11:46:27.5290 DEBUG PatientFindForm DoctorId: 2469
2017-04-03 11:46:27.6630 DEBUG DoctorQuery
2017-04-03 11:46:27.6630 DEBUG sql: SELECT td.time_nazn as "Время записи", d.dan_id as "Id", d.fam as "Фамилия", d.nam as "Имя", d.mid as "Отчество", d.date_born as "Дата рождения", case when d.ser_pol is null then d.num_pol else d.ser_pol ||' '|| d.num_pol end as "Полис", d.address as "Адрес", case when spolref='2301001' then true else false end as "Прикреплен", case when strcom_region_id='0300000000000' then false else true end as "Иногородний" FROM dan_tab d LEFT JOIN public.talon_doctor_tab td on td.dan_id = d.dan_id WHERE td.date_nazn = date(@date) and td.doctor_id = @doctor;
2017-04-03 11:46:27.6630 DEBUG @date: 03.04.2017
2017-04-03 11:46:27.6630 DEBUG @doctor: 2469
2017-04-03 11:46:27.6630 DEBUG bindQueryToDataGrid
2017-04-03 11:46:27.6780 DEBUG Sql: SELECT td.time_nazn as "Время записи", d.dan_id as "Id", d.fam as "Фамилия", d.nam as "Имя", d.mid as "Отчество", d.date_born as "Дата рождения", case when d.ser_pol is null then d.num_pol else d.ser_pol ||' '|| d.num_pol end as "Полис", d.address as "Адрес", case when spolref='2301001' then true else false end as "Прикреплен", case when strcom_region_id='0300000000000' then false else true end as "Иногородний" FROM dan_tab d LEFT JOIN public.talon_doctor_tab td on td.dan_id = d.dan_id WHERE td.date_nazn = date(@date) and td.doctor_id = @doctor;
2017-04-03 11:46:27.6780 DEBUG SqlParams:
2017-04-03 11:46:27.6780 DEBUG SqlParam @date='03.04.2017'
2017-04-03 11:46:27.6780 DEBUG SqlParam @doctor=2469
2017-04-03 11:46:43.6199 DEBUG Sql: SELECT d.dan_id as "Id", d.fam as "Фамилия", d.nam as "Имя", d.mid as "Отчество", d.date_born as "Дата рождения", case when d.ser_pol is null then d.num_pol else d.ser_pol ||' '|| d.num_pol end as "Полис", d.pens as "СНИЛС", d.address as "Адрес", case when spolref='2301001' then true else false end as "Прикреплен" , case when strcom_region_id='0300000000000' then false else true end as "Иногородний" FROM dan_tab d WHERE Lower(d.fam) LIKE @fam and Lower(d.nam) LIKE @nam ORDER BY d.fam, d.nam, d.mid, d.date_born LIMIT 150;
2017-04-03 11:46:43.6199 DEBUG SqlParams:
2017-04-03 11:46:43.6199 DEBUG SqlParam @fam=вахрушкина%
2017-04-03 11:46:43.6199 DEBUG SqlParam @nam=алевтина%
2017-04-03 11:46:48.2312 DEBUG Запрос: Select smo.id, smo.name, kladr.name from codifiers.strcom_tab smo left join codifiers.sp_kladr_tab kladr on smo.region_id = kladr.code where smo.region_id = @id and smo.name not like '*%'order by smo.name
2017-04-03 11:46:48.3092 DEBUG Получено записей: 4
2017-04-03 11:46:48.4042 DEBUG Запрос: select * from fed_lgota_tab where pens like @snils;
2017-04-03 11:46:48.4082 DEBUG Получено записей: 1
2017-04-03 11:46:48.4372 DEBUG Запрос: select * from lgot_client_tab where dan_id = @id;
2017-04-03 11:46:48.4832 DEBUG Получено записей: 0
2017-04-03 11:46:48.5402 DEBUG Запрос: SELECT t.talon_id, t.result_id, t.diag_osn, t.doctor_id, t.date_vnes_inf,
                        v.visit_id, v.doctor_id as vdoctor_id, v.data_vnes_inf as vdate_vnes_inf, v.data_pos 
                        FROM public.talon_tab t left join public.visit_tab v on v.talon_id = t.talon_id
                        where t.dan_id = @patient_id;
2017-04-03 11:46:48.7702 DEBUG Получено записей: 494
2017-04-03 11:46:53.3685 DEBUG Запрос: Select visit_id from public.visit_tab where talon_id = @talonId;
2017-04-03 11:46:53.3685 DEBUG Получено записей: 0
2017-04-03 11:46:53.4075 DEBUG Запрос: SELECT d.id FROM diagn_tab d WHERE d.talon_id = @caseId ORDER BY d.id desc;
2017-04-03 11:46:53.4075 DEBUG Получено записей: 0
