2017-05-15 09:48:20.3988 DEBUG Запрос: SELECT DISTINCT code_access, name, description 
                            FROM users_access_view WHERE users_id = @id
2017-05-15 09:48:20.4678 DEBUG Получено записей: 187
2017-05-15 09:48:23.5470 DEBUG SQL: select pattern from codifiers.patterns_tab where code = @patterncode and users_id is null;
2017-05-15 09:48:23.5470 DEBUG Parameters: @patterncode=, @operator=
2017-05-15 09:48:23.5700 DEBUG Result 
2017-05-15 09:48:23.5700 DEBUG нет шаблона для пользователя
2017-05-15 09:48:23.5700 DEBUG SQL: select pattern from codifiers.patterns_tab where code = @patterncode and users_id is null
2017-05-15 09:48:23.5700 DEBUG Parameters: @patterncode 
2017-05-15 09:48:23.5830 DEBUG Result 
2017-05-15 09:48:23.6220 DEBUG SQL: select pattern from codifiers.patterns_tab where code = @patterncode and users_id is null;
2017-05-15 09:48:23.6220 DEBUG Parameters: @patterncode=, @operator=
2017-05-15 09:48:23.6330 DEBUG Result 
2017-05-15 09:48:23.6330 DEBUG нет шаблона для пользователя
2017-05-15 09:48:23.6330 DEBUG SQL: select pattern from codifiers.patterns_tab where code = @patterncode and users_id is null
2017-05-15 09:48:23.6330 DEBUG Parameters: @patterncode 
2017-05-15 09:48:23.6440 DEBUG Result 
2017-05-15 09:48:23.9520 DEBUG Запрос: Select id, name, code, is_default, parent_id from codifiers.sp_kind_paid_tab order by id
2017-05-15 09:48:23.9520 DEBUG Получено записей: 9
2017-05-15 09:48:23.9640 DEBUG Запрос: Select id, name, code from codifiers.first_visit_condition_tab order by id
2017-05-15 09:48:23.9640 DEBUG Получено записей: 4
2017-05-15 09:48:23.9770 DEBUG Запрос: Select id, name, code, reestr, idsp, hospital_type_id, is_cure, is_inspection from codifiers.visit_purpose_common_tab order by id
2017-05-15 09:48:23.9770 DEBUG Получено записей: 22
2017-05-15 09:48:23.9910 DEBUG Запрос: Select id, name, code from codifiers.place_service_tab order by id
2017-05-15 09:48:24.0050 DEBUG Получено записей: 3
2017-05-15 09:48:24.0050 DEBUG Запрос: Select result_id, result, reestr, patient_state_id, reestr_rslt, reestr_ishod, _end from public.result_tab order by result_id
2017-05-15 09:48:24.0190 DEBUG Получено записей: 29
2017-05-15 09:48:24.0190 DEBUG Запрос: select id, name, code, bur_reestr_code from codifiers.travma_tab order by name;
2017-05-15 09:48:24.0190 DEBUG Получено записей: 15
2017-05-15 09:48:24.0420 DEBUG Запрос: SELECT * FROM codifiers.lpu_tab
2017-05-15 09:48:24.0620 DEBUG Получено записей: 113
2017-05-15 09:48:24.3250 DEBUG Запрос: SELECT * FROM codifiers.lpu_tab order by name
2017-05-15 09:48:24.3360 DEBUG Получено записей: 113
2017-05-15 09:48:24.3460 DEBUG Запрос: select sp_napr_obosn_id,trim(obosn_name) as obosn_name FROM sp_napr_obosn_tab ORDER BY sp_napr_obosn_id;
2017-05-15 09:48:24.3460 DEBUG Получено записей: 8
2017-05-15 09:48:24.3460 DEBUG Запрос: SELECT sp_type_napr_id, sp_type_napr FROM sp_type_napr_tab where sp_type_napr_id!=1 ORDER BY 1;
2017-05-15 09:48:24.3610 DEBUG Получено записей: 8
2017-05-15 09:48:24.3610 DEBUG Запрос: select id, code, name from codifiers.doctor_spec_tab order by 3,1;
2017-05-15 09:48:24.3780 DEBUG Получено записей: 176
2017-05-15 09:48:24.3780 DEBUG Запрос: Select mkb_id, mkb, kod_d, reestr_code from public.mkb_tab order by 1
2017-05-15 09:48:24.5650 DEBUG Получено записей: 13813
2017-05-15 09:53:42.4052 DEBUG Запрос: Select s.id, s.code, s.name from codifiers.sozstatus_tab s
2017-05-15 09:53:42.4052 DEBUG Получено записей: 11
2017-05-15 09:53:42.4222 DEBUG Запрос: Select u.id, u.code, u.name, u.doctor_id, u.otdel_id, u.age_from, u.age_for, u.flag_default, u.uchactok_type_id, u.lpu_id, u.sort, u.sex from codifiers.uchactok_tab u order by u.sort, u.name
2017-05-15 09:53:42.4222 DEBUG Получено записей: 77
2017-05-15 09:53:42.4692 DEBUG Запрос: select id, socr, name, full_name, index, code 
                              from codifiers.sp_kladr_tab
                              where level_ter=@level order by name
2017-05-15 09:53:42.4692 DEBUG Получено записей: 107
2017-05-15 09:53:42.7432 DEBUG Запрос: SELECT * FROM codifiers.lpu_tab
2017-05-15 09:53:42.7432 DEBUG Получено записей: 113
2017-05-15 09:53:45.2304 DEBUG PatientFindForm ShowFilterByDoctor set to true
2017-05-15 09:53:45.2304 DEBUG PatientFindForm OperatorId: 2469
2017-05-15 09:53:45.2304 DEBUG PatientFindForm DoctorId: 2469
2017-05-15 09:53:45.4314 DEBUG DoctorQuery
2017-05-15 09:53:45.4314 DEBUG sql: SELECT td.time_nazn as "Время записи", d.dan_id as "Id", d.fam as "Фамилия", d.nam as "Имя", d.mid as "Отчество", d.date_born as "Дата рождения", case when d.ser_pol is null then d.num_pol else d.ser_pol ||' '|| d.num_pol end as "Полис", d.address as "Адрес", case when spolref='2301001' then true else false end as "Прикреплен", case when strcom_region_id='0300000000000' then false else true end as "Иногородний" FROM dan_tab d LEFT JOIN public.talon_doctor_tab td on td.dan_id = d.dan_id WHERE td.date_nazn = date(@date) and td.doctor_id = @doctor;
2017-05-15 09:53:45.4314 DEBUG @date: 15.05.2017
2017-05-15 09:53:45.4314 DEBUG @doctor: 2469
2017-05-15 09:53:45.4314 DEBUG bindQueryToDataGrid
2017-05-15 09:53:45.4434 DEBUG Sql: SELECT td.time_nazn as "Время записи", d.dan_id as "Id", d.fam as "Фамилия", d.nam as "Имя", d.mid as "Отчество", d.date_born as "Дата рождения", case when d.ser_pol is null then d.num_pol else d.ser_pol ||' '|| d.num_pol end as "Полис", d.address as "Адрес", case when spolref='2301001' then true else false end as "Прикреплен", case when strcom_region_id='0300000000000' then false else true end as "Иногородний" FROM dan_tab d LEFT JOIN public.talon_doctor_tab td on td.dan_id = d.dan_id WHERE td.date_nazn = date(@date) and td.doctor_id = @doctor;
2017-05-15 09:53:45.4434 DEBUG SqlParams:
2017-05-15 09:53:45.4434 DEBUG SqlParam @date='15.05.2017'
2017-05-15 09:53:45.4434 DEBUG SqlParam @doctor=2469
2017-05-15 09:54:00.6923 DEBUG Sql: SELECT d.dan_id as "Id", d.fam as "Фамилия", d.nam as "Имя", d.mid as "Отчество", d.date_born as "Дата рождения", case when d.ser_pol is null then d.num_pol else d.ser_pol ||' '|| d.num_pol end as "Полис", d.pens as "СНИЛС", d.address as "Адрес", case when spolref='2301001' then true else false end as "Прикреплен" , case when strcom_region_id='0300000000000' then false else true end as "Иногородний" FROM dan_tab d WHERE Lower(d.fam) LIKE @fam and Lower(d.nam) LIKE @nam ORDER BY d.fam, d.nam, d.mid, d.date_born LIMIT 150;
2017-05-15 09:54:00.6923 DEBUG SqlParams:
2017-05-15 09:54:00.6923 DEBUG SqlParam @fam=аветян%
2017-05-15 09:54:00.6923 DEBUG SqlParam @nam=мактах%
2017-05-15 09:54:02.7694 DEBUG Запрос: Select smo.id, smo.name, kladr.name from codifiers.strcom_tab smo left join codifiers.sp_kladr_tab kladr on smo.region_id = kladr.code where smo.region_id = @id and smo.name not like '*%'order by smo.name
2017-05-15 09:54:02.8484 DEBUG Получено записей: 4
2017-05-15 09:54:02.9204 DEBUG Запрос: select * from fed_lgota_tab where pens like @snils;
2017-05-15 09:54:02.9204 DEBUG Получено записей: 0
2017-05-15 09:54:03.0174 DEBUG Запрос: SELECT t.talon_id, t.result_id, t.diag_osn, t.doctor_id, t.date_vnes_inf,
                        v.visit_id, v.doctor_id as vdoctor_id, v.data_vnes_inf as vdate_vnes_inf, v.data_pos 
                        FROM public.talon_tab t left join public.visit_tab v on v.talon_id = t.talon_id
                        where t.dan_id = @patient_id;
2017-05-15 09:54:03.0654 DEBUG Получено записей: 82
2017-05-15 09:54:03.9604 DEBUG Запрос: Select visit_id from public.visit_tab where talon_id = @talonId;
2017-05-15 09:54:03.9604 DEBUG Получено записей: 0
2017-05-15 09:54:03.9954 DEBUG Запрос: SELECT d.id FROM diagn_tab d WHERE d.talon_id = @caseId ORDER BY d.id desc;
2017-05-15 09:54:03.9954 DEBUG Получено записей: 0
2017-05-15 09:54:56.6065 DEBUG Запрос: Select mkb_id, mkb, kod_d, reestr_code from public.mkb_tab order by 1
2017-05-15 09:54:56.7765 DEBUG Получено записей: 13813
2017-05-15 09:55:00.2497 DEBUG Запрос: select * from laboratory.sp_exam where not is_bad order by sort;
2017-05-15 09:55:00.2497 DEBUG Получено записей: 60
2017-05-15 09:55:00.2627 DEBUG Запрос: SELECT * FROM codifiers.lpu_tab
2017-05-15 09:55:00.2817 DEBUG Получено записей: 113
2017-05-15 09:58:32.2578 DEBUG SQL: INSERT INTO laboratory."order" (dan_id, doctor_id, talon_id,mkbcode,voenkomat, trimestr, sended_lpu) 
                            VALUES (@dan_id, @doctor_id, @talon_id, @MkbCode,@Voenkomat,@Trimestr, @SendedLpu) returning id;
                        
2017-05-15 09:58:34.0309 DEBUG Params dan_id=267131 doctor_id=2469 talon_id=
2017-05-15 09:59:32.4572 DEBUG Result id=181744
2017-05-15 09:59:32.5232 DEBUG SQL: INSERT INTO laboratory.order_exam_data(order_id, exam_id) 
                              VALUES (@order_id, @exam_id);
2017-05-15 09:59:32.5232 DEBUG Params order_id=181744 exam_id=7159 
2017-05-15 09:59:32.5412 DEBUG result=1
2017-05-15 10:18:44.7121 DEBUG Запрос: SELECT DISTINCT code_access, name, description 
                            FROM users_access_view WHERE users_id = @id
2017-05-15 10:18:44.7501 DEBUG Получено записей: 187
2017-05-15 10:18:46.7873 DEBUG SQL: select pattern from codifiers.patterns_tab where code = @patterncode and users_id is null;
2017-05-15 10:18:46.7873 DEBUG Parameters: @patterncode=, @operator=
2017-05-15 10:18:46.8113 DEBUG Result 
2017-05-15 10:18:46.8113 DEBUG нет шаблона для пользователя
2017-05-15 10:18:46.8113 DEBUG SQL: select pattern from codifiers.patterns_tab where code = @patterncode and users_id is null
2017-05-15 10:18:46.8113 DEBUG Parameters: @patterncode 
2017-05-15 10:18:46.8113 DEBUG Result 
2017-05-15 10:18:46.8663 DEBUG SQL: select pattern from codifiers.patterns_tab where code = @patterncode and users_id is null;
2017-05-15 10:18:46.8663 DEBUG Parameters: @patterncode=, @operator=
2017-05-15 10:18:46.8783 DEBUG Result 
2017-05-15 10:18:46.8783 DEBUG нет шаблона для пользователя
2017-05-15 10:18:46.8783 DEBUG SQL: select pattern from codifiers.patterns_tab where code = @patterncode and users_id is null
2017-05-15 10:18:46.8783 DEBUG Parameters: @patterncode 
2017-05-15 10:18:46.8903 DEBUG Result 
2017-05-15 10:18:47.1473 DEBUG Запрос: Select id, name, code, is_default, parent_id from codifiers.sp_kind_paid_tab order by id
2017-05-15 10:18:47.1473 DEBUG Получено записей: 9
2017-05-15 10:18:47.1603 DEBUG Запрос: Select id, name, code from codifiers.first_visit_condition_tab order by id
2017-05-15 10:18:47.1603 DEBUG Получено записей: 4
2017-05-15 10:18:47.1723 DEBUG Запрос: Select id, name, code, reestr, idsp, hospital_type_id, is_cure, is_inspection from codifiers.visit_purpose_common_tab order by id
2017-05-15 10:18:47.1723 DEBUG Получено записей: 22
2017-05-15 10:18:47.1873 DEBUG Запрос: Select id, name, code from codifiers.place_service_tab order by id
2017-05-15 10:18:47.1873 DEBUG Получено записей: 3
2017-05-15 10:18:47.2103 DEBUG Запрос: Select result_id, result, reestr, patient_state_id, reestr_rslt, reestr_ishod, _end from public.result_tab order by result_id
2017-05-15 10:18:47.2103 DEBUG Получено записей: 29
2017-05-15 10:18:47.2253 DEBUG Запрос: select id, name, code, bur_reestr_code from codifiers.travma_tab order by name;
2017-05-15 10:18:47.2253 DEBUG Получено записей: 15
2017-05-15 10:18:47.2383 DEBUG Запрос: SELECT * FROM codifiers.lpu_tab
2017-05-15 10:18:47.2563 DEBUG Получено записей: 113
2017-05-15 10:18:47.5073 DEBUG Запрос: SELECT * FROM codifiers.lpu_tab order by name
2017-05-15 10:18:47.5203 DEBUG Получено записей: 113
2017-05-15 10:18:47.5333 DEBUG Запрос: select sp_napr_obosn_id,trim(obosn_name) as obosn_name FROM sp_napr_obosn_tab ORDER BY sp_napr_obosn_id;
2017-05-15 10:18:47.5333 DEBUG Получено записей: 8
2017-05-15 10:18:47.5463 DEBUG Запрос: SELECT sp_type_napr_id, sp_type_napr FROM sp_type_napr_tab where sp_type_napr_id!=1 ORDER BY 1;
2017-05-15 10:18:47.5463 DEBUG Получено записей: 8
2017-05-15 10:18:47.5633 DEBUG Запрос: select id, code, name from codifiers.doctor_spec_tab order by 3,1;
2017-05-15 10:18:47.5633 DEBUG Получено записей: 176
2017-05-15 10:18:47.5833 DEBUG Запрос: Select mkb_id, mkb, kod_d, reestr_code from public.mkb_tab order by 1
2017-05-15 10:18:47.8083 DEBUG Получено записей: 13813
2017-05-15 10:18:51.8836 DEBUG Запрос: Select s.id, s.code, s.name from codifiers.sozstatus_tab s
2017-05-15 10:18:51.8836 DEBUG Получено записей: 11
2017-05-15 10:18:51.8836 DEBUG Запрос: Select u.id, u.code, u.name, u.doctor_id, u.otdel_id, u.age_from, u.age_for, u.flag_default, u.uchactok_type_id, u.lpu_id, u.sort, u.sex from codifiers.uchactok_tab u order by u.sort, u.name
2017-05-15 10:18:51.9016 DEBUG Получено записей: 77
2017-05-15 10:18:51.9416 DEBUG Запрос: select id, socr, name, full_name, index, code 
                              from codifiers.sp_kladr_tab
                              where level_ter=@level order by name
2017-05-15 10:18:51.9476 DEBUG Получено записей: 107
2017-05-15 10:18:52.1876 DEBUG Запрос: SELECT * FROM codifiers.lpu_tab
2017-05-15 10:18:52.1976 DEBUG Получено записей: 113
2017-05-15 10:18:54.8317 DEBUG PatientFindForm ShowFilterByDoctor set to true
2017-05-15 10:18:54.8317 DEBUG PatientFindForm OperatorId: 2469
2017-05-15 10:18:54.8317 DEBUG PatientFindForm DoctorId: 2469
2017-05-15 10:18:54.9297 DEBUG DoctorQuery
2017-05-15 10:18:54.9297 DEBUG sql: SELECT td.time_nazn as "Время записи", d.dan_id as "Id", d.fam as "Фамилия", d.nam as "Имя", d.mid as "Отчество", d.date_born as "Дата рождения", case when d.ser_pol is null then d.num_pol else d.ser_pol ||' '|| d.num_pol end as "Полис", d.address as "Адрес", case when spolref='2301001' then true else false end as "Прикреплен", case when strcom_region_id='0300000000000' then false else true end as "Иногородний" FROM dan_tab d LEFT JOIN public.talon_doctor_tab td on td.dan_id = d.dan_id WHERE td.date_nazn = date(@date) and td.doctor_id = @doctor;
2017-05-15 10:18:54.9297 DEBUG @date: 15.05.2017
2017-05-15 10:18:54.9297 DEBUG @doctor: 2469
2017-05-15 10:18:54.9297 DEBUG bindQueryToDataGrid
2017-05-15 10:18:54.9407 DEBUG Sql: SELECT td.time_nazn as "Время записи", d.dan_id as "Id", d.fam as "Фамилия", d.nam as "Имя", d.mid as "Отчество", d.date_born as "Дата рождения", case when d.ser_pol is null then d.num_pol else d.ser_pol ||' '|| d.num_pol end as "Полис", d.address as "Адрес", case when spolref='2301001' then true else false end as "Прикреплен", case when strcom_region_id='0300000000000' then false else true end as "Иногородний" FROM dan_tab d LEFT JOIN public.talon_doctor_tab td on td.dan_id = d.dan_id WHERE td.date_nazn = date(@date) and td.doctor_id = @doctor;
2017-05-15 10:18:54.9407 DEBUG SqlParams:
2017-05-15 10:18:54.9407 DEBUG SqlParam @date='15.05.2017'
2017-05-15 10:18:54.9407 DEBUG SqlParam @doctor=2469
2017-05-15 10:19:02.7842 DEBUG Sql: SELECT d.dan_id as "Id", d.fam as "Фамилия", d.nam as "Имя", d.mid as "Отчество", d.date_born as "Дата рождения", case when d.ser_pol is null then d.num_pol else d.ser_pol ||' '|| d.num_pol end as "Полис", d.pens as "СНИЛС", d.address as "Адрес", case when spolref='2301001' then true else false end as "Прикреплен" , case when strcom_region_id='0300000000000' then false else true end as "Иногородний" FROM dan_tab d WHERE Lower(d.fam) LIKE @fam and Lower(d.nam) LIKE @nam ORDER BY d.fam, d.nam, d.mid, d.date_born LIMIT 150;
2017-05-15 10:19:02.7842 DEBUG SqlParams:
2017-05-15 10:19:02.7842 DEBUG SqlParam @fam=аветян%
2017-05-15 10:19:02.7842 DEBUG SqlParam @nam=мактах%
2017-05-15 10:19:04.5303 DEBUG Запрос: Select smo.id, smo.name, kladr.name from codifiers.strcom_tab smo left join codifiers.sp_kladr_tab kladr on smo.region_id = kladr.code where smo.region_id = @id and smo.name not like '*%'order by smo.name
2017-05-15 10:19:04.6093 DEBUG Получено записей: 4
2017-05-15 10:19:04.6753 DEBUG Запрос: select * from fed_lgota_tab where pens like @snils;
2017-05-15 10:19:04.6753 DEBUG Получено записей: 0
2017-05-15 10:19:04.7683 DEBUG Запрос: SELECT t.talon_id, t.result_id, t.diag_osn, t.doctor_id, t.date_vnes_inf,
                        v.visit_id, v.doctor_id as vdoctor_id, v.data_vnes_inf as vdate_vnes_inf, v.data_pos 
                        FROM public.talon_tab t left join public.visit_tab v on v.talon_id = t.talon_id
                        where t.dan_id = @patient_id;
2017-05-15 10:19:04.7683 DEBUG Получено записей: 82
2017-05-15 10:19:05.7023 DEBUG Запрос: Select visit_id from public.visit_tab where talon_id = @talonId;
2017-05-15 10:19:05.7053 DEBUG Получено записей: 0
2017-05-15 10:19:05.7363 DEBUG Запрос: SELECT d.id FROM diagn_tab d WHERE d.talon_id = @caseId ORDER BY d.id desc;
2017-05-15 10:19:05.7363 DEBUG Получено записей: 0
2017-05-15 10:19:19.7271 DEBUG Params: id=181744
2017-05-15 10:23:18.5678 DEBUG Запрос: SELECT DISTINCT code_access, name, description 
                            FROM users_access_view WHERE users_id = @id
2017-05-15 10:23:18.6048 DEBUG Получено записей: 187
2017-05-15 10:23:20.7899 DEBUG SQL: select pattern from codifiers.patterns_tab where code = @patterncode and users_id is null;
2017-05-15 10:23:20.7899 DEBUG Parameters: @patterncode=, @operator=
2017-05-15 10:23:20.8209 DEBUG Result 
2017-05-15 10:23:20.8209 DEBUG нет шаблона для пользователя
2017-05-15 10:23:20.8209 DEBUG SQL: select pattern from codifiers.patterns_tab where code = @patterncode and users_id is null
2017-05-15 10:23:20.8209 DEBUG Parameters: @patterncode 
2017-05-15 10:23:20.8349 DEBUG Result 
2017-05-15 10:23:20.8879 DEBUG SQL: select pattern from codifiers.patterns_tab where code = @patterncode and users_id is null;
2017-05-15 10:23:20.8879 DEBUG Parameters: @patterncode=, @operator=
2017-05-15 10:23:20.9009 DEBUG Result 
2017-05-15 10:23:20.9009 DEBUG нет шаблона для пользователя
2017-05-15 10:23:20.9009 DEBUG SQL: select pattern from codifiers.patterns_tab where code = @patterncode and users_id is null
2017-05-15 10:23:20.9009 DEBUG Parameters: @patterncode 
2017-05-15 10:23:20.9129 DEBUG Result 
2017-05-15 10:23:21.2170 DEBUG Запрос: Select id, name, code, is_default, parent_id from codifiers.sp_kind_paid_tab order by id
2017-05-15 10:23:21.2200 DEBUG Получено записей: 9
2017-05-15 10:23:21.2200 DEBUG Запрос: Select id, name, code from codifiers.first_visit_condition_tab order by id
2017-05-15 10:23:21.2330 DEBUG Получено записей: 4
2017-05-15 10:23:21.2330 DEBUG Запрос: Select id, name, code, reestr, idsp, hospital_type_id, is_cure, is_inspection from codifiers.visit_purpose_common_tab order by id
2017-05-15 10:23:21.2490 DEBUG Получено записей: 22
2017-05-15 10:23:21.2490 DEBUG Запрос: Select id, name, code from codifiers.place_service_tab order by id
2017-05-15 10:23:21.2750 DEBUG Получено записей: 3
2017-05-15 10:23:21.2860 DEBUG Запрос: Select result_id, result, reestr, patient_state_id, reestr_rslt, reestr_ishod, _end from public.result_tab order by result_id
2017-05-15 10:23:21.2860 DEBUG Получено записей: 29
2017-05-15 10:23:21.3010 DEBUG Запрос: select id, name, code, bur_reestr_code from codifiers.travma_tab order by name;
2017-05-15 10:23:21.3010 DEBUG Получено записей: 15
2017-05-15 10:23:21.3150 DEBUG Запрос: SELECT * FROM codifiers.lpu_tab
2017-05-15 10:23:21.3330 DEBUG Получено записей: 113
2017-05-15 10:23:21.5580 DEBUG Запрос: SELECT * FROM codifiers.lpu_tab order by name
2017-05-15 10:23:21.5690 DEBUG Получено записей: 113
2017-05-15 10:23:21.5790 DEBUG Запрос: select sp_napr_obosn_id,trim(obosn_name) as obosn_name FROM sp_napr_obosn_tab ORDER BY sp_napr_obosn_id;
2017-05-15 10:23:21.5790 DEBUG Получено записей: 8
2017-05-15 10:23:21.5790 DEBUG Запрос: SELECT sp_type_napr_id, sp_type_napr FROM sp_type_napr_tab where sp_type_napr_id!=1 ORDER BY 1;
2017-05-15 10:23:21.5940 DEBUG Получено записей: 8
2017-05-15 10:23:21.5940 DEBUG Запрос: select id, code, name from codifiers.doctor_spec_tab order by 3,1;
2017-05-15 10:23:21.6120 DEBUG Получено записей: 176
2017-05-15 10:23:21.6240 DEBUG Запрос: Select mkb_id, mkb, kod_d, reestr_code from public.mkb_tab order by 1
2017-05-15 10:23:21.7910 DEBUG Получено записей: 13813
2017-05-15 10:23:26.2342 DEBUG Запрос: Select s.id, s.code, s.name from codifiers.sozstatus_tab s
2017-05-15 10:23:26.2342 DEBUG Получено записей: 11
2017-05-15 10:23:26.2512 DEBUG Запрос: Select u.id, u.code, u.name, u.doctor_id, u.otdel_id, u.age_from, u.age_for, u.flag_default, u.uchactok_type_id, u.lpu_id, u.sort, u.sex from codifiers.uchactok_tab u order by u.sort, u.name
2017-05-15 10:23:26.2572 DEBUG Получено записей: 77
2017-05-15 10:23:26.3062 DEBUG Запрос: select id, socr, name, full_name, index, code 
                              from codifiers.sp_kladr_tab
                              where level_ter=@level order by name
2017-05-15 10:23:26.3062 DEBUG Получено записей: 107
2017-05-15 10:23:26.5673 DEBUG Запрос: SELECT * FROM codifiers.lpu_tab
2017-05-15 10:23:26.5783 DEBUG Получено записей: 113
2017-05-15 10:23:29.7594 DEBUG PatientFindForm ShowFilterByDoctor set to true
2017-05-15 10:23:29.7594 DEBUG PatientFindForm OperatorId: 2469
2017-05-15 10:23:29.7594 DEBUG PatientFindForm DoctorId: 2469
2017-05-15 10:23:29.8635 DEBUG DoctorQuery
2017-05-15 10:23:29.8635 DEBUG sql: SELECT td.time_nazn as "Время записи", d.dan_id as "Id", d.fam as "Фамилия", d.nam as "Имя", d.mid as "Отчество", d.date_born as "Дата рождения", case when d.ser_pol is null then d.num_pol else d.ser_pol ||' '|| d.num_pol end as "Полис", d.address as "Адрес", case when spolref='2301001' then true else false end as "Прикреплен", case when strcom_region_id='0300000000000' then false else true end as "Иногородний" FROM dan_tab d LEFT JOIN public.talon_doctor_tab td on td.dan_id = d.dan_id WHERE td.date_nazn = date(@date) and td.doctor_id = @doctor;
2017-05-15 10:23:29.8635 DEBUG @date: 15.05.2017
2017-05-15 10:23:29.8635 DEBUG @doctor: 2469
2017-05-15 10:23:29.8635 DEBUG bindQueryToDataGrid
2017-05-15 10:23:29.8635 DEBUG Sql: SELECT td.time_nazn as "Время записи", d.dan_id as "Id", d.fam as "Фамилия", d.nam as "Имя", d.mid as "Отчество", d.date_born as "Дата рождения", case when d.ser_pol is null then d.num_pol else d.ser_pol ||' '|| d.num_pol end as "Полис", d.address as "Адрес", case when spolref='2301001' then true else false end as "Прикреплен", case when strcom_region_id='0300000000000' then false else true end as "Иногородний" FROM dan_tab d LEFT JOIN public.talon_doctor_tab td on td.dan_id = d.dan_id WHERE td.date_nazn = date(@date) and td.doctor_id = @doctor;
2017-05-15 10:23:29.8755 DEBUG SqlParams:
2017-05-15 10:23:29.8755 DEBUG SqlParam @date='15.05.2017'
2017-05-15 10:23:29.8755 DEBUG SqlParam @doctor=2469
2017-05-15 10:23:40.4771 DEBUG Sql: SELECT d.dan_id as "Id", d.fam as "Фамилия", d.nam as "Имя", d.mid as "Отчество", d.date_born as "Дата рождения", case when d.ser_pol is null then d.num_pol else d.ser_pol ||' '|| d.num_pol end as "Полис", d.pens as "СНИЛС", d.address as "Адрес", case when spolref='2301001' then true else false end as "Прикреплен" , case when strcom_region_id='0300000000000' then false else true end as "Иногородний" FROM dan_tab d WHERE Lower(d.fam) LIKE @fam and Lower(d.nam) LIKE @nam ORDER BY d.fam, d.nam, d.mid, d.date_born LIMIT 150;
2017-05-15 10:23:40.4771 DEBUG SqlParams:
2017-05-15 10:23:40.4771 DEBUG SqlParam @fam=аветян%
2017-05-15 10:23:40.4771 DEBUG SqlParam @nam=мактах%
2017-05-15 10:23:42.2142 DEBUG Запрос: Select smo.id, smo.name, kladr.name from codifiers.strcom_tab smo left join codifiers.sp_kladr_tab kladr on smo.region_id = kladr.code where smo.region_id = @id and smo.name not like '*%'order by smo.name
2017-05-15 10:23:42.2932 DEBUG Получено записей: 4
2017-05-15 10:23:42.3612 DEBUG Запрос: select * from fed_lgota_tab where pens like @snils;
2017-05-15 10:23:42.3612 DEBUG Получено записей: 0
2017-05-15 10:23:42.4542 DEBUG Запрос: SELECT t.talon_id, t.result_id, t.diag_osn, t.doctor_id, t.date_vnes_inf,
                        v.visit_id, v.doctor_id as vdoctor_id, v.data_vnes_inf as vdate_vnes_inf, v.data_pos 
                        FROM public.talon_tab t left join public.visit_tab v on v.talon_id = t.talon_id
                        where t.dan_id = @patient_id;
2017-05-15 10:23:42.4542 DEBUG Получено записей: 82
2017-05-15 10:23:43.4362 DEBUG Запрос: Select visit_id from public.visit_tab where talon_id = @talonId;
2017-05-15 10:23:43.4362 DEBUG Получено записей: 0
2017-05-15 10:23:43.4712 DEBUG Запрос: SELECT d.id FROM diagn_tab d WHERE d.talon_id = @caseId ORDER BY d.id desc;
2017-05-15 10:23:43.4712 DEBUG Получено записей: 0
2017-05-15 10:25:23.4299 DEBUG Запрос: SELECT DISTINCT code_access, name, description 
                            FROM users_access_view WHERE users_id = @id
2017-05-15 10:25:23.4800 DEBUG Получено записей: 187
2017-05-15 10:25:25.6831 DEBUG SQL: select pattern from codifiers.patterns_tab where code = @patterncode and users_id is null;
2017-05-15 10:25:25.6831 DEBUG Parameters: @patterncode=, @operator=
2017-05-15 10:25:25.7061 DEBUG Result 
2017-05-15 10:25:25.7061 DEBUG нет шаблона для пользователя
2017-05-15 10:25:25.7061 DEBUG SQL: select pattern from codifiers.patterns_tab where code = @patterncode and users_id is null
2017-05-15 10:25:25.7061 DEBUG Parameters: @patterncode 
2017-05-15 10:25:25.7061 DEBUG Result 
2017-05-15 10:25:25.7581 DEBUG SQL: select pattern from codifiers.patterns_tab where code = @patterncode and users_id is null;
2017-05-15 10:25:25.7581 DEBUG Parameters: @patterncode=, @operator=
2017-05-15 10:25:25.7701 DEBUG Result 
2017-05-15 10:25:25.7701 DEBUG нет шаблона для пользователя
2017-05-15 10:25:25.7701 DEBUG SQL: select pattern from codifiers.patterns_tab where code = @patterncode and users_id is null
2017-05-15 10:25:25.7701 DEBUG Parameters: @patterncode 
2017-05-15 10:25:25.7701 DEBUG Result 
2017-05-15 10:25:26.0341 DEBUG Запрос: Select id, name, code, is_default, parent_id from codifiers.sp_kind_paid_tab order by id
2017-05-15 10:25:26.0341 DEBUG Получено записей: 9
2017-05-15 10:25:26.0341 DEBUG Запрос: Select id, name, code from codifiers.first_visit_condition_tab order by id
2017-05-15 10:25:26.0341 DEBUG Получено записей: 4
2017-05-15 10:25:26.0581 DEBUG Запрос: Select id, name, code, reestr, idsp, hospital_type_id, is_cure, is_inspection from codifiers.visit_purpose_common_tab order by id
2017-05-15 10:25:26.0581 DEBUG Получено записей: 22
2017-05-15 10:25:26.0841 DEBUG Запрос: Select id, name, code from codifiers.place_service_tab order by id
2017-05-15 10:25:26.0841 DEBUG Получено записей: 3
2017-05-15 10:25:26.0971 DEBUG Запрос: Select result_id, result, reestr, patient_state_id, reestr_rslt, reestr_ishod, _end from public.result_tab order by result_id
2017-05-15 10:25:26.0971 DEBUG Получено записей: 29
2017-05-15 10:25:26.1121 DEBUG Запрос: select id, name, code, bur_reestr_code from codifiers.travma_tab order by name;
2017-05-15 10:25:26.1121 DEBUG Получено записей: 15
2017-05-15 10:25:26.1121 DEBUG Запрос: SELECT * FROM codifiers.lpu_tab
2017-05-15 10:25:26.1431 DEBUG Получено записей: 113
2017-05-15 10:25:26.3841 DEBUG Запрос: SELECT * FROM codifiers.lpu_tab order by name
2017-05-15 10:25:26.3941 DEBUG Получено записей: 113
2017-05-15 10:25:26.3941 DEBUG Запрос: select sp_napr_obosn_id,trim(obosn_name) as obosn_name FROM sp_napr_obosn_tab ORDER BY sp_napr_obosn_id;
2017-05-15 10:25:26.3941 DEBUG Получено записей: 8
2017-05-15 10:25:26.4181 DEBUG Запрос: SELECT sp_type_napr_id, sp_type_napr FROM sp_type_napr_tab where sp_type_napr_id!=1 ORDER BY 1;
2017-05-15 10:25:26.4181 DEBUG Получено записей: 8
2017-05-15 10:25:26.4351 DEBUG Запрос: select id, code, name from codifiers.doctor_spec_tab order by 3,1;
2017-05-15 10:25:26.4421 DEBUG Получено записей: 176
2017-05-15 10:25:26.4421 DEBUG Запрос: Select mkb_id, mkb, kod_d, reestr_code from public.mkb_tab order by 1
2017-05-15 10:25:26.6151 DEBUG Получено записей: 13813
2017-05-15 10:25:31.3584 DEBUG Запрос: Select s.id, s.code, s.name from codifiers.sozstatus_tab s
2017-05-15 10:25:31.3584 DEBUG Получено записей: 11
2017-05-15 10:25:31.3734 DEBUG Запрос: Select u.id, u.code, u.name, u.doctor_id, u.otdel_id, u.age_from, u.age_for, u.flag_default, u.uchactok_type_id, u.lpu_id, u.sort, u.sex from codifiers.uchactok_tab u order by u.sort, u.name
2017-05-15 10:25:31.3734 DEBUG Получено записей: 77
2017-05-15 10:25:31.4244 DEBUG Запрос: select id, socr, name, full_name, index, code 
                              from codifiers.sp_kladr_tab
                              where level_ter=@level order by name
2017-05-15 10:25:31.4244 DEBUG Получено записей: 107
2017-05-15 10:25:31.6804 DEBUG Запрос: SELECT * FROM codifiers.lpu_tab
2017-05-15 10:25:31.6914 DEBUG Получено записей: 113
2017-05-15 10:25:34.5956 DEBUG PatientFindForm ShowFilterByDoctor set to true
2017-05-15 10:25:34.5956 DEBUG PatientFindForm OperatorId: 2469
2017-05-15 10:25:34.5956 DEBUG PatientFindForm DoctorId: 2469
2017-05-15 10:25:34.8016 DEBUG DoctorQuery
2017-05-15 10:25:34.8016 DEBUG sql: SELECT td.time_nazn as "Время записи", d.dan_id as "Id", d.fam as "Фамилия", d.nam as "Имя", d.mid as "Отчество", d.date_born as "Дата рождения", case when d.ser_pol is null then d.num_pol else d.ser_pol ||' '|| d.num_pol end as "Полис", d.address as "Адрес", case when spolref='2301001' then true else false end as "Прикреплен", case when strcom_region_id='0300000000000' then false else true end as "Иногородний" FROM dan_tab d LEFT JOIN public.talon_doctor_tab td on td.dan_id = d.dan_id WHERE td.date_nazn = date(@date) and td.doctor_id = @doctor;
2017-05-15 10:25:34.8016 DEBUG @date: 15.05.2017
2017-05-15 10:25:34.8016 DEBUG @doctor: 2469
2017-05-15 10:25:34.8016 DEBUG bindQueryToDataGrid
2017-05-15 10:25:34.8016 DEBUG Sql: SELECT td.time_nazn as "Время записи", d.dan_id as "Id", d.fam as "Фамилия", d.nam as "Имя", d.mid as "Отчество", d.date_born as "Дата рождения", case when d.ser_pol is null then d.num_pol else d.ser_pol ||' '|| d.num_pol end as "Полис", d.address as "Адрес", case when spolref='2301001' then true else false end as "Прикреплен", case when strcom_region_id='0300000000000' then false else true end as "Иногородний" FROM dan_tab d LEFT JOIN public.talon_doctor_tab td on td.dan_id = d.dan_id WHERE td.date_nazn = date(@date) and td.doctor_id = @doctor;
2017-05-15 10:25:34.8016 DEBUG SqlParams:
2017-05-15 10:25:34.8166 DEBUG SqlParam @date='15.05.2017'
2017-05-15 10:25:34.8166 DEBUG SqlParam @doctor=2469
2017-05-15 10:25:41.2560 DEBUG Sql: SELECT d.dan_id as "Id", d.fam as "Фамилия", d.nam as "Имя", d.mid as "Отчество", d.date_born as "Дата рождения", case when d.ser_pol is null then d.num_pol else d.ser_pol ||' '|| d.num_pol end as "Полис", d.pens as "СНИЛС", d.address as "Адрес", case when spolref='2301001' then true else false end as "Прикреплен" , case when strcom_region_id='0300000000000' then false else true end as "Иногородний" FROM dan_tab d WHERE Lower(d.fam) LIKE @fam and Lower(d.nam) LIKE @nam ORDER BY d.fam, d.nam, d.mid, d.date_born LIMIT 150;
2017-05-15 10:25:41.2560 DEBUG SqlParams:
2017-05-15 10:25:41.2560 DEBUG SqlParam @fam=аветян%
2017-05-15 10:25:41.2560 DEBUG SqlParam @nam=мактах%
2017-05-15 10:25:43.3881 DEBUG Запрос: Select smo.id, smo.name, kladr.name from codifiers.strcom_tab smo left join codifiers.sp_kladr_tab kladr on smo.region_id = kladr.code where smo.region_id = @id and smo.name not like '*%'order by smo.name
2017-05-15 10:25:43.4671 DEBUG Получено записей: 4
2017-05-15 10:25:43.5421 DEBUG Запрос: select * from fed_lgota_tab where pens like @snils;
2017-05-15 10:25:43.5421 DEBUG Получено записей: 0
2017-05-15 10:25:43.6371 DEBUG Запрос: SELECT t.talon_id, t.result_id, t.diag_osn, t.doctor_id, t.date_vnes_inf,
                        v.visit_id, v.doctor_id as vdoctor_id, v.data_vnes_inf as vdate_vnes_inf, v.data_pos 
                        FROM public.talon_tab t left join public.visit_tab v on v.talon_id = t.talon_id
                        where t.dan_id = @patient_id;
2017-05-15 10:25:43.6371 DEBUG Получено записей: 82
2017-05-15 10:25:44.5912 DEBUG Запрос: Select visit_id from public.visit_tab where talon_id = @talonId;
2017-05-15 10:25:44.5912 DEBUG Получено записей: 0
2017-05-15 10:25:44.6282 DEBUG Запрос: SELECT d.id FROM diagn_tab d WHERE d.talon_id = @caseId ORDER BY d.id desc;
2017-05-15 10:25:44.6312 DEBUG Получено записей: 0
2017-05-15 10:26:02.7712 DEBUG Params: id=181744
2017-05-15 10:27:02.1956 DEBUG Запрос: SELECT DISTINCT code_access, name, description 
                            FROM users_access_view WHERE users_id = @id
2017-05-15 10:27:02.2336 DEBUG Получено записей: 187
2017-05-15 10:27:04.3967 DEBUG SQL: select pattern from codifiers.patterns_tab where code = @patterncode and users_id is null;
2017-05-15 10:27:04.3967 DEBUG Parameters: @patterncode=, @operator=
2017-05-15 10:27:04.4247 DEBUG Result 
2017-05-15 10:27:04.4247 DEBUG нет шаблона для пользователя
2017-05-15 10:27:04.4247 DEBUG SQL: select pattern from codifiers.patterns_tab where code = @patterncode and users_id is null
2017-05-15 10:27:04.4247 DEBUG Parameters: @patterncode 
2017-05-15 10:27:04.4247 DEBUG Result 
2017-05-15 10:27:04.4847 DEBUG SQL: select pattern from codifiers.patterns_tab where code = @patterncode and users_id is null;
2017-05-15 10:27:04.4847 DEBUG Parameters: @patterncode=, @operator=
2017-05-15 10:27:04.4967 DEBUG Result 
2017-05-15 10:27:04.4967 DEBUG нет шаблона для пользователя
2017-05-15 10:27:04.4967 DEBUG SQL: select pattern from codifiers.patterns_tab where code = @patterncode and users_id is null
2017-05-15 10:27:04.4967 DEBUG Parameters: @patterncode 
2017-05-15 10:27:04.5087 DEBUG Result 
2017-05-15 10:27:04.7777 DEBUG Запрос: Select id, name, code, is_default, parent_id from codifiers.sp_kind_paid_tab order by id
2017-05-15 10:27:04.7777 DEBUG Получено записей: 9
2017-05-15 10:27:04.7907 DEBUG Запрос: Select id, name, code from codifiers.first_visit_condition_tab order by id
2017-05-15 10:27:04.7907 DEBUG Получено записей: 4
2017-05-15 10:27:04.8037 DEBUG Запрос: Select id, name, code, reestr, idsp, hospital_type_id, is_cure, is_inspection from codifiers.visit_purpose_common_tab order by id
2017-05-15 10:27:04.8037 DEBUG Получено записей: 22
2017-05-15 10:27:04.8187 DEBUG Запрос: Select id, name, code from codifiers.place_service_tab order by id
2017-05-15 10:27:04.8327 DEBUG Получено записей: 3
2017-05-15 10:27:04.8327 DEBUG Запрос: Select result_id, result, reestr, patient_state_id, reestr_rslt, reestr_ishod, _end from public.result_tab order by result_id
2017-05-15 10:27:04.8477 DEBUG Получено записей: 29
2017-05-15 10:27:04.8477 DEBUG Запрос: select id, name, code, bur_reestr_code from codifiers.travma_tab order by name;
2017-05-15 10:27:04.8617 DEBUG Получено записей: 15
2017-05-15 10:27:04.8617 DEBUG Запрос: SELECT * FROM codifiers.lpu_tab
2017-05-15 10:27:04.8908 DEBUG Получено записей: 113
2017-05-15 10:27:05.1368 DEBUG Запрос: SELECT * FROM codifiers.lpu_tab order by name
2017-05-15 10:27:05.1498 DEBUG Получено записей: 113
2017-05-15 10:27:05.1618 DEBUG Запрос: select sp_napr_obosn_id,trim(obosn_name) as obosn_name FROM sp_napr_obosn_tab ORDER BY sp_napr_obosn_id;
2017-05-15 10:27:05.1618 DEBUG Получено записей: 8
2017-05-15 10:27:05.1758 DEBUG Запрос: SELECT sp_type_napr_id, sp_type_napr FROM sp_type_napr_tab where sp_type_napr_id!=1 ORDER BY 1;
2017-05-15 10:27:05.1758 DEBUG Получено записей: 8
2017-05-15 10:27:05.1918 DEBUG Запрос: select id, code, name from codifiers.doctor_spec_tab order by 3,1;
2017-05-15 10:27:05.1918 DEBUG Получено записей: 176
2017-05-15 10:27:05.2118 DEBUG Запрос: Select mkb_id, mkb, kod_d, reestr_code from public.mkb_tab order by 1
2017-05-15 10:27:05.4258 DEBUG Получено записей: 13813
2017-05-15 10:27:09.6750 DEBUG Запрос: Select s.id, s.code, s.name from codifiers.sozstatus_tab s
2017-05-15 10:27:09.6750 DEBUG Получено записей: 11
2017-05-15 10:27:09.6880 DEBUG Запрос: Select u.id, u.code, u.name, u.doctor_id, u.otdel_id, u.age_from, u.age_for, u.flag_default, u.uchactok_type_id, u.lpu_id, u.sort, u.sex from codifiers.uchactok_tab u order by u.sort, u.name
2017-05-15 10:27:09.6880 DEBUG Получено записей: 77
2017-05-15 10:27:09.7330 DEBUG Запрос: select id, socr, name, full_name, index, code 
                              from codifiers.sp_kladr_tab
                              where level_ter=@level order by name
2017-05-15 10:27:09.7330 DEBUG Получено записей: 107
2017-05-15 10:27:10.0020 DEBUG Запрос: SELECT * FROM codifiers.lpu_tab
2017-05-15 10:27:10.0110 DEBUG Получено записей: 113
2017-05-15 10:27:12.2452 DEBUG PatientFindForm ShowFilterByDoctor set to true
2017-05-15 10:27:12.2452 DEBUG PatientFindForm OperatorId: 2469
2017-05-15 10:27:12.2452 DEBUG PatientFindForm DoctorId: 2469
2017-05-15 10:27:12.3532 DEBUG DoctorQuery
2017-05-15 10:27:12.3532 DEBUG sql: SELECT td.time_nazn as "Время записи", d.dan_id as "Id", d.fam as "Фамилия", d.nam as "Имя", d.mid as "Отчество", d.date_born as "Дата рождения", case when d.ser_pol is null then d.num_pol else d.ser_pol ||' '|| d.num_pol end as "Полис", d.address as "Адрес", case when spolref='2301001' then true else false end as "Прикреплен", case when strcom_region_id='0300000000000' then false else true end as "Иногородний" FROM dan_tab d LEFT JOIN public.talon_doctor_tab td on td.dan_id = d.dan_id WHERE td.date_nazn = date(@date) and td.doctor_id = @doctor;
2017-05-15 10:27:12.3532 DEBUG @date: 15.05.2017
2017-05-15 10:27:12.3532 DEBUG @doctor: 2469
2017-05-15 10:27:12.3532 DEBUG bindQueryToDataGrid
2017-05-15 10:27:12.3652 DEBUG Sql: SELECT td.time_nazn as "Время записи", d.dan_id as "Id", d.fam as "Фамилия", d.nam as "Имя", d.mid as "Отчество", d.date_born as "Дата рождения", case when d.ser_pol is null then d.num_pol else d.ser_pol ||' '|| d.num_pol end as "Полис", d.address as "Адрес", case when spolref='2301001' then true else false end as "Прикреплен", case when strcom_region_id='0300000000000' then false else true end as "Иногородний" FROM dan_tab d LEFT JOIN public.talon_doctor_tab td on td.dan_id = d.dan_id WHERE td.date_nazn = date(@date) and td.doctor_id = @doctor;
2017-05-15 10:27:12.3652 DEBUG SqlParams:
2017-05-15 10:27:12.3652 DEBUG SqlParam @date='15.05.2017'
2017-05-15 10:27:12.3652 DEBUG SqlParam @doctor=2469
2017-05-15 10:27:20.4226 DEBUG Sql: SELECT d.dan_id as "Id", d.fam as "Фамилия", d.nam as "Имя", d.mid as "Отчество", d.date_born as "Дата рождения", case when d.ser_pol is null then d.num_pol else d.ser_pol ||' '|| d.num_pol end as "Полис", d.pens as "СНИЛС", d.address as "Адрес", case when spolref='2301001' then true else false end as "Прикреплен" , case when strcom_region_id='0300000000000' then false else true end as "Иногородний" FROM dan_tab d WHERE Lower(d.fam) LIKE @fam and Lower(d.nam) LIKE @nam ORDER BY d.fam, d.nam, d.mid, d.date_born LIMIT 150;
2017-05-15 10:27:20.4226 DEBUG SqlParams:
2017-05-15 10:27:20.4226 DEBUG SqlParam @fam=аветян%
2017-05-15 10:27:20.4226 DEBUG SqlParam @nam=мактах%
2017-05-15 10:27:22.2247 DEBUG Запрос: Select smo.id, smo.name, kladr.name from codifiers.strcom_tab smo left join codifiers.sp_kladr_tab kladr on smo.region_id = kladr.code where smo.region_id = @id and smo.name not like '*%'order by smo.name
2017-05-15 10:27:22.3037 DEBUG Получено записей: 4
2017-05-15 10:27:22.3678 DEBUG Запрос: select * from fed_lgota_tab where pens like @snils;
2017-05-15 10:27:22.3678 DEBUG Получено записей: 0
2017-05-15 10:27:22.4558 DEBUG Запрос: SELECT t.talon_id, t.result_id, t.diag_osn, t.doctor_id, t.date_vnes_inf,
                        v.visit_id, v.doctor_id as vdoctor_id, v.data_vnes_inf as vdate_vnes_inf, v.data_pos 
                        FROM public.talon_tab t left join public.visit_tab v on v.talon_id = t.talon_id
                        where t.dan_id = @patient_id;
2017-05-15 10:27:22.4638 DEBUG Получено записей: 82
2017-05-15 10:27:23.3478 DEBUG Запрос: Select visit_id from public.visit_tab where talon_id = @talonId;
2017-05-15 10:27:23.3478 DEBUG Получено записей: 0
2017-05-15 10:27:23.3818 DEBUG Запрос: SELECT d.id FROM diagn_tab d WHERE d.talon_id = @caseId ORDER BY d.id desc;
2017-05-15 10:27:23.3818 DEBUG Получено записей: 0
2017-05-15 10:35:51.7559 DEBUG Запрос: SELECT DISTINCT code_access, name, description 
                            FROM users_access_view WHERE users_id = @id
2017-05-15 10:35:51.7969 DEBUG Получено записей: 187
2017-05-15 10:35:54.4550 DEBUG SQL: select pattern from codifiers.patterns_tab where code = @patterncode and users_id is null;
2017-05-15 10:35:54.4550 DEBUG Parameters: @patterncode=, @operator=
2017-05-15 10:35:54.4810 DEBUG Result 
2017-05-15 10:35:54.4810 DEBUG нет шаблона для пользователя
2017-05-15 10:35:54.4810 DEBUG SQL: select pattern from codifiers.patterns_tab where code = @patterncode and users_id is null
2017-05-15 10:35:54.4810 DEBUG Parameters: @patterncode 
2017-05-15 10:35:54.4940 DEBUG Result 
2017-05-15 10:35:54.5430 DEBUG SQL: select pattern from codifiers.patterns_tab where code = @patterncode and users_id is null;
2017-05-15 10:35:54.5430 DEBUG Parameters: @patterncode=, @operator=
2017-05-15 10:35:54.5550 DEBUG Result 
2017-05-15 10:35:54.5550 DEBUG нет шаблона для пользователя
2017-05-15 10:35:54.5550 DEBUG SQL: select pattern from codifiers.patterns_tab where code = @patterncode and users_id is null
2017-05-15 10:35:54.5550 DEBUG Parameters: @patterncode 
2017-05-15 10:35:54.5670 DEBUG Result 
2017-05-15 10:35:54.8451 DEBUG Запрос: Select id, name, code, is_default, parent_id from codifiers.sp_kind_paid_tab order by id
2017-05-15 10:35:54.8451 DEBUG Получено записей: 9
2017-05-15 10:35:54.8581 DEBUG Запрос: Select id, name, code from codifiers.first_visit_condition_tab order by id
2017-05-15 10:35:54.8581 DEBUG Получено записей: 4
2017-05-15 10:35:54.8581 DEBUG Запрос: Select id, name, code, reestr, idsp, hospital_type_id, is_cure, is_inspection from codifiers.visit_purpose_common_tab order by id
2017-05-15 10:35:54.8891 DEBUG Получено записей: 22
2017-05-15 10:35:54.8891 DEBUG Запрос: Select id, name, code from codifiers.place_service_tab order by id
2017-05-15 10:35:54.8891 DEBUG Получено записей: 3
2017-05-15 10:35:54.9141 DEBUG Запрос: Select result_id, result, reestr, patient_state_id, reestr_rslt, reestr_ishod, _end from public.result_tab order by result_id
2017-05-15 10:35:54.9141 DEBUG Получено записей: 29
2017-05-15 10:35:54.9281 DEBUG Запрос: select id, name, code, bur_reestr_code from codifiers.travma_tab order by name;
2017-05-15 10:35:54.9281 DEBUG Получено записей: 15
2017-05-15 10:35:54.9411 DEBUG Запрос: SELECT * FROM codifiers.lpu_tab
2017-05-15 10:35:54.9631 DEBUG Получено записей: 113
2017-05-15 10:35:55.2051 DEBUG Запрос: SELECT * FROM codifiers.lpu_tab order by name
2017-05-15 10:35:55.2051 DEBUG Получено записей: 113
2017-05-15 10:35:55.2241 DEBUG Запрос: select sp_napr_obosn_id,trim(obosn_name) as obosn_name FROM sp_napr_obosn_tab ORDER BY sp_napr_obosn_id;
2017-05-15 10:35:55.2241 DEBUG Получено записей: 8
2017-05-15 10:35:55.2341 DEBUG Запрос: SELECT sp_type_napr_id, sp_type_napr FROM sp_type_napr_tab where sp_type_napr_id!=1 ORDER BY 1;
2017-05-15 10:35:55.2341 DEBUG Получено записей: 8
2017-05-15 10:35:55.2501 DEBUG Запрос: select id, code, name from codifiers.doctor_spec_tab order by 3,1;
2017-05-15 10:35:55.2501 DEBUG Получено записей: 176
2017-05-15 10:35:55.2661 DEBUG Запрос: Select mkb_id, mkb, kod_d, reestr_code from public.mkb_tab order by 1
2017-05-15 10:35:55.4261 DEBUG Получено записей: 13813
2017-05-15 10:35:59.3053 DEBUG Запрос: Select s.id, s.code, s.name from codifiers.sozstatus_tab s
2017-05-15 10:35:59.3053 DEBUG Получено записей: 11
2017-05-15 10:35:59.3053 DEBUG Запрос: Select u.id, u.code, u.name, u.doctor_id, u.otdel_id, u.age_from, u.age_for, u.flag_default, u.uchactok_type_id, u.lpu_id, u.sort, u.sex from codifiers.uchactok_tab u order by u.sort, u.name
2017-05-15 10:35:59.3233 DEBUG Получено записей: 77
2017-05-15 10:35:59.3643 DEBUG Запрос: select id, socr, name, full_name, index, code 
                              from codifiers.sp_kladr_tab
                              where level_ter=@level order by name
2017-05-15 10:35:59.3713 DEBUG Получено записей: 107
2017-05-15 10:35:59.6273 DEBUG Запрос: SELECT * FROM codifiers.lpu_tab
2017-05-15 10:35:59.6373 DEBUG Получено записей: 113
2017-05-15 10:36:01.7925 DEBUG PatientFindForm ShowFilterByDoctor set to true
2017-05-15 10:36:01.7925 DEBUG PatientFindForm OperatorId: 2469
2017-05-15 10:36:01.7925 DEBUG PatientFindForm DoctorId: 2469
2017-05-15 10:36:01.8905 DEBUG DoctorQuery
2017-05-15 10:36:01.8905 DEBUG sql: SELECT td.time_nazn as "Время записи", d.dan_id as "Id", d.fam as "Фамилия", d.nam as "Имя", d.mid as "Отчество", d.date_born as "Дата рождения", case when d.ser_pol is null then d.num_pol else d.ser_pol ||' '|| d.num_pol end as "Полис", d.address as "Адрес", case when spolref='2301001' then true else false end as "Прикреплен", case when strcom_region_id='0300000000000' then false else true end as "Иногородний" FROM dan_tab d LEFT JOIN public.talon_doctor_tab td on td.dan_id = d.dan_id WHERE td.date_nazn = date(@date) and td.doctor_id = @doctor;
2017-05-15 10:36:01.8905 DEBUG @date: 15.05.2017
2017-05-15 10:36:01.8905 DEBUG @doctor: 2469
2017-05-15 10:36:01.8905 DEBUG bindQueryToDataGrid
2017-05-15 10:36:01.9015 DEBUG Sql: SELECT td.time_nazn as "Время записи", d.dan_id as "Id", d.fam as "Фамилия", d.nam as "Имя", d.mid as "Отчество", d.date_born as "Дата рождения", case when d.ser_pol is null then d.num_pol else d.ser_pol ||' '|| d.num_pol end as "Полис", d.address as "Адрес", case when spolref='2301001' then true else false end as "Прикреплен", case when strcom_region_id='0300000000000' then false else true end as "Иногородний" FROM dan_tab d LEFT JOIN public.talon_doctor_tab td on td.dan_id = d.dan_id WHERE td.date_nazn = date(@date) and td.doctor_id = @doctor;
2017-05-15 10:36:01.9015 DEBUG SqlParams:
2017-05-15 10:36:01.9015 DEBUG SqlParam @date='15.05.2017'
2017-05-15 10:36:01.9015 DEBUG SqlParam @doctor=2469
2017-05-15 10:36:11.7400 DEBUG Sql: SELECT d.dan_id as "Id", d.fam as "Фамилия", d.nam as "Имя", d.mid as "Отчество", d.date_born as "Дата рождения", case when d.ser_pol is null then d.num_pol else d.ser_pol ||' '|| d.num_pol end as "Полис", d.pens as "СНИЛС", d.address as "Адрес", case when spolref='2301001' then true else false end as "Прикреплен" , case when strcom_region_id='0300000000000' then false else true end as "Иногородний" FROM dan_tab d WHERE Lower(d.fam) LIKE @fam and Lower(d.nam) LIKE @nam ORDER BY d.fam, d.nam, d.mid, d.date_born LIMIT 150;
2017-05-15 10:36:11.7400 DEBUG SqlParams:
2017-05-15 10:36:11.7400 DEBUG SqlParam @fam=аветян%
2017-05-15 10:36:11.7400 DEBUG SqlParam @nam=мактах%
2017-05-15 10:36:12.8841 DEBUG Запрос: Select smo.id, smo.name, kladr.name from codifiers.strcom_tab smo left join codifiers.sp_kladr_tab kladr on smo.region_id = kladr.code where smo.region_id = @id and smo.name not like '*%'order by smo.name
2017-05-15 10:36:12.9631 DEBUG Получено записей: 4
2017-05-15 10:36:13.0251 DEBUG Запрос: select * from fed_lgota_tab where pens like @snils;
2017-05-15 10:36:13.0381 DEBUG Получено записей: 0
2017-05-15 10:36:13.1221 DEBUG Запрос: SELECT t.talon_id, t.result_id, t.diag_osn, t.doctor_id, t.date_vnes_inf,
                        v.visit_id, v.doctor_id as vdoctor_id, v.data_vnes_inf as vdate_vnes_inf, v.data_pos 
                        FROM public.talon_tab t left join public.visit_tab v on v.talon_id = t.talon_id
                        where t.dan_id = @patient_id;
2017-05-15 10:36:13.1291 DEBUG Получено записей: 82
2017-05-15 10:36:14.0702 DEBUG Запрос: Select visit_id from public.visit_tab where talon_id = @talonId;
2017-05-15 10:36:14.0702 DEBUG Получено записей: 0
2017-05-15 10:36:14.1062 DEBUG Запрос: SELECT d.id FROM diagn_tab d WHERE d.talon_id = @caseId ORDER BY d.id desc;
2017-05-15 10:36:14.1092 DEBUG Получено записей: 0
2017-05-15 10:40:44.7886 DEBUG Запрос: SELECT DISTINCT code_access, name, description 
                            FROM users_access_view WHERE users_id = @id
2017-05-15 10:40:44.8366 DEBUG Получено записей: 187
2017-05-15 10:40:47.1068 DEBUG SQL: select pattern from codifiers.patterns_tab where code = @patterncode and users_id is null;
2017-05-15 10:40:47.1068 DEBUG Parameters: @patterncode=, @operator=
2017-05-15 10:40:47.1328 DEBUG Result 
2017-05-15 10:40:47.1328 DEBUG нет шаблона для пользователя
2017-05-15 10:40:47.1328 DEBUG SQL: select pattern from codifiers.patterns_tab where code = @patterncode and users_id is null
2017-05-15 10:40:47.1328 DEBUG Parameters: @patterncode 
2017-05-15 10:40:47.1458 DEBUG Result 
2017-05-15 10:40:47.1858 DEBUG SQL: select pattern from codifiers.patterns_tab where code = @patterncode and users_id is null;
2017-05-15 10:40:47.1858 DEBUG Parameters: @patterncode=, @operator=
2017-05-15 10:40:47.1978 DEBUG Result 
2017-05-15 10:40:47.1978 DEBUG нет шаблона для пользователя
2017-05-15 10:40:47.1978 DEBUG SQL: select pattern from codifiers.patterns_tab where code = @patterncode and users_id is null
2017-05-15 10:40:47.1978 DEBUG Parameters: @patterncode 
2017-05-15 10:40:47.2098 DEBUG Result 
2017-05-15 10:40:47.4738 DEBUG Запрос: Select id, name, code, is_default, parent_id from codifiers.sp_kind_paid_tab order by id
2017-05-15 10:40:47.4738 DEBUG Получено записей: 9
2017-05-15 10:40:47.4878 DEBUG Запрос: Select id, name, code from codifiers.first_visit_condition_tab order by id
2017-05-15 10:40:47.4878 DEBUG Получено записей: 4
2017-05-15 10:40:47.5008 DEBUG Запрос: Select id, name, code, reestr, idsp, hospital_type_id, is_cure, is_inspection from codifiers.visit_purpose_common_tab order by id
2017-05-15 10:40:47.5008 DEBUG Получено записей: 22
2017-05-15 10:40:47.5268 DEBUG Запрос: Select id, name, code from codifiers.place_service_tab order by id
2017-05-15 10:40:47.5268 DEBUG Получено записей: 3
2017-05-15 10:40:47.5398 DEBUG Запрос: Select result_id, result, reestr, patient_state_id, reestr_rslt, reestr_ishod, _end from public.result_tab order by result_id
2017-05-15 10:40:47.5398 DEBUG Получено записей: 29
2017-05-15 10:40:47.5548 DEBUG Запрос: select id, name, code, bur_reestr_code from codifiers.travma_tab order by name;
2017-05-15 10:40:47.5548 DEBUG Получено записей: 15
2017-05-15 10:40:47.5688 DEBUG Запрос: SELECT * FROM codifiers.lpu_tab
2017-05-15 10:40:47.5878 DEBUG Получено записей: 113
2017-05-15 10:40:47.9448 DEBUG Запрос: SELECT * FROM codifiers.lpu_tab order by name
2017-05-15 10:40:47.9578 DEBUG Получено записей: 113
2017-05-15 10:40:47.9708 DEBUG Запрос: select sp_napr_obosn_id,trim(obosn_name) as obosn_name FROM sp_napr_obosn_tab ORDER BY sp_napr_obosn_id;
2017-05-15 10:40:47.9708 DEBUG Получено записей: 8
2017-05-15 10:40:47.9838 DEBUG Запрос: SELECT sp_type_napr_id, sp_type_napr FROM sp_type_napr_tab where sp_type_napr_id!=1 ORDER BY 1;
2017-05-15 10:40:47.9838 DEBUG Получено записей: 8
2017-05-15 10:40:47.9998 DEBUG Запрос: select id, code, name from codifiers.doctor_spec_tab order by 3,1;
2017-05-15 10:40:47.9998 DEBUG Получено записей: 176
2017-05-15 10:40:48.0208 DEBUG Запрос: Select mkb_id, mkb, kod_d, reestr_code from public.mkb_tab order by 1
2017-05-15 10:40:48.2438 DEBUG Получено записей: 13813
2017-05-15 10:40:52.0121 DEBUG Запрос: Select s.id, s.code, s.name from codifiers.sozstatus_tab s
2017-05-15 10:40:52.0121 DEBUG Получено записей: 11
2017-05-15 10:40:52.0251 DEBUG Запрос: Select u.id, u.code, u.name, u.doctor_id, u.otdel_id, u.age_from, u.age_for, u.flag_default, u.uchactok_type_id, u.lpu_id, u.sort, u.sex from codifiers.uchactok_tab u order by u.sort, u.name
2017-05-15 10:40:52.0251 DEBUG Получено записей: 77
2017-05-15 10:40:52.0711 DEBUG Запрос: select id, socr, name, full_name, index, code 
                              from codifiers.sp_kladr_tab
                              where level_ter=@level order by name
2017-05-15 10:40:52.0711 DEBUG Получено записей: 107
2017-05-15 10:40:52.3141 DEBUG Запрос: SELECT * FROM codifiers.lpu_tab
2017-05-15 10:40:52.3271 DEBUG Получено записей: 113
2017-05-15 10:40:55.0552 DEBUG PatientFindForm ShowFilterByDoctor set to true
2017-05-15 10:40:55.0552 DEBUG PatientFindForm OperatorId: 2469
2017-05-15 10:40:55.0552 DEBUG PatientFindForm DoctorId: 2469
2017-05-15 10:40:55.1782 DEBUG DoctorQuery
2017-05-15 10:40:55.1782 DEBUG sql: SELECT td.time_nazn as "Время записи", d.dan_id as "Id", d.fam as "Фамилия", d.nam as "Имя", d.mid as "Отчество", d.date_born as "Дата рождения", case when d.ser_pol is null then d.num_pol else d.ser_pol ||' '|| d.num_pol end as "Полис", d.address as "Адрес", case when spolref='2301001' then true else false end as "Прикреплен", case when strcom_region_id='0300000000000' then false else true end as "Иногородний" FROM dan_tab d LEFT JOIN public.talon_doctor_tab td on td.dan_id = d.dan_id WHERE td.date_nazn = date(@date) and td.doctor_id = @doctor;
2017-05-15 10:40:55.1782 DEBUG @date: 15.05.2017
2017-05-15 10:40:55.1782 DEBUG @doctor: 2469
2017-05-15 10:40:55.1782 DEBUG bindQueryToDataGrid
2017-05-15 10:40:55.1912 DEBUG Sql: SELECT td.time_nazn as "Время записи", d.dan_id as "Id", d.fam as "Фамилия", d.nam as "Имя", d.mid as "Отчество", d.date_born as "Дата рождения", case when d.ser_pol is null then d.num_pol else d.ser_pol ||' '|| d.num_pol end as "Полис", d.address as "Адрес", case when spolref='2301001' then true else false end as "Прикреплен", case when strcom_region_id='0300000000000' then false else true end as "Иногородний" FROM dan_tab d LEFT JOIN public.talon_doctor_tab td on td.dan_id = d.dan_id WHERE td.date_nazn = date(@date) and td.doctor_id = @doctor;
2017-05-15 10:40:55.1912 DEBUG SqlParams:
2017-05-15 10:40:55.1912 DEBUG SqlParam @date='15.05.2017'
2017-05-15 10:40:55.1912 DEBUG SqlParam @doctor=2469
2017-05-15 10:41:05.3998 DEBUG Sql: SELECT d.dan_id as "Id", d.fam as "Фамилия", d.nam as "Имя", d.mid as "Отчество", d.date_born as "Дата рождения", case when d.ser_pol is null then d.num_pol else d.ser_pol ||' '|| d.num_pol end as "Полис", d.pens as "СНИЛС", d.address as "Адрес", case when spolref='2301001' then true else false end as "Прикреплен" , case when strcom_region_id='0300000000000' then false else true end as "Иногородний" FROM dan_tab d WHERE Lower(d.fam) LIKE @fam and Lower(d.nam) LIKE @nam ORDER BY d.fam, d.nam, d.mid, d.date_born LIMIT 150;
2017-05-15 10:41:05.3998 DEBUG SqlParams:
2017-05-15 10:41:05.3998 DEBUG SqlParam @fam=аветян%
2017-05-15 10:41:05.3998 DEBUG SqlParam @nam=мактах%
2017-05-15 10:41:06.4899 DEBUG Запрос: Select smo.id, smo.name, kladr.name from codifiers.strcom_tab smo left join codifiers.sp_kladr_tab kladr on smo.region_id = kladr.code where smo.region_id = @id and smo.name not like '*%'order by smo.name
2017-05-15 10:41:06.5699 DEBUG Получено записей: 4
2017-05-15 10:41:06.6339 DEBUG Запрос: select * from fed_lgota_tab where pens like @snils;
2017-05-15 10:41:06.6339 DEBUG Получено записей: 0
2017-05-15 10:41:06.7219 DEBUG Запрос: SELECT t.talon_id, t.result_id, t.diag_osn, t.doctor_id, t.date_vnes_inf,
                        v.visit_id, v.doctor_id as vdoctor_id, v.data_vnes_inf as vdate_vnes_inf, v.data_pos 
                        FROM public.talon_tab t left join public.visit_tab v on v.talon_id = t.talon_id
                        where t.dan_id = @patient_id;
2017-05-15 10:41:06.7219 DEBUG Получено записей: 82
2017-05-15 10:41:07.6620 DEBUG Запрос: Select visit_id from public.visit_tab where talon_id = @talonId;
2017-05-15 10:41:07.6620 DEBUG Получено записей: 0
2017-05-15 10:41:07.6960 DEBUG Запрос: SELECT d.id FROM diagn_tab d WHERE d.talon_id = @caseId ORDER BY d.id desc;
2017-05-15 10:41:07.6960 DEBUG Получено записей: 0
2017-05-15 10:43:51.2073 DEBUG Запрос: SELECT DISTINCT code_access, name, description 
                            FROM users_access_view WHERE users_id = @id
2017-05-15 10:43:51.2453 DEBUG Получено записей: 187
2017-05-15 10:43:53.3264 DEBUG SQL: select pattern from codifiers.patterns_tab where code = @patterncode and users_id is null;
2017-05-15 10:43:53.3264 DEBUG Parameters: @patterncode=, @operator=
2017-05-15 10:43:53.3564 DEBUG Result 
2017-05-15 10:43:53.3564 DEBUG нет шаблона для пользователя
2017-05-15 10:43:53.3564 DEBUG SQL: select pattern from codifiers.patterns_tab where code = @patterncode and users_id is null
2017-05-15 10:43:53.3564 DEBUG Parameters: @patterncode 
2017-05-15 10:43:53.3704 DEBUG Result 
2017-05-15 10:43:53.4214 DEBUG SQL: select pattern from codifiers.patterns_tab where code = @patterncode and users_id is null;
2017-05-15 10:43:53.4224 DEBUG Parameters: @patterncode=, @operator=
2017-05-15 10:43:53.4224 DEBUG Result 
2017-05-15 10:43:53.4224 DEBUG нет шаблона для пользователя
2017-05-15 10:43:53.4224 DEBUG SQL: select pattern from codifiers.patterns_tab where code = @patterncode and users_id is null
2017-05-15 10:43:53.4224 DEBUG Parameters: @patterncode 
2017-05-15 10:43:53.4464 DEBUG Result 
2017-05-15 10:43:53.8005 DEBUG Запрос: Select id, name, code, is_default, parent_id from codifiers.sp_kind_paid_tab order by id
2017-05-15 10:43:53.8005 DEBUG Получено записей: 9
2017-05-15 10:43:53.8145 DEBUG Запрос: Select id, name, code from codifiers.first_visit_condition_tab order by id
2017-05-15 10:43:53.8145 DEBUG Получено записей: 4
2017-05-15 10:43:53.8295 DEBUG Запрос: Select id, name, code, reestr, idsp, hospital_type_id, is_cure, is_inspection from codifiers.visit_purpose_common_tab order by id
2017-05-15 10:43:53.8295 DEBUG Получено записей: 22
2017-05-15 10:43:53.8605 DEBUG Запрос: Select id, name, code from codifiers.place_service_tab order by id
2017-05-15 10:43:53.8605 DEBUG Получено записей: 3
2017-05-15 10:43:53.8605 DEBUG Запрос: Select result_id, result, reestr, patient_state_id, reestr_rslt, reestr_ishod, _end from public.result_tab order by result_id
2017-05-15 10:43:53.8795 DEBUG Получено записей: 29
2017-05-15 10:43:53.8905 DEBUG Запрос: select id, name, code, bur_reestr_code from codifiers.travma_tab order by name;
2017-05-15 10:43:53.8905 DEBUG Получено записей: 15
2017-05-15 10:43:53.8905 DEBUG Запрос: SELECT * FROM codifiers.lpu_tab
2017-05-15 10:43:53.9295 DEBUG Получено записей: 113
2017-05-15 10:43:54.2475 DEBUG Запрос: SELECT * FROM codifiers.lpu_tab order by name
2017-05-15 10:43:54.2595 DEBUG Получено записей: 113
2017-05-15 10:43:54.2715 DEBUG Запрос: select sp_napr_obosn_id,trim(obosn_name) as obosn_name FROM sp_napr_obosn_tab ORDER BY sp_napr_obosn_id;
2017-05-15 10:43:54.2715 DEBUG Получено записей: 8
2017-05-15 10:43:54.2845 DEBUG Запрос: SELECT sp_type_napr_id, sp_type_napr FROM sp_type_napr_tab where sp_type_napr_id!=1 ORDER BY 1;
2017-05-15 10:43:54.2845 DEBUG Получено записей: 8
2017-05-15 10:43:54.3005 DEBUG Запрос: select id, code, name from codifiers.doctor_spec_tab order by 3,1;
2017-05-15 10:43:54.3005 DEBUG Получено записей: 176
2017-05-15 10:43:54.3205 DEBUG Запрос: Select mkb_id, mkb, kod_d, reestr_code from public.mkb_tab order by 1
2017-05-15 10:43:54.5495 DEBUG Получено записей: 13813
2017-05-15 10:43:58.2807 DEBUG Запрос: Select s.id, s.code, s.name from codifiers.sozstatus_tab s
2017-05-15 10:43:58.2807 DEBUG Получено записей: 11
2017-05-15 10:43:58.2947 DEBUG Запрос: Select u.id, u.code, u.name, u.doctor_id, u.otdel_id, u.age_from, u.age_for, u.flag_default, u.uchactok_type_id, u.lpu_id, u.sort, u.sex from codifiers.uchactok_tab u order by u.sort, u.name
2017-05-15 10:43:58.2947 DEBUG Получено записей: 77
2017-05-15 10:43:58.3427 DEBUG Запрос: select id, socr, name, full_name, index, code 
                              from codifiers.sp_kladr_tab
                              where level_ter=@level order by name
2017-05-15 10:43:58.3427 DEBUG Получено записей: 107
2017-05-15 10:43:58.5817 DEBUG Запрос: SELECT * FROM codifiers.lpu_tab
2017-05-15 10:43:58.5917 DEBUG Получено записей: 113
2017-05-15 10:44:00.9879 DEBUG PatientFindForm ShowFilterByDoctor set to true
2017-05-15 10:44:00.9889 DEBUG PatientFindForm OperatorId: 2469
2017-05-15 10:44:00.9889 DEBUG PatientFindForm DoctorId: 2469
2017-05-15 10:44:01.1339 DEBUG DoctorQuery
2017-05-15 10:44:01.1339 DEBUG sql: SELECT td.time_nazn as "Время записи", d.dan_id as "Id", d.fam as "Фамилия", d.nam as "Имя", d.mid as "Отчество", d.date_born as "Дата рождения", case when d.ser_pol is null then d.num_pol else d.ser_pol ||' '|| d.num_pol end as "Полис", d.address as "Адрес", case when spolref='2301001' then true else false end as "Прикреплен", case when strcom_region_id='0300000000000' then false else true end as "Иногородний" FROM dan_tab d LEFT JOIN public.talon_doctor_tab td on td.dan_id = d.dan_id WHERE td.date_nazn = date(@date) and td.doctor_id = @doctor;
2017-05-15 10:44:01.1339 DEBUG @date: 15.05.2017
2017-05-15 10:44:01.1339 DEBUG @doctor: 2469
2017-05-15 10:44:01.1339 DEBUG bindQueryToDataGrid
2017-05-15 10:44:01.1499 DEBUG Sql: SELECT td.time_nazn as "Время записи", d.dan_id as "Id", d.fam as "Фамилия", d.nam as "Имя", d.mid as "Отчество", d.date_born as "Дата рождения", case when d.ser_pol is null then d.num_pol else d.ser_pol ||' '|| d.num_pol end as "Полис", d.address as "Адрес", case when spolref='2301001' then true else false end as "Прикреплен", case when strcom_region_id='0300000000000' then false else true end as "Иногородний" FROM dan_tab d LEFT JOIN public.talon_doctor_tab td on td.dan_id = d.dan_id WHERE td.date_nazn = date(@date) and td.doctor_id = @doctor;
2017-05-15 10:44:01.1499 DEBUG SqlParams:
2017-05-15 10:44:01.1499 DEBUG SqlParam @date='15.05.2017'
2017-05-15 10:44:01.1499 DEBUG SqlParam @doctor=2469
2017-05-15 10:44:12.5175 DEBUG Sql: SELECT d.dan_id as "Id", d.fam as "Фамилия", d.nam as "Имя", d.mid as "Отчество", d.date_born as "Дата рождения", case when d.ser_pol is null then d.num_pol else d.ser_pol ||' '|| d.num_pol end as "Полис", d.pens as "СНИЛС", d.address as "Адрес", case when spolref='2301001' then true else false end as "Прикреплен" , case when strcom_region_id='0300000000000' then false else true end as "Иногородний" FROM dan_tab d WHERE Lower(d.fam) LIKE @fam and Lower(d.nam) LIKE @nam ORDER BY d.fam, d.nam, d.mid, d.date_born LIMIT 150;
2017-05-15 10:44:12.5175 DEBUG SqlParams:
2017-05-15 10:44:12.5175 DEBUG SqlParam @fam=аветян%
2017-05-15 10:44:12.5175 DEBUG SqlParam @nam=мактах%
2017-05-15 10:44:14.7467 DEBUG Запрос: Select smo.id, smo.name, kladr.name from codifiers.strcom_tab smo left join codifiers.sp_kladr_tab kladr on smo.region_id = kladr.code where smo.region_id = @id and smo.name not like '*%'order by smo.name
2017-05-15 10:44:14.8257 DEBUG Получено записей: 4
2017-05-15 10:44:14.8957 DEBUG Запрос: select * from fed_lgota_tab where pens like @snils;
2017-05-15 10:44:14.8957 DEBUG Получено записей: 0
2017-05-15 10:44:14.9847 DEBUG Запрос: SELECT t.talon_id, t.result_id, t.diag_osn, t.doctor_id, t.date_vnes_inf,
                        v.visit_id, v.doctor_id as vdoctor_id, v.data_vnes_inf as vdate_vnes_inf, v.data_pos 
                        FROM public.talon_tab t left join public.visit_tab v on v.talon_id = t.talon_id
                        where t.dan_id = @patient_id;
2017-05-15 10:44:14.9997 DEBUG Получено записей: 82
2017-05-15 10:44:15.9217 DEBUG Запрос: Select visit_id from public.visit_tab where talon_id = @talonId;
2017-05-15 10:44:15.9217 DEBUG Получено записей: 0
2017-05-15 10:44:15.9557 DEBUG Запрос: SELECT d.id FROM diagn_tab d WHERE d.talon_id = @caseId ORDER BY d.id desc;
2017-05-15 10:44:15.9557 DEBUG Получено записей: 0
2017-05-15 10:44:43.3263 DEBUG Params: id=181744
2017-05-15 10:45:28.4369 DEBUG Params: id=181744
2017-05-15 10:45:41.3486 ERROR Cannot open connection: Failed to establish a connection to '192.168.16.253'.
2017-05-15 10:46:57.7470 DEBUG Params: id=181744
2017-05-15 10:50:11.7791 DEBUG Запрос: SELECT DISTINCT code_access, name, description 
                            FROM users_access_view WHERE users_id = @id
2017-05-15 10:50:11.8241 DEBUG Получено записей: 187
2017-05-15 10:50:13.8252 DEBUG SQL: select pattern from codifiers.patterns_tab where code = @patterncode and users_id is null;
2017-05-15 10:50:13.8252 DEBUG Parameters: @patterncode=, @operator=
2017-05-15 10:50:13.8552 DEBUG Result 
2017-05-15 10:50:13.8552 DEBUG нет шаблона для пользователя
2017-05-15 10:50:13.8552 DEBUG SQL: select pattern from codifiers.patterns_tab where code = @patterncode and users_id is null
2017-05-15 10:50:13.8552 DEBUG Parameters: @patterncode 
2017-05-15 10:50:13.8692 DEBUG Result 
2017-05-15 10:50:13.9242 DEBUG SQL: select pattern from codifiers.patterns_tab where code = @patterncode and users_id is null;
2017-05-15 10:50:13.9242 DEBUG Parameters: @patterncode=, @operator=
2017-05-15 10:50:13.9242 DEBUG Result 
2017-05-15 10:50:13.9242 DEBUG нет шаблона для пользователя
2017-05-15 10:50:13.9242 DEBUG SQL: select pattern from codifiers.patterns_tab where code = @patterncode and users_id is null
2017-05-15 10:50:13.9242 DEBUG Parameters: @patterncode 
2017-05-15 10:50:13.9492 DEBUG Result 
2017-05-15 10:50:14.2972 DEBUG Запрос: Select id, name, code, is_default, parent_id from codifiers.sp_kind_paid_tab order by id
2017-05-15 10:50:14.2992 DEBUG Получено записей: 9
2017-05-15 10:50:14.2992 DEBUG Запрос: Select id, name, code from codifiers.first_visit_condition_tab order by id
2017-05-15 10:50:14.2992 DEBUG Получено записей: 4
2017-05-15 10:50:14.3242 DEBUG Запрос: Select id, name, code, reestr, idsp, hospital_type_id, is_cure, is_inspection from codifiers.visit_purpose_common_tab order by id
2017-05-15 10:50:14.3242 DEBUG Получено записей: 22
2017-05-15 10:50:14.3532 DEBUG Запрос: Select id, name, code from codifiers.place_service_tab order by id
2017-05-15 10:50:14.3532 DEBUG Получено записей: 3
2017-05-15 10:50:14.3662 DEBUG Запрос: Select result_id, result, reestr, patient_state_id, reestr_rslt, reestr_ishod, _end from public.result_tab order by result_id
2017-05-15 10:50:14.3662 DEBUG Получено записей: 29
2017-05-15 10:50:14.3812 DEBUG Запрос: select id, name, code, bur_reestr_code from codifiers.travma_tab order by name;
2017-05-15 10:50:14.3812 DEBUG Получено записей: 15
2017-05-15 10:50:14.3962 DEBUG Запрос: SELECT * FROM codifiers.lpu_tab
2017-05-15 10:50:14.4182 DEBUG Получено записей: 113
2017-05-15 10:50:14.6622 DEBUG Запрос: SELECT * FROM codifiers.lpu_tab order by name
2017-05-15 10:50:14.6622 DEBUG Получено записей: 113
2017-05-15 10:50:14.6822 DEBUG Запрос: select sp_napr_obosn_id,trim(obosn_name) as obosn_name FROM sp_napr_obosn_tab ORDER BY sp_napr_obosn_id;
2017-05-15 10:50:14.6822 DEBUG Получено записей: 8
2017-05-15 10:50:14.6942 DEBUG Запрос: SELECT sp_type_napr_id, sp_type_napr FROM sp_type_napr_tab where sp_type_napr_id!=1 ORDER BY 1;
2017-05-15 10:50:14.6942 DEBUG Получено записей: 8
2017-05-15 10:50:14.7082 DEBUG Запрос: select id, code, name from codifiers.doctor_spec_tab order by 3,1;
2017-05-15 10:50:14.7082 DEBUG Получено записей: 176
2017-05-15 10:50:14.7252 DEBUG Запрос: Select mkb_id, mkb, kod_d, reestr_code from public.mkb_tab order by 1
2017-05-15 10:50:14.8883 DEBUG Получено записей: 13813
2017-05-15 10:50:19.4925 DEBUG Запрос: Select s.id, s.code, s.name from codifiers.sozstatus_tab s
2017-05-15 10:50:19.4945 DEBUG Получено записей: 11
2017-05-15 10:50:19.4945 DEBUG Запрос: Select u.id, u.code, u.name, u.doctor_id, u.otdel_id, u.age_from, u.age_for, u.flag_default, u.uchactok_type_id, u.lpu_id, u.sort, u.sex from codifiers.uchactok_tab u order by u.sort, u.name
2017-05-15 10:50:19.5135 DEBUG Получено записей: 77
2017-05-15 10:50:19.5685 DEBUG Запрос: select id, socr, name, full_name, index, code 
                              from codifiers.sp_kladr_tab
                              where level_ter=@level order by name
2017-05-15 10:50:19.5755 DEBUG Получено записей: 107
2017-05-15 10:50:19.8355 DEBUG Запрос: SELECT * FROM codifiers.lpu_tab
2017-05-15 10:50:19.8455 DEBUG Получено записей: 113
2017-05-15 10:50:22.8147 DEBUG PatientFindForm ShowFilterByDoctor set to true
2017-05-15 10:50:22.8147 DEBUG PatientFindForm OperatorId: 2469
2017-05-15 10:50:22.8167 DEBUG PatientFindForm DoctorId: 2469
2017-05-15 10:50:22.9437 DEBUG DoctorQuery
2017-05-15 10:50:22.9437 DEBUG sql: SELECT td.time_nazn as "Время записи", d.dan_id as "Id", d.fam as "Фамилия", d.nam as "Имя", d.mid as "Отчество", d.date_born as "Дата рождения", case when d.ser_pol is null then d.num_pol else d.ser_pol ||' '|| d.num_pol end as "Полис", d.address as "Адрес", case when spolref='2301001' then true else false end as "Прикреплен", case when strcom_region_id='0300000000000' then false else true end as "Иногородний" FROM dan_tab d LEFT JOIN public.talon_doctor_tab td on td.dan_id = d.dan_id WHERE td.date_nazn = date(@date) and td.doctor_id = @doctor;
2017-05-15 10:50:22.9437 DEBUG @date: 15.05.2017
2017-05-15 10:50:22.9437 DEBUG @doctor: 2469
2017-05-15 10:50:22.9437 DEBUG bindQueryToDataGrid
2017-05-15 10:50:22.9587 DEBUG Sql: SELECT td.time_nazn as "Время записи", d.dan_id as "Id", d.fam as "Фамилия", d.nam as "Имя", d.mid as "Отчество", d.date_born as "Дата рождения", case when d.ser_pol is null then d.num_pol else d.ser_pol ||' '|| d.num_pol end as "Полис", d.address as "Адрес", case when spolref='2301001' then true else false end as "Прикреплен", case when strcom_region_id='0300000000000' then false else true end as "Иногородний" FROM dan_tab d LEFT JOIN public.talon_doctor_tab td on td.dan_id = d.dan_id WHERE td.date_nazn = date(@date) and td.doctor_id = @doctor;
2017-05-15 10:50:22.9587 DEBUG SqlParams:
2017-05-15 10:50:22.9587 DEBUG SqlParam @date='15.05.2017'
2017-05-15 10:50:22.9587 DEBUG SqlParam @doctor=2469
2017-05-15 10:50:30.0431 DEBUG Sql: SELECT d.dan_id as "Id", d.fam as "Фамилия", d.nam as "Имя", d.mid as "Отчество", d.date_born as "Дата рождения", case when d.ser_pol is null then d.num_pol else d.ser_pol ||' '|| d.num_pol end as "Полис", d.pens as "СНИЛС", d.address as "Адрес", case when spolref='2301001' then true else false end as "Прикреплен" , case when strcom_region_id='0300000000000' then false else true end as "Иногородний" FROM dan_tab d WHERE Lower(d.fam) LIKE @fam and Lower(d.nam) LIKE @nam ORDER BY d.fam, d.nam, d.mid, d.date_born LIMIT 150;
2017-05-15 10:50:30.0431 DEBUG SqlParams:
2017-05-15 10:50:30.0431 DEBUG SqlParam @fam=аветян%
2017-05-15 10:50:30.0431 DEBUG SqlParam @nam=мактах%
2017-05-15 10:50:31.1882 DEBUG Запрос: Select smo.id, smo.name, kladr.name from codifiers.strcom_tab smo left join codifiers.sp_kladr_tab kladr on smo.region_id = kladr.code where smo.region_id = @id and smo.name not like '*%'order by smo.name
2017-05-15 10:50:31.2672 DEBUG Получено записей: 4
2017-05-15 10:50:31.3322 DEBUG Запрос: select * from fed_lgota_tab where pens like @snils;
2017-05-15 10:50:31.3342 DEBUG Получено записей: 0
2017-05-15 10:50:31.4212 DEBUG Запрос: SELECT t.talon_id, t.result_id, t.diag_osn, t.doctor_id, t.date_vnes_inf,
                        v.visit_id, v.doctor_id as vdoctor_id, v.data_vnes_inf as vdate_vnes_inf, v.data_pos 
                        FROM public.talon_tab t left join public.visit_tab v on v.talon_id = t.talon_id
                        where t.dan_id = @patient_id;
2017-05-15 10:50:31.4312 DEBUG Получено записей: 82
2017-05-15 10:50:32.4053 DEBUG Запрос: Select visit_id from public.visit_tab where talon_id = @talonId;
2017-05-15 10:50:32.4053 DEBUG Получено записей: 0
2017-05-15 10:50:32.4393 DEBUG Запрос: SELECT d.id FROM diagn_tab d WHERE d.talon_id = @caseId ORDER BY d.id desc;
2017-05-15 10:50:32.4423 DEBUG Получено записей: 0
2017-05-15 10:50:44.2739 DEBUG Params: id=181744
2017-05-15 10:53:28.4643 DEBUG Запрос: SELECT DISTINCT code_access, name, description 
                            FROM users_access_view WHERE users_id = @id
2017-05-15 10:53:28.5113 DEBUG Получено записей: 187
2017-05-15 10:53:30.5904 DEBUG SQL: select pattern from codifiers.patterns_tab where code = @patterncode and users_id is null;
2017-05-15 10:53:30.5904 DEBUG Parameters: @patterncode=, @operator=
2017-05-15 10:53:30.6174 DEBUG Result 
2017-05-15 10:53:30.6174 DEBUG нет шаблона для пользователя
2017-05-15 10:53:30.6174 DEBUG SQL: select pattern from codifiers.patterns_tab where code = @patterncode and users_id is null
2017-05-15 10:53:30.6174 DEBUG Parameters: @patterncode 
2017-05-15 10:53:30.6304 DEBUG Result 
2017-05-15 10:53:30.6745 DEBUG SQL: select pattern from codifiers.patterns_tab where code = @patterncode and users_id is null;
2017-05-15 10:53:30.6745 DEBUG Parameters: @patterncode=, @operator=
2017-05-15 10:53:30.6745 DEBUG Result 
2017-05-15 10:53:30.6745 DEBUG нет шаблона для пользователя
2017-05-15 10:53:30.6745 DEBUG SQL: select pattern from codifiers.patterns_tab where code = @patterncode and users_id is null
2017-05-15 10:53:30.6745 DEBUG Parameters: @patterncode 
2017-05-15 10:53:30.6975 DEBUG Result 
2017-05-15 10:53:31.0175 DEBUG Запрос: Select id, name, code, is_default, parent_id from codifiers.sp_kind_paid_tab order by id
2017-05-15 10:53:31.2585 DEBUG Получено записей: 9
2017-05-15 10:53:31.3085 DEBUG Запрос: Select id, name, code from codifiers.first_visit_condition_tab order by id
2017-05-15 10:53:31.3085 DEBUG Получено записей: 4
2017-05-15 10:53:31.3235 DEBUG Запрос: Select id, name, code, reestr, idsp, hospital_type_id, is_cure, is_inspection from codifiers.visit_purpose_common_tab order by id
2017-05-15 10:53:31.3235 DEBUG Получено записей: 22
2017-05-15 10:53:31.3505 DEBUG Запрос: Select id, name, code from codifiers.place_service_tab order by id
2017-05-15 10:53:31.3505 DEBUG Получено записей: 3
2017-05-15 10:53:31.3635 DEBUG Запрос: Select result_id, result, reestr, patient_state_id, reestr_rslt, reestr_ishod, _end from public.result_tab order by result_id
2017-05-15 10:53:31.4235 DEBUG Получено записей: 29
2017-05-15 10:53:31.4235 DEBUG Запрос: select id, name, code, bur_reestr_code from codifiers.travma_tab order by name;
2017-05-15 10:53:31.4385 DEBUG Получено записей: 15
2017-05-15 10:53:31.4385 DEBUG Запрос: SELECT * FROM codifiers.lpu_tab
2017-05-15 10:53:31.4675 DEBUG Получено записей: 113
2017-05-15 10:53:31.7155 DEBUG Запрос: SELECT * FROM codifiers.lpu_tab order by name
2017-05-15 10:53:31.7255 DEBUG Получено записей: 113
2017-05-15 10:53:31.7355 DEBUG Запрос: select sp_napr_obosn_id,trim(obosn_name) as obosn_name FROM sp_napr_obosn_tab ORDER BY sp_napr_obosn_id;
2017-05-15 10:53:31.7355 DEBUG Получено записей: 8
2017-05-15 10:53:31.7355 DEBUG Запрос: SELECT sp_type_napr_id, sp_type_napr FROM sp_type_napr_tab where sp_type_napr_id!=1 ORDER BY 1;
2017-05-15 10:53:31.7495 DEBUG Получено записей: 8
2017-05-15 10:53:31.7495 DEBUG Запрос: select id, code, name from codifiers.doctor_spec_tab order by 3,1;
2017-05-15 10:53:31.7665 DEBUG Получено записей: 176
2017-05-15 10:53:31.7665 DEBUG Запрос: Select mkb_id, mkb, kod_d, reestr_code from public.mkb_tab order by 1
2017-05-15 10:53:31.9415 DEBUG Получено записей: 13813
2017-05-15 10:53:36.3358 DEBUG Запрос: Select s.id, s.code, s.name from codifiers.sozstatus_tab s
2017-05-15 10:53:36.3358 DEBUG Получено записей: 11
2017-05-15 10:53:36.3358 DEBUG Запрос: Select u.id, u.code, u.name, u.doctor_id, u.otdel_id, u.age_from, u.age_for, u.flag_default, u.uchactok_type_id, u.lpu_id, u.sort, u.sex from codifiers.uchactok_tab u order by u.sort, u.name
2017-05-15 10:53:36.3538 DEBUG Получено записей: 77
2017-05-15 10:53:36.3928 DEBUG Запрос: select id, socr, name, full_name, index, code 
                              from codifiers.sp_kladr_tab
                              where level_ter=@level order by name
2017-05-15 10:53:36.3928 DEBUG Получено записей: 107
2017-05-15 10:53:36.6448 DEBUG Запрос: SELECT * FROM codifiers.lpu_tab
2017-05-15 10:53:36.6528 DEBUG Получено записей: 113
2017-05-15 10:53:38.8889 DEBUG PatientFindForm ShowFilterByDoctor set to true
2017-05-15 10:53:38.8889 DEBUG PatientFindForm OperatorId: 2469
2017-05-15 10:53:38.8889 DEBUG PatientFindForm DoctorId: 2469
2017-05-15 10:53:38.9879 DEBUG DoctorQuery
2017-05-15 10:53:38.9879 DEBUG sql: SELECT td.time_nazn as "Время записи", d.dan_id as "Id", d.fam as "Фамилия", d.nam as "Имя", d.mid as "Отчество", d.date_born as "Дата рождения", case when d.ser_pol is null then d.num_pol else d.ser_pol ||' '|| d.num_pol end as "Полис", d.address as "Адрес", case when spolref='2301001' then true else false end as "Прикреплен", case when strcom_region_id='0300000000000' then false else true end as "Иногородний" FROM dan_tab d LEFT JOIN public.talon_doctor_tab td on td.dan_id = d.dan_id WHERE td.date_nazn = date(@date) and td.doctor_id = @doctor;
2017-05-15 10:53:38.9879 DEBUG @date: 15.05.2017
2017-05-15 10:53:38.9879 DEBUG @doctor: 2469
2017-05-15 10:53:38.9879 DEBUG bindQueryToDataGrid
2017-05-15 10:53:38.9879 DEBUG Sql: SELECT td.time_nazn as "Время записи", d.dan_id as "Id", d.fam as "Фамилия", d.nam as "Имя", d.mid as "Отчество", d.date_born as "Дата рождения", case when d.ser_pol is null then d.num_pol else d.ser_pol ||' '|| d.num_pol end as "Полис", d.address as "Адрес", case when spolref='2301001' then true else false end as "Прикреплен", case when strcom_region_id='0300000000000' then false else true end as "Иногородний" FROM dan_tab d LEFT JOIN public.talon_doctor_tab td on td.dan_id = d.dan_id WHERE td.date_nazn = date(@date) and td.doctor_id = @doctor;
2017-05-15 10:53:38.9879 DEBUG SqlParams:
2017-05-15 10:53:38.9879 DEBUG SqlParam @date='15.05.2017'
2017-05-15 10:53:38.9879 DEBUG SqlParam @doctor=2469
2017-05-15 10:53:46.0013 DEBUG Sql: SELECT d.dan_id as "Id", d.fam as "Фамилия", d.nam as "Имя", d.mid as "Отчество", d.date_born as "Дата рождения", case when d.ser_pol is null then d.num_pol else d.ser_pol ||' '|| d.num_pol end as "Полис", d.pens as "СНИЛС", d.address as "Адрес", case when spolref='2301001' then true else false end as "Прикреплен" , case when strcom_region_id='0300000000000' then false else true end as "Иногородний" FROM dan_tab d WHERE Lower(d.fam) LIKE @fam and Lower(d.nam) LIKE @nam ORDER BY d.fam, d.nam, d.mid, d.date_born LIMIT 150;
2017-05-15 10:53:46.0013 DEBUG SqlParams:
2017-05-15 10:53:46.0013 DEBUG SqlParam @fam=аветян%
2017-05-15 10:53:46.0013 DEBUG SqlParam @nam=мактах%
2017-05-15 10:53:48.0094 DEBUG Запрос: Select smo.id, smo.name, kladr.name from codifiers.strcom_tab smo left join codifiers.sp_kladr_tab kladr on smo.region_id = kladr.code where smo.region_id = @id and smo.name not like '*%'order by smo.name
2017-05-15 10:53:48.0884 DEBUG Получено записей: 4
2017-05-15 10:53:48.1505 DEBUG Запрос: select * from fed_lgota_tab where pens like @snils;
2017-05-15 10:53:48.1505 DEBUG Получено записей: 0
2017-05-15 10:53:48.2395 DEBUG Запрос: SELECT t.talon_id, t.result_id, t.diag_osn, t.doctor_id, t.date_vnes_inf,
                        v.visit_id, v.doctor_id as vdoctor_id, v.data_vnes_inf as vdate_vnes_inf, v.data_pos 
                        FROM public.talon_tab t left join public.visit_tab v on v.talon_id = t.talon_id
                        where t.dan_id = @patient_id;
2017-05-15 10:53:48.2395 DEBUG Получено записей: 82
2017-05-15 10:53:49.1255 DEBUG Запрос: Select visit_id from public.visit_tab where talon_id = @talonId;
2017-05-15 10:53:49.1285 DEBUG Получено записей: 0
2017-05-15 10:53:49.1585 DEBUG Запрос: SELECT d.id FROM diagn_tab d WHERE d.talon_id = @caseId ORDER BY d.id desc;
2017-05-15 10:53:49.1615 DEBUG Получено записей: 0
2017-05-15 10:54:05.1234 DEBUG Params: id=181744
2017-05-15 10:54:07.2595 DEBUG Запрос: SELECT * FROM codifiers.lpu_tab
2017-05-15 10:54:07.2595 DEBUG Получено записей: 113
2017-05-15 10:57:30.9942 DEBUG Запрос: SELECT DISTINCT code_access, name, description 
                            FROM users_access_view WHERE users_id = @id
2017-05-15 10:57:31.0372 DEBUG Получено записей: 187
2017-05-15 10:57:33.2433 DEBUG SQL: select pattern from codifiers.patterns_tab where code = @patterncode and users_id is null;
2017-05-15 10:57:33.2433 DEBUG Parameters: @patterncode=, @operator=
2017-05-15 10:57:33.2813 DEBUG Result 
2017-05-15 10:57:33.2813 DEBUG нет шаблона для пользователя
2017-05-15 10:57:33.2813 DEBUG SQL: select pattern from codifiers.patterns_tab where code = @patterncode and users_id is null
2017-05-15 10:57:33.2813 DEBUG Parameters: @patterncode 
2017-05-15 10:57:33.3003 DEBUG Result 
2017-05-15 10:57:33.3513 DEBUG SQL: select pattern from codifiers.patterns_tab where code = @patterncode and users_id is null;
2017-05-15 10:57:33.3513 DEBUG Parameters: @patterncode=, @operator=
2017-05-15 10:57:33.3663 DEBUG Result 
2017-05-15 10:57:33.3663 DEBUG нет шаблона для пользователя
2017-05-15 10:57:33.3663 DEBUG SQL: select pattern from codifiers.patterns_tab where code = @patterncode and users_id is null
2017-05-15 10:57:33.3663 DEBUG Parameters: @patterncode 
2017-05-15 10:57:33.3833 DEBUG Result 
2017-05-15 10:57:33.6844 DEBUG Запрос: Select id, name, code, is_default, parent_id from codifiers.sp_kind_paid_tab order by id
2017-05-15 10:57:33.6844 DEBUG Получено записей: 9
2017-05-15 10:57:33.7034 DEBUG Запрос: Select id, name, code from codifiers.first_visit_condition_tab order by id
2017-05-15 10:57:33.7074 DEBUG Получено записей: 4
2017-05-15 10:57:33.7074 DEBUG Запрос: Select id, name, code, reestr, idsp, hospital_type_id, is_cure, is_inspection from codifiers.visit_purpose_common_tab order by id
2017-05-15 10:57:33.7244 DEBUG Получено записей: 22
2017-05-15 10:57:33.7524 DEBUG Запрос: Select id, name, code from codifiers.place_service_tab order by id
2017-05-15 10:57:33.7564 DEBUG Получено записей: 3
2017-05-15 10:57:33.7704 DEBUG Запрос: Select result_id, result, reestr, patient_state_id, reestr_rslt, reestr_ishod, _end from public.result_tab order by result_id
2017-05-15 10:57:33.7704 DEBUG Получено записей: 29
2017-05-15 10:57:33.7904 DEBUG Запрос: select id, name, code, bur_reestr_code from codifiers.travma_tab order by name;
2017-05-15 10:57:33.7904 DEBUG Получено записей: 15
2017-05-15 10:57:33.8064 DEBUG Запрос: SELECT * FROM codifiers.lpu_tab
2017-05-15 10:57:33.8274 DEBUG Получено записей: 113
2017-05-15 10:57:34.0624 DEBUG Запрос: SELECT * FROM codifiers.lpu_tab order by name
2017-05-15 10:57:34.0734 DEBUG Получено записей: 113
2017-05-15 10:57:34.0854 DEBUG Запрос: select sp_napr_obosn_id,trim(obosn_name) as obosn_name FROM sp_napr_obosn_tab ORDER BY sp_napr_obosn_id;
2017-05-15 10:57:34.0854 DEBUG Получено записей: 8
2017-05-15 10:57:34.1034 DEBUG Запрос: SELECT sp_type_napr_id, sp_type_napr FROM sp_type_napr_tab where sp_type_napr_id!=1 ORDER BY 1;
2017-05-15 10:57:34.1034 DEBUG Получено записей: 8
2017-05-15 10:57:34.1284 DEBUG Запрос: select id, code, name from codifiers.doctor_spec_tab order by 3,1;
2017-05-15 10:57:34.1284 DEBUG Получено записей: 176
2017-05-15 10:57:34.1494 DEBUG Запрос: Select mkb_id, mkb, kod_d, reestr_code from public.mkb_tab order by 1
2017-05-15 10:57:34.3684 DEBUG Получено записей: 13813
2017-05-15 10:57:38.8746 DEBUG Запрос: Select s.id, s.code, s.name from codifiers.sozstatus_tab s
2017-05-15 10:57:38.8746 DEBUG Получено записей: 11
2017-05-15 10:57:38.8966 DEBUG Запрос: Select u.id, u.code, u.name, u.doctor_id, u.otdel_id, u.age_from, u.age_for, u.flag_default, u.uchactok_type_id, u.lpu_id, u.sort, u.sex from codifiers.uchactok_tab u order by u.sort, u.name
2017-05-15 10:57:38.9037 DEBUG Получено записей: 77
2017-05-15 10:57:38.9537 DEBUG Запрос: select id, socr, name, full_name, index, code 
                              from codifiers.sp_kladr_tab
                              where level_ter=@level order by name
2017-05-15 10:57:38.9537 DEBUG Получено записей: 107
2017-05-15 10:57:39.2127 DEBUG Запрос: SELECT * FROM codifiers.lpu_tab
2017-05-15 10:57:39.2237 DEBUG Получено записей: 113
2017-05-15 10:57:41.7848 DEBUG PatientFindForm ShowFilterByDoctor set to true
2017-05-15 10:57:41.7848 DEBUG PatientFindForm OperatorId: 2469
2017-05-15 10:57:41.7848 DEBUG PatientFindForm DoctorId: 2469
2017-05-15 10:57:42.0588 DEBUG DoctorQuery
2017-05-15 10:57:42.0588 DEBUG sql: SELECT td.time_nazn as "Время записи", d.dan_id as "Id", d.fam as "Фамилия", d.nam as "Имя", d.mid as "Отчество", d.date_born as "Дата рождения", case when d.ser_pol is null then d.num_pol else d.ser_pol ||' '|| d.num_pol end as "Полис", d.address as "Адрес", case when spolref='2301001' then true else false end as "Прикреплен", case when strcom_region_id='0300000000000' then false else true end as "Иногородний" FROM dan_tab d LEFT JOIN public.talon_doctor_tab td on td.dan_id = d.dan_id WHERE td.date_nazn = date(@date) and td.doctor_id = @doctor;
2017-05-15 10:57:42.0588 DEBUG @date: 15.05.2017
2017-05-15 10:57:42.0588 DEBUG @doctor: 2469
2017-05-15 10:57:42.0588 DEBUG bindQueryToDataGrid
2017-05-15 10:57:42.0708 DEBUG Sql: SELECT td.time_nazn as "Время записи", d.dan_id as "Id", d.fam as "Фамилия", d.nam as "Имя", d.mid as "Отчество", d.date_born as "Дата рождения", case when d.ser_pol is null then d.num_pol else d.ser_pol ||' '|| d.num_pol end as "Полис", d.address as "Адрес", case when spolref='2301001' then true else false end as "Прикреплен", case when strcom_region_id='0300000000000' then false else true end as "Иногородний" FROM dan_tab d LEFT JOIN public.talon_doctor_tab td on td.dan_id = d.dan_id WHERE td.date_nazn = date(@date) and td.doctor_id = @doctor;
2017-05-15 10:57:42.0708 DEBUG SqlParams:
2017-05-15 10:57:42.0708 DEBUG SqlParam @date='15.05.2017'
2017-05-15 10:57:42.0708 DEBUG SqlParam @doctor=2469
2017-05-15 10:57:50.4893 DEBUG Sql: SELECT d.dan_id as "Id", d.fam as "Фамилия", d.nam as "Имя", d.mid as "Отчество", d.date_born as "Дата рождения", case when d.ser_pol is null then d.num_pol else d.ser_pol ||' '|| d.num_pol end as "Полис", d.pens as "СНИЛС", d.address as "Адрес", case when spolref='2301001' then true else false end as "Прикреплен" , case when strcom_region_id='0300000000000' then false else true end as "Иногородний" FROM dan_tab d WHERE Lower(d.fam) LIKE @fam and Lower(d.nam) LIKE @nam ORDER BY d.fam, d.nam, d.mid, d.date_born LIMIT 150;
2017-05-15 10:57:50.4893 DEBUG SqlParams:
2017-05-15 10:57:50.4893 DEBUG SqlParam @fam=аветян%
2017-05-15 10:57:50.4893 DEBUG SqlParam @nam=мактах%
2017-05-15 10:57:52.2884 DEBUG Запрос: Select smo.id, smo.name, kladr.name from codifiers.strcom_tab smo left join codifiers.sp_kladr_tab kladr on smo.region_id = kladr.code where smo.region_id = @id and smo.name not like '*%'order by smo.name
2017-05-15 10:57:52.3704 DEBUG Получено записей: 4
2017-05-15 10:57:52.4484 DEBUG Запрос: select * from fed_lgota_tab where pens like @snils;
2017-05-15 10:57:52.4484 DEBUG Получено записей: 0
2017-05-15 10:57:52.5534 DEBUG Запрос: SELECT t.talon_id, t.result_id, t.diag_osn, t.doctor_id, t.date_vnes_inf,
                        v.visit_id, v.doctor_id as vdoctor_id, v.data_vnes_inf as vdate_vnes_inf, v.data_pos 
                        FROM public.talon_tab t left join public.visit_tab v on v.talon_id = t.talon_id
                        where t.dan_id = @patient_id;
2017-05-15 10:57:52.5534 DEBUG Получено записей: 82
2017-05-15 10:57:53.6255 DEBUG Запрос: Select visit_id from public.visit_tab where talon_id = @talonId;
2017-05-15 10:57:53.6255 DEBUG Получено записей: 0
2017-05-15 10:57:53.6615 DEBUG Запрос: SELECT d.id FROM diagn_tab d WHERE d.talon_id = @caseId ORDER BY d.id desc;
2017-05-15 10:57:53.6615 DEBUG Получено записей: 0
2017-05-15 10:58:08.8954 DEBUG Params: id=181744
2017-05-15 10:58:15.2317 DEBUG Запрос: SELECT * FROM codifiers.lpu_tab
2017-05-15 10:58:15.2417 DEBUG Получено записей: 113
