2017-01-10 09:20:38.3485 DEBUG Запрос: SELECT DISTINCT code_access, name, description 
                            FROM users_access_view WHERE users_id = @id
2017-01-10 09:20:38.3965 DEBUG Получено записей: 0
2017-01-10 09:20:41.1657 DEBUG SQL: select pattern from codifiers.patterns_tab where code = @patterncode and users_id is null;
2017-01-10 09:20:41.1657 DEBUG Parameters: @patterncode=, @operator=
2017-01-10 09:20:41.2017 DEBUG Result 
2017-01-10 09:20:41.2017 DEBUG нет шаблона для пользователя
2017-01-10 09:20:41.2017 DEBUG SQL: select pattern from codifiers.patterns_tab where code = @patterncode and users_id is null
2017-01-10 09:20:41.2017 DEBUG Parameters: @patterncode 
2017-01-10 09:20:41.2157 DEBUG Result 
2017-01-10 09:20:41.2717 DEBUG SQL: select pattern from codifiers.patterns_tab where code = @patterncode and users_id is null;
2017-01-10 09:20:41.2717 DEBUG Parameters: @patterncode=, @operator=
2017-01-10 09:20:41.2827 DEBUG Result 
2017-01-10 09:20:41.2827 DEBUG нет шаблона для пользователя
2017-01-10 09:20:41.2827 DEBUG SQL: select pattern from codifiers.patterns_tab where code = @patterncode and users_id is null
2017-01-10 09:20:41.2827 DEBUG Parameters: @patterncode 
2017-01-10 09:20:41.2927 DEBUG Result 
2017-01-10 09:20:41.7747 DEBUG Запрос: Select id, name, code, is_default, parent_id from codifiers.sp_kind_paid_tab order by id
2017-01-10 09:20:41.7747 DEBUG Получено записей: 9
2017-01-10 09:20:41.7887 DEBUG Запрос: Select id, name, code from codifiers.first_visit_condition_tab order by id
2017-01-10 09:20:41.7887 DEBUG Получено записей: 4
2017-01-10 09:20:41.7887 DEBUG Запрос: Select id, name, code, reestr, idsp, hospital_type_id, is_cure, is_inspection from codifiers.visit_purpose_common_tab order by id
2017-01-10 09:20:41.8067 DEBUG Получено записей: 22
2017-01-10 09:20:41.8067 DEBUG Запрос: Select id, name, code from codifiers.place_service_tab order by id
2017-01-10 09:20:41.8197 DEBUG Получено записей: 3
2017-01-10 09:20:41.8197 DEBUG Запрос: Select result_id, result, reestr, patient_state_id, reestr_rslt, reestr_ishod, _end from public.result_tab order by result_id
2017-01-10 09:20:41.8347 DEBUG Получено записей: 29
2017-01-10 09:20:41.8347 DEBUG Запрос: select id, name, code, bur_reestr_code from codifiers.travma_tab order by name;
2017-01-10 09:20:41.8347 DEBUG Получено записей: 15
2017-01-10 09:20:41.8587 DEBUG Запрос: SELECT * FROM codifiers.lpu_tab
2017-01-10 09:20:41.8997 DEBUG Получено записей: 102
2017-01-10 09:20:42.3517 DEBUG Запрос: SELECT * FROM codifiers.lpu_tab
2017-01-10 09:20:42.3517 DEBUG Получено записей: 102
2017-01-10 09:20:42.3727 DEBUG Запрос: select sp_napr_obosn_id,trim(obosn_name) as obosn_name FROM sp_napr_obosn_tab ORDER BY sp_napr_obosn_id;
2017-01-10 09:22:28.2258 DEBUG Запрос: SELECT DISTINCT code_access, name, description 
                            FROM users_access_view WHERE users_id = @id
2017-01-10 09:22:28.2718 DEBUG Получено записей: 0
2017-01-10 09:22:30.5669 DEBUG SQL: select pattern from codifiers.patterns_tab where code = @patterncode and users_id is null;
2017-01-10 09:22:30.5669 DEBUG Parameters: @patterncode=, @operator=
2017-01-10 09:22:30.6019 DEBUG Result 
2017-01-10 09:22:30.6019 DEBUG нет шаблона для пользователя
2017-01-10 09:22:30.6019 DEBUG SQL: select pattern from codifiers.patterns_tab where code = @patterncode and users_id is null
2017-01-10 09:22:30.6019 DEBUG Parameters: @patterncode 
2017-01-10 09:22:30.6149 DEBUG Result 
2017-01-10 09:22:30.6719 DEBUG SQL: select pattern from codifiers.patterns_tab where code = @patterncode and users_id is null;
2017-01-10 09:22:30.6719 DEBUG Parameters: @patterncode=, @operator=
2017-01-10 09:22:30.6839 DEBUG Result 
2017-01-10 09:22:30.6839 DEBUG нет шаблона для пользователя
2017-01-10 09:22:30.6839 DEBUG SQL: select pattern from codifiers.patterns_tab where code = @patterncode and users_id is null
2017-01-10 09:22:30.6839 DEBUG Parameters: @patterncode 
2017-01-10 09:22:30.6949 DEBUG Result 
2017-01-10 09:22:31.0809 DEBUG Запрос: Select id, name, code, is_default, parent_id from codifiers.sp_kind_paid_tab order by id
2017-01-10 09:22:31.0839 DEBUG Получено записей: 9
2017-01-10 09:22:31.0839 DEBUG Запрос: Select id, name, code from codifiers.first_visit_condition_tab order by id
2017-01-10 09:22:31.0839 DEBUG Получено записей: 4
2017-01-10 09:22:31.1070 DEBUG Запрос: Select id, name, code, reestr, idsp, hospital_type_id, is_cure, is_inspection from codifiers.visit_purpose_common_tab order by id
2017-01-10 09:22:31.1070 DEBUG Получено записей: 22
2017-01-10 09:22:31.1230 DEBUG Запрос: Select id, name, code from codifiers.place_service_tab order by id
2017-01-10 09:22:31.1230 DEBUG Получено записей: 3
2017-01-10 09:22:31.1360 DEBUG Запрос: Select result_id, result, reestr, patient_state_id, reestr_rslt, reestr_ishod, _end from public.result_tab order by result_id
2017-01-10 09:22:31.1360 DEBUG Получено записей: 29
2017-01-10 09:22:31.1530 DEBUG Запрос: select id, name, code, bur_reestr_code from codifiers.travma_tab order by name;
2017-01-10 09:22:31.1530 DEBUG Получено записей: 15
2017-01-10 09:22:31.1670 DEBUG Запрос: SELECT * FROM codifiers.lpu_tab
2017-01-10 09:22:31.2030 DEBUG Получено записей: 102
2017-01-10 09:22:31.5530 DEBUG Запрос: SELECT * FROM codifiers.lpu_tab
2017-01-10 09:22:31.5530 DEBUG Получено записей: 102
2017-01-10 09:22:31.5750 DEBUG Запрос: select sp_napr_obosn_id,trim(obosn_name) as obosn_name FROM sp_napr_obosn_tab ORDER BY sp_napr_obosn_id;
2017-01-10 09:25:52.2745 DEBUG Запрос: SELECT DISTINCT code_access, name, description 
                            FROM users_access_view WHERE users_id = @id
2017-01-10 09:25:52.3205 DEBUG Получено записей: 0
2017-01-10 09:25:57.2677 DEBUG Запрос: Select s.id, s.code, s.name from codifiers.sozstatus_tab s
2017-01-10 09:25:57.2697 DEBUG Получено записей: 11
2017-01-10 09:25:57.2697 DEBUG Запрос: Select u.id, u.code, u.name, u.doctor_id, u.otdel_id, u.age_from, u.age_for, u.flag_default, u.uchactok_type_id, u.lpu_id, u.sort, u.sex from codifiers.uchactok_tab u order by u.sort, u.name
2017-01-10 09:25:57.2897 DEBUG Получено записей: 75
2017-01-10 09:25:57.3417 DEBUG Запрос: select id, socr, name, full_name, index, code 
                              from codifiers.sp_kladr_tab
                              where level_ter=@level order by name
2017-01-10 09:25:57.3467 DEBUG Получено записей: 0
2017-01-10 09:26:06.1022 DEBUG Запрос: 
2017-01-10 09:26:47.1396 DEBUG Запрос:  select dan.fam lastname, dan.nam firstname, dan.mid midname, 
                            doc.norma, doc.stavka, doc.dan_id patientid,doc.id id,doc.operator_id operatorid,
                            otd.name divisionname,
                            spec.name specialityname, dolg.name positionname, 
                            users.login login
                            from doctor_tab doc
                            left join codifiers.otdel_tab otd on otd.id=doc.sp_otdel_id
                            left join codifiers.doctor_spec_tab spec on spec.id=doc.sp_spec_doctor_id
                            left join codifiers.doctor_dolg_tab dolg on dolg.id=doc.sp_dolg_doctor_id
                            left join dan_tab dan on doc.dan_id = dan.dan_id
                            left join users_tab users on users.id = doc.users_id
                            where employee_type=1 and doc.expiration_date>@Date
                            order by 2                            
                            
2017-01-10 09:26:47.1726 DEBUG Запрос: Select u.id, u.code, u.name, u.doctor_id, u.otdel_id, u.age_from, u.age_for, u.flag_default, u.uchactok_type_id, u.lpu_id, u.sort, u.sex from codifiers.uchactok_tab u order by u.sort, u.name
2017-01-10 09:26:47.1786 DEBUG Получено записей: 75
2017-01-10 09:29:35.0982 DEBUG Запрос: 
2017-01-10 09:30:00.2006 DEBUG PatientFindForm ShowFilterByDoctor set to true
2017-01-10 09:30:07.5921 DEBUG Sql: SELECT d.dan_id as "Id", d.fam as "Фамилия", d.nam as "Имя", d.mid as "Отчество", d.date_born as "Дата рождения", case when d.ser_pol is null then d.num_pol else d.ser_pol ||' '|| d.num_pol end as "Полис", d.pens as "СНИЛС", d.address as "Адрес", case when spolref='2301001' then true else false end as "Прикреплен" , case when strcom_region_id='0300000000000' then false else true end as "Иногородний" FROM dan_tab d WHERE Lower(d.fam) LIKE @fam ORDER BY d.fam, d.nam, d.mid, d.date_born LIMIT 150;
2017-01-10 09:30:07.5921 DEBUG SqlParams:
2017-01-10 09:30:07.5921 DEBUG SqlParam @fam=иванов%
2017-01-10 09:40:27.6365 DEBUG Запрос: SELECT DISTINCT code_access, name, description 
                            FROM users_access_view WHERE users_id = @id
2017-01-10 09:40:27.6935 DEBUG Получено записей: 0
2017-01-10 09:40:32.4458 DEBUG Запрос: Select s.id, s.code, s.name from codifiers.sozstatus_tab s
2017-01-10 09:40:32.4458 DEBUG Получено записей: 11
2017-01-10 09:40:32.4608 DEBUG Запрос: Select u.id, u.code, u.name, u.doctor_id, u.otdel_id, u.age_from, u.age_for, u.flag_default, u.uchactok_type_id, u.lpu_id, u.sort, u.sex from codifiers.uchactok_tab u order by u.sort, u.name
2017-01-10 09:40:32.4678 DEBUG Получено записей: 75
2017-01-10 09:40:32.5238 DEBUG Запрос: select id, socr, name, full_name, index, code 
                              from codifiers.sp_kladr_tab
                              where level_ter=@level order by name
2017-01-10 09:40:32.5288 DEBUG Получено записей: 0
2017-01-10 09:40:38.8162 DEBUG Запрос: 
2017-01-10 09:42:28.6254 DEBUG PatientFindForm ShowFilterByDoctor set to true
2017-01-10 09:42:40.3711 DEBUG Sql: SELECT d.dan_id as "Id", d.fam as "Фамилия", d.nam as "Имя", d.mid as "Отчество", d.date_born as "Дата рождения", case when d.ser_pol is null then d.num_pol else d.ser_pol ||' '|| d.num_pol end as "Полис", d.pens as "СНИЛС", d.address as "Адрес", case when spolref='2301001' then true else false end as "Прикреплен" , case when strcom_region_id='0300000000000' then false else true end as "Иногородний" FROM dan_tab d WHERE Lower(d.fam) LIKE @fam ORDER BY d.fam, d.nam, d.mid, d.date_born LIMIT 150;
2017-01-10 09:42:40.3711 DEBUG SqlParams:
2017-01-10 09:42:40.3711 DEBUG SqlParam @fam=иванов%
2017-01-10 10:01:40.7663 DEBUG Запрос: SELECT DISTINCT code_access, name, description 
                            FROM users_access_view WHERE users_id = @id
2017-01-10 10:01:40.8123 DEBUG Получено записей: 0
2017-01-10 10:01:44.9526 DEBUG Запрос: Select s.id, s.code, s.name from codifiers.sozstatus_tab s
2017-01-10 10:01:44.9526 DEBUG Получено записей: 11
2017-01-10 10:01:44.9686 DEBUG Запрос: Select u.id, u.code, u.name, u.doctor_id, u.otdel_id, u.age_from, u.age_for, u.flag_default, u.uchactok_type_id, u.lpu_id, u.sort, u.sex from codifiers.uchactok_tab u order by u.sort, u.name
2017-01-10 10:01:44.9686 DEBUG Получено записей: 75
2017-01-10 10:01:45.0296 DEBUG Запрос: select id, socr, name, full_name, index, code 
                              from codifiers.sp_kladr_tab
                              where level_ter=@level order by name
2017-01-10 10:01:45.0296 DEBUG Получено записей: 0
2017-01-10 10:01:52.6170 DEBUG Запрос: 
2017-01-10 10:09:45.7821 DEBUG Запрос: SELECT DISTINCT code_access, name, description 
                            FROM users_access_view WHERE users_id = @id
2017-01-10 10:09:45.8291 DEBUG Получено записей: 0
2017-01-10 10:09:50.3093 DEBUG Запрос: Select s.id, s.code, s.name from codifiers.sozstatus_tab s
2017-01-10 10:09:50.3093 DEBUG Получено записей: 11
2017-01-10 10:09:50.3253 DEBUG Запрос: Select u.id, u.code, u.name, u.doctor_id, u.otdel_id, u.age_from, u.age_for, u.flag_default, u.uchactok_type_id, u.lpu_id, u.sort, u.sex from codifiers.uchactok_tab u order by u.sort, u.name
2017-01-10 10:09:50.3313 DEBUG Получено записей: 75
2017-01-10 10:09:50.3903 DEBUG Запрос: select id, socr, name, full_name, index, code 
                              from codifiers.sp_kladr_tab
                              where level_ter=@level order by name
2017-01-10 10:09:50.3943 DEBUG Получено записей: 0
2017-01-10 10:09:57.5048 DEBUG Запрос: 
2017-01-10 10:17:51.6609 DEBUG Запрос: SELECT DISTINCT code_access, name, description 
                            FROM users_access_view WHERE users_id = @id
2017-01-10 10:17:51.7069 DEBUG Получено записей: 0
2017-01-10 10:17:56.6892 DEBUG Запрос: Select s.id, s.code, s.name from codifiers.sozstatus_tab s
2017-01-10 10:17:56.6892 DEBUG Получено записей: 11
2017-01-10 10:17:56.7042 DEBUG Запрос: Select u.id, u.code, u.name, u.doctor_id, u.otdel_id, u.age_from, u.age_for, u.flag_default, u.uchactok_type_id, u.lpu_id, u.sort, u.sex from codifiers.uchactok_tab u order by u.sort, u.name
2017-01-10 10:17:56.7042 DEBUG Получено записей: 75
2017-01-10 10:17:56.7732 DEBUG Запрос: select id, socr, name, full_name, index, code 
                              from codifiers.sp_kladr_tab
                              where level_ter=@level order by name
2017-01-10 10:17:56.7772 DEBUG Получено записей: 0
2017-01-10 10:18:04.2676 DEBUG Запрос: 
2017-01-10 10:51:39.2338 DEBUG Запрос: SELECT DISTINCT code_access, name, description 
                            FROM users_access_view WHERE users_id = @id
2017-01-10 10:51:39.2808 DEBUG Получено записей: 0
2017-01-10 10:51:43.3351 DEBUG Запрос: Select s.id, s.code, s.name from codifiers.sozstatus_tab s
2017-01-10 10:51:43.3371 DEBUG Получено записей: 11
2017-01-10 10:51:43.3371 DEBUG Запрос: Select u.id, u.code, u.name, u.doctor_id, u.otdel_id, u.age_from, u.age_for, u.flag_default, u.uchactok_type_id, u.lpu_id, u.sort, u.sex from codifiers.uchactok_tab u order by u.sort, u.name
2017-01-10 10:51:43.3551 DEBUG Получено записей: 75
2017-01-10 10:51:43.4041 DEBUG Запрос: select id, socr, name, full_name, index, code 
                              from codifiers.sp_kladr_tab
                              where level_ter=@level order by name
2017-01-10 10:51:43.4041 DEBUG Получено записей: 0
2017-01-10 10:51:53.7887 DEBUG Запрос: 
2017-01-10 11:18:32.8711 DEBUG Запрос: SELECT DISTINCT code_access, name, description 
                            FROM users_access_view WHERE users_id = @id
2017-01-10 11:18:32.9191 DEBUG Получено записей: 0
2017-01-10 11:18:38.1434 DEBUG Запрос: Select s.id, s.code, s.name from codifiers.sozstatus_tab s
2017-01-10 11:18:38.1434 DEBUG Получено записей: 11
2017-01-10 11:18:38.1594 DEBUG Запрос: Select u.id, u.code, u.name, u.doctor_id, u.otdel_id, u.age_from, u.age_for, u.flag_default, u.uchactok_type_id, u.lpu_id, u.sort, u.sex from codifiers.uchactok_tab u order by u.sort, u.name
2017-01-10 11:18:38.1654 DEBUG Получено записей: 75
2017-01-10 11:18:38.2184 DEBUG Запрос: select id, socr, name, full_name, index, code 
                              from codifiers.sp_kladr_tab
                              where level_ter=@level order by name
2017-01-10 11:18:38.2184 DEBUG Получено записей: 0
2017-01-10 11:29:52.9250 DEBUG Запрос: SELECT DISTINCT code_access, name, description 
                            FROM users_access_view WHERE users_id = @id
2017-01-10 11:29:52.9770 DEBUG Получено записей: 187
2017-01-10 11:29:55.4602 DEBUG SQL: select pattern from codifiers.patterns_tab where code = @patterncode and users_id is null;
2017-01-10 11:29:55.4602 DEBUG Parameters: @patterncode=, @operator=
2017-01-10 11:29:55.4972 DEBUG Result 
2017-01-10 11:29:55.4972 DEBUG нет шаблона для пользователя
2017-01-10 11:29:55.4972 DEBUG SQL: select pattern from codifiers.patterns_tab where code = @patterncode and users_id is null
2017-01-10 11:29:55.4972 DEBUG Parameters: @patterncode 
2017-01-10 11:29:55.5112 DEBUG Result 
2017-01-10 11:29:55.5682 DEBUG SQL: select pattern from codifiers.patterns_tab where code = @patterncode and users_id is null;
2017-01-10 11:29:55.5682 DEBUG Parameters: @patterncode=, @operator=
2017-01-10 11:29:55.5682 DEBUG Result 
2017-01-10 11:29:55.5682 DEBUG нет шаблона для пользователя
2017-01-10 11:29:55.5682 DEBUG SQL: select pattern from codifiers.patterns_tab where code = @patterncode and users_id is null
2017-01-10 11:29:55.5682 DEBUG Parameters: @patterncode 
2017-01-10 11:29:55.5922 DEBUG Result 
2017-01-10 11:29:56.0092 DEBUG Запрос: Select id, name, code, is_default, parent_id from codifiers.sp_kind_paid_tab order by id
2017-01-10 11:29:56.0092 DEBUG Получено записей: 9
2017-01-10 11:29:56.0232 DEBUG Запрос: Select id, name, code from codifiers.first_visit_condition_tab order by id
2017-01-10 11:29:56.0232 DEBUG Получено записей: 4
2017-01-10 11:29:56.0232 DEBUG Запрос: Select id, name, code, reestr, idsp, hospital_type_id, is_cure, is_inspection from codifiers.visit_purpose_common_tab order by id
2017-01-10 11:29:56.0412 DEBUG Получено записей: 22
2017-01-10 11:29:56.0522 DEBUG Запрос: Select id, name, code from codifiers.place_service_tab order by id
2017-01-10 11:29:56.0522 DEBUG Получено записей: 3
2017-01-10 11:29:56.0782 DEBUG Запрос: Select result_id, result, reestr, patient_state_id, reestr_rslt, reestr_ishod, _end from public.result_tab order by result_id
2017-01-10 11:29:56.0842 DEBUG Получено записей: 29
2017-01-10 11:29:56.0842 DEBUG Запрос: select id, name, code, bur_reestr_code from codifiers.travma_tab order by name;
2017-01-10 11:29:56.0992 DEBUG Получено записей: 15
2017-01-10 11:29:56.0992 DEBUG Запрос: SELECT * FROM codifiers.lpu_tab
2017-01-10 11:29:56.1352 DEBUG Получено записей: 105
2017-01-10 11:29:56.5472 DEBUG Запрос: SELECT * FROM codifiers.lpu_tab
2017-01-10 11:29:56.5602 DEBUG Получено записей: 105
2017-01-10 11:29:56.5712 DEBUG Запрос: select sp_napr_obosn_id,trim(obosn_name) as obosn_name FROM sp_napr_obosn_tab ORDER BY sp_napr_obosn_id;
2017-01-10 11:29:56.5712 DEBUG Получено записей: 8
2017-01-10 11:29:56.5842 DEBUG Запрос: SELECT sp_type_napr_id, sp_type_napr FROM sp_type_napr_tab ORDER BY 1;
2017-01-10 11:29:56.5842 DEBUG Получено записей: 9
2017-01-10 11:29:56.5972 DEBUG Запрос: select * from public.doctor_tab where sp_spec_doctor_id <> 900;
2017-01-10 11:29:56.6963 DEBUG Получено записей: 681
2017-01-10 11:30:22.0297 DEBUG Запрос: select id, code, name from codifiers.doctor_spec_tab order by 3,1;
2017-01-10 11:30:22.0297 DEBUG Получено записей: 175
2017-01-10 11:30:22.0467 DEBUG Запрос: Select mkb_id, mkb, kod_d, reestr_code from public.mkb_tab order by 1
2017-01-10 11:30:22.2427 DEBUG Получено записей: 13813
2017-01-10 11:30:28.4451 DEBUG Запрос: Select s.id, s.code, s.name from codifiers.sozstatus_tab s
2017-01-10 11:30:28.4611 DEBUG Получено записей: 11
2017-01-10 11:30:28.4731 DEBUG Запрос: Select u.id, u.code, u.name, u.doctor_id, u.otdel_id, u.age_from, u.age_for, u.flag_default, u.uchactok_type_id, u.lpu_id, u.sort, u.sex from codifiers.uchactok_tab u order by u.sort, u.name
2017-01-10 11:30:28.4731 DEBUG Получено записей: 77
2017-01-10 11:30:28.5311 DEBUG Запрос: select id, socr, name, full_name, index, code 
                              from codifiers.sp_kladr_tab
                              where level_ter=@level order by name
2017-01-10 11:30:28.5311 DEBUG Получено записей: 107
2017-01-10 11:30:34.8104 DEBUG PatientFindForm ShowFilterByDoctor set to true
2017-01-10 11:30:34.8104 DEBUG PatientFindForm OperatorId: 2469
2017-01-10 11:30:34.8104 DEBUG PatientFindForm DoctorId: 2469
2017-01-10 11:30:34.9604 DEBUG DoctorQuery
2017-01-10 11:30:34.9604 DEBUG sql: SELECT td.time_nazn as "Время записи", d.dan_id as "Id", d.fam as "Фамилия", d.nam as "Имя", d.mid as "Отчество", d.date_born as "Дата рождения", case when d.ser_pol is null then d.num_pol else d.ser_pol ||' '|| d.num_pol end as "Полис", d.address as "Адрес", case when spolref='2301001' then true else false end as "Прикреплен", case when strcom_region_id='0300000000000' then false else true end as "Иногородний" FROM dan_tab d LEFT JOIN public.talon_doctor_tab td on td.dan_id = d.dan_id WHERE td.date_nazn = date(@date) and td.doctor_id = @doctor;
2017-01-10 11:30:34.9604 DEBUG @date: 10.01.2017
2017-01-10 11:30:34.9604 DEBUG @doctor: 2469
2017-01-10 11:30:34.9604 DEBUG bindQueryToDataGrid
2017-01-10 11:30:34.9744 DEBUG Sql: SELECT td.time_nazn as "Время записи", d.dan_id as "Id", d.fam as "Фамилия", d.nam as "Имя", d.mid as "Отчество", d.date_born as "Дата рождения", case when d.ser_pol is null then d.num_pol else d.ser_pol ||' '|| d.num_pol end as "Полис", d.address as "Адрес", case when spolref='2301001' then true else false end as "Прикреплен", case when strcom_region_id='0300000000000' then false else true end as "Иногородний" FROM dan_tab d LEFT JOIN public.talon_doctor_tab td on td.dan_id = d.dan_id WHERE td.date_nazn = date(@date) and td.doctor_id = @doctor;
2017-01-10 11:30:34.9894 DEBUG SqlParams:
2017-01-10 11:30:34.9894 DEBUG SqlParam @date='10.01.2017'
2017-01-10 11:30:34.9894 DEBUG SqlParam @doctor=2469
2017-01-10 11:30:49.1993 DEBUG Sql: SELECT d.dan_id as "Id", d.fam as "Фамилия", d.nam as "Имя", d.mid as "Отчество", d.date_born as "Дата рождения", case when d.ser_pol is null then d.num_pol else d.ser_pol ||' '|| d.num_pol end as "Полис", d.pens as "СНИЛС", d.address as "Адрес", case when spolref='2301001' then true else false end as "Прикреплен" , case when strcom_region_id='0300000000000' then false else true end as "Иногородний" FROM dan_tab d WHERE Lower(d.fam) LIKE @fam and Lower(d.nam) LIKE @nam ORDER BY d.fam, d.nam, d.mid, d.date_born LIMIT 150;
2017-01-10 11:30:49.1993 DEBUG SqlParams:
2017-01-10 11:30:49.1993 DEBUG SqlParam @fam=аветян%
2017-01-10 11:30:49.1993 DEBUG SqlParam @nam=мактах%
2017-01-10 11:30:54.0095 DEBUG Запрос: Select smo.id, smo.name, kladr.name from codifiers.strcom_tab smo left join codifiers.sp_kladr_tab kladr on smo.region_id = kladr.code where smo.region_id = @id and smo.name not like '*%'order by smo.name
2017-01-10 11:30:54.0795 DEBUG Получено записей: 4
2017-01-10 11:30:54.1465 DEBUG Запрос: select * from fed_lgota_tab where pens like @snils;
2017-01-10 11:30:54.1465 DEBUG Получено записей: 0
2017-01-10 11:30:54.1465 DEBUG Запрос: select * from lgot_client_tab where dan_id = @id;
2017-01-10 11:30:54.1685 DEBUG Получено записей: 0
2017-01-10 11:30:54.2245 DEBUG Запрос: SELECT t.talon_id, t.result_id, t.diag_osn, t.doctor_id, t.date_vnes_inf,
                        v.visit_id, v.doctor_id as vdoctor_id, v.data_vnes_inf as vdate_vnes_inf, v.data_pos 
                        FROM public.talon_tab t left join public.visit_tab v on v.talon_id = t.talon_id
                        where t.dan_id = @patient_id;
2017-01-10 11:30:54.2245 DEBUG Получено записей: 73
2017-01-10 11:30:55.0156 DEBUG Запрос: Select visit_id from public.visit_tab where talon_id = @talonId;
2017-01-10 11:30:55.0586 DEBUG Получено записей: 0
2017-01-10 11:30:55.0926 DEBUG Запрос: SELECT d.id FROM diagn_tab d WHERE d.talon_id = @caseId ORDER BY d.id desc;
2017-01-10 11:30:55.0926 DEBUG Получено записей: 0
2017-01-10 11:34:55.5303 DEBUG Запрос: SELECT DISTINCT code_access, name, description 
                            FROM users_access_view WHERE users_id = @id
2017-01-10 11:34:55.5813 DEBUG Получено записей: 187
2017-01-10 11:34:57.8195 DEBUG SQL: select pattern from codifiers.patterns_tab where code = @patterncode and users_id is null;
2017-01-10 11:34:57.8195 DEBUG Parameters: @patterncode=, @operator=
2017-01-10 11:34:57.8545 DEBUG Result 
2017-01-10 11:34:57.8545 DEBUG нет шаблона для пользователя
2017-01-10 11:34:57.8545 DEBUG SQL: select pattern from codifiers.patterns_tab where code = @patterncode and users_id is null
2017-01-10 11:34:57.8545 DEBUG Parameters: @patterncode 
2017-01-10 11:34:57.8675 DEBUG Result 
2017-01-10 11:34:57.9245 DEBUG SQL: select pattern from codifiers.patterns_tab where code = @patterncode and users_id is null;
2017-01-10 11:34:57.9245 DEBUG Parameters: @patterncode=, @operator=
2017-01-10 11:34:57.9365 DEBUG Result 
2017-01-10 11:34:57.9365 DEBUG нет шаблона для пользователя
2017-01-10 11:34:57.9365 DEBUG SQL: select pattern from codifiers.patterns_tab where code = @patterncode and users_id is null
2017-01-10 11:34:57.9365 DEBUG Parameters: @patterncode 
2017-01-10 11:34:57.9475 DEBUG Result 
2017-01-10 11:34:58.3465 DEBUG Запрос: Select id, name, code, is_default, parent_id from codifiers.sp_kind_paid_tab order by id
2017-01-10 11:34:58.3465 DEBUG Получено записей: 9
2017-01-10 11:34:58.3595 DEBUG Запрос: Select id, name, code from codifiers.first_visit_condition_tab order by id
2017-01-10 11:34:58.3595 DEBUG Получено записей: 4
2017-01-10 11:34:58.3715 DEBUG Запрос: Select id, name, code, reestr, idsp, hospital_type_id, is_cure, is_inspection from codifiers.visit_purpose_common_tab order by id
2017-01-10 11:34:58.3715 DEBUG Получено записей: 22
2017-01-10 11:34:58.3865 DEBUG Запрос: Select id, name, code from codifiers.place_service_tab order by id
2017-01-10 11:34:58.3865 DEBUG Получено записей: 3
2017-01-10 11:34:58.3995 DEBUG Запрос: Select result_id, result, reestr, patient_state_id, reestr_rslt, reestr_ishod, _end from public.result_tab order by result_id
2017-01-10 11:34:58.3995 DEBUG Получено записей: 29
2017-01-10 11:34:58.4295 DEBUG Запрос: select id, name, code, bur_reestr_code from codifiers.travma_tab order by name;
2017-01-10 11:34:58.4295 DEBUG Получено записей: 15
2017-01-10 11:34:58.4295 DEBUG Запрос: SELECT * FROM codifiers.lpu_tab
2017-01-10 11:34:58.4665 DEBUG Получено записей: 105
2017-01-10 11:34:58.7945 DEBUG Запрос: SELECT * FROM codifiers.lpu_tab
2017-01-10 11:34:58.8065 DEBUG Получено записей: 105
2017-01-10 11:34:58.8065 DEBUG Запрос: select sp_napr_obosn_id,trim(obosn_name) as obosn_name FROM sp_napr_obosn_tab ORDER BY sp_napr_obosn_id;
2017-01-10 11:34:58.8195 DEBUG Получено записей: 8
2017-01-10 11:34:58.8195 DEBUG Запрос: SELECT sp_type_napr_id, sp_type_napr FROM sp_type_napr_tab ORDER BY 1;
2017-01-10 11:34:58.8195 DEBUG Получено записей: 9
2017-01-10 11:34:58.8405 DEBUG Запрос: select * from public.doctor_tab where sp_spec_doctor_id <> 900;
2017-01-10 11:34:58.9455 DEBUG Получено записей: 681
2017-01-10 11:35:23.1979 DEBUG Запрос: select id, code, name from codifiers.doctor_spec_tab order by 3,1;
2017-01-10 11:35:23.2039 DEBUG Получено записей: 175
2017-01-10 11:35:23.2039 DEBUG Запрос: Select mkb_id, mkb, kod_d, reestr_code from public.mkb_tab order by 1
2017-01-10 11:35:23.4169 DEBUG Получено записей: 13813
2017-01-10 11:35:28.9653 DEBUG Запрос: Select s.id, s.code, s.name from codifiers.sozstatus_tab s
2017-01-10 11:35:28.9653 DEBUG Получено записей: 11
2017-01-10 11:35:28.9913 DEBUG Запрос: Select u.id, u.code, u.name, u.doctor_id, u.otdel_id, u.age_from, u.age_for, u.flag_default, u.uchactok_type_id, u.lpu_id, u.sort, u.sex from codifiers.uchactok_tab u order by u.sort, u.name
2017-01-10 11:35:29.0223 DEBUG Получено записей: 77
2017-01-10 11:35:29.0763 DEBUG Запрос: select id, socr, name, full_name, index, code 
                              from codifiers.sp_kladr_tab
                              where level_ter=@level order by name
2017-01-10 11:35:29.0833 DEBUG Получено записей: 107
2017-01-10 11:35:35.6146 DEBUG PatientFindForm ShowFilterByDoctor set to true
2017-01-10 11:35:35.6146 DEBUG PatientFindForm OperatorId: 2469
2017-01-10 11:35:35.6146 DEBUG PatientFindForm DoctorId: 2469
2017-01-10 11:35:35.8417 DEBUG DoctorQuery
2017-01-10 11:35:35.8417 DEBUG sql: SELECT td.time_nazn as "Время записи", d.dan_id as "Id", d.fam as "Фамилия", d.nam as "Имя", d.mid as "Отчество", d.date_born as "Дата рождения", case when d.ser_pol is null then d.num_pol else d.ser_pol ||' '|| d.num_pol end as "Полис", d.address as "Адрес", case when spolref='2301001' then true else false end as "Прикреплен", case when strcom_region_id='0300000000000' then false else true end as "Иногородний" FROM dan_tab d LEFT JOIN public.talon_doctor_tab td on td.dan_id = d.dan_id WHERE td.date_nazn = date(@date) and td.doctor_id = @doctor;
2017-01-10 11:35:35.8417 DEBUG @date: 10.01.2017
2017-01-10 11:35:35.8417 DEBUG @doctor: 2469
2017-01-10 11:35:35.8417 DEBUG bindQueryToDataGrid
2017-01-10 11:35:35.8547 DEBUG Sql: SELECT td.time_nazn as "Время записи", d.dan_id as "Id", d.fam as "Фамилия", d.nam as "Имя", d.mid as "Отчество", d.date_born as "Дата рождения", case when d.ser_pol is null then d.num_pol else d.ser_pol ||' '|| d.num_pol end as "Полис", d.address as "Адрес", case when spolref='2301001' then true else false end as "Прикреплен", case when strcom_region_id='0300000000000' then false else true end as "Иногородний" FROM dan_tab d LEFT JOIN public.talon_doctor_tab td on td.dan_id = d.dan_id WHERE td.date_nazn = date(@date) and td.doctor_id = @doctor;
2017-01-10 11:35:35.8547 DEBUG SqlParams:
2017-01-10 11:35:35.8547 DEBUG SqlParam @date='10.01.2017'
2017-01-10 11:35:35.8547 DEBUG SqlParam @doctor=2469
2017-01-10 11:35:48.6814 DEBUG Sql: SELECT d.dan_id as "Id", d.fam as "Фамилия", d.nam as "Имя", d.mid as "Отчество", d.date_born as "Дата рождения", case when d.ser_pol is null then d.num_pol else d.ser_pol ||' '|| d.num_pol end as "Полис", d.pens as "СНИЛС", d.address as "Адрес", case when spolref='2301001' then true else false end as "Прикреплен" , case when strcom_region_id='0300000000000' then false else true end as "Иногородний" FROM dan_tab d WHERE Lower(d.fam) LIKE @fam and Lower(d.nam) LIKE @nam ORDER BY d.fam, d.nam, d.mid, d.date_born LIMIT 150;
2017-01-10 11:35:48.6814 DEBUG SqlParams:
2017-01-10 11:35:48.6814 DEBUG SqlParam @fam=аветян%
2017-01-10 11:35:48.6814 DEBUG SqlParam @nam=мактах%
2017-01-10 11:35:52.3706 DEBUG Запрос: Select smo.id, smo.name, kladr.name from codifiers.strcom_tab smo left join codifiers.sp_kladr_tab kladr on smo.region_id = kladr.code where smo.region_id = @id and smo.name not like '*%'order by smo.name
2017-01-10 11:35:52.4416 DEBUG Получено записей: 4
2017-01-10 11:35:52.5106 DEBUG Запрос: select * from fed_lgota_tab where pens like @snils;
2017-01-10 11:35:52.5136 DEBUG Получено записей: 0
2017-01-10 11:35:52.5136 DEBUG Запрос: select * from lgot_client_tab where dan_id = @id;
2017-01-10 11:35:52.5326 DEBUG Получено записей: 0
2017-01-10 11:35:52.5866 DEBUG Запрос: SELECT t.talon_id, t.result_id, t.diag_osn, t.doctor_id, t.date_vnes_inf,
                        v.visit_id, v.doctor_id as vdoctor_id, v.data_vnes_inf as vdate_vnes_inf, v.data_pos 
                        FROM public.talon_tab t left join public.visit_tab v on v.talon_id = t.talon_id
                        where t.dan_id = @patient_id;
2017-01-10 11:35:52.5966 DEBUG Получено записей: 73
2017-01-10 11:35:53.4097 DEBUG Запрос: Select visit_id from public.visit_tab where talon_id = @talonId;
2017-01-10 11:35:53.4097 DEBUG Получено записей: 0
2017-01-10 11:35:53.4457 DEBUG Запрос: SELECT d.id FROM diagn_tab d WHERE d.talon_id = @caseId ORDER BY d.id desc;
2017-01-10 11:35:53.4457 DEBUG Получено записей: 0
2017-01-10 11:37:54.9006 DEBUG Запрос: SELECT DISTINCT code_access, name, description 
                            FROM users_access_view WHERE users_id = @id
2017-01-10 11:37:54.9506 DEBUG Получено записей: 187
2017-01-10 11:37:57.1987 DEBUG SQL: select pattern from codifiers.patterns_tab where code = @patterncode and users_id is null;
2017-01-10 11:37:57.1987 DEBUG Parameters: @patterncode=, @operator=
2017-01-10 11:37:57.2347 DEBUG Result 
2017-01-10 11:37:57.2347 DEBUG нет шаблона для пользователя
2017-01-10 11:37:57.2347 DEBUG SQL: select pattern from codifiers.patterns_tab where code = @patterncode and users_id is null
2017-01-10 11:37:57.2367 DEBUG Parameters: @patterncode 
2017-01-10 11:37:57.2367 DEBUG Result 
2017-01-10 11:37:57.3067 DEBUG SQL: select pattern from codifiers.patterns_tab where code = @patterncode and users_id is null;
2017-01-10 11:37:57.3067 DEBUG Parameters: @patterncode=, @operator=
2017-01-10 11:37:57.3197 DEBUG Result 
2017-01-10 11:37:57.3197 DEBUG нет шаблона для пользователя
2017-01-10 11:37:57.3197 DEBUG SQL: select pattern from codifiers.patterns_tab where code = @patterncode and users_id is null
2017-01-10 11:37:57.3197 DEBUG Parameters: @patterncode 
2017-01-10 11:37:57.3317 DEBUG Result 
2017-01-10 11:37:57.7128 DEBUG Запрос: Select id, name, code, is_default, parent_id from codifiers.sp_kind_paid_tab order by id
2017-01-10 11:37:57.7128 DEBUG Получено записей: 9
2017-01-10 11:37:57.7258 DEBUG Запрос: Select id, name, code from codifiers.first_visit_condition_tab order by id
2017-01-10 11:37:57.7258 DEBUG Получено записей: 4
2017-01-10 11:37:57.7378 DEBUG Запрос: Select id, name, code, reestr, idsp, hospital_type_id, is_cure, is_inspection from codifiers.visit_purpose_common_tab order by id
2017-01-10 11:37:57.7378 DEBUG Получено записей: 22
2017-01-10 11:37:57.7528 DEBUG Запрос: Select id, name, code from codifiers.place_service_tab order by id
2017-01-10 11:37:57.7528 DEBUG Получено записей: 3
2017-01-10 11:37:57.7528 DEBUG Запрос: Select result_id, result, reestr, patient_state_id, reestr_rslt, reestr_ishod, _end from public.result_tab order by result_id
2017-01-10 11:37:57.7698 DEBUG Получено записей: 29
2017-01-10 11:37:57.7908 DEBUG Запрос: select id, name, code, bur_reestr_code from codifiers.travma_tab order by name;
2017-01-10 11:37:57.7908 DEBUG Получено записей: 15
2017-01-10 11:37:57.8038 DEBUG Запрос: SELECT * FROM codifiers.lpu_tab
2017-01-10 11:37:57.8228 DEBUG Получено записей: 105
2017-01-10 11:37:58.1148 DEBUG Запрос: SELECT * FROM codifiers.lpu_tab
2017-01-10 11:37:58.1268 DEBUG Получено записей: 105
2017-01-10 11:37:58.1268 DEBUG Запрос: select sp_napr_obosn_id,trim(obosn_name) as obosn_name FROM sp_napr_obosn_tab ORDER BY sp_napr_obosn_id;
2017-01-10 11:37:58.1268 DEBUG Получено записей: 8
2017-01-10 11:37:58.1488 DEBUG Запрос: SELECT sp_type_napr_id, sp_type_napr FROM sp_type_napr_tab ORDER BY 1;
2017-01-10 11:37:58.1488 DEBUG Получено записей: 9
2017-01-10 11:37:58.1608 DEBUG Запрос: select * from public.doctor_tab where sp_spec_doctor_id <> 900;
2017-01-10 11:37:58.2638 DEBUG Получено записей: 681
2017-01-10 11:38:23.8593 DEBUG Запрос: select id, code, name from codifiers.doctor_spec_tab order by 3,1;
2017-01-10 11:38:23.8593 DEBUG Получено записей: 175
2017-01-10 11:38:23.8773 DEBUG Запрос: Select mkb_id, mkb, kod_d, reestr_code from public.mkb_tab order by 1
2017-01-10 11:38:24.0853 DEBUG Получено записей: 13813
2017-01-10 11:38:29.5636 DEBUG Запрос: Select s.id, s.code, s.name from codifiers.sozstatus_tab s
2017-01-10 11:38:29.5636 DEBUG Получено записей: 11
2017-01-10 11:38:29.5766 DEBUG Запрос: Select u.id, u.code, u.name, u.doctor_id, u.otdel_id, u.age_from, u.age_for, u.flag_default, u.uchactok_type_id, u.lpu_id, u.sort, u.sex from codifiers.uchactok_tab u order by u.sort, u.name
2017-01-10 11:38:29.5966 DEBUG Получено записей: 77
2017-01-10 11:38:29.6456 DEBUG Запрос: select id, socr, name, full_name, index, code 
                              from codifiers.sp_kladr_tab
                              where level_ter=@level order by name
2017-01-10 11:38:29.6456 DEBUG Получено записей: 107
2017-01-10 11:38:35.8099 DEBUG PatientFindForm ShowFilterByDoctor set to true
2017-01-10 11:38:35.8099 DEBUG PatientFindForm OperatorId: 2469
2017-01-10 11:38:35.8099 DEBUG PatientFindForm DoctorId: 2469
2017-01-10 11:38:35.9670 DEBUG DoctorQuery
2017-01-10 11:38:35.9670 DEBUG sql: SELECT td.time_nazn as "Время записи", d.dan_id as "Id", d.fam as "Фамилия", d.nam as "Имя", d.mid as "Отчество", d.date_born as "Дата рождения", case when d.ser_pol is null then d.num_pol else d.ser_pol ||' '|| d.num_pol end as "Полис", d.address as "Адрес", case when spolref='2301001' then true else false end as "Прикреплен", case when strcom_region_id='0300000000000' then false else true end as "Иногородний" FROM dan_tab d LEFT JOIN public.talon_doctor_tab td on td.dan_id = d.dan_id WHERE td.date_nazn = date(@date) and td.doctor_id = @doctor;
2017-01-10 11:38:35.9670 DEBUG @date: 10.01.2017
2017-01-10 11:38:35.9670 DEBUG @doctor: 2469
2017-01-10 11:38:35.9670 DEBUG bindQueryToDataGrid
2017-01-10 11:38:35.9820 DEBUG Sql: SELECT td.time_nazn as "Время записи", d.dan_id as "Id", d.fam as "Фамилия", d.nam as "Имя", d.mid as "Отчество", d.date_born as "Дата рождения", case when d.ser_pol is null then d.num_pol else d.ser_pol ||' '|| d.num_pol end as "Полис", d.address as "Адрес", case when spolref='2301001' then true else false end as "Прикреплен", case when strcom_region_id='0300000000000' then false else true end as "Иногородний" FROM dan_tab d LEFT JOIN public.talon_doctor_tab td on td.dan_id = d.dan_id WHERE td.date_nazn = date(@date) and td.doctor_id = @doctor;
2017-01-10 11:38:35.9820 DEBUG SqlParams:
2017-01-10 11:38:35.9820 DEBUG SqlParam @date='10.01.2017'
2017-01-10 11:38:35.9820 DEBUG SqlParam @doctor=2469
2017-01-10 11:38:58.0292 DEBUG Sql: SELECT d.dan_id as "Id", d.fam as "Фамилия", d.nam as "Имя", d.mid as "Отчество", d.date_born as "Дата рождения", case when d.ser_pol is null then d.num_pol else d.ser_pol ||' '|| d.num_pol end as "Полис", d.pens as "СНИЛС", d.address as "Адрес", case when spolref='2301001' then true else false end as "Прикреплен" , case when strcom_region_id='0300000000000' then false else true end as "Иногородний" FROM dan_tab d WHERE Lower(d.fam) LIKE @fam and Lower(d.nam) LIKE @nam ORDER BY d.fam, d.nam, d.mid, d.date_born LIMIT 150;
2017-01-10 11:38:58.0302 DEBUG SqlParams:
2017-01-10 11:38:58.0302 DEBUG SqlParam @fam=аветян%
2017-01-10 11:38:58.0302 DEBUG SqlParam @nam=мактах%
2017-01-10 11:39:01.8244 DEBUG Запрос: Select smo.id, smo.name, kladr.name from codifiers.strcom_tab smo left join codifiers.sp_kladr_tab kladr on smo.region_id = kladr.code where smo.region_id = @id and smo.name not like '*%'order by smo.name
2017-01-10 11:39:01.8954 DEBUG Получено записей: 4
2017-01-10 11:39:01.9614 DEBUG Запрос: select * from fed_lgota_tab where pens like @snils;
2017-01-10 11:39:01.9614 DEBUG Получено записей: 0
2017-01-10 11:39:01.9614 DEBUG Запрос: select * from lgot_client_tab where dan_id = @id;
2017-01-10 11:39:01.9814 DEBUG Получено записей: 0
2017-01-10 11:39:02.0324 DEBUG Запрос: SELECT t.talon_id, t.result_id, t.diag_osn, t.doctor_id, t.date_vnes_inf,
                        v.visit_id, v.doctor_id as vdoctor_id, v.data_vnes_inf as vdate_vnes_inf, v.data_pos 
                        FROM public.talon_tab t left join public.visit_tab v on v.talon_id = t.talon_id
                        where t.dan_id = @patient_id;
2017-01-10 11:39:02.0404 DEBUG Получено записей: 73
2017-01-10 11:39:02.8375 DEBUG Запрос: Select visit_id from public.visit_tab where talon_id = @talonId;
2017-01-10 11:39:02.8375 DEBUG Получено записей: 0
2017-01-10 11:39:02.8725 DEBUG Запрос: SELECT d.id FROM diagn_tab d WHERE d.talon_id = @caseId ORDER BY d.id desc;
2017-01-10 11:39:02.8725 DEBUG Получено записей: 0
2017-01-10 11:43:53.5191 DEBUG Запрос: SELECT DISTINCT code_access, name, description 
                            FROM users_access_view WHERE users_id = @id
2017-01-10 11:43:53.5711 DEBUG Получено записей: 187
2017-01-10 11:43:56.0033 DEBUG SQL: select pattern from codifiers.patterns_tab where code = @patterncode and users_id is null;
2017-01-10 11:43:56.0033 DEBUG Parameters: @patterncode=, @operator=
2017-01-10 11:43:56.0403 DEBUG Result 
2017-01-10 11:43:56.0403 DEBUG нет шаблона для пользователя
2017-01-10 11:43:56.0403 DEBUG SQL: select pattern from codifiers.patterns_tab where code = @patterncode and users_id is null
2017-01-10 11:43:56.0403 DEBUG Parameters: @patterncode 
2017-01-10 11:43:56.0543 DEBUG Result 
2017-01-10 11:43:56.1103 DEBUG SQL: select pattern from codifiers.patterns_tab where code = @patterncode and users_id is null;
2017-01-10 11:43:56.1103 DEBUG Parameters: @patterncode=, @operator=
2017-01-10 11:43:56.1223 DEBUG Result 
2017-01-10 11:43:56.1223 DEBUG нет шаблона для пользователя
2017-01-10 11:43:56.1223 DEBUG SQL: select pattern from codifiers.patterns_tab where code = @patterncode and users_id is null
2017-01-10 11:43:56.1223 DEBUG Parameters: @patterncode 
2017-01-10 11:43:56.1333 DEBUG Result 
2017-01-10 11:43:56.5413 DEBUG Запрос: Select id, name, code, is_default, parent_id from codifiers.sp_kind_paid_tab order by id
2017-01-10 11:43:56.5413 DEBUG Получено записей: 9
2017-01-10 11:43:56.5553 DEBUG Запрос: Select id, name, code from codifiers.first_visit_condition_tab order by id
2017-01-10 11:43:56.5553 DEBUG Получено записей: 4
2017-01-10 11:43:56.5693 DEBUG Запрос: Select id, name, code, reestr, idsp, hospital_type_id, is_cure, is_inspection from codifiers.visit_purpose_common_tab order by id
2017-01-10 11:43:56.5693 DEBUG Получено записей: 22
2017-01-10 11:43:56.5873 DEBUG Запрос: Select id, name, code from codifiers.place_service_tab order by id
2017-01-10 11:43:56.5873 DEBUG Получено записей: 3
2017-01-10 11:43:56.6003 DEBUG Запрос: Select result_id, result, reestr, patient_state_id, reestr_rslt, reestr_ishod, _end from public.result_tab order by result_id
2017-01-10 11:43:56.6183 DEBUG Получено записей: 29
2017-01-10 11:43:56.6183 DEBUG Запрос: select id, name, code, bur_reestr_code from codifiers.travma_tab order by name;
2017-01-10 11:43:56.6343 DEBUG Получено записей: 15
2017-01-10 11:43:56.6343 DEBUG Запрос: SELECT * FROM codifiers.lpu_tab
2017-01-10 11:43:56.6693 DEBUG Получено записей: 105
2017-01-10 11:43:57.0013 DEBUG Запрос: SELECT * FROM codifiers.lpu_tab
2017-01-10 11:43:57.0143 DEBUG Получено записей: 105
2017-01-10 11:43:57.0253 DEBUG Запрос: select sp_napr_obosn_id,trim(obosn_name) as obosn_name FROM sp_napr_obosn_tab ORDER BY sp_napr_obosn_id;
2017-01-10 11:43:57.0253 DEBUG Получено записей: 8
2017-01-10 11:43:57.0383 DEBUG Запрос: SELECT sp_type_napr_id, sp_type_napr FROM sp_type_napr_tab ORDER BY 1;
2017-01-10 11:43:57.0383 DEBUG Получено записей: 9
2017-01-10 11:43:57.0383 DEBUG Запрос: select * from public.doctor_tab where sp_spec_doctor_id <> 900;
2017-01-10 11:43:57.1683 DEBUG Получено записей: 681
2017-01-10 11:44:26.7660 DEBUG Запрос: select id, code, name from codifiers.doctor_spec_tab order by 3,1;
2017-01-10 11:44:26.7720 DEBUG Получено записей: 175
2017-01-10 11:44:26.7870 DEBUG Запрос: Select mkb_id, mkb, kod_d, reestr_code from public.mkb_tab order by 1
2017-01-10 11:44:27.0010 DEBUG Получено записей: 13813
2017-01-10 11:44:31.9813 DEBUG Запрос: Select s.id, s.code, s.name from codifiers.sozstatus_tab s
2017-01-10 11:44:31.9813 DEBUG Получено записей: 11
2017-01-10 11:44:31.9813 DEBUG Запрос: Select u.id, u.code, u.name, u.doctor_id, u.otdel_id, u.age_from, u.age_for, u.flag_default, u.uchactok_type_id, u.lpu_id, u.sort, u.sex from codifiers.uchactok_tab u order by u.sort, u.name
2017-01-10 11:44:32.0003 DEBUG Получено записей: 77
2017-01-10 11:44:32.0513 DEBUG Запрос: select id, socr, name, full_name, index, code 
                              from codifiers.sp_kladr_tab
                              where level_ter=@level order by name
2017-01-10 11:44:32.0513 DEBUG Получено записей: 107
2017-01-10 11:44:38.6917 DEBUG PatientFindForm ShowFilterByDoctor set to true
2017-01-10 11:44:38.6917 DEBUG PatientFindForm OperatorId: 2469
2017-01-10 11:44:38.6917 DEBUG PatientFindForm DoctorId: 2469
2017-01-10 11:44:38.8517 DEBUG DoctorQuery
2017-01-10 11:44:38.8517 DEBUG sql: SELECT td.time_nazn as "Время записи", d.dan_id as "Id", d.fam as "Фамилия", d.nam as "Имя", d.mid as "Отчество", d.date_born as "Дата рождения", case when d.ser_pol is null then d.num_pol else d.ser_pol ||' '|| d.num_pol end as "Полис", d.address as "Адрес", case when spolref='2301001' then true else false end as "Прикреплен", case when strcom_region_id='0300000000000' then false else true end as "Иногородний" FROM dan_tab d LEFT JOIN public.talon_doctor_tab td on td.dan_id = d.dan_id WHERE td.date_nazn = date(@date) and td.doctor_id = @doctor;
2017-01-10 11:44:38.8517 DEBUG @date: 10.01.2017
2017-01-10 11:44:38.8517 DEBUG @doctor: 2469
2017-01-10 11:44:38.8517 DEBUG bindQueryToDataGrid
2017-01-10 11:44:38.8697 DEBUG Sql: SELECT td.time_nazn as "Время записи", d.dan_id as "Id", d.fam as "Фамилия", d.nam as "Имя", d.mid as "Отчество", d.date_born as "Дата рождения", case when d.ser_pol is null then d.num_pol else d.ser_pol ||' '|| d.num_pol end as "Полис", d.address as "Адрес", case when spolref='2301001' then true else false end as "Прикреплен", case when strcom_region_id='0300000000000' then false else true end as "Иногородний" FROM dan_tab d LEFT JOIN public.talon_doctor_tab td on td.dan_id = d.dan_id WHERE td.date_nazn = date(@date) and td.doctor_id = @doctor;
2017-01-10 11:44:38.8697 DEBUG SqlParams:
2017-01-10 11:44:38.8697 DEBUG SqlParam @date='10.01.2017'
2017-01-10 11:44:38.8697 DEBUG SqlParam @doctor=2469
2017-01-10 11:44:52.5685 DEBUG Sql: SELECT d.dan_id as "Id", d.fam as "Фамилия", d.nam as "Имя", d.mid as "Отчество", d.date_born as "Дата рождения", case when d.ser_pol is null then d.num_pol else d.ser_pol ||' '|| d.num_pol end as "Полис", d.pens as "СНИЛС", d.address as "Адрес", case when spolref='2301001' then true else false end as "Прикреплен" , case when strcom_region_id='0300000000000' then false else true end as "Иногородний" FROM dan_tab d WHERE Lower(d.fam) LIKE @fam and Lower(d.nam) LIKE @nam ORDER BY d.fam, d.nam, d.mid, d.date_born LIMIT 150;
2017-01-10 11:44:52.5685 DEBUG SqlParams:
2017-01-10 11:44:52.5685 DEBUG SqlParam @fam=аветян%
2017-01-10 11:44:52.5685 DEBUG SqlParam @nam=мактах%
2017-01-10 11:44:57.6618 DEBUG Запрос: Select smo.id, smo.name, kladr.name from codifiers.strcom_tab smo left join codifiers.sp_kladr_tab kladr on smo.region_id = kladr.code where smo.region_id = @id and smo.name not like '*%'order by smo.name
2017-01-10 11:44:57.7328 DEBUG Получено записей: 4
2017-01-10 11:44:57.8038 DEBUG Запрос: select * from fed_lgota_tab where pens like @snils;
2017-01-10 11:44:57.8038 DEBUG Получено записей: 0
2017-01-10 11:44:57.8038 DEBUG Запрос: select * from lgot_client_tab where dan_id = @id;
2017-01-10 11:44:57.8258 DEBUG Получено записей: 0
2017-01-10 11:44:57.8768 DEBUG Запрос: SELECT t.talon_id, t.result_id, t.diag_osn, t.doctor_id, t.date_vnes_inf,
                        v.visit_id, v.doctor_id as vdoctor_id, v.data_vnes_inf as vdate_vnes_inf, v.data_pos 
                        FROM public.talon_tab t left join public.visit_tab v on v.talon_id = t.talon_id
                        where t.dan_id = @patient_id;
2017-01-10 11:44:57.8868 DEBUG Получено записей: 73
2017-01-10 11:44:58.7308 DEBUG Запрос: Select visit_id from public.visit_tab where talon_id = @talonId;
2017-01-10 11:44:58.7308 DEBUG Получено записей: 0
2017-01-10 11:44:58.7658 DEBUG Запрос: SELECT d.id FROM diagn_tab d WHERE d.talon_id = @caseId ORDER BY d.id desc;
2017-01-10 11:44:58.7698 DEBUG Получено записей: 0
2017-01-10 11:51:31.7113 DEBUG Запрос: SELECT DISTINCT code_access, name, description 
                            FROM users_access_view WHERE users_id = @id
2017-01-10 11:51:31.7633 DEBUG Получено записей: 187
2017-01-10 11:51:34.2265 DEBUG SQL: select pattern from codifiers.patterns_tab where code = @patterncode and users_id is null;
2017-01-10 11:51:34.2265 DEBUG Parameters: @patterncode=, @operator=
2017-01-10 11:51:34.2635 DEBUG Result 
2017-01-10 11:51:34.2635 DEBUG нет шаблона для пользователя
2017-01-10 11:51:34.2635 DEBUG SQL: select pattern from codifiers.patterns_tab where code = @patterncode and users_id is null
2017-01-10 11:51:34.2635 DEBUG Parameters: @patterncode 
2017-01-10 11:51:34.2635 DEBUG Result 
2017-01-10 11:51:34.3325 DEBUG SQL: select pattern from codifiers.patterns_tab where code = @patterncode and users_id is null;
2017-01-10 11:51:34.3325 DEBUG Parameters: @patterncode=, @operator=
2017-01-10 11:51:34.3425 DEBUG Result 
2017-01-10 11:51:34.3425 DEBUG нет шаблона для пользователя
2017-01-10 11:51:34.3425 DEBUG SQL: select pattern from codifiers.patterns_tab where code = @patterncode and users_id is null
2017-01-10 11:51:34.3425 DEBUG Parameters: @patterncode 
2017-01-10 11:51:34.3425 DEBUG Result 
2017-01-10 11:51:34.7585 DEBUG Запрос: Select id, name, code, is_default, parent_id from codifiers.sp_kind_paid_tab order by id
2017-01-10 11:51:34.7615 DEBUG Получено записей: 9
2017-01-10 11:51:34.7615 DEBUG Запрос: Select id, name, code from codifiers.first_visit_condition_tab order by id
2017-01-10 11:51:34.7755 DEBUG Получено записей: 4
2017-01-10 11:51:34.7755 DEBUG Запрос: Select id, name, code, reestr, idsp, hospital_type_id, is_cure, is_inspection from codifiers.visit_purpose_common_tab order by id
2017-01-10 11:51:34.7915 DEBUG Получено записей: 22
2017-01-10 11:51:34.7915 DEBUG Запрос: Select id, name, code from codifiers.place_service_tab order by id
2017-01-10 11:51:34.8065 DEBUG Получено записей: 3
2017-01-10 11:51:34.8065 DEBUG Запрос: Select result_id, result, reestr, patient_state_id, reestr_rslt, reestr_ishod, _end from public.result_tab order by result_id
2017-01-10 11:51:34.8065 DEBUG Получено записей: 29
2017-01-10 11:51:34.8325 DEBUG Запрос: select id, name, code, bur_reestr_code from codifiers.travma_tab order by name;
2017-01-10 11:51:34.8325 DEBUG Получено записей: 15
2017-01-10 11:51:34.8455 DEBUG Запрос: SELECT * FROM codifiers.lpu_tab
2017-01-10 11:51:34.8695 DEBUG Получено записей: 105
2017-01-10 11:51:35.3215 DEBUG Запрос: SELECT * FROM codifiers.lpu_tab
2017-01-10 11:51:35.3215 DEBUG Получено записей: 105
2017-01-10 11:51:35.3425 DEBUG Запрос: select sp_napr_obosn_id,trim(obosn_name) as obosn_name FROM sp_napr_obosn_tab ORDER BY sp_napr_obosn_id;
2017-01-10 11:51:35.3425 DEBUG Получено записей: 8
2017-01-10 11:51:35.3545 DEBUG Запрос: SELECT sp_type_napr_id, sp_type_napr FROM sp_type_napr_tab ORDER BY 1;
2017-01-10 11:51:35.3545 DEBUG Получено записей: 9
2017-01-10 11:51:35.3545 DEBUG Запрос: select * from public.doctor_tab where sp_spec_doctor_id <> 900;
2017-01-10 11:51:35.4375 DEBUG Получено записей: 681
2017-01-10 11:52:01.2590 DEBUG Запрос: select id, code, name from codifiers.doctor_spec_tab order by 3,1;
2017-01-10 11:52:01.2650 DEBUG Получено записей: 175
2017-01-10 11:52:01.2650 DEBUG Запрос: Select mkb_id, mkb, kod_d, reestr_code from public.mkb_tab order by 1
2017-01-10 11:52:01.4640 DEBUG Получено записей: 13813
2017-01-10 11:52:06.3533 DEBUG Запрос: Select s.id, s.code, s.name from codifiers.sozstatus_tab s
2017-01-10 11:52:06.3533 DEBUG Получено записей: 11
2017-01-10 11:52:06.3673 DEBUG Запрос: Select u.id, u.code, u.name, u.doctor_id, u.otdel_id, u.age_from, u.age_for, u.flag_default, u.uchactok_type_id, u.lpu_id, u.sort, u.sex from codifiers.uchactok_tab u order by u.sort, u.name
2017-01-10 11:52:06.3673 DEBUG Получено записей: 77
2017-01-10 11:52:06.4273 DEBUG Запрос: select id, socr, name, full_name, index, code 
                              from codifiers.sp_kladr_tab
                              where level_ter=@level order by name
2017-01-10 11:52:06.4353 DEBUG Получено записей: 107
2017-01-10 11:52:12.7847 DEBUG PatientFindForm ShowFilterByDoctor set to true
2017-01-10 11:52:12.7847 DEBUG PatientFindForm OperatorId: 2469
2017-01-10 11:52:12.7847 DEBUG PatientFindForm DoctorId: 2469
2017-01-10 11:52:12.9187 DEBUG DoctorQuery
2017-01-10 11:52:12.9187 DEBUG sql: SELECT td.time_nazn as "Время записи", d.dan_id as "Id", d.fam as "Фамилия", d.nam as "Имя", d.mid as "Отчество", d.date_born as "Дата рождения", case when d.ser_pol is null then d.num_pol else d.ser_pol ||' '|| d.num_pol end as "Полис", d.address as "Адрес", case when spolref='2301001' then true else false end as "Прикреплен", case when strcom_region_id='0300000000000' then false else true end as "Иногородний" FROM dan_tab d LEFT JOIN public.talon_doctor_tab td on td.dan_id = d.dan_id WHERE td.date_nazn = date(@date) and td.doctor_id = @doctor;
2017-01-10 11:52:12.9187 DEBUG @date: 10.01.2017
2017-01-10 11:52:12.9187 DEBUG @doctor: 2469
2017-01-10 11:52:12.9187 DEBUG bindQueryToDataGrid
2017-01-10 11:52:12.9357 DEBUG Sql: SELECT td.time_nazn as "Время записи", d.dan_id as "Id", d.fam as "Фамилия", d.nam as "Имя", d.mid as "Отчество", d.date_born as "Дата рождения", case when d.ser_pol is null then d.num_pol else d.ser_pol ||' '|| d.num_pol end as "Полис", d.address as "Адрес", case when spolref='2301001' then true else false end as "Прикреплен", case when strcom_region_id='0300000000000' then false else true end as "Иногородний" FROM dan_tab d LEFT JOIN public.talon_doctor_tab td on td.dan_id = d.dan_id WHERE td.date_nazn = date(@date) and td.doctor_id = @doctor;
2017-01-10 11:52:12.9357 DEBUG SqlParams:
2017-01-10 11:52:12.9357 DEBUG SqlParam @date='10.01.2017'
2017-01-10 11:52:12.9357 DEBUG SqlParam @doctor=2469
2017-01-10 11:52:25.1934 DEBUG Sql: SELECT d.dan_id as "Id", d.fam as "Фамилия", d.nam as "Имя", d.mid as "Отчество", d.date_born as "Дата рождения", case when d.ser_pol is null then d.num_pol else d.ser_pol ||' '|| d.num_pol end as "Полис", d.pens as "СНИЛС", d.address as "Адрес", case when spolref='2301001' then true else false end as "Прикреплен" , case when strcom_region_id='0300000000000' then false else true end as "Иногородний" FROM dan_tab d WHERE Lower(d.fam) LIKE @fam and Lower(d.nam) LIKE @nam ORDER BY d.fam, d.nam, d.mid, d.date_born LIMIT 150;
2017-01-10 11:52:25.1934 DEBUG SqlParams:
2017-01-10 11:52:25.1934 DEBUG SqlParam @fam=аветян%
2017-01-10 11:52:25.1934 DEBUG SqlParam @nam=мактах%
2017-01-10 11:52:29.1796 DEBUG Запрос: Select smo.id, smo.name, kladr.name from codifiers.strcom_tab smo left join codifiers.sp_kladr_tab kladr on smo.region_id = kladr.code where smo.region_id = @id and smo.name not like '*%'order by smo.name
2017-01-10 11:52:29.2506 DEBUG Получено записей: 4
2017-01-10 11:52:29.3226 DEBUG Запрос: select * from fed_lgota_tab where pens like @snils;
2017-01-10 11:52:29.3226 DEBUG Получено записей: 0
2017-01-10 11:52:29.3336 DEBUG Запрос: select * from lgot_client_tab where dan_id = @id;
2017-01-10 11:52:29.3446 DEBUG Получено записей: 0
2017-01-10 11:52:29.3966 DEBUG Запрос: SELECT t.talon_id, t.result_id, t.diag_osn, t.doctor_id, t.date_vnes_inf,
                        v.visit_id, v.doctor_id as vdoctor_id, v.data_vnes_inf as vdate_vnes_inf, v.data_pos 
                        FROM public.talon_tab t left join public.visit_tab v on v.talon_id = t.talon_id
                        where t.dan_id = @patient_id;
2017-01-10 11:52:29.3966 DEBUG Получено записей: 73
2017-01-10 11:52:30.2077 DEBUG Запрос: Select visit_id from public.visit_tab where talon_id = @talonId;
2017-01-10 11:52:30.2077 DEBUG Получено записей: 0
2017-01-10 11:52:30.2417 DEBUG Запрос: SELECT d.id FROM diagn_tab d WHERE d.talon_id = @caseId ORDER BY d.id desc;
2017-01-10 11:52:30.2417 DEBUG Получено записей: 0
2017-01-10 15:59:44.0051 DEBUG Запрос: SELECT DISTINCT code_access, name, description 
                            FROM users_access_view WHERE users_id = @id
2017-01-10 15:59:44.0621 DEBUG Получено записей: 0
2017-01-10 15:59:46.2012 DEBUG SQL: select pattern from codifiers.patterns_tab where code = @patterncode and users_id is null;
2017-01-10 15:59:46.2012 DEBUG Parameters: @patterncode=, @operator=
2017-01-10 15:59:46.2452 DEBUG Result 
2017-01-10 15:59:46.2452 DEBUG нет шаблона для пользователя
2017-01-10 15:59:46.2452 DEBUG SQL: select pattern from codifiers.patterns_tab where code = @patterncode and users_id is null
2017-01-10 15:59:46.2452 DEBUG Parameters: @patterncode 
2017-01-10 15:59:46.2592 DEBUG Result 
2017-01-10 15:59:46.3172 DEBUG SQL: select pattern from codifiers.patterns_tab where code = @patterncode and users_id is null;
2017-01-10 15:59:46.3172 DEBUG Parameters: @patterncode=, @operator=
2017-01-10 15:59:46.3292 DEBUG Result 
2017-01-10 15:59:46.3292 DEBUG нет шаблона для пользователя
2017-01-10 15:59:46.3292 DEBUG SQL: select pattern from codifiers.patterns_tab where code = @patterncode and users_id is null
2017-01-10 15:59:46.3292 DEBUG Parameters: @patterncode 
2017-01-10 15:59:46.3402 DEBUG Result 
2017-01-10 15:59:46.7263 DEBUG Запрос: Select id, name, code, is_default, parent_id from codifiers.sp_kind_paid_tab order by id
2017-01-10 15:59:46.7263 DEBUG Получено записей: 9
2017-01-10 15:59:46.7263 DEBUG Запрос: Select id, name, code from codifiers.first_visit_condition_tab order by id
2017-01-10 15:59:46.7423 DEBUG Получено записей: 4
2017-01-10 15:59:46.7423 DEBUG Запрос: Select id, name, code, reestr, idsp, hospital_type_id, is_cure, is_inspection from codifiers.visit_purpose_common_tab order by id
2017-01-10 15:59:46.7583 DEBUG Получено записей: 22
2017-01-10 15:59:46.7583 DEBUG Запрос: Select id, name, code from codifiers.place_service_tab order by id
2017-01-10 15:59:46.7713 DEBUG Получено записей: 3
2017-01-10 15:59:46.7713 DEBUG Запрос: Select result_id, result, reestr, patient_state_id, reestr_rslt, reestr_ishod, _end from public.result_tab order by result_id
2017-01-10 15:59:46.7873 DEBUG Получено записей: 29
2017-01-10 15:59:46.7873 DEBUG Запрос: select id, name, code, bur_reestr_code from codifiers.travma_tab order by name;
2017-01-10 15:59:46.7873 DEBUG Получено записей: 15
2017-01-10 15:59:46.8103 DEBUG Запрос: SELECT * FROM codifiers.lpu_tab
2017-01-10 15:59:46.8423 DEBUG Получено записей: 102
2017-01-10 15:59:47.1253 DEBUG Запрос: SELECT * FROM codifiers.lpu_tab
2017-01-10 15:59:47.1353 DEBUG Получено записей: 102
2017-01-10 15:59:47.1453 DEBUG Запрос: select sp_napr_obosn_id,trim(obosn_name) as obosn_name FROM sp_napr_obosn_tab ORDER BY sp_napr_obosn_id;
2017-01-10 16:16:46.7746 DEBUG Запрос: SELECT DISTINCT code_access, name, description 
                            FROM users_access_view WHERE users_id = @id
2017-01-10 16:16:46.8206 DEBUG Получено записей: 0
2017-01-10 16:16:51.7759 DEBUG Запрос: Select s.id, s.code, s.name from codifiers.sozstatus_tab s
2017-01-10 16:16:51.7759 DEBUG Получено записей: 11
2017-01-10 16:16:51.7919 DEBUG Запрос: Select u.id, u.code, u.name, u.doctor_id, u.otdel_id, u.age_from, u.age_for, u.flag_default, u.uchactok_type_id, u.lpu_id, u.sort, u.sex from codifiers.uchactok_tab u order by u.sort, u.name
2017-01-10 16:16:51.7919 DEBUG Получено записей: 75
2017-01-10 16:16:51.8499 DEBUG Запрос: select id, socr, name, full_name, index, code 
                              from codifiers.sp_kladr_tab
                              where level_ter=@level order by name
2017-01-10 16:16:51.8559 DEBUG Получено записей: 0
2017-01-10 16:17:04.7346 DEBUG Запрос: 
2017-01-10 16:40:54.4144 DEBUG Запрос: SELECT DISTINCT code_access, name, description 
                            FROM users_access_view WHERE users_id = @id
2017-01-10 16:40:54.4604 DEBUG Получено записей: 0
2017-01-10 16:40:58.5367 DEBUG Запрос: Select s.id, s.code, s.name from codifiers.sozstatus_tab s
2017-01-10 16:40:58.5367 DEBUG Получено записей: 11
2017-01-10 16:40:58.5517 DEBUG Запрос: Select u.id, u.code, u.name, u.doctor_id, u.otdel_id, u.age_from, u.age_for, u.flag_default, u.uchactok_type_id, u.lpu_id, u.sort, u.sex from codifiers.uchactok_tab u order by u.sort, u.name
2017-01-10 16:40:58.5517 DEBUG Получено записей: 75
2017-01-10 16:40:58.6097 DEBUG Запрос: select id, socr, name, full_name, index, code 
                              from codifiers.sp_kladr_tab
                              where level_ter=@level order by name
2017-01-10 16:40:58.6097 DEBUG Получено записей: 0
2017-01-10 16:41:10.0273 DEBUG Запрос: 
2017-01-10 16:43:22.5899 DEBUG Запрос: SELECT DISTINCT code_access, name, description 
                            FROM users_access_view WHERE users_id = @id
2017-01-10 16:43:22.6299 DEBUG Получено записей: 0
2017-01-10 16:43:26.7141 DEBUG Запрос: Select s.id, s.code, s.name from codifiers.sozstatus_tab s
2017-01-10 16:43:26.7141 DEBUG Получено записей: 11
2017-01-10 16:43:26.7141 DEBUG Запрос: Select u.id, u.code, u.name, u.doctor_id, u.otdel_id, u.age_from, u.age_for, u.flag_default, u.uchactok_type_id, u.lpu_id, u.sort, u.sex from codifiers.uchactok_tab u order by u.sort, u.name
2017-01-10 16:43:26.7351 DEBUG Получено записей: 75
2017-01-10 16:43:26.7871 DEBUG Запрос: select id, socr, name, full_name, index, code 
                              from codifiers.sp_kladr_tab
                              where level_ter=@level order by name
2017-01-10 16:43:26.7871 DEBUG Получено записей: 0
2017-01-10 16:43:34.4086 DEBUG Запрос: 
2017-01-10 16:48:30.3295 DEBUG Запрос: SELECT DISTINCT code_access, name, description 
                            FROM users_access_view WHERE users_id = @id
2017-01-10 16:48:30.3755 DEBUG Получено записей: 0
2017-01-10 16:48:34.7217 DEBUG Запрос: Select s.id, s.code, s.name from codifiers.sozstatus_tab s
2017-01-10 16:48:34.7237 DEBUG Получено записей: 11
2017-01-10 16:48:34.7237 DEBUG Запрос: Select u.id, u.code, u.name, u.doctor_id, u.otdel_id, u.age_from, u.age_for, u.flag_default, u.uchactok_type_id, u.lpu_id, u.sort, u.sex from codifiers.uchactok_tab u order by u.sort, u.name
2017-01-10 16:48:34.7427 DEBUG Получено записей: 75
2017-01-10 16:48:34.7947 DEBUG Запрос: select id, socr, name, full_name, index, code 
                              from codifiers.sp_kladr_tab
                              where level_ter=@level order by name
2017-01-10 16:48:34.7947 DEBUG Получено записей: 0
2017-01-10 16:48:43.1632 DEBUG Запрос: 
2017-01-10 17:04:05.9480 DEBUG Запрос: SELECT DISTINCT code_access, name, description 
                            FROM users_access_view WHERE users_id = @id
2017-01-10 17:04:05.9940 DEBUG Получено записей: 0
2017-01-10 17:04:18.6097 DEBUG Запрос: Select s.id, s.code, s.name from codifiers.sozstatus_tab s
2017-01-10 17:04:18.6097 DEBUG Получено записей: 11
2017-01-10 17:04:18.6267 DEBUG Запрос: Select u.id, u.code, u.name, u.doctor_id, u.otdel_id, u.age_from, u.age_for, u.flag_default, u.uchactok_type_id, u.lpu_id, u.sort, u.sex from codifiers.uchactok_tab u order by u.sort, u.name
2017-01-10 17:04:18.6267 DEBUG Получено записей: 75
2017-01-10 17:04:18.6827 DEBUG Запрос: select id, socr, name, full_name, index, code 
                              from codifiers.sp_kladr_tab
                              where level_ter=@level order by name
2017-01-10 17:04:18.6867 DEBUG Получено записей: 0
2017-01-10 17:04:26.8502 DEBUG Запрос: 
2017-01-10 17:07:36.1750 DEBUG Запрос: SELECT DISTINCT code_access, name, description 
                            FROM users_access_view WHERE users_id = @id
2017-01-10 17:07:36.2200 DEBUG Получено записей: 0
2017-01-10 17:07:40.2703 DEBUG Запрос: Select s.id, s.code, s.name from codifiers.sozstatus_tab s
2017-01-10 17:07:40.2703 DEBUG Получено записей: 11
2017-01-10 17:07:40.2853 DEBUG Запрос: Select u.id, u.code, u.name, u.doctor_id, u.otdel_id, u.age_from, u.age_for, u.flag_default, u.uchactok_type_id, u.lpu_id, u.sort, u.sex from codifiers.uchactok_tab u order by u.sort, u.name
2017-01-10 17:07:40.2853 DEBUG Получено записей: 75
2017-01-10 17:07:40.3433 DEBUG Запрос: select id, socr, name, full_name, index, code 
                              from codifiers.sp_kladr_tab
                              where level_ter=@level order by name
2017-01-10 17:07:40.3473 DEBUG Получено записей: 0
2017-01-10 17:07:51.2999 DEBUG Запрос: 
2017-01-10 17:17:13.4450 DEBUG Запрос: SELECT DISTINCT code_access, name, description 
                            FROM users_access_view WHERE users_id = @id
2017-01-10 17:17:13.4951 DEBUG Получено записей: 1
2017-01-10 17:17:17.6543 DEBUG Запрос: Select s.id, s.code, s.name from codifiers.sozstatus_tab s
2017-01-10 17:17:17.6543 DEBUG Получено записей: 11
2017-01-10 17:17:17.6683 DEBUG Запрос: Select u.id, u.code, u.name, u.doctor_id, u.otdel_id, u.age_from, u.age_for, u.flag_default, u.uchactok_type_id, u.lpu_id, u.sort, u.sex from codifiers.uchactok_tab u order by u.sort, u.name
2017-01-10 17:17:17.6683 DEBUG Получено записей: 75
2017-01-10 17:17:17.7323 DEBUG Запрос: select id, socr, name, full_name, index, code 
                              from codifiers.sp_kladr_tab
                              where level_ter=@level order by name
2017-01-10 17:17:17.7323 DEBUG Получено записей: 0
2017-01-10 17:17:26.8978 DEBUG Запрос: 
2017-01-10 21:26:17.5178 DEBUG Запрос: SELECT DISTINCT code_access, name, description 
                            FROM users_access_view WHERE users_id = @id
2017-01-10 21:26:17.5688 DEBUG Получено записей: 2
2017-01-10 21:26:21.6600 DEBUG Запрос: Select s.id, s.code, s.name from codifiers.sozstatus_tab s
2017-01-10 21:26:21.6600 DEBUG Получено записей: 11
2017-01-10 21:26:21.6770 DEBUG Запрос: Select u.id, u.code, u.name, u.doctor_id, u.otdel_id, u.age_from, u.age_for, u.flag_default, u.uchactok_type_id, u.lpu_id, u.sort, u.sex from codifiers.uchactok_tab u order by u.sort, u.name
2017-01-10 21:26:21.6830 DEBUG Получено записей: 75
2017-01-10 21:26:21.7240 DEBUG Запрос: select id, socr, name, full_name, index, code 
                              from codifiers.sp_kladr_tab
                              where level_ter=@level order by name
2017-01-10 21:26:21.7290 DEBUG Получено записей: 0
2017-01-10 21:28:58.8290 DEBUG Запрос: SELECT DISTINCT code_access, name, description 
                            FROM users_access_view WHERE users_id = @id
2017-01-10 21:28:58.8750 DEBUG Получено записей: 2
2017-01-10 21:29:04.7434 DEBUG Запрос: Select s.id, s.code, s.name from codifiers.sozstatus_tab s
2017-01-10 21:29:04.7434 DEBUG Получено записей: 11
2017-01-10 21:29:04.7584 DEBUG Запрос: Select u.id, u.code, u.name, u.doctor_id, u.otdel_id, u.age_from, u.age_for, u.flag_default, u.uchactok_type_id, u.lpu_id, u.sort, u.sex from codifiers.uchactok_tab u order by u.sort, u.name
2017-01-10 21:29:04.7584 DEBUG Получено записей: 75
2017-01-10 21:29:04.8114 DEBUG Запрос: select id, socr, name, full_name, index, code 
                              from codifiers.sp_kladr_tab
                              where level_ter=@level order by name
2017-01-10 21:29:04.8144 DEBUG Получено записей: 0
2017-01-10 21:29:17.8851 DEBUG PatientFindForm ShowFilterByDoctor set to true
2017-01-10 21:29:17.8861 DEBUG PatientFindForm OperatorId: 303001
2017-01-10 21:29:17.8861 DEBUG PatientFindForm DoctorId: -1
2017-01-10 21:29:18.0101 DEBUG _loggedOperator.DoctorId==-1
2017-01-10 21:29:18.0301 DEBUG Запрос: SELECT DISTINCT code_access, name, description 
                            FROM users_access_view WHERE users_id = @id
2017-01-10 21:29:18.0301 DEBUG Получено записей: 2
2017-01-10 21:29:18.0551 DEBUG _loggedOperator.DoctorId:-1
2017-01-10 21:29:29.4088 DEBUG Sql: SELECT d.dan_id as "Id", d.fam as "Фамилия", d.nam as "Имя", d.mid as "Отчество", d.date_born as "Дата рождения", case when d.ser_pol is null then d.num_pol else d.ser_pol ||' '|| d.num_pol end as "Полис", d.pens as "СНИЛС", d.address as "Адрес", case when spolref='2301001' then true else false end as "Прикреплен" , case when strcom_region_id='0300000000000' then false else true end as "Иногородний" FROM dan_tab d WHERE Lower(d.fam) LIKE @fam ORDER BY d.fam, d.nam, d.mid, d.date_born LIMIT 150;
2017-01-10 21:29:29.4088 DEBUG SqlParams:
2017-01-10 21:29:29.4088 DEBUG SqlParam @fam=аветян%
2017-01-10 21:29:34.0530 DEBUG Запрос: select * from fed_lgota_tab where pens like @snils;
2017-01-10 21:29:34.1420 DEBUG Получено записей: 0
2017-01-10 21:29:34.1420 DEBUG Запрос: select * from lgot_client_tab where dan_id = @id;
2017-01-10 21:29:34.1420 DEBUG Получено записей: 0
2017-01-10 21:43:12.9549 DEBUG Запрос: SELECT DISTINCT code_access, name, description 
                            FROM users_access_view WHERE users_id = @id
2017-01-10 21:43:13.0149 DEBUG Получено записей: 2
2017-01-10 21:43:16.6611 DEBUG Запрос: Select s.id, s.code, s.name from codifiers.sozstatus_tab s
2017-01-10 21:43:16.6611 DEBUG Получено записей: 11
2017-01-10 21:43:16.6761 DEBUG Запрос: Select u.id, u.code, u.name, u.doctor_id, u.otdel_id, u.age_from, u.age_for, u.flag_default, u.uchactok_type_id, u.lpu_id, u.sort, u.sex from codifiers.uchactok_tab u order by u.sort, u.name
2017-01-10 21:43:16.6761 DEBUG Получено записей: 75
2017-01-10 21:43:16.7361 DEBUG Запрос: select id, socr, name, full_name, index, code 
                              from codifiers.sp_kladr_tab
                              where level_ter=@level order by name
2017-01-10 21:43:16.7361 DEBUG Получено записей: 0
2017-01-10 21:43:24.0615 DEBUG Запрос: select * from fed_lgota_tab where pens like @snils;
2017-01-10 21:43:24.0615 DEBUG Получено записей: 0
2017-01-10 21:43:24.0715 DEBUG Запрос: select * from lgot_client_tab where dan_id = @id;
2017-01-10 21:43:24.0715 DEBUG Получено записей: 0
2017-01-10 21:45:49.7768 DEBUG Запрос: SELECT DISTINCT code_access, name, description 
                            FROM users_access_view WHERE users_id = @id
2017-01-10 21:45:49.8239 DEBUG Получено записей: 2
2017-01-10 21:45:54.1091 DEBUG Запрос: Select s.id, s.code, s.name from codifiers.sozstatus_tab s
2017-01-10 21:45:54.1091 DEBUG Получено записей: 11
2017-01-10 21:45:54.1241 DEBUG Запрос: Select u.id, u.code, u.name, u.doctor_id, u.otdel_id, u.age_from, u.age_for, u.flag_default, u.uchactok_type_id, u.lpu_id, u.sort, u.sex from codifiers.uchactok_tab u order by u.sort, u.name
2017-01-10 21:45:54.1241 DEBUG Получено записей: 75
2017-01-10 21:45:54.1851 DEBUG Запрос: select id, socr, name, full_name, index, code 
                              from codifiers.sp_kladr_tab
                              where level_ter=@level order by name
2017-01-10 21:45:54.1891 DEBUG Получено записей: 0
2017-01-10 21:45:58.6204 DEBUG Запрос: select * from fed_lgota_tab where pens like @snils;
2017-01-10 21:45:58.6204 DEBUG Получено записей: 0
2017-01-10 21:45:58.6204 DEBUG Запрос: select * from lgot_client_tab where dan_id = @id;
2017-01-10 21:45:58.6334 DEBUG Получено записей: 0
2017-01-10 21:46:14.4013 DEBUG Запрос: select * from fed_lgota_tab where pens like @snils;
2017-01-10 21:46:14.4043 DEBUG Получено записей: 0
2017-01-10 21:46:14.4043 DEBUG Запрос: select * from lgot_client_tab where dan_id = @id;
2017-01-10 21:46:14.4043 DEBUG Получено записей: 0
2017-01-10 21:50:14.3910 DEBUG Запрос: SELECT DISTINCT code_access, name, description 
                            FROM users_access_view WHERE users_id = @id
2017-01-10 21:50:14.4350 DEBUG Получено записей: 2
2017-01-10 21:50:18.4402 DEBUG Запрос: Select s.id, s.code, s.name from codifiers.sozstatus_tab s
2017-01-10 21:50:18.4402 DEBUG Получено записей: 11
2017-01-10 21:50:18.4552 DEBUG Запрос: Select u.id, u.code, u.name, u.doctor_id, u.otdel_id, u.age_from, u.age_for, u.flag_default, u.uchactok_type_id, u.lpu_id, u.sort, u.sex from codifiers.uchactok_tab u order by u.sort, u.name
2017-01-10 21:50:18.4552 DEBUG Получено записей: 75
2017-01-10 21:50:18.5132 DEBUG Запрос: select id, socr, name, full_name, index, code 
                              from codifiers.sp_kladr_tab
                              where level_ter=@level order by name
2017-01-10 21:50:18.5162 DEBUG Получено записей: 0
2017-01-10 21:50:29.9199 DEBUG Запрос: select * from fed_lgota_tab where pens like @snils;
2017-01-10 21:50:29.9199 DEBUG Получено записей: 0
2017-01-10 21:50:29.9199 DEBUG Запрос: select * from lgot_client_tab where dan_id = @id;
2017-01-10 21:50:29.9199 DEBUG Получено записей: 0
