2017-03-24 08:58:01.9657 DEBUG Запрос: SELECT DISTINCT code_access, name, description 
                            FROM users_access_view WHERE users_id = @id
2017-03-24 08:58:02.1107 DEBUG Получено записей: 187
2017-03-24 08:58:06.6810 DEBUG SQL: select pattern from codifiers.patterns_tab where code = @patterncode and users_id is null;
2017-03-24 08:58:06.6810 DEBUG Parameters: @patterncode=, @operator=
2017-03-24 08:58:06.7120 DEBUG Result 
2017-03-24 08:58:06.7120 DEBUG нет шаблона для пользователя
2017-03-24 08:58:06.7120 DEBUG SQL: select pattern from codifiers.patterns_tab where code = @patterncode and users_id is null
2017-03-24 08:58:06.7120 DEBUG Parameters: @patterncode 
2017-03-24 08:58:06.7260 DEBUG Result 
2017-03-24 08:58:06.7890 DEBUG SQL: select pattern from codifiers.patterns_tab where code = @patterncode and users_id is null;
2017-03-24 08:58:06.7890 DEBUG Parameters: @patterncode=, @operator=
2017-03-24 08:58:06.8010 DEBUG Result 
2017-03-24 08:58:06.8010 DEBUG нет шаблона для пользователя
2017-03-24 08:58:06.8010 DEBUG SQL: select pattern from codifiers.patterns_tab where code = @patterncode and users_id is null
2017-03-24 08:58:06.8010 DEBUG Parameters: @patterncode 
2017-03-24 08:58:06.8010 DEBUG Result 
2017-03-24 08:58:07.3130 DEBUG Запрос: Select id, name, code, is_default, parent_id from codifiers.sp_kind_paid_tab order by id
2017-03-24 08:58:07.3170 DEBUG Получено записей: 9
2017-03-24 08:58:07.3170 DEBUG Запрос: Select id, name, code from codifiers.first_visit_condition_tab order by id
2017-03-24 08:58:07.3170 DEBUG Получено записей: 4
2017-03-24 08:58:07.3400 DEBUG Запрос: Select id, name, code, reestr, idsp, hospital_type_id, is_cure, is_inspection from codifiers.visit_purpose_common_tab order by id
2017-03-24 08:58:07.3400 DEBUG Получено записей: 22
2017-03-24 08:58:07.3580 DEBUG Запрос: Select id, name, code from codifiers.place_service_tab order by id
2017-03-24 08:58:07.3580 DEBUG Получено записей: 3
2017-03-24 08:58:07.3860 DEBUG Запрос: Select result_id, result, reestr, patient_state_id, reestr_rslt, reestr_ishod, _end from public.result_tab order by result_id
2017-03-24 08:58:07.3860 DEBUG Получено записей: 29
2017-03-24 08:58:07.4010 DEBUG Запрос: select id, name, code, bur_reestr_code from codifiers.travma_tab order by name;
2017-03-24 08:58:07.4010 DEBUG Получено записей: 15
2017-03-24 08:58:07.4150 DEBUG Запрос: SELECT * FROM codifiers.lpu_tab
2017-03-24 08:58:07.4460 DEBUG Получено записей: 113
2017-03-24 08:58:07.9010 DEBUG Запрос: SELECT * FROM codifiers.lpu_tab order by name
2017-03-24 08:58:07.9180 DEBUG Получено записей: 113
2017-03-24 08:58:07.9290 DEBUG Запрос: select sp_napr_obosn_id,trim(obosn_name) as obosn_name FROM sp_napr_obosn_tab ORDER BY sp_napr_obosn_id;
2017-03-24 08:58:07.9290 DEBUG Получено записей: 8
2017-03-24 08:58:07.9420 DEBUG Запрос: SELECT sp_type_napr_id, sp_type_napr FROM sp_type_napr_tab ORDER BY 1;
2017-03-24 08:58:07.9420 DEBUG Получено записей: 9
2017-03-24 08:58:07.9600 DEBUG Запрос: select id, code, name from codifiers.doctor_spec_tab order by 3,1;
2017-03-24 08:58:07.9600 DEBUG Получено записей: 176
2017-03-24 08:58:07.9830 DEBUG Запрос: Select mkb_id, mkb, kod_d, reestr_code from public.mkb_tab order by 1
2017-03-24 08:58:08.3131 DEBUG Получено записей: 13813
2017-03-24 08:58:14.4334 DEBUG Запрос: Select s.id, s.code, s.name from codifiers.sozstatus_tab s
2017-03-24 08:58:14.4334 DEBUG Получено записей: 11
2017-03-24 08:58:14.4484 DEBUG Запрос: Select u.id, u.code, u.name, u.doctor_id, u.otdel_id, u.age_from, u.age_for, u.flag_default, u.uchactok_type_id, u.lpu_id, u.sort, u.sex from codifiers.uchactok_tab u order by u.sort, u.name
2017-03-24 08:58:14.4484 DEBUG Получено записей: 77
2017-03-24 08:58:14.5064 DEBUG Запрос: select id, socr, name, full_name, index, code 
                              from codifiers.sp_kladr_tab
                              where level_ter=@level order by name
2017-03-24 08:58:14.5144 DEBUG Получено записей: 107
2017-03-24 08:58:14.7714 DEBUG Запрос: SELECT * FROM codifiers.lpu_tab
2017-03-24 08:58:14.7854 DEBUG Получено записей: 113
2017-03-24 08:58:23.0739 DEBUG PatientFindForm ShowFilterByDoctor set to true
2017-03-24 08:58:23.0739 DEBUG PatientFindForm OperatorId: 2469
2017-03-24 08:58:23.0739 DEBUG PatientFindForm DoctorId: 2469
2017-03-24 08:58:24.8680 DEBUG DoctorQuery
2017-03-24 08:58:24.8680 DEBUG sql: SELECT td.time_nazn as "Время записи", d.dan_id as "Id", d.fam as "Фамилия", d.nam as "Имя", d.mid as "Отчество", d.date_born as "Дата рождения", case when d.ser_pol is null then d.num_pol else d.ser_pol ||' '|| d.num_pol end as "Полис", d.address as "Адрес", case when spolref='2301001' then true else false end as "Прикреплен", case when strcom_region_id='0300000000000' then false else true end as "Иногородний" FROM dan_tab d LEFT JOIN public.talon_doctor_tab td on td.dan_id = d.dan_id WHERE td.date_nazn = date(@date) and td.doctor_id = @doctor;
2017-03-24 08:58:24.8680 DEBUG @date: 24.03.2017
2017-03-24 08:58:24.8680 DEBUG @doctor: 2469
2017-03-24 08:58:24.8680 DEBUG bindQueryToDataGrid
2017-03-24 08:58:24.8850 DEBUG Sql: SELECT td.time_nazn as "Время записи", d.dan_id as "Id", d.fam as "Фамилия", d.nam as "Имя", d.mid as "Отчество", d.date_born as "Дата рождения", case when d.ser_pol is null then d.num_pol else d.ser_pol ||' '|| d.num_pol end as "Полис", d.address as "Адрес", case when spolref='2301001' then true else false end as "Прикреплен", case when strcom_region_id='0300000000000' then false else true end as "Иногородний" FROM dan_tab d LEFT JOIN public.talon_doctor_tab td on td.dan_id = d.dan_id WHERE td.date_nazn = date(@date) and td.doctor_id = @doctor;
2017-03-24 08:58:24.8850 DEBUG SqlParams:
2017-03-24 08:58:24.8850 DEBUG SqlParam @date='24.03.2017'
2017-03-24 08:58:24.8850 DEBUG SqlParam @doctor=2469
2017-03-24 08:58:41.4710 DEBUG Sql: SELECT d.dan_id as "Id", d.fam as "Фамилия", d.nam as "Имя", d.mid as "Отчество", d.date_born as "Дата рождения", case when d.ser_pol is null then d.num_pol else d.ser_pol ||' '|| d.num_pol end as "Полис", d.pens as "СНИЛС", d.address as "Адрес", case when spolref='2301001' then true else false end as "Прикреплен" , case when strcom_region_id='0300000000000' then false else true end as "Иногородний" FROM dan_tab d WHERE Lower(d.fam) LIKE @fam and Lower(d.nam) LIKE @nam ORDER BY d.fam, d.nam, d.mid, d.date_born LIMIT 150;
2017-03-24 08:58:41.4710 DEBUG SqlParams:
2017-03-24 08:58:41.4710 DEBUG SqlParam @fam=вахрушкина%
2017-03-24 08:58:41.4710 DEBUG SqlParam @nam=алевтина%
2017-03-24 08:58:45.6502 DEBUG Запрос: Select smo.id, smo.name, kladr.name from codifiers.strcom_tab smo left join codifiers.sp_kladr_tab kladr on smo.region_id = kladr.code where smo.region_id = @id and smo.name not like '*%'order by smo.name
2017-03-24 08:58:45.7292 DEBUG Получено записей: 4
2017-03-24 08:58:45.8172 DEBUG Запрос: select * from fed_lgota_tab where pens like @snils;
2017-03-24 08:58:45.8172 DEBUG Получено записей: 1
2017-03-24 08:58:45.8532 DEBUG Запрос: select * from lgot_client_tab where dan_id = @id;
2017-03-24 08:58:46.0162 DEBUG Получено записей: 0
2017-03-24 08:58:46.0712 DEBUG Запрос: SELECT t.talon_id, t.result_id, t.diag_osn, t.doctor_id, t.date_vnes_inf,
                        v.visit_id, v.doctor_id as vdoctor_id, v.data_vnes_inf as vdate_vnes_inf, v.data_pos 
                        FROM public.talon_tab t left join public.visit_tab v on v.talon_id = t.talon_id
                        where t.dan_id = @patient_id;
2017-03-24 08:58:54.5097 DEBUG Получено записей: 487
2017-03-24 08:59:00.3080 DEBUG Запрос: Select visit_id from public.visit_tab where talon_id = @talonId;
2017-03-24 08:59:00.3110 DEBUG Получено записей: 1
2017-03-24 08:59:00.4941 DEBUG Запрос: SELECT d.id FROM diagn_tab d WHERE d.talon_id = @caseId ORDER BY d.id desc;
2017-03-24 08:59:00.4971 DEBUG Получено записей: 2
2017-03-24 08:59:12.4087 DEBUG Запрос: SELECT d.id FROM diagn_tab d WHERE d.talon_id = @caseId ORDER BY d.id desc;
2017-03-24 08:59:12.4087 DEBUG Получено записей: 2
2017-03-24 08:59:12.5287 DEBUG Запрос: SELECT c.name, o.kol_vo, o.id, o.sp_uslug_id, o.inference_diagnosis FROM okaz_uslug_tab o LEFT JOIN codifiers.sp_uslug_tab c ON c.id = o.sp_uslug_id WHERE table_link_name = 'visit_tab' AND  table_link_id = @visitId;
2017-03-24 08:59:12.5287 DEBUG Получено записей: 0
2017-03-24 08:59:12.5487 DEBUG Запрос: SELECT p.id, p.name, p.code, p.sp_trnm_id, tr.name_lat AS nam_lat, tr.name AS nam_rus, p.sp_mnn_id, mnn.name_lat AS mnn_lat, mnn.name AS mnn_rus, p.sp_lf_id, lf.name as dtd, p.name_fct, p.name_cnf, p.doza, p.signa, p.price, p.sp_doza_id, p.d_ls, p.kod_rias FROM codifiers.preparat_tab p LEFT JOIN codifiers.sp_lf_tab lf ON lf.id = p.sp_lf_id LEFT JOIN codifiers.sp_trnm_tab tr ON tr.id = p.sp_trnm_id LEFT JOIN codifiers.sp_mnn_tab mnn ON mnn.id = p.sp_mnn_id;
2017-03-24 08:59:14.5919 DEBUG Получено записей: 36319
2017-03-24 08:59:34.9090 DEBUG Запрос: Select mkb_id, mkb, kod_d, reestr_code from public.mkb_tab order by 1
2017-03-24 08:59:35.1320 DEBUG Получено записей: 13813
2017-03-24 08:59:35.1570 DEBUG Запрос: Select sp_stadiya_diagn_id, name_stadiya from public.sp_stadiya_diagn_tab order by sp_stadiya_diagn_id
2017-03-24 08:59:35.1600 DEBUG Получено записей: 3
2017-03-24 08:59:35.1600 DEBUG Запрос: Select id, name, code, sort from codifiers.sp_disease_vid_tab order by sort
2017-03-24 08:59:35.1600 DEBUG Получено записей: 6
2017-03-24 08:59:35.1830 DEBUG Запрос: Select id, name, code, sort from codifiers.diagn_type_tab order by sort
2017-03-24 08:59:35.1830 DEBUG Получено записей: 4
2017-03-24 08:59:35.1950 DEBUG Запрос: SELECT id, code, diagn FROM codifiers.bur_unpaid_diagns
2017-03-24 08:59:35.1950 DEBUG Получено записей: 94
2017-03-24 08:59:37.1931 DEBUG Запрос: SELECT DISTINCT diagn_id FROM dispan_uchet_tab WHERE dan_id = @patientId AND (date_sn IS NULL OR date_sn < current_date) ORDER BY 1;
2017-03-24 08:59:37.2052 DEBUG Получено записей: 1
2017-03-24 08:59:37.2052 DEBUG Запрос: SELECT DISTINCT diagn_osn FROM diagn_tab WHERE talon_id IN (SELECT talon_id FROM talon_tab WHERE dan_id = @patientId) ORDER BY 1;
2017-03-24 08:59:47.1947 DEBUG Получено записей: 45
2017-03-24 09:00:45.9241 DEBUG Запрос: SELECT p.id, p.name, p.code, p.sp_trnm_id, tr.name_lat AS nam_lat, tr.name AS nam_rus, p.sp_mnn_id, mnn.name_lat AS mnn_lat, mnn.name AS mnn_rus, p.sp_lf_id, lf.name as dtd, p.name_fct, p.name_cnf, p.doza, p.signa, p.price, p.sp_doza_id, p.d_ls, p.kod_rias FROM codifiers.preparat_tab p LEFT JOIN codifiers.sp_lf_tab lf ON lf.id = p.sp_lf_id LEFT JOIN codifiers.sp_trnm_tab tr ON tr.id = p.sp_trnm_id LEFT JOIN codifiers.sp_mnn_tab mnn ON mnn.id = p.sp_mnn_id;
2017-03-24 09:00:47.8242 DEBUG Получено записей: 36319
2017-03-24 09:00:48.1822 DEBUG Запрос: select name from codifiers.signa_tab order by name;
2017-03-24 09:00:48.1852 DEBUG Получено записей: 20
2017-03-24 09:00:48.2142 DEBUG Запрос: SELECT d.*,c.name as character_name, v.name AS type_name, m.mkb as mkb_name, s.name_stadiya as stadia_name, v.sort as diagn_type_sort FROM diagn_tab d LEFT JOIN public.sp_stadiya_diagn_tab s ON d.stage_of_disease = s.sp_stadiya_diagn_id LEFT JOIN codifiers.sp_disease_vid_tab v ON v.id = d.sp_disease_vid_id LEFT JOIN codifiers.diagn_type_tab c ON d.diagn_type_id = c.id LEFT JOIN mkb_tab m ON m.kod_d = d.diagn_osn WHERE d.talon_id = @id
2017-03-24 09:00:48.2252 DEBUG Получено записей: 3
2017-03-24 09:06:36.0611 DEBUG Запрос: SELECT DISTINCT code_access, name, description 
                            FROM users_access_view WHERE users_id = @id
2017-03-24 09:06:36.1141 DEBUG Получено записей: 187
2017-03-24 09:06:38.3302 DEBUG SQL: select pattern from codifiers.patterns_tab where code = @patterncode and users_id is null;
2017-03-24 09:06:38.3302 DEBUG Parameters: @patterncode=, @operator=
2017-03-24 09:06:38.3612 DEBUG Result 
2017-03-24 09:06:38.3612 DEBUG нет шаблона для пользователя
2017-03-24 09:06:38.3612 DEBUG SQL: select pattern from codifiers.patterns_tab where code = @patterncode and users_id is null
2017-03-24 09:06:38.3612 DEBUG Parameters: @patterncode 
2017-03-24 09:06:38.3762 DEBUG Result 
2017-03-24 09:06:38.4262 DEBUG SQL: select pattern from codifiers.patterns_tab where code = @patterncode and users_id is null;
2017-03-24 09:06:38.4262 DEBUG Parameters: @patterncode=, @operator=
2017-03-24 09:06:38.4402 DEBUG Result 
2017-03-24 09:06:38.4402 DEBUG нет шаблона для пользователя
2017-03-24 09:06:38.4402 DEBUG SQL: select pattern from codifiers.patterns_tab where code = @patterncode and users_id is null
2017-03-24 09:06:38.4402 DEBUG Parameters: @patterncode 
2017-03-24 09:06:38.4402 DEBUG Result 
2017-03-24 09:06:38.7773 DEBUG Запрос: Select id, name, code, is_default, parent_id from codifiers.sp_kind_paid_tab order by id
2017-03-24 09:06:38.7813 DEBUG Получено записей: 9
2017-03-24 09:06:38.7813 DEBUG Запрос: Select id, name, code from codifiers.first_visit_condition_tab order by id
2017-03-24 09:06:38.7813 DEBUG Получено записей: 4
2017-03-24 09:06:38.8023 DEBUG Запрос: Select id, name, code, reestr, idsp, hospital_type_id, is_cure, is_inspection from codifiers.visit_purpose_common_tab order by id
2017-03-24 09:06:38.8023 DEBUG Получено записей: 22
2017-03-24 09:06:38.8163 DEBUG Запрос: Select id, name, code from codifiers.place_service_tab order by id
2017-03-24 09:06:38.8163 DEBUG Получено записей: 3
2017-03-24 09:06:38.8273 DEBUG Запрос: Select result_id, result, reestr, patient_state_id, reestr_rslt, reestr_ishod, _end from public.result_tab order by result_id
2017-03-24 09:06:38.8473 DEBUG Получено записей: 29
2017-03-24 09:06:38.8593 DEBUG Запрос: select id, name, code, bur_reestr_code from codifiers.travma_tab order by name;
2017-03-24 09:06:38.8593 DEBUG Получено записей: 15
2017-03-24 09:06:38.8743 DEBUG Запрос: SELECT * FROM codifiers.lpu_tab
2017-03-24 09:06:38.9013 DEBUG Получено записей: 113
2017-03-24 09:06:39.2263 DEBUG Запрос: SELECT * FROM codifiers.lpu_tab order by name
2017-03-24 09:06:39.2403 DEBUG Получено записей: 113
2017-03-24 09:06:39.2493 DEBUG Запрос: select sp_napr_obosn_id,trim(obosn_name) as obosn_name FROM sp_napr_obosn_tab ORDER BY sp_napr_obosn_id;
2017-03-24 09:06:39.2493 DEBUG Получено записей: 8
2017-03-24 09:06:39.2493 DEBUG Запрос: SELECT sp_type_napr_id, sp_type_napr FROM sp_type_napr_tab ORDER BY 1;
2017-03-24 09:06:39.2493 DEBUG Получено записей: 9
2017-03-24 09:06:39.2723 DEBUG Запрос: select id, code, name from codifiers.doctor_spec_tab order by 3,1;
2017-03-24 09:06:39.2793 DEBUG Получено записей: 176
2017-03-24 09:06:39.2793 DEBUG Запрос: Select mkb_id, mkb, kod_d, reestr_code from public.mkb_tab order by 1
2017-03-24 09:06:39.5123 DEBUG Получено записей: 13813
2017-03-24 09:06:44.5196 DEBUG Запрос: Select s.id, s.code, s.name from codifiers.sozstatus_tab s
2017-03-24 09:06:44.5226 DEBUG Получено записей: 11
2017-03-24 09:06:44.5366 DEBUG Запрос: Select u.id, u.code, u.name, u.doctor_id, u.otdel_id, u.age_from, u.age_for, u.flag_default, u.uchactok_type_id, u.lpu_id, u.sort, u.sex from codifiers.uchactok_tab u order by u.sort, u.name
2017-03-24 09:06:44.5366 DEBUG Получено записей: 77
2017-03-24 09:06:44.5966 DEBUG Запрос: select id, socr, name, full_name, index, code 
                              from codifiers.sp_kladr_tab
                              where level_ter=@level order by name
2017-03-24 09:06:44.6046 DEBUG Получено записей: 107
2017-03-24 09:06:44.8696 DEBUG Запрос: SELECT * FROM codifiers.lpu_tab
2017-03-24 09:06:44.8836 DEBUG Получено записей: 113
2017-03-24 09:06:51.3540 DEBUG PatientFindForm ShowFilterByDoctor set to true
2017-03-24 09:06:51.3540 DEBUG PatientFindForm OperatorId: 2469
2017-03-24 09:06:51.3540 DEBUG PatientFindForm DoctorId: 2469
2017-03-24 09:06:51.4820 DEBUG DoctorQuery
2017-03-24 09:06:51.4820 DEBUG sql: SELECT td.time_nazn as "Время записи", d.dan_id as "Id", d.fam as "Фамилия", d.nam as "Имя", d.mid as "Отчество", d.date_born as "Дата рождения", case when d.ser_pol is null then d.num_pol else d.ser_pol ||' '|| d.num_pol end as "Полис", d.address as "Адрес", case when spolref='2301001' then true else false end as "Прикреплен", case when strcom_region_id='0300000000000' then false else true end as "Иногородний" FROM dan_tab d LEFT JOIN public.talon_doctor_tab td on td.dan_id = d.dan_id WHERE td.date_nazn = date(@date) and td.doctor_id = @doctor;
2017-03-24 09:06:51.4820 DEBUG @date: 24.03.2017
2017-03-24 09:06:51.4820 DEBUG @doctor: 2469
2017-03-24 09:06:51.4820 DEBUG bindQueryToDataGrid
2017-03-24 09:06:51.4970 DEBUG Sql: SELECT td.time_nazn as "Время записи", d.dan_id as "Id", d.fam as "Фамилия", d.nam as "Имя", d.mid as "Отчество", d.date_born as "Дата рождения", case when d.ser_pol is null then d.num_pol else d.ser_pol ||' '|| d.num_pol end as "Полис", d.address as "Адрес", case when spolref='2301001' then true else false end as "Прикреплен", case when strcom_region_id='0300000000000' then false else true end as "Иногородний" FROM dan_tab d LEFT JOIN public.talon_doctor_tab td on td.dan_id = d.dan_id WHERE td.date_nazn = date(@date) and td.doctor_id = @doctor;
2017-03-24 09:06:51.4970 DEBUG SqlParams:
2017-03-24 09:06:51.4970 DEBUG SqlParam @date='24.03.2017'
2017-03-24 09:06:51.4970 DEBUG SqlParam @doctor=2469
2017-03-24 09:07:12.2682 DEBUG Sql: SELECT d.dan_id as "Id", d.fam as "Фамилия", d.nam as "Имя", d.mid as "Отчество", d.date_born as "Дата рождения", case when d.ser_pol is null then d.num_pol else d.ser_pol ||' '|| d.num_pol end as "Полис", d.pens as "СНИЛС", d.address as "Адрес", case when spolref='2301001' then true else false end as "Прикреплен" , case when strcom_region_id='0300000000000' then false else true end as "Иногородний" FROM dan_tab d WHERE Lower(d.fam) LIKE @fam and Lower(d.nam) LIKE @nam ORDER BY d.fam, d.nam, d.mid, d.date_born LIMIT 150;
2017-03-24 09:07:12.2682 DEBUG SqlParams:
2017-03-24 09:07:12.2682 DEBUG SqlParam @fam=вахрушкина%
2017-03-24 09:07:12.2682 DEBUG SqlParam @nam=алевтина%
2017-03-24 09:07:17.5045 DEBUG Запрос: Select smo.id, smo.name, kladr.name from codifiers.strcom_tab smo left join codifiers.sp_kladr_tab kladr on smo.region_id = kladr.code where smo.region_id = @id and smo.name not like '*%'order by smo.name
2017-03-24 09:07:17.5855 DEBUG Получено записей: 4
2017-03-24 09:07:17.6775 DEBUG Запрос: select * from fed_lgota_tab where pens like @snils;
2017-03-24 09:07:17.6775 DEBUG Получено записей: 1
2017-03-24 09:07:17.7145 DEBUG Запрос: select * from lgot_client_tab where dan_id = @id;
2017-03-24 09:07:17.8095 DEBUG Получено записей: 0
2017-03-24 09:07:18.0705 DEBUG Запрос: SELECT t.talon_id, t.result_id, t.diag_osn, t.doctor_id, t.date_vnes_inf,
                        v.visit_id, v.doctor_id as vdoctor_id, v.data_vnes_inf as vdate_vnes_inf, v.data_pos 
                        FROM public.talon_tab t left join public.visit_tab v on v.talon_id = t.talon_id
                        where t.dan_id = @patient_id;
2017-03-24 09:07:18.1375 DEBUG Получено записей: 487
2017-03-24 09:07:25.2719 DEBUG Запрос: Select visit_id from public.visit_tab where talon_id = @talonId;
2017-03-24 09:07:25.2719 DEBUG Получено записей: 1
2017-03-24 09:07:25.3719 DEBUG Запрос: SELECT d.id FROM diagn_tab d WHERE d.talon_id = @caseId ORDER BY d.id desc;
2017-03-24 09:07:25.3799 DEBUG Получено записей: 3
2017-03-24 09:18:49.5741 DEBUG Запрос: SELECT d.id FROM diagn_tab d WHERE d.talon_id = @caseId ORDER BY d.id desc;
2017-03-24 09:18:49.5741 DEBUG Получено записей: 3
2017-03-24 09:18:49.7361 DEBUG Запрос: SELECT c.name, o.kol_vo, o.id, o.sp_uslug_id, o.inference_diagnosis FROM okaz_uslug_tab o LEFT JOIN codifiers.sp_uslug_tab c ON c.id = o.sp_uslug_id WHERE table_link_name = 'visit_tab' AND  table_link_id = @visitId;
2017-03-24 09:18:49.7421 DEBUG Получено записей: 0
2017-03-24 09:18:49.7631 DEBUG Запрос: SELECT p.id, p.name, p.code, p.sp_trnm_id, tr.name_lat AS nam_lat, tr.name AS nam_rus, p.sp_mnn_id, mnn.name_lat AS mnn_lat, mnn.name AS mnn_rus, p.sp_lf_id, lf.name as dtd, p.name_fct, p.name_cnf, p.doza, p.signa, p.price, p.sp_doza_id, p.d_ls, p.kod_rias FROM codifiers.preparat_tab p LEFT JOIN codifiers.sp_lf_tab lf ON lf.id = p.sp_lf_id LEFT JOIN codifiers.sp_trnm_tab tr ON tr.id = p.sp_trnm_id LEFT JOIN codifiers.sp_mnn_tab mnn ON mnn.id = p.sp_mnn_id;
2017-03-24 09:18:51.7352 DEBUG Получено записей: 36319
2017-03-24 09:18:56.3945 DEBUG Запрос: SELECT p.id, p.name, p.code, p.sp_trnm_id, tr.name_lat AS nam_lat, tr.name AS nam_rus, p.sp_mnn_id, mnn.name_lat AS mnn_lat, mnn.name AS mnn_rus, p.sp_lf_id, lf.name as dtd, p.name_fct, p.name_cnf, p.doza, p.signa, p.price, p.sp_doza_id, p.d_ls, p.kod_rias FROM codifiers.preparat_tab p LEFT JOIN codifiers.sp_lf_tab lf ON lf.id = p.sp_lf_id LEFT JOIN codifiers.sp_trnm_tab tr ON tr.id = p.sp_trnm_id LEFT JOIN codifiers.sp_mnn_tab mnn ON mnn.id = p.sp_mnn_id;
2017-03-24 09:18:58.3536 DEBUG Получено записей: 36319
2017-03-24 09:18:58.6816 DEBUG Запрос: select name from codifiers.signa_tab order by name;
2017-03-24 09:18:58.6816 DEBUG Получено записей: 20
2017-03-24 09:18:58.7156 DEBUG Запрос: SELECT d.*,c.name as character_name, v.name AS type_name, m.mkb as mkb_name, s.name_stadiya as stadia_name, v.sort as diagn_type_sort FROM diagn_tab d LEFT JOIN public.sp_stadiya_diagn_tab s ON d.stage_of_disease = s.sp_stadiya_diagn_id LEFT JOIN codifiers.sp_disease_vid_tab v ON v.id = d.sp_disease_vid_id LEFT JOIN codifiers.diagn_type_tab c ON d.diagn_type_id = c.id LEFT JOIN mkb_tab m ON m.kod_d = d.diagn_osn WHERE d.talon_id = @id
2017-03-24 09:18:58.7286 DEBUG Получено записей: 3
2017-03-24 09:23:51.5843 DEBUG Запрос: SELECT DISTINCT code_access, name, description 
                            FROM users_access_view WHERE users_id = @id
2017-03-24 09:23:51.6363 DEBUG Получено записей: 187
2017-03-24 09:23:54.0675 DEBUG SQL: select pattern from codifiers.patterns_tab where code = @patterncode and users_id is null;
2017-03-24 09:23:54.0675 DEBUG Parameters: @patterncode=, @operator=
2017-03-24 09:23:54.0995 DEBUG Result 
2017-03-24 09:23:54.0995 DEBUG нет шаблона для пользователя
2017-03-24 09:23:54.0995 DEBUG SQL: select pattern from codifiers.patterns_tab where code = @patterncode and users_id is null
2017-03-24 09:23:54.0995 DEBUG Parameters: @patterncode 
2017-03-24 09:23:54.1135 DEBUG Result 
2017-03-24 09:23:54.1655 DEBUG SQL: select pattern from codifiers.patterns_tab where code = @patterncode and users_id is null;
2017-03-24 09:23:54.1655 DEBUG Parameters: @patterncode=, @operator=
2017-03-24 09:23:54.1785 DEBUG Result 
2017-03-24 09:23:54.1785 DEBUG нет шаблона для пользователя
2017-03-24 09:23:54.1785 DEBUG SQL: select pattern from codifiers.patterns_tab where code = @patterncode and users_id is null
2017-03-24 09:23:54.1785 DEBUG Parameters: @patterncode 
2017-03-24 09:23:54.1915 DEBUG Result 
2017-03-24 09:23:54.5375 DEBUG Запрос: Select id, name, code, is_default, parent_id from codifiers.sp_kind_paid_tab order by id
2017-03-24 09:23:54.5375 DEBUG Получено записей: 9
2017-03-24 09:23:54.5525 DEBUG Запрос: Select id, name, code from codifiers.first_visit_condition_tab order by id
2017-03-24 09:23:54.5525 DEBUG Получено записей: 4
2017-03-24 09:23:54.5665 DEBUG Запрос: Select id, name, code, reestr, idsp, hospital_type_id, is_cure, is_inspection from codifiers.visit_purpose_common_tab order by id
2017-03-24 09:23:54.5665 DEBUG Получено записей: 22
2017-03-24 09:23:54.5845 DEBUG Запрос: Select id, name, code from codifiers.place_service_tab order by id
2017-03-24 09:23:54.5845 DEBUG Получено записей: 3
2017-03-24 09:23:54.5975 DEBUG Запрос: Select result_id, result, reestr, patient_state_id, reestr_rslt, reestr_ishod, _end from public.result_tab order by result_id
2017-03-24 09:23:54.5975 DEBUG Получено записей: 29
2017-03-24 09:23:54.6145 DEBUG Запрос: select id, name, code, bur_reestr_code from codifiers.travma_tab order by name;
2017-03-24 09:23:54.6145 DEBUG Получено записей: 15
2017-03-24 09:23:54.6295 DEBUG Запрос: SELECT * FROM codifiers.lpu_tab
2017-03-24 09:23:54.6565 DEBUG Получено записей: 113
2017-03-24 09:23:54.9995 DEBUG Запрос: SELECT * FROM codifiers.lpu_tab order by name
2017-03-24 09:23:55.0135 DEBUG Получено записей: 113
2017-03-24 09:23:55.0255 DEBUG Запрос: select sp_napr_obosn_id,trim(obosn_name) as obosn_name FROM sp_napr_obosn_tab ORDER BY sp_napr_obosn_id;
2017-03-24 09:23:55.0255 DEBUG Получено записей: 8
2017-03-24 09:23:55.0395 DEBUG Запрос: SELECT sp_type_napr_id, sp_type_napr FROM sp_type_napr_tab ORDER BY 1;
2017-03-24 09:23:55.0395 DEBUG Получено записей: 9
2017-03-24 09:23:55.0545 DEBUG Запрос: select id, code, name from codifiers.doctor_spec_tab order by 3,1;
2017-03-24 09:23:55.0545 DEBUG Получено записей: 176
2017-03-24 09:23:55.0745 DEBUG Запрос: Select mkb_id, mkb, kod_d, reestr_code from public.mkb_tab order by 1
2017-03-24 09:23:55.3125 DEBUG Получено записей: 13813
2017-03-24 09:24:00.8699 DEBUG Запрос: Select s.id, s.code, s.name from codifiers.sozstatus_tab s
2017-03-24 09:24:00.8699 DEBUG Получено записей: 11
2017-03-24 09:24:00.8849 DEBUG Запрос: Select u.id, u.code, u.name, u.doctor_id, u.otdel_id, u.age_from, u.age_for, u.flag_default, u.uchactok_type_id, u.lpu_id, u.sort, u.sex from codifiers.uchactok_tab u order by u.sort, u.name
2017-03-24 09:24:00.8849 DEBUG Получено записей: 77
2017-03-24 09:24:00.9439 DEBUG Запрос: select id, socr, name, full_name, index, code 
                              from codifiers.sp_kladr_tab
                              where level_ter=@level order by name
2017-03-24 09:24:00.9519 DEBUG Получено записей: 107
2017-03-24 09:24:01.1949 DEBUG Запрос: SELECT * FROM codifiers.lpu_tab
2017-03-24 09:24:01.1949 DEBUG Получено записей: 113
2017-03-24 09:24:07.2942 DEBUG PatientFindForm ShowFilterByDoctor set to true
2017-03-24 09:24:07.2942 DEBUG PatientFindForm OperatorId: 2469
2017-03-24 09:24:07.2942 DEBUG PatientFindForm DoctorId: 2469
2017-03-24 09:24:07.4302 DEBUG DoctorQuery
2017-03-24 09:24:07.4302 DEBUG sql: SELECT td.time_nazn as "Время записи", d.dan_id as "Id", d.fam as "Фамилия", d.nam as "Имя", d.mid as "Отчество", d.date_born as "Дата рождения", case when d.ser_pol is null then d.num_pol else d.ser_pol ||' '|| d.num_pol end as "Полис", d.address as "Адрес", case when spolref='2301001' then true else false end as "Прикреплен", case when strcom_region_id='0300000000000' then false else true end as "Иногородний" FROM dan_tab d LEFT JOIN public.talon_doctor_tab td on td.dan_id = d.dan_id WHERE td.date_nazn = date(@date) and td.doctor_id = @doctor;
2017-03-24 09:24:07.4302 DEBUG @date: 24.03.2017
2017-03-24 09:24:07.4302 DEBUG @doctor: 2469
2017-03-24 09:24:07.4302 DEBUG bindQueryToDataGrid
2017-03-24 09:24:07.4442 DEBUG Sql: SELECT td.time_nazn as "Время записи", d.dan_id as "Id", d.fam as "Фамилия", d.nam as "Имя", d.mid as "Отчество", d.date_born as "Дата рождения", case when d.ser_pol is null then d.num_pol else d.ser_pol ||' '|| d.num_pol end as "Полис", d.address as "Адрес", case when spolref='2301001' then true else false end as "Прикреплен", case when strcom_region_id='0300000000000' then false else true end as "Иногородний" FROM dan_tab d LEFT JOIN public.talon_doctor_tab td on td.dan_id = d.dan_id WHERE td.date_nazn = date(@date) and td.doctor_id = @doctor;
2017-03-24 09:24:07.4442 DEBUG SqlParams:
2017-03-24 09:24:07.4442 DEBUG SqlParam @date='24.03.2017'
2017-03-24 09:24:07.4442 DEBUG SqlParam @doctor=2469
2017-03-24 09:24:28.4764 DEBUG Sql: SELECT d.dan_id as "Id", d.fam as "Фамилия", d.nam as "Имя", d.mid as "Отчество", d.date_born as "Дата рождения", case when d.ser_pol is null then d.num_pol else d.ser_pol ||' '|| d.num_pol end as "Полис", d.pens as "СНИЛС", d.address as "Адрес", case when spolref='2301001' then true else false end as "Прикреплен" , case when strcom_region_id='0300000000000' then false else true end as "Иногородний" FROM dan_tab d WHERE Lower(d.fam) LIKE @fam and Lower(d.nam) LIKE @nam ORDER BY d.fam, d.nam, d.mid, d.date_born LIMIT 150;
2017-03-24 09:24:28.4764 DEBUG SqlParams:
2017-03-24 09:24:28.4764 DEBUG SqlParam @fam=вахрушкина%
2017-03-24 09:24:28.4764 DEBUG SqlParam @nam=алевтина%
2017-03-24 09:24:32.9097 DEBUG Запрос: Select smo.id, smo.name, kladr.name from codifiers.strcom_tab smo left join codifiers.sp_kladr_tab kladr on smo.region_id = kladr.code where smo.region_id = @id and smo.name not like '*%'order by smo.name
2017-03-24 09:24:32.9947 DEBUG Получено записей: 4
2017-03-24 09:24:33.0867 DEBUG Запрос: select * from fed_lgota_tab where pens like @snils;
2017-03-24 09:24:33.0867 DEBUG Получено записей: 1
2017-03-24 09:24:33.1287 DEBUG Запрос: select * from lgot_client_tab where dan_id = @id;
2017-03-24 09:24:33.1567 DEBUG Получено записей: 0
2017-03-24 09:24:33.2117 DEBUG Запрос: SELECT t.talon_id, t.result_id, t.diag_osn, t.doctor_id, t.date_vnes_inf,
                        v.visit_id, v.doctor_id as vdoctor_id, v.data_vnes_inf as vdate_vnes_inf, v.data_pos 
                        FROM public.talon_tab t left join public.visit_tab v on v.talon_id = t.talon_id
                        where t.dan_id = @patient_id;
2017-03-24 09:24:33.4157 DEBUG Получено записей: 487
2017-03-24 09:24:38.7990 DEBUG Запрос: Select visit_id from public.visit_tab where talon_id = @talonId;
2017-03-24 09:24:38.7990 DEBUG Получено записей: 1
2017-03-24 09:24:38.9090 DEBUG Запрос: SELECT d.id FROM diagn_tab d WHERE d.talon_id = @caseId ORDER BY d.id desc;
2017-03-24 09:24:38.9540 DEBUG Получено записей: 3
2017-03-24 09:24:51.5038 DEBUG Запрос: SELECT d.id FROM diagn_tab d WHERE d.talon_id = @caseId ORDER BY d.id desc;
2017-03-24 09:24:51.5078 DEBUG Получено записей: 3
2017-03-24 09:24:51.6828 DEBUG Запрос: SELECT c.name, o.kol_vo, o.id, o.sp_uslug_id, o.inference_diagnosis FROM okaz_uslug_tab o LEFT JOIN codifiers.sp_uslug_tab c ON c.id = o.sp_uslug_id WHERE table_link_name = 'visit_tab' AND  table_link_id = @visitId;
2017-03-24 09:24:51.7018 DEBUG Получено записей: 0
2017-03-24 09:24:51.7158 DEBUG Запрос: SELECT p.id, p.name, p.code, p.sp_trnm_id, tr.name_lat AS nam_lat, tr.name AS nam_rus, p.sp_mnn_id, mnn.name_lat AS mnn_lat, mnn.name AS mnn_rus, p.sp_lf_id, lf.name as dtd, p.name_fct, p.name_cnf, p.doza, p.signa, p.price, p.sp_doza_id, p.d_ls, p.kod_rias FROM codifiers.preparat_tab p LEFT JOIN codifiers.sp_lf_tab lf ON lf.id = p.sp_lf_id LEFT JOIN codifiers.sp_trnm_tab tr ON tr.id = p.sp_trnm_id LEFT JOIN codifiers.sp_mnn_tab mnn ON mnn.id = p.sp_mnn_id;
2017-03-24 09:24:53.5389 DEBUG Получено записей: 36319
2017-03-24 09:25:00.9113 DEBUG Запрос: SELECT p.id, p.name, p.code, p.sp_trnm_id, tr.name_lat AS nam_lat, tr.name AS nam_rus, p.sp_mnn_id, mnn.name_lat AS mnn_lat, mnn.name AS mnn_rus, p.sp_lf_id, lf.name as dtd, p.name_fct, p.name_cnf, p.doza, p.signa, p.price, p.sp_doza_id, p.d_ls, p.kod_rias FROM codifiers.preparat_tab p LEFT JOIN codifiers.sp_lf_tab lf ON lf.id = p.sp_lf_id LEFT JOIN codifiers.sp_trnm_tab tr ON tr.id = p.sp_trnm_id LEFT JOIN codifiers.sp_mnn_tab mnn ON mnn.id = p.sp_mnn_id;
2017-03-24 09:25:02.7124 DEBUG Получено записей: 36319
2017-03-24 09:25:03.0194 DEBUG Запрос: select name from codifiers.signa_tab order by name;
2017-03-24 09:25:03.0194 DEBUG Получено записей: 20
2017-03-24 09:25:03.0514 DEBUG Запрос: SELECT d.*,c.name as character_name, v.name AS type_name, m.mkb as mkb_name, s.name_stadiya as stadia_name, v.sort as diagn_type_sort FROM diagn_tab d LEFT JOIN public.sp_stadiya_diagn_tab s ON d.stage_of_disease = s.sp_stadiya_diagn_id LEFT JOIN codifiers.sp_disease_vid_tab v ON v.id = d.sp_disease_vid_id LEFT JOIN codifiers.diagn_type_tab c ON d.diagn_type_id = c.id LEFT JOIN mkb_tab m ON m.kod_d = d.diagn_osn WHERE d.talon_id = @id
2017-03-24 09:25:03.0774 DEBUG Получено записей: 3
2017-03-24 09:34:27.1667 DEBUG Запрос: SELECT DISTINCT code_access, name, description 
                            FROM users_access_view WHERE users_id = @id
2017-03-24 09:34:27.2177 DEBUG Получено записей: 187
2017-03-24 09:34:29.6298 DEBUG SQL: select pattern from codifiers.patterns_tab where code = @patterncode and users_id is null;
2017-03-24 09:34:29.6298 DEBUG Parameters: @patterncode=, @operator=
2017-03-24 09:34:29.6808 DEBUG Result 
2017-03-24 09:34:29.6808 DEBUG нет шаблона для пользователя
2017-03-24 09:34:29.6808 DEBUG SQL: select pattern from codifiers.patterns_tab where code = @patterncode and users_id is null
2017-03-24 09:34:29.6808 DEBUG Parameters: @patterncode 
2017-03-24 09:34:29.6958 DEBUG Result 
2017-03-24 09:34:29.7508 DEBUG SQL: select pattern from codifiers.patterns_tab where code = @patterncode and users_id is null;
2017-03-24 09:34:29.7508 DEBUG Parameters: @patterncode=, @operator=
2017-03-24 09:34:29.7638 DEBUG Result 
2017-03-24 09:34:29.7638 DEBUG нет шаблона для пользователя
2017-03-24 09:34:29.7638 DEBUG SQL: select pattern from codifiers.patterns_tab where code = @patterncode and users_id is null
2017-03-24 09:34:29.7638 DEBUG Parameters: @patterncode 
2017-03-24 09:34:29.7768 DEBUG Result 
2017-03-24 09:34:30.1599 DEBUG Запрос: Select id, name, code, is_default, parent_id from codifiers.sp_kind_paid_tab order by id
2017-03-24 09:34:30.1599 DEBUG Получено записей: 9
2017-03-24 09:34:30.1759 DEBUG Запрос: Select id, name, code from codifiers.first_visit_condition_tab order by id
2017-03-24 09:34:30.1759 DEBUG Получено записей: 4
2017-03-24 09:34:30.1909 DEBUG Запрос: Select id, name, code, reestr, idsp, hospital_type_id, is_cure, is_inspection from codifiers.visit_purpose_common_tab order by id
2017-03-24 09:34:30.1909 DEBUG Получено записей: 22
2017-03-24 09:34:30.2089 DEBUG Запрос: Select id, name, code from codifiers.place_service_tab order by id
2017-03-24 09:34:30.2089 DEBUG Получено записей: 3
2017-03-24 09:34:30.2239 DEBUG Запрос: Select result_id, result, reestr, patient_state_id, reestr_rslt, reestr_ishod, _end from public.result_tab order by result_id
2017-03-24 09:34:30.2439 DEBUG Получено записей: 29
2017-03-24 09:34:30.2569 DEBUG Запрос: select id, name, code, bur_reestr_code from codifiers.travma_tab order by name;
2017-03-24 09:34:30.2569 DEBUG Получено записей: 15
2017-03-24 09:34:30.2719 DEBUG Запрос: SELECT * FROM codifiers.lpu_tab
2017-03-24 09:34:30.2989 DEBUG Получено записей: 113
2017-03-24 09:34:30.6469 DEBUG Запрос: SELECT * FROM codifiers.lpu_tab order by name
2017-03-24 09:34:30.6619 DEBUG Получено записей: 113
2017-03-24 09:34:30.6619 DEBUG Запрос: select sp_napr_obosn_id,trim(obosn_name) as obosn_name FROM sp_napr_obosn_tab ORDER BY sp_napr_obosn_id;
2017-03-24 09:34:30.6759 DEBUG Получено записей: 8
2017-03-24 09:34:30.6759 DEBUG Запрос: SELECT sp_type_napr_id, sp_type_napr FROM sp_type_napr_tab ORDER BY 1;
2017-03-24 09:34:30.6759 DEBUG Получено записей: 9
2017-03-24 09:34:30.7009 DEBUG Запрос: select id, code, name from codifiers.doctor_spec_tab order by 3,1;
2017-03-24 09:34:30.7069 DEBUG Получено записей: 176
2017-03-24 09:34:30.7209 DEBUG Запрос: Select mkb_id, mkb, kod_d, reestr_code from public.mkb_tab order by 1
2017-03-24 09:34:30.9499 DEBUG Получено записей: 13813
2017-03-24 09:34:35.8112 DEBUG Запрос: Select s.id, s.code, s.name from codifiers.sozstatus_tab s
2017-03-24 09:34:35.8112 DEBUG Получено записей: 11
2017-03-24 09:34:35.8242 DEBUG Запрос: Select u.id, u.code, u.name, u.doctor_id, u.otdel_id, u.age_from, u.age_for, u.flag_default, u.uchactok_type_id, u.lpu_id, u.sort, u.sex from codifiers.uchactok_tab u order by u.sort, u.name
2017-03-24 09:34:35.8242 DEBUG Получено записей: 77
2017-03-24 09:34:35.8872 DEBUG Запрос: select id, socr, name, full_name, index, code 
                              from codifiers.sp_kladr_tab
                              where level_ter=@level order by name
2017-03-24 09:34:35.8872 DEBUG Получено записей: 107
2017-03-24 09:34:36.1842 DEBUG Запрос: SELECT * FROM codifiers.lpu_tab
2017-03-24 09:34:36.1842 DEBUG Получено записей: 113
2017-03-24 09:34:44.1747 DEBUG PatientFindForm ShowFilterByDoctor set to true
2017-03-24 09:34:44.1747 DEBUG PatientFindForm OperatorId: 2469
2017-03-24 09:34:44.1747 DEBUG PatientFindForm DoctorId: 2469
2017-03-24 09:34:46.0328 DEBUG DoctorQuery
2017-03-24 09:34:46.0328 DEBUG sql: SELECT td.time_nazn as "Время записи", d.dan_id as "Id", d.fam as "Фамилия", d.nam as "Имя", d.mid as "Отчество", d.date_born as "Дата рождения", case when d.ser_pol is null then d.num_pol else d.ser_pol ||' '|| d.num_pol end as "Полис", d.address as "Адрес", case when spolref='2301001' then true else false end as "Прикреплен", case when strcom_region_id='0300000000000' then false else true end as "Иногородний" FROM dan_tab d LEFT JOIN public.talon_doctor_tab td on td.dan_id = d.dan_id WHERE td.date_nazn = date(@date) and td.doctor_id = @doctor;
2017-03-24 09:34:46.0328 DEBUG @date: 24.03.2017
2017-03-24 09:34:46.0328 DEBUG @doctor: 2469
2017-03-24 09:34:46.0328 DEBUG bindQueryToDataGrid
2017-03-24 09:34:46.0488 DEBUG Sql: SELECT td.time_nazn as "Время записи", d.dan_id as "Id", d.fam as "Фамилия", d.nam as "Имя", d.mid as "Отчество", d.date_born as "Дата рождения", case when d.ser_pol is null then d.num_pol else d.ser_pol ||' '|| d.num_pol end as "Полис", d.address as "Адрес", case when spolref='2301001' then true else false end as "Прикреплен", case when strcom_region_id='0300000000000' then false else true end as "Иногородний" FROM dan_tab d LEFT JOIN public.talon_doctor_tab td on td.dan_id = d.dan_id WHERE td.date_nazn = date(@date) and td.doctor_id = @doctor;
2017-03-24 09:34:46.0488 DEBUG SqlParams:
2017-03-24 09:34:46.0488 DEBUG SqlParam @date='24.03.2017'
2017-03-24 09:34:46.0488 DEBUG SqlParam @doctor=2469
2017-03-24 09:35:00.3626 DEBUG Sql: SELECT d.dan_id as "Id", d.fam as "Фамилия", d.nam as "Имя", d.mid as "Отчество", d.date_born as "Дата рождения", case when d.ser_pol is null then d.num_pol else d.ser_pol ||' '|| d.num_pol end as "Полис", d.pens as "СНИЛС", d.address as "Адрес", case when spolref='2301001' then true else false end as "Прикреплен" , case when strcom_region_id='0300000000000' then false else true end as "Иногородний" FROM dan_tab d WHERE Lower(d.fam) LIKE @fam and Lower(d.nam) LIKE @nam ORDER BY d.fam, d.nam, d.mid, d.date_born LIMIT 150;
2017-03-24 09:35:00.3626 DEBUG SqlParams:
2017-03-24 09:35:00.3626 DEBUG SqlParam @fam=вахрушкина%
2017-03-24 09:35:00.3626 DEBUG SqlParam @nam=алевтина%
2017-03-24 09:35:04.6868 DEBUG Запрос: Select smo.id, smo.name, kladr.name from codifiers.strcom_tab smo left join codifiers.sp_kladr_tab kladr on smo.region_id = kladr.code where smo.region_id = @id and smo.name not like '*%'order by smo.name
2017-03-24 09:35:04.7638 DEBUG Получено записей: 4
2017-03-24 09:35:04.8538 DEBUG Запрос: select * from fed_lgota_tab where pens like @snils;
2017-03-24 09:35:04.8538 DEBUG Получено записей: 1
2017-03-24 09:35:04.8908 DEBUG Запрос: select * from lgot_client_tab where dan_id = @id;
2017-03-24 09:35:04.9168 DEBUG Получено записей: 0
2017-03-24 09:35:04.9789 DEBUG Запрос: SELECT t.talon_id, t.result_id, t.diag_osn, t.doctor_id, t.date_vnes_inf,
                        v.visit_id, v.doctor_id as vdoctor_id, v.data_vnes_inf as vdate_vnes_inf, v.data_pos 
                        FROM public.talon_tab t left join public.visit_tab v on v.talon_id = t.talon_id
                        where t.dan_id = @patient_id;
2017-03-24 09:35:05.0179 DEBUG Получено записей: 487
2017-03-24 09:35:10.6542 DEBUG Запрос: Select visit_id from public.visit_tab where talon_id = @talonId;
2017-03-24 09:35:10.6582 DEBUG Получено записей: 1
2017-03-24 09:35:10.7422 DEBUG Запрос: SELECT d.id FROM diagn_tab d WHERE d.talon_id = @caseId ORDER BY d.id desc;
2017-03-24 09:35:10.7422 DEBUG Получено записей: 3
2017-03-24 09:35:19.8927 DEBUG Запрос: SELECT d.id FROM diagn_tab d WHERE d.talon_id = @caseId ORDER BY d.id desc;
2017-03-24 09:35:19.8927 DEBUG Получено записей: 3
2017-03-24 09:35:20.0347 DEBUG Запрос: SELECT c.name, o.kol_vo, o.id, o.sp_uslug_id, o.inference_diagnosis FROM okaz_uslug_tab o LEFT JOIN codifiers.sp_uslug_tab c ON c.id = o.sp_uslug_id WHERE table_link_name = 'visit_tab' AND  table_link_id = @visitId;
2017-03-24 09:35:20.0347 DEBUG Получено записей: 0
2017-03-24 09:35:20.0547 DEBUG Запрос: SELECT p.id, p.name, p.code, p.sp_trnm_id, tr.name_lat AS nam_lat, tr.name AS nam_rus, p.sp_mnn_id, mnn.name_lat AS mnn_lat, mnn.name AS mnn_rus, p.sp_lf_id, lf.name as dtd, p.name_fct, p.name_cnf, p.doza, p.signa, p.price, p.sp_doza_id, p.d_ls, p.kod_rias FROM codifiers.preparat_tab p LEFT JOIN codifiers.sp_lf_tab lf ON lf.id = p.sp_lf_id LEFT JOIN codifiers.sp_trnm_tab tr ON tr.id = p.sp_trnm_id LEFT JOIN codifiers.sp_mnn_tab mnn ON mnn.id = p.sp_mnn_id;
2017-03-24 09:35:22.0388 DEBUG Получено записей: 36319
2017-03-24 09:35:25.2320 DEBUG Запрос: SELECT p.id, p.name, p.code, p.sp_trnm_id, tr.name_lat AS nam_lat, tr.name AS nam_rus, p.sp_mnn_id, mnn.name_lat AS mnn_lat, mnn.name AS mnn_rus, p.sp_lf_id, lf.name as dtd, p.name_fct, p.name_cnf, p.doza, p.signa, p.price, p.sp_doza_id, p.d_ls, p.kod_rias FROM codifiers.preparat_tab p LEFT JOIN codifiers.sp_lf_tab lf ON lf.id = p.sp_lf_id LEFT JOIN codifiers.sp_trnm_tab tr ON tr.id = p.sp_trnm_id LEFT JOIN codifiers.sp_mnn_tab mnn ON mnn.id = p.sp_mnn_id;
2017-03-24 09:35:27.1861 DEBUG Получено записей: 36319
2017-03-24 09:35:27.5781 DEBUG Запрос: select name from codifiers.signa_tab order by name;
2017-03-24 09:35:27.5781 DEBUG Получено записей: 20
2017-03-24 09:35:27.6081 DEBUG Запрос: SELECT d.*,c.name as character_name, v.name AS type_name, m.mkb as mkb_name, s.name_stadiya as stadia_name, v.sort as diagn_type_sort FROM diagn_tab d LEFT JOIN public.sp_stadiya_diagn_tab s ON d.stage_of_disease = s.sp_stadiya_diagn_id LEFT JOIN codifiers.sp_disease_vid_tab v ON v.id = d.sp_disease_vid_id LEFT JOIN codifiers.diagn_type_tab c ON d.diagn_type_id = c.id LEFT JOIN mkb_tab m ON m.kod_d = d.diagn_osn WHERE d.talon_id = @id
2017-03-24 09:35:27.6191 DEBUG Получено записей: 3
