2017-06-07 13:39:48.8863 DEBUG Запрос: SELECT DISTINCT code_access, name, description 
                            FROM users_access_view WHERE users_id = @id
2017-06-07 13:39:48.9543 DEBUG Получено записей: 187
2017-06-07 13:39:51.5225 DEBUG SQL: select pattern from codifiers.patterns_tab where code = @patterncode and users_id is null;
2017-06-07 13:39:51.5225 DEBUG Parameters: @patterncode=, @operator=
2017-06-07 13:39:51.5525 DEBUG Result 
2017-06-07 13:39:51.5525 DEBUG нет шаблона для пользователя
2017-06-07 13:39:51.5525 DEBUG SQL: select pattern from codifiers.patterns_tab where code = @patterncode and users_id is null
2017-06-07 13:39:51.5525 DEBUG Parameters: @patterncode 
2017-06-07 13:39:51.5675 DEBUG Result 
2017-06-07 13:39:51.6205 DEBUG SQL: select pattern from codifiers.patterns_tab where code = @patterncode and users_id is null;
2017-06-07 13:39:51.6205 DEBUG Parameters: @patterncode=, @operator=
2017-06-07 13:39:51.6205 DEBUG Result 
2017-06-07 13:39:51.6205 DEBUG нет шаблона для пользователя
2017-06-07 13:39:51.6205 DEBUG SQL: select pattern from codifiers.patterns_tab where code = @patterncode and users_id is null
2017-06-07 13:39:51.6205 DEBUG Parameters: @patterncode 
2017-06-07 13:39:51.6405 DEBUG Result 
2017-06-07 13:39:52.0385 DEBUG Запрос: Select id, name, code, is_default, parent_id from codifiers.sp_kind_paid_tab order by id
2017-06-07 13:39:52.0385 DEBUG Получено записей: 9
2017-06-07 13:39:52.0515 DEBUG Запрос: Select id, name, code from codifiers.first_visit_condition_tab order by id
2017-06-07 13:39:52.0515 DEBUG Получено записей: 4
2017-06-07 13:39:52.0645 DEBUG Запрос: Select id, name, code, reestr, idsp, hospital_type_id, is_cure, is_inspection from codifiers.visit_purpose_common_tab order by id
2017-06-07 13:39:52.0835 DEBUG Получено записей: 22
2017-06-07 13:39:52.0945 DEBUG Запрос: Select id, name, code from codifiers.place_service_tab order by id
2017-06-07 13:39:52.0945 DEBUG Получено записей: 3
2017-06-07 13:39:52.1065 DEBUG Запрос: Select result_id, result, reestr, patient_state_id, reestr_rslt, reestr_ishod, _end from public.result_tab order by result_id
2017-06-07 13:39:52.1065 DEBUG Получено записей: 29
2017-06-07 13:39:52.1245 DEBUG Запрос: select id, name, code, bur_reestr_code from codifiers.travma_tab order by name;
2017-06-07 13:39:52.1245 DEBUG Получено записей: 15
2017-06-07 13:39:52.1365 DEBUG Запрос: SELECT * FROM codifiers.lpu_tab
2017-06-07 13:39:52.1605 DEBUG Получено записей: 114
2017-06-07 13:39:52.4975 DEBUG Запрос: SELECT * FROM codifiers.lpu_tab order by name
2017-06-07 13:39:52.4975 DEBUG Получено записей: 114
2017-06-07 13:39:52.5195 DEBUG Запрос: select sp_napr_obosn_id,trim(obosn_name) as obosn_name FROM sp_napr_obosn_tab ORDER BY sp_napr_obosn_id;
2017-06-07 13:39:52.5195 DEBUG Получено записей: 8
2017-06-07 13:39:52.5315 DEBUG Запрос: SELECT sp_type_napr_id, sp_type_napr FROM sp_type_napr_tab where sp_type_napr_id!=1 ORDER BY 1;
2017-06-07 13:39:52.5315 DEBUG Получено записей: 8
2017-06-07 13:39:52.5445 DEBUG Запрос: select id, code, name from codifiers.doctor_spec_tab order by 3,1;
2017-06-07 13:39:52.5445 DEBUG Получено записей: 176
2017-06-07 13:39:52.5615 DEBUG Запрос: Select mkb_id, mkb, kod_d, reestr_code from public.mkb_tab order by 1
2017-06-07 13:39:52.7596 DEBUG Получено записей: 13813
2017-06-07 13:58:15.7516 DEBUG Запрос: Select s.id, s.code, s.name from codifiers.sozstatus_tab s
2017-06-07 13:58:15.7516 DEBUG Получено записей: 11
2017-06-07 13:58:15.7706 DEBUG Запрос: Select u.id, u.code, u.name, u.doctor_id, u.otdel_id, u.age_from, u.age_for, u.flag_default, u.uchactok_type_id, u.lpu_id, u.sort, u.sex from codifiers.uchactok_tab u order by u.sort, u.name
2017-06-07 13:58:15.7706 DEBUG Получено записей: 77
2017-06-07 13:58:15.8276 DEBUG Запрос: select id, socr, name, full_name, index, code 
                              from codifiers.sp_kladr_tab
                              where level_ter=@level order by name
2017-06-07 13:58:15.8276 DEBUG Получено записей: 107
2017-06-07 13:58:16.1077 DEBUG Запрос: SELECT * FROM codifiers.lpu_tab
2017-06-07 13:58:16.1077 DEBUG Получено записей: 114
2017-06-07 13:58:22.5420 DEBUG PatientFindForm ShowFilterByDoctor set to true
2017-06-07 13:58:22.5420 DEBUG PatientFindForm OperatorId: 2469
2017-06-07 13:58:22.5420 DEBUG PatientFindForm DoctorId: 2469
2017-06-07 13:58:22.6740 DEBUG DoctorQuery
2017-06-07 13:58:22.6740 DEBUG sql: SELECT td.time_nazn as "Время записи", d.dan_id as "Id", d.fam as "Фамилия", d.nam as "Имя", d.mid as "Отчество", d.date_born as "Дата рождения", case when d.ser_pol is null then d.num_pol else d.ser_pol ||' '|| d.num_pol end as "Полис", d.address as "Адрес", case when spolref='2301001' then true else false end as "Прикреплен", case when strcom_region_id='0300000000000' then false else true end as "Иногородний" FROM dan_tab d LEFT JOIN public.talon_doctor_tab td on td.dan_id = d.dan_id WHERE td.date_nazn = date(@date) and td.doctor_id = @doctor;
2017-06-07 13:58:22.6740 DEBUG @date: 07.06.2017
2017-06-07 13:58:22.6740 DEBUG @doctor: 2469
2017-06-07 13:58:22.6740 DEBUG bindQueryToDataGrid
2017-06-07 13:58:22.6870 DEBUG Sql: SELECT td.time_nazn as "Время записи", d.dan_id as "Id", d.fam as "Фамилия", d.nam as "Имя", d.mid as "Отчество", d.date_born as "Дата рождения", case when d.ser_pol is null then d.num_pol else d.ser_pol ||' '|| d.num_pol end as "Полис", d.address as "Адрес", case when spolref='2301001' then true else false end as "Прикреплен", case when strcom_region_id='0300000000000' then false else true end as "Иногородний" FROM dan_tab d LEFT JOIN public.talon_doctor_tab td on td.dan_id = d.dan_id WHERE td.date_nazn = date(@date) and td.doctor_id = @doctor;
2017-06-07 13:58:22.6870 DEBUG SqlParams:
2017-06-07 13:58:22.6870 DEBUG SqlParam @date='07.06.2017'
2017-06-07 13:58:22.6870 DEBUG SqlParam @doctor=2469
2017-06-07 13:58:36.9689 DEBUG Sql: SELECT d.dan_id as "Id", d.fam as "Фамилия", d.nam as "Имя", d.mid as "Отчество", d.date_born as "Дата рождения", case when d.ser_pol is null then d.num_pol else d.ser_pol ||' '|| d.num_pol end as "Полис", d.pens as "СНИЛС", d.address as "Адрес", case when spolref='2301001' then true else false end as "Прикреплен" , case when strcom_region_id='0300000000000' then false else true end as "Иногородний" FROM dan_tab d WHERE Lower(d.fam) LIKE @fam and Lower(d.nam) LIKE @nam ORDER BY d.fam, d.nam, d.mid, d.date_born LIMIT 150;
2017-06-07 13:58:36.9689 DEBUG SqlParams:
2017-06-07 13:58:36.9689 DEBUG SqlParam @fam=вахрушкина%
2017-06-07 13:58:36.9689 DEBUG SqlParam @nam=алевтина%
2017-06-07 13:58:40.3230 DEBUG Запрос: Select smo.id, smo.name, kladr.name from codifiers.strcom_tab smo left join codifiers.sp_kladr_tab kladr on smo.region_id = kladr.code where smo.region_id = @id and smo.name not like '*%'order by smo.name
2017-06-07 13:58:40.4080 DEBUG Получено записей: 4
2017-06-07 13:58:40.4851 DEBUG Запрос: select * from fed_lgota_tab where pens like @snils;
2017-06-07 13:58:40.4851 DEBUG Получено записей: 1
2017-06-07 13:58:40.6231 DEBUG Запрос: SELECT t.talon_id, t.result_id, t.diag_osn, t.doctor_id, t.date_vnes_inf,
                        v.visit_id, v.doctor_id as vdoctor_id, v.data_vnes_inf as vdate_vnes_inf, v.data_pos 
                        FROM public.talon_tab t left join public.visit_tab v on v.talon_id = t.talon_id
                        where t.dan_id = @patient_id;
2017-06-07 13:58:41.0361 DEBUG Получено записей: 531
2017-06-07 13:58:43.7382 DEBUG Запрос: Select visit_id from public.visit_tab where talon_id = @talonId;
2017-06-07 13:58:43.7382 DEBUG Получено записей: 1
2017-06-07 13:58:43.8282 DEBUG Запрос: SELECT d.id FROM diagn_tab d WHERE d.talon_id = @caseId ORDER BY d.id desc;
2017-06-07 13:58:43.8312 DEBUG Получено записей: 1
2017-06-07 13:58:49.7406 DEBUG Запрос: select * from fed_lgota_tab where pens like @snils;
2017-06-07 13:58:49.7426 DEBUG Получено записей: 1
2017-06-07 13:58:49.8186 DEBUG Запрос: select * from fed_lgota_tab where pens like @snils;
2017-06-07 13:58:49.8216 DEBUG Получено записей: 1
2017-06-07 13:59:04.5314 DEBUG Запрос: select * from fed_lgota_tab where pens like @snils;
2017-06-07 13:59:04.5314 DEBUG Получено записей: 1
2017-06-07 13:59:04.6194 DEBUG Запрос: select * from fed_lgota_tab where pens like @snils;
2017-06-07 13:59:04.6194 DEBUG Получено записей: 1
2017-06-07 13:59:12.7639 DEBUG Запрос: Select visit_id from public.visit_tab where talon_id = @talonId;
2017-06-07 13:59:12.7639 DEBUG Получено записей: 0
2017-06-07 13:59:12.7919 DEBUG Запрос: SELECT d.id FROM diagn_tab d WHERE d.talon_id = @caseId ORDER BY d.id desc;
2017-06-07 13:59:12.7919 DEBUG Получено записей: 0
2017-06-07 13:59:13.8860 DEBUG Запрос: SELECT d.id FROM diagn_tab d WHERE d.talon_id = @caseId ORDER BY d.id desc;
2017-06-07 13:59:13.8860 DEBUG Получено записей: 1
2017-06-07 13:59:16.7301 DEBUG Запрос: SELECT d.id FROM diagn_tab d WHERE d.talon_id = @caseId ORDER BY d.id desc;
2017-06-07 13:59:16.7301 DEBUG Получено записей: 1
2017-06-07 13:59:16.8141 DEBUG Запрос: SELECT c.name, o.kol_vo, o.id, o.sp_uslug_id, o.inference_diagnosis FROM okaz_uslug_tab o LEFT JOIN codifiers.sp_uslug_tab c ON c.id = o.sp_uslug_id WHERE table_link_name = 'visit_tab' AND  table_link_id = @visitId;
2017-06-07 13:59:16.8141 DEBUG Получено записей: 0
2017-06-07 13:59:16.8301 DEBUG Запрос: SELECT s.name, s.code, c.date_begin, c.date_end, c.cost, e.sp_uslug_id as service_id  FROM eq_uslug_doctor_tab e JOIN eq_uslug_cost_tab c ON c.sp_uslug_id = e.sp_uslug_id AND sp_lpu_id = get_lpu_number()::bigint AND c.sp_kind_paid_id = 0 AND @visitDate::date BETWEEN date_begin AND date_end LEFT JOIN codifiers.sp_uslug_tab s ON s.id = e.sp_uslug_id WHERE e.doctor_id = @doctorId ORDER BY 1,2;
2017-06-07 13:59:16.8411 DEBUG Получено записей: 0
2017-06-07 13:59:16.8411 DEBUG Запрос: SELECT p.id, p.name, p.code, p.sp_trnm_id, tr.name_lat AS nam_lat, tr.name AS nam_rus, p.sp_mnn_id, mnn.name_lat AS mnn_lat, mnn.name AS mnn_rus, p.sp_lf_id, lf.name as dtd, p.name_fct, p.name_cnf, p.doza, p.signa, p.price, p.sp_doza_id, p.d_ls, p.kod_rias FROM codifiers.preparat_tab p LEFT JOIN codifiers.sp_lf_tab lf ON lf.id = p.sp_lf_id LEFT JOIN codifiers.sp_trnm_tab tr ON tr.id = p.sp_trnm_id LEFT JOIN codifiers.sp_mnn_tab mnn ON mnn.id = p.sp_mnn_id;
2017-06-07 13:59:18.2722 DEBUG Получено записей: 36330
2017-06-07 13:59:20.0393 DEBUG Запрос: SELECT d.id FROM diagn_tab d WHERE d.talon_id = @caseId ORDER BY d.id desc;
2017-06-07 13:59:20.0393 DEBUG Получено записей: 0
2017-06-07 13:59:22.8655 DEBUG Запрос: Select visit_id from public.visit_tab where talon_id = @talonId;
2017-06-07 13:59:22.8655 DEBUG Получено записей: 0
2017-06-07 13:59:22.9035 DEBUG Запрос: SELECT d.id FROM diagn_tab d WHERE d.talon_id = @caseId ORDER BY d.id desc;
2017-06-07 13:59:22.9075 DEBUG Получено записей: 0
2017-06-07 13:59:26.0517 DEBUG Запрос: select * from fed_lgota_tab where pens like @snils;
2017-06-07 13:59:26.0517 DEBUG Получено записей: 1
2017-06-07 13:59:26.1607 DEBUG Запрос: select * from fed_lgota_tab where pens like @snils;
2017-06-07 13:59:26.1607 DEBUG Получено записей: 1
2017-06-07 13:59:30.5229 DEBUG Запрос: Select visit_id from public.visit_tab where talon_id = @talonId;
2017-06-07 13:59:30.5229 DEBUG Получено записей: 1
2017-06-07 13:59:30.5909 DEBUG Запрос: SELECT d.id FROM diagn_tab d WHERE d.talon_id = @caseId ORDER BY d.id desc;
2017-06-07 13:59:30.5909 DEBUG Получено записей: 2
2017-06-07 13:59:30.6959 DEBUG Запрос: SELECT c.name, o.kol_vo, o.id, o.sp_uslug_id, o.inference_diagnosis FROM okaz_uslug_tab o LEFT JOIN codifiers.sp_uslug_tab c ON c.id = o.sp_uslug_id WHERE table_link_name = 'visit_tab' AND  table_link_id = @visitId;
2017-06-07 13:59:30.6959 DEBUG Получено записей: 1
2017-06-07 13:59:34.8822 DEBUG Запрос: select * from fed_lgota_tab where pens like @snils;
2017-06-07 13:59:34.8822 DEBUG Получено записей: 1
2017-06-07 13:59:34.9622 DEBUG Запрос: select * from fed_lgota_tab where pens like @snils;
2017-06-07 13:59:34.9662 DEBUG Получено записей: 1
2017-06-07 13:59:35.3942 DEBUG Запрос: SELECT p.id, p.name, p.code, p.sp_trnm_id, tr.name_lat AS nam_lat, tr.name AS nam_rus, p.sp_mnn_id, mnn.name_lat AS mnn_lat, mnn.name AS mnn_rus, p.sp_lf_id, lf.name as dtd, p.name_fct, p.name_cnf, p.doza, p.signa, p.price, p.sp_doza_id, p.d_ls, p.kod_rias FROM codifiers.preparat_tab p LEFT JOIN codifiers.sp_lf_tab lf ON lf.id = p.sp_lf_id LEFT JOIN codifiers.sp_trnm_tab tr ON tr.id = p.sp_trnm_id LEFT JOIN codifiers.sp_mnn_tab mnn ON mnn.id = p.sp_mnn_id;
2017-06-07 13:59:36.6893 DEBUG Получено записей: 36330
2017-06-07 13:59:36.9833 DEBUG Запрос: select name from codifiers.signa_tab order by name;
2017-06-07 13:59:37.0963 DEBUG Получено записей: 20
2017-06-07 13:59:37.1193 DEBUG Запрос: select * from fed_lgota_tab where pens like @snils;
2017-06-07 13:59:37.1193 DEBUG Получено записей: 1
2017-06-07 13:59:37.2033 DEBUG Запрос: select * from fed_lgota_tab where pens like @snils;
2017-06-07 13:59:37.2033 DEBUG Получено записей: 1
2017-06-07 13:59:37.2863 DEBUG Запрос: select * from fed_lgota_tab where pens like @snils;
2017-06-07 13:59:37.2863 DEBUG Получено записей: 1
2017-06-07 13:59:37.3693 DEBUG Запрос: SELECT d.*,c.name as character_name, v.name AS type_name, m.mkb as mkb_name, s.name_stadiya as stadia_name, v.sort as diagn_type_sort FROM diagn_tab d LEFT JOIN public.sp_stadiya_diagn_tab s ON d.stage_of_disease = s.sp_stadiya_diagn_id LEFT JOIN codifiers.sp_disease_vid_tab v ON v.id = d.sp_disease_vid_id LEFT JOIN codifiers.diagn_type_tab c ON d.diagn_type_id = c.id LEFT JOIN mkb_tab m ON m.kod_d = d.diagn_osn WHERE d.talon_id = @id
2017-06-07 13:59:37.3693 DEBUG Получено записей: 2
2017-06-07 14:00:33.0705 ERROR Cannot open connection: Failed to establish a connection to '192.168.16.253'.
2017-06-07 14:00:33.5195 DEBUG Запрос: SELECT count(dan_id) FROM rezept_tab WHERE dan_id = @patientId and date_vipiski = @date;
2017-06-07 14:00:33.5195 DEBUG Получено записей: 1
2017-06-07 14:00:33.5305 DEBUG Запрос: SELECT count(dan_id) FROM rezept_tab WHERE dan_id = @patientId and date_part('month', date_vipiski) = @month;
2017-06-07 14:00:33.5305 DEBUG Получено записей: 1
2017-06-07 14:01:41.1374 DEBUG Запрос: select r.rezept_id, r.rezept_ser, r.rezept_num, r.date_vipiski, r.date_otpusk, r.diagn_id, r.lekarstv_id, r.bad, d.fio from public.rezept_tab r inner join full_doctor_view2 d on r.doctor_id = d.full_doctor_id where r.dan_id = @id
2017-06-07 14:01:41.1634 DEBUG Получено записей: 508
2017-06-07 14:01:51.9840 DEBUG Запрос: SELECT d.*,c.name as character_name, v.name AS type_name, m.mkb as mkb_name, s.name_stadiya as stadia_name, v.sort as diagn_type_sort FROM diagn_tab d LEFT JOIN public.sp_stadiya_diagn_tab s ON d.stage_of_disease = s.sp_stadiya_diagn_id LEFT JOIN codifiers.sp_disease_vid_tab v ON v.id = d.sp_disease_vid_id LEFT JOIN codifiers.diagn_type_tab c ON d.diagn_type_id = c.id LEFT JOIN mkb_tab m ON m.kod_d = d.diagn_osn WHERE d.talon_id = @id
2017-06-07 14:01:52.0050 DEBUG Получено записей: 1
2017-06-07 14:01:58.0644 DEBUG Запрос: select * from fed_lgota_tab where pens like @snils;
2017-06-07 14:01:58.0684 DEBUG Получено записей: 1
2017-06-07 14:02:22.4307 DEBUG Запрос: SELECT count(dan_id) FROM rezept_tab WHERE dan_id = @patientId and date_vipiski = @date;
2017-06-07 14:02:22.4347 DEBUG Получено записей: 1
2017-06-07 14:02:22.4347 DEBUG Запрос: SELECT count(dan_id) FROM rezept_tab WHERE dan_id = @patientId and date_part('month', date_vipiski) = @month;
2017-06-07 14:02:22.4347 DEBUG Получено записей: 1
2017-06-07 15:36:15.9800 DEBUG Запрос: SELECT DISTINCT code_access, name, description 
                            FROM users_access_view WHERE users_id = @id
2017-06-07 15:36:16.0290 DEBUG Получено записей: 187
2017-06-07 15:36:18.6171 DEBUG SQL: select pattern from codifiers.patterns_tab where code = @patterncode and users_id is null;
2017-06-07 15:36:18.6171 DEBUG Parameters: @patterncode=, @operator=
2017-06-07 15:36:18.6461 DEBUG Result 
2017-06-07 15:36:18.6461 DEBUG нет шаблона для пользователя
2017-06-07 15:36:18.6461 DEBUG SQL: select pattern from codifiers.patterns_tab where code = @patterncode and users_id is null
2017-06-07 15:36:18.6461 DEBUG Parameters: @patterncode 
2017-06-07 15:36:18.6591 DEBUG Result 
2017-06-07 15:36:18.7121 DEBUG SQL: select pattern from codifiers.patterns_tab where code = @patterncode and users_id is null;
2017-06-07 15:36:18.7121 DEBUG Parameters: @patterncode=, @operator=
2017-06-07 15:36:18.7231 DEBUG Result 
2017-06-07 15:36:18.7231 DEBUG нет шаблона для пользователя
2017-06-07 15:36:18.7231 DEBUG SQL: select pattern from codifiers.patterns_tab where code = @patterncode and users_id is null
2017-06-07 15:36:18.7231 DEBUG Parameters: @patterncode 
2017-06-07 15:36:18.7231 DEBUG Result 
2017-06-07 15:36:19.0441 DEBUG Запрос: Select id, name, code, is_default, parent_id from codifiers.sp_kind_paid_tab order by id
2017-06-07 15:36:19.0471 DEBUG Получено записей: 9
2017-06-07 15:36:19.0471 DEBUG Запрос: Select id, name, code from codifiers.first_visit_condition_tab order by id
2017-06-07 15:36:19.0471 DEBUG Получено записей: 4
2017-06-07 15:36:19.0691 DEBUG Запрос: Select id, name, code, reestr, idsp, hospital_type_id, is_cure, is_inspection from codifiers.visit_purpose_common_tab order by id
2017-06-07 15:36:19.0691 DEBUG Получено записей: 22
2017-06-07 15:36:19.1161 DEBUG Запрос: Select id, name, code from codifiers.place_service_tab order by id
2017-06-07 15:36:19.1161 DEBUG Получено записей: 3
2017-06-07 15:36:19.1281 DEBUG Запрос: Select result_id, result, reestr, patient_state_id, reestr_rslt, reestr_ishod, _end from public.result_tab order by result_id
2017-06-07 15:36:19.1281 DEBUG Получено записей: 29
2017-06-07 15:36:19.1431 DEBUG Запрос: select id, name, code, bur_reestr_code from codifiers.travma_tab order by name;
2017-06-07 15:36:19.1431 DEBUG Получено записей: 15
2017-06-07 15:36:19.2532 DEBUG Запрос: SELECT * FROM codifiers.lpu_tab
2017-06-07 15:36:19.2782 DEBUG Получено записей: 114
2017-06-07 15:36:19.5952 DEBUG Запрос: SELECT * FROM codifiers.lpu_tab order by name
2017-06-07 15:36:19.6072 DEBUG Получено записей: 114
2017-06-07 15:36:19.6072 DEBUG Запрос: select sp_napr_obosn_id,trim(obosn_name) as obosn_name FROM sp_napr_obosn_tab ORDER BY sp_napr_obosn_id;
2017-06-07 15:36:19.6072 DEBUG Получено записей: 8
2017-06-07 15:36:19.6272 DEBUG Запрос: SELECT sp_type_napr_id, sp_type_napr FROM sp_type_napr_tab where sp_type_napr_id!=1 ORDER BY 1;
2017-06-07 15:36:19.6272 DEBUG Получено записей: 8
2017-06-07 15:36:19.6392 DEBUG Запрос: select id, code, name from codifiers.doctor_spec_tab order by 3,1;
2017-06-07 15:36:19.6392 DEBUG Получено записей: 176
2017-06-07 15:36:19.6552 DEBUG Запрос: Select mkb_id, mkb, kod_d, reestr_code from public.mkb_tab order by 1
2017-06-07 15:36:19.8512 DEBUG Получено записей: 13813
2017-06-07 15:39:30.1761 DEBUG Запрос: Select s.id, s.code, s.name from codifiers.sozstatus_tab s
2017-06-07 15:39:30.1781 DEBUG Получено записей: 11
2017-06-07 15:39:30.1951 DEBUG Запрос: Select u.id, u.code, u.name, u.doctor_id, u.otdel_id, u.age_from, u.age_for, u.flag_default, u.uchactok_type_id, u.lpu_id, u.sort, u.sex from codifiers.uchactok_tab u order by u.sort, u.name
2017-06-07 15:39:30.1951 DEBUG Получено записей: 77
2017-06-07 15:39:30.2531 DEBUG Запрос: select id, socr, name, full_name, index, code 
                              from codifiers.sp_kladr_tab
                              where level_ter=@level order by name
2017-06-07 15:39:30.2591 DEBUG Получено записей: 107
2017-06-07 15:39:30.5231 DEBUG Запрос: SELECT * FROM codifiers.lpu_tab
2017-06-07 15:39:30.5411 DEBUG Получено записей: 114
2017-06-07 15:39:35.9884 DEBUG PatientFindForm ShowFilterByDoctor set to true
2017-06-07 15:39:35.9884 DEBUG PatientFindForm OperatorId: 2469
2017-06-07 15:39:35.9884 DEBUG PatientFindForm DoctorId: 2469
2017-06-07 15:39:36.1124 DEBUG DoctorQuery
2017-06-07 15:39:36.1124 DEBUG sql: SELECT td.time_nazn as "Время записи", d.dan_id as "Id", d.fam as "Фамилия", d.nam as "Имя", d.mid as "Отчество", d.date_born as "Дата рождения", case when d.ser_pol is null then d.num_pol else d.ser_pol ||' '|| d.num_pol end as "Полис", d.address as "Адрес", case when spolref='2301001' then true else false end as "Прикреплен", case when strcom_region_id='0300000000000' then false else true end as "Иногородний" FROM dan_tab d LEFT JOIN public.talon_doctor_tab td on td.dan_id = d.dan_id WHERE td.date_nazn = date(@date) and td.doctor_id = @doctor;
2017-06-07 15:39:36.1124 DEBUG @date: 07.06.2017
2017-06-07 15:39:36.1124 DEBUG @doctor: 2469
2017-06-07 15:39:36.1124 DEBUG bindQueryToDataGrid
2017-06-07 15:39:36.1254 DEBUG Sql: SELECT td.time_nazn as "Время записи", d.dan_id as "Id", d.fam as "Фамилия", d.nam as "Имя", d.mid as "Отчество", d.date_born as "Дата рождения", case when d.ser_pol is null then d.num_pol else d.ser_pol ||' '|| d.num_pol end as "Полис", d.address as "Адрес", case when spolref='2301001' then true else false end as "Прикреплен", case when strcom_region_id='0300000000000' then false else true end as "Иногородний" FROM dan_tab d LEFT JOIN public.talon_doctor_tab td on td.dan_id = d.dan_id WHERE td.date_nazn = date(@date) and td.doctor_id = @doctor;
2017-06-07 15:39:36.1254 DEBUG SqlParams:
2017-06-07 15:39:36.1254 DEBUG SqlParam @date='07.06.2017'
2017-06-07 15:39:36.1254 DEBUG SqlParam @doctor=2469
2017-06-07 15:39:55.9325 DEBUG Sql: SELECT d.dan_id as "Id", d.fam as "Фамилия", d.nam as "Имя", d.mid as "Отчество", d.date_born as "Дата рождения", case when d.ser_pol is null then d.num_pol else d.ser_pol ||' '|| d.num_pol end as "Полис", d.pens as "СНИЛС", d.address as "Адрес", case when spolref='2301001' then true else false end as "Прикреплен" , case when strcom_region_id='0300000000000' then false else true end as "Иногородний" FROM dan_tab d WHERE Lower(d.fam) LIKE @fam and Lower(d.nam) LIKE @nam ORDER BY d.fam, d.nam, d.mid, d.date_born LIMIT 150;
2017-06-07 15:39:55.9325 DEBUG SqlParams:
2017-06-07 15:39:55.9325 DEBUG SqlParam @fam=вахрушкина%
2017-06-07 15:39:55.9325 DEBUG SqlParam @nam=алевтина%
2017-06-07 15:39:59.2657 DEBUG Запрос: Select smo.id, smo.name, kladr.name from codifiers.strcom_tab smo left join codifiers.sp_kladr_tab kladr on smo.region_id = kladr.code where smo.region_id = @id and smo.name not like '*%'order by smo.name
2017-06-07 15:39:59.3507 DEBUG Получено записей: 4
2017-06-07 15:39:59.4277 DEBUG Запрос: select * from fed_lgota_tab where pens like @snils;
2017-06-07 15:39:59.4307 DEBUG Получено записей: 1
2017-06-07 15:39:59.5588 DEBUG Запрос: SELECT t.talon_id, t.result_id, t.diag_osn, t.doctor_id, t.date_vnes_inf,
                        v.visit_id, v.doctor_id as vdoctor_id, v.data_vnes_inf as vdate_vnes_inf, v.data_pos 
                        FROM public.talon_tab t left join public.visit_tab v on v.talon_id = t.talon_id
                        where t.dan_id = @patient_id;
2017-06-07 15:39:59.8858 DEBUG Получено записей: 531
2017-06-07 15:40:03.7590 DEBUG Запрос: Select visit_id from public.visit_tab where talon_id = @talonId;
2017-06-07 15:40:03.7590 DEBUG Получено записей: 1
2017-06-07 15:40:03.8410 DEBUG Запрос: SELECT d.id FROM diagn_tab d WHERE d.talon_id = @caseId ORDER BY d.id desc;
2017-06-07 15:40:03.8440 DEBUG Получено записей: 1
2017-06-07 15:41:44.7178 DEBUG Запрос: select * from fed_lgota_tab where pens like @snils;
2017-06-07 15:41:44.7178 DEBUG Получено записей: 1
2017-06-07 15:41:44.7988 DEBUG Запрос: select * from fed_lgota_tab where pens like @snils;
2017-06-07 15:41:44.7988 DEBUG Получено записей: 1
2017-06-07 15:42:50.6265 DEBUG Запрос: select * from fed_lgota_tab where pens like @snils;
2017-06-07 15:42:50.6265 DEBUG Получено записей: 1
2017-06-07 15:42:50.7095 DEBUG Запрос: select * from fed_lgota_tab where pens like @snils;
2017-06-07 15:42:50.7095 DEBUG Получено записей: 1
2017-06-07 15:45:04.0742 DEBUG Запрос: select * from fed_lgota_tab where pens like @snils;
2017-06-07 15:45:04.0742 DEBUG Получено записей: 1
2017-06-07 15:45:04.1622 DEBUG Запрос: select * from fed_lgota_tab where pens like @snils;
2017-06-07 15:45:04.1622 DEBUG Получено записей: 1
2017-06-07 15:45:21.1732 DEBUG Запрос: Select visit_id from public.visit_tab where talon_id = @talonId;
2017-06-07 15:45:21.1732 DEBUG Получено записей: 1
2017-06-07 15:45:21.2552 DEBUG Запрос: SELECT d.id FROM diagn_tab d WHERE d.talon_id = @caseId ORDER BY d.id desc;
2017-06-07 15:45:21.2592 DEBUG Получено записей: 2
2017-06-07 15:45:21.3842 DEBUG Запрос: SELECT c.name, o.kol_vo, o.id, o.sp_uslug_id, o.inference_diagnosis FROM okaz_uslug_tab o LEFT JOIN codifiers.sp_uslug_tab c ON c.id = o.sp_uslug_id WHERE table_link_name = 'visit_tab' AND  table_link_id = @visitId;
2017-06-07 15:45:21.3842 DEBUG Получено записей: 1
2017-06-07 15:45:21.4072 DEBUG Запрос: SELECT p.id, p.name, p.code, p.sp_trnm_id, tr.name_lat AS nam_lat, tr.name AS nam_rus, p.sp_mnn_id, mnn.name_lat AS mnn_lat, mnn.name AS mnn_rus, p.sp_lf_id, lf.name as dtd, p.name_fct, p.name_cnf, p.doza, p.signa, p.price, p.sp_doza_id, p.d_ls, p.kod_rias FROM codifiers.preparat_tab p LEFT JOIN codifiers.sp_lf_tab lf ON lf.id = p.sp_lf_id LEFT JOIN codifiers.sp_trnm_tab tr ON tr.id = p.sp_trnm_id LEFT JOIN codifiers.sp_mnn_tab mnn ON mnn.id = p.sp_mnn_id;
2017-06-07 15:45:23.0533 DEBUG Получено записей: 36330
2017-06-07 15:45:25.3854 DEBUG Запрос: select * from fed_lgota_tab where pens like @snils;
2017-06-07 15:45:25.3854 DEBUG Получено записей: 1
2017-06-07 15:45:25.4684 DEBUG Запрос: select * from fed_lgota_tab where pens like @snils;
2017-06-07 15:45:25.4714 DEBUG Получено записей: 1
2017-06-07 15:45:25.8584 DEBUG Запрос: SELECT p.id, p.name, p.code, p.sp_trnm_id, tr.name_lat AS nam_lat, tr.name AS nam_rus, p.sp_mnn_id, mnn.name_lat AS mnn_lat, mnn.name AS mnn_rus, p.sp_lf_id, lf.name as dtd, p.name_fct, p.name_cnf, p.doza, p.signa, p.price, p.sp_doza_id, p.d_ls, p.kod_rias FROM codifiers.preparat_tab p LEFT JOIN codifiers.sp_lf_tab lf ON lf.id = p.sp_lf_id LEFT JOIN codifiers.sp_trnm_tab tr ON tr.id = p.sp_trnm_id LEFT JOIN codifiers.sp_mnn_tab mnn ON mnn.id = p.sp_mnn_id;
2017-06-07 15:45:27.0955 DEBUG Получено записей: 36330
2017-06-07 15:45:28.5686 DEBUG Запрос: select name from codifiers.signa_tab order by name;
2017-06-07 15:45:28.5686 DEBUG Получено записей: 20
2017-06-07 15:45:28.5946 DEBUG Запрос: select * from fed_lgota_tab where pens like @snils;
2017-06-07 15:45:28.5946 DEBUG Получено записей: 1
2017-06-07 15:45:28.6776 DEBUG Запрос: select * from fed_lgota_tab where pens like @snils;
2017-06-07 15:45:28.6776 DEBUG Получено записей: 1
2017-06-07 15:45:28.7616 DEBUG Запрос: select * from fed_lgota_tab where pens like @snils;
2017-06-07 15:45:28.7646 DEBUG Получено записей: 1
2017-06-07 15:45:28.8456 DEBUG Запрос: SELECT d.*,c.name as character_name, v.name AS type_name, m.mkb as mkb_name, s.name_stadiya as stadia_name, v.sort as diagn_type_sort FROM diagn_tab d LEFT JOIN public.sp_stadiya_diagn_tab s ON d.stage_of_disease = s.sp_stadiya_diagn_id LEFT JOIN codifiers.sp_disease_vid_tab v ON v.id = d.sp_disease_vid_id LEFT JOIN codifiers.diagn_type_tab c ON d.diagn_type_id = c.id LEFT JOIN mkb_tab m ON m.kod_d = d.diagn_osn WHERE d.talon_id = @id
2017-06-07 15:45:28.8456 DEBUG Получено записей: 2
2017-06-07 15:54:42.5773 DEBUG Запрос: select r.rezept_id, r.rezept_ser, r.rezept_num, r.date_vipiski, r.date_otpusk, r.diagn_id, r.lekarstv_id, r.bad, d.fio from public.rezept_tab r inner join full_doctor_view2 d on r.doctor_id = d.full_doctor_id where r.dan_id = @id
2017-06-07 15:54:42.6153 DEBUG Получено записей: 508
2017-06-07 15:54:54.2599 DEBUG Запрос: SELECT d.*,c.name as character_name, v.name AS type_name, m.mkb as mkb_name, s.name_stadiya as stadia_name, v.sort as diagn_type_sort FROM diagn_tab d LEFT JOIN public.sp_stadiya_diagn_tab s ON d.stage_of_disease = s.sp_stadiya_diagn_id LEFT JOIN codifiers.sp_disease_vid_tab v ON v.id = d.sp_disease_vid_id LEFT JOIN codifiers.diagn_type_tab c ON d.diagn_type_id = c.id LEFT JOIN mkb_tab m ON m.kod_d = d.diagn_osn WHERE d.talon_id = @id
2017-06-07 15:54:54.3169 DEBUG Получено записей: 2
2017-06-07 15:55:00.3803 DEBUG Запрос: select * from fed_lgota_tab where pens like @snils;
2017-06-07 15:55:00.3833 DEBUG Получено записей: 1
2017-06-07 15:55:17.5263 ERROR Cannot open connection: Failed to establish a connection to '192.168.16.253'.
2017-06-07 17:55:25.3015 DEBUG Запрос: SELECT count(dan_id) FROM rezept_tab WHERE dan_id = @patientId and date_vipiski = @date;
2017-06-07 17:55:25.3075 DEBUG Получено записей: 1
2017-06-07 17:55:25.3945 DEBUG Запрос: SELECT count(dan_id) FROM rezept_tab WHERE dan_id = @patientId and date_part('month', date_vipiski) = @month;
2017-06-07 17:55:25.3995 DEBUG Получено записей: 1
2017-06-07 18:02:58.3414 DEBUG Запрос: SELECT count(dan_id) FROM rezept_tab WHERE dan_id = @patientId and date_vipiski = @date;
2017-06-07 18:02:58.3444 DEBUG Получено записей: 1
2017-06-07 18:02:58.3444 DEBUG Запрос: SELECT count(dan_id) FROM rezept_tab WHERE dan_id = @patientId and date_part('month', date_vipiski) = @month;
2017-06-07 18:02:58.3444 DEBUG Получено записей: 1
2017-06-07 18:22:54.4578 DEBUG Запрос: SELECT count(dan_id) FROM rezept_tab WHERE dan_id = @patientId and date_vipiski = @date;
2017-06-07 18:22:54.4578 DEBUG Получено записей: 1
2017-06-07 18:22:54.4698 DEBUG Запрос: SELECT count(dan_id) FROM rezept_tab WHERE dan_id = @patientId and date_part('month', date_vipiski) = @month;
2017-06-07 18:22:54.4698 DEBUG Получено записей: 1
2017-06-07 18:24:25.4081 DEBUG Запрос: SELECT count(dan_id) FROM rezept_tab WHERE dan_id = @patientId and date_vipiski = @date;
2017-06-07 18:24:25.4081 DEBUG Получено записей: 1
2017-06-07 18:24:25.4251 DEBUG Запрос: SELECT count(dan_id) FROM rezept_tab WHERE dan_id = @patientId and date_part('month', date_vipiski) = @month;
2017-06-07 18:24:25.4251 DEBUG Получено записей: 1
2017-06-07 19:25:15.0918 DEBUG Запрос: SELECT DISTINCT code_access, name, description 
                            FROM users_access_view WHERE users_id = @id
2017-06-07 19:25:15.1388 DEBUG Получено записей: 187
2017-06-07 19:25:17.7800 DEBUG SQL: select pattern from codifiers.patterns_tab where code = @patterncode and users_id is null;
2017-06-07 19:25:17.7800 DEBUG Parameters: @patterncode=, @operator=
2017-06-07 19:25:17.8090 DEBUG Result 
2017-06-07 19:25:17.8090 DEBUG нет шаблона для пользователя
2017-06-07 19:25:17.8090 DEBUG SQL: select pattern from codifiers.patterns_tab where code = @patterncode and users_id is null
2017-06-07 19:25:17.8090 DEBUG Parameters: @patterncode 
2017-06-07 19:25:17.8210 DEBUG Result 
2017-06-07 19:25:17.8760 DEBUG SQL: select pattern from codifiers.patterns_tab where code = @patterncode and users_id is null;
2017-06-07 19:25:17.8760 DEBUG Parameters: @patterncode=, @operator=
2017-06-07 19:25:17.8860 DEBUG Result 
2017-06-07 19:25:17.8860 DEBUG нет шаблона для пользователя
2017-06-07 19:25:17.8860 DEBUG SQL: select pattern from codifiers.patterns_tab where code = @patterncode and users_id is null
2017-06-07 19:25:17.8860 DEBUG Parameters: @patterncode 
2017-06-07 19:25:17.8860 DEBUG Result 
2017-06-07 19:25:18.2390 DEBUG Запрос: Select id, name, code, is_default, parent_id from codifiers.sp_kind_paid_tab order by id
2017-06-07 19:25:18.2420 DEBUG Получено записей: 9
2017-06-07 19:25:18.2420 DEBUG Запрос: Select id, name, code from codifiers.first_visit_condition_tab order by id
2017-06-07 19:25:18.2420 DEBUG Получено записей: 4
2017-06-07 19:25:18.2630 DEBUG Запрос: Select id, name, code, reestr, idsp, hospital_type_id, is_cure, is_inspection from codifiers.visit_purpose_common_tab order by id
2017-06-07 19:25:18.2630 DEBUG Получено записей: 22
2017-06-07 19:25:18.2780 DEBUG Запрос: Select id, name, code from codifiers.place_service_tab order by id
2017-06-07 19:25:18.2780 DEBUG Получено записей: 3
2017-06-07 19:25:18.2900 DEBUG Запрос: Select result_id, result, reestr, patient_state_id, reestr_rslt, reestr_ishod, _end from public.result_tab order by result_id
2017-06-07 19:25:18.3090 DEBUG Получено записей: 29
2017-06-07 19:25:18.3200 DEBUG Запрос: select id, name, code, bur_reestr_code from codifiers.travma_tab order by name;
2017-06-07 19:25:18.3200 DEBUG Получено записей: 15
2017-06-07 19:25:18.3200 DEBUG Запрос: SELECT * FROM codifiers.lpu_tab
2017-06-07 19:25:18.3570 DEBUG Получено записей: 114
2017-06-07 19:25:18.6900 DEBUG Запрос: SELECT * FROM codifiers.lpu_tab order by name
2017-06-07 19:25:18.7010 DEBUG Получено записей: 114
2017-06-07 19:25:18.7100 DEBUG Запрос: select sp_napr_obosn_id,trim(obosn_name) as obosn_name FROM sp_napr_obosn_tab ORDER BY sp_napr_obosn_id;
2017-06-07 19:25:18.7100 DEBUG Получено записей: 8
2017-06-07 19:25:18.7100 DEBUG Запрос: SELECT sp_type_napr_id, sp_type_napr FROM sp_type_napr_tab where sp_type_napr_id!=1 ORDER BY 1;
2017-06-07 19:25:18.7100 DEBUG Получено записей: 8
2017-06-07 19:25:18.7340 DEBUG Запрос: select id, code, name from codifiers.doctor_spec_tab order by 3,1;
2017-06-07 19:25:18.7340 DEBUG Получено записей: 176
2017-06-07 19:25:18.7510 DEBUG Запрос: Select mkb_id, mkb, kod_d, reestr_code from public.mkb_tab order by 1
2017-06-07 19:25:18.9430 DEBUG Получено записей: 13813
2017-06-07 19:25:25.0534 DEBUG Запрос: Select s.id, s.code, s.name from codifiers.sozstatus_tab s
2017-06-07 19:25:25.0534 DEBUG Получено записей: 11
2017-06-07 19:25:25.0664 DEBUG Запрос: Select u.id, u.code, u.name, u.doctor_id, u.otdel_id, u.age_from, u.age_for, u.flag_default, u.uchactok_type_id, u.lpu_id, u.sort, u.sex from codifiers.uchactok_tab u order by u.sort, u.name
2017-06-07 19:25:25.0664 DEBUG Получено записей: 77
2017-06-07 19:25:25.1244 DEBUG Запрос: select id, socr, name, full_name, index, code 
                              from codifiers.sp_kladr_tab
                              where level_ter=@level order by name
2017-06-07 19:25:25.1244 DEBUG Получено записей: 107
2017-06-07 19:25:25.3914 DEBUG Запрос: SELECT * FROM codifiers.lpu_tab
2017-06-07 19:25:25.4024 DEBUG Получено записей: 114
2017-06-07 19:25:31.2757 DEBUG PatientFindForm ShowFilterByDoctor set to true
2017-06-07 19:25:31.2757 DEBUG PatientFindForm OperatorId: 2469
2017-06-07 19:25:31.2757 DEBUG PatientFindForm DoctorId: 2469
2017-06-07 19:25:31.4087 DEBUG DoctorQuery
2017-06-07 19:25:31.4087 DEBUG sql: SELECT td.time_nazn as "Время записи", d.dan_id as "Id", d.fam as "Фамилия", d.nam as "Имя", d.mid as "Отчество", d.date_born as "Дата рождения", case when d.ser_pol is null then d.num_pol else d.ser_pol ||' '|| d.num_pol end as "Полис", d.address as "Адрес", case when spolref='2301001' then true else false end as "Прикреплен", case when strcom_region_id='0300000000000' then false else true end as "Иногородний" FROM dan_tab d LEFT JOIN public.talon_doctor_tab td on td.dan_id = d.dan_id WHERE td.date_nazn = date(@date) and td.doctor_id = @doctor;
2017-06-07 19:25:31.4087 DEBUG @date: 07.06.2017
2017-06-07 19:25:31.4087 DEBUG @doctor: 2469
2017-06-07 19:25:31.4087 DEBUG bindQueryToDataGrid
2017-06-07 19:25:31.4087 DEBUG Sql: SELECT td.time_nazn as "Время записи", d.dan_id as "Id", d.fam as "Фамилия", d.nam as "Имя", d.mid as "Отчество", d.date_born as "Дата рождения", case when d.ser_pol is null then d.num_pol else d.ser_pol ||' '|| d.num_pol end as "Полис", d.address as "Адрес", case when spolref='2301001' then true else false end as "Прикреплен", case when strcom_region_id='0300000000000' then false else true end as "Иногородний" FROM dan_tab d LEFT JOIN public.talon_doctor_tab td on td.dan_id = d.dan_id WHERE td.date_nazn = date(@date) and td.doctor_id = @doctor;
2017-06-07 19:25:31.4237 DEBUG SqlParams:
2017-06-07 19:25:31.4237 DEBUG SqlParam @date='07.06.2017'
2017-06-07 19:25:31.4237 DEBUG SqlParam @doctor=2469
2017-06-07 19:25:42.6044 DEBUG Sql: SELECT d.dan_id as "Id", d.fam as "Фамилия", d.nam as "Имя", d.mid as "Отчество", d.date_born as "Дата рождения", case when d.ser_pol is null then d.num_pol else d.ser_pol ||' '|| d.num_pol end as "Полис", d.pens as "СНИЛС", d.address as "Адрес", case when spolref='2301001' then true else false end as "Прикреплен" , case when strcom_region_id='0300000000000' then false else true end as "Иногородний" FROM dan_tab d WHERE Lower(d.fam) LIKE @fam and Lower(d.nam) LIKE @nam ORDER BY d.fam, d.nam, d.mid, d.date_born LIMIT 150;
2017-06-07 19:25:42.6044 DEBUG SqlParams:
2017-06-07 19:25:42.6044 DEBUG SqlParam @fam=вахрушкина%
2017-06-07 19:25:42.6044 DEBUG SqlParam @nam=алевтина%
2017-06-07 19:25:45.9866 DEBUG Запрос: Select smo.id, smo.name, kladr.name from codifiers.strcom_tab smo left join codifiers.sp_kladr_tab kladr on smo.region_id = kladr.code where smo.region_id = @id and smo.name not like '*%'order by smo.name
2017-06-07 19:25:46.0706 DEBUG Получено записей: 4
2017-06-07 19:25:46.1486 DEBUG Запрос: select * from fed_lgota_tab where pens like @snils;
2017-06-07 19:25:46.1516 DEBUG Получено записей: 1
2017-06-07 19:25:46.2846 DEBUG Запрос: SELECT t.talon_id, t.result_id, t.diag_osn, t.doctor_id, t.date_vnes_inf,
                        v.visit_id, v.doctor_id as vdoctor_id, v.data_vnes_inf as vdate_vnes_inf, v.data_pos 
                        FROM public.talon_tab t left join public.visit_tab v on v.talon_id = t.talon_id
                        where t.dan_id = @patient_id;
2017-06-07 19:25:46.5936 DEBUG Получено записей: 531
2017-06-07 19:25:49.2868 DEBUG Запрос: Select visit_id from public.visit_tab where talon_id = @talonId;
2017-06-07 19:25:49.2868 DEBUG Получено записей: 1
2017-06-07 19:25:49.3798 DEBUG Запрос: SELECT d.id FROM diagn_tab d WHERE d.talon_id = @caseId ORDER BY d.id desc;
2017-06-07 19:25:49.3798 DEBUG Получено записей: 1
2017-06-07 19:25:58.6423 DEBUG Запрос: Select visit_id from public.visit_tab where talon_id = @talonId;
2017-06-07 19:25:58.6423 DEBUG Получено записей: 1
2017-06-07 19:25:58.7093 DEBUG Запрос: SELECT d.id FROM diagn_tab d WHERE d.talon_id = @caseId ORDER BY d.id desc;
2017-06-07 19:25:58.7093 DEBUG Получено записей: 2
2017-06-07 19:25:58.8363 DEBUG Запрос: SELECT c.name, o.kol_vo, o.id, o.sp_uslug_id, o.inference_diagnosis FROM okaz_uslug_tab o LEFT JOIN codifiers.sp_uslug_tab c ON c.id = o.sp_uslug_id WHERE table_link_name = 'visit_tab' AND  table_link_id = @visitId;
2017-06-07 19:25:58.8363 DEBUG Получено записей: 1
2017-06-07 19:25:58.8573 DEBUG Запрос: SELECT p.id, p.name, p.code, p.sp_trnm_id, tr.name_lat AS nam_lat, tr.name AS nam_rus, p.sp_mnn_id, mnn.name_lat AS mnn_lat, mnn.name AS mnn_rus, p.sp_lf_id, lf.name as dtd, p.name_fct, p.name_cnf, p.doza, p.signa, p.price, p.sp_doza_id, p.d_ls, p.kod_rias FROM codifiers.preparat_tab p LEFT JOIN codifiers.sp_lf_tab lf ON lf.id = p.sp_lf_id LEFT JOIN codifiers.sp_trnm_tab tr ON tr.id = p.sp_trnm_id LEFT JOIN codifiers.sp_mnn_tab mnn ON mnn.id = p.sp_mnn_id;
2017-06-07 19:26:00.4784 DEBUG Получено записей: 36330
2017-06-07 19:26:03.3066 DEBUG Запрос: select * from fed_lgota_tab where pens like @snils;
2017-06-07 19:26:03.3096 DEBUG Получено записей: 1
2017-06-07 19:26:03.3946 DEBUG Запрос: select * from fed_lgota_tab where pens like @snils;
2017-06-07 19:26:03.3946 DEBUG Получено записей: 1
2017-06-07 19:26:03.9466 DEBUG Запрос: SELECT p.id, p.name, p.code, p.sp_trnm_id, tr.name_lat AS nam_lat, tr.name AS nam_rus, p.sp_mnn_id, mnn.name_lat AS mnn_lat, mnn.name AS mnn_rus, p.sp_lf_id, lf.name as dtd, p.name_fct, p.name_cnf, p.doza, p.signa, p.price, p.sp_doza_id, p.d_ls, p.kod_rias FROM codifiers.preparat_tab p LEFT JOIN codifiers.sp_lf_tab lf ON lf.id = p.sp_lf_id LEFT JOIN codifiers.sp_trnm_tab tr ON tr.id = p.sp_trnm_id LEFT JOIN codifiers.sp_mnn_tab mnn ON mnn.id = p.sp_mnn_id;
2017-06-07 19:26:05.4707 DEBUG Получено записей: 36330
2017-06-07 19:26:05.7817 DEBUG Запрос: select name from codifiers.signa_tab order by name;
2017-06-07 19:26:05.7817 DEBUG Получено записей: 20
2017-06-07 19:26:05.8037 DEBUG Запрос: select * from fed_lgota_tab where pens like @snils;
2017-06-07 19:26:05.8067 DEBUG Получено записей: 1
2017-06-07 19:26:05.8837 DEBUG Запрос: select * from fed_lgota_tab where pens like @snils;
2017-06-07 19:26:05.8837 DEBUG Получено записей: 1
2017-06-07 19:26:05.9677 DEBUG Запрос: select * from fed_lgota_tab where pens like @snils;
2017-06-07 19:26:05.9677 DEBUG Получено записей: 1
2017-06-07 19:26:06.0537 DEBUG Запрос: SELECT d.*,c.name as character_name, v.name AS type_name, m.mkb as mkb_name, s.name_stadiya as stadia_name, v.sort as diagn_type_sort FROM diagn_tab d LEFT JOIN public.sp_stadiya_diagn_tab s ON d.stage_of_disease = s.sp_stadiya_diagn_id LEFT JOIN codifiers.sp_disease_vid_tab v ON v.id = d.sp_disease_vid_id LEFT JOIN codifiers.diagn_type_tab c ON d.diagn_type_id = c.id LEFT JOIN mkb_tab m ON m.kod_d = d.diagn_osn WHERE d.talon_id = @id
2017-06-07 19:26:06.0617 DEBUG Получено записей: 2
2017-06-07 19:26:15.6033 DEBUG Запрос: select r.rezept_id, r.rezept_ser, r.rezept_num, r.date_vipiski, r.date_otpusk, r.diagn_id, r.lekarstv_id, r.bad, d.fio from public.rezept_tab r inner join full_doctor_view2 d on r.doctor_id = d.full_doctor_id where r.dan_id = @id
2017-06-07 19:26:15.6293 DEBUG Получено записей: 508
2017-06-07 19:26:22.8107 DEBUG Запрос: SELECT d.*,c.name as character_name, v.name AS type_name, m.mkb as mkb_name, s.name_stadiya as stadia_name, v.sort as diagn_type_sort FROM diagn_tab d LEFT JOIN public.sp_stadiya_diagn_tab s ON d.stage_of_disease = s.sp_stadiya_diagn_id LEFT JOIN codifiers.sp_disease_vid_tab v ON v.id = d.sp_disease_vid_id LEFT JOIN codifiers.diagn_type_tab c ON d.diagn_type_id = c.id LEFT JOIN mkb_tab m ON m.kod_d = d.diagn_osn WHERE d.talon_id = @id
2017-06-07 19:26:22.8107 DEBUG Получено записей: 2
2017-06-07 19:26:29.1390 DEBUG Запрос: select * from fed_lgota_tab where pens like @snils;
2017-06-07 19:26:29.1390 DEBUG Получено записей: 1
2017-06-07 19:26:38.0095 DEBUG Запрос: SELECT count(dan_id) FROM rezept_tab WHERE dan_id = @patientId and date_vipiski = @date;
2017-06-07 19:26:38.0245 DEBUG Получено записей: 1
2017-06-07 19:26:38.0245 DEBUG Запрос: SELECT count(dan_id) FROM rezept_tab WHERE dan_id = @patientId and date_part('month', date_vipiski) = @month;
2017-06-07 19:26:38.0375 DEBUG Получено записей: 1
