2017-01-09 14:09:06.5897 DEBUG Запрос: SELECT DISTINCT code_access, name, description 
                            FROM users_access_view WHERE users_id = @id
2017-01-09 14:09:06.6637 DEBUG Получено записей: 187
2017-01-09 14:09:09.5438 DEBUG SQL: select pattern from codifiers.patterns_tab where code = @patterncode and users_id is null;
2017-01-09 14:09:09.5438 DEBUG Parameters: @patterncode=, @operator=
2017-01-09 14:09:09.5869 DEBUG Result 
2017-01-09 14:09:09.5869 DEBUG нет шаблона для пользователя
2017-01-09 14:09:09.5869 DEBUG SQL: select pattern from codifiers.patterns_tab where code = @patterncode and users_id is null
2017-01-09 14:09:09.5869 DEBUG Parameters: @patterncode 
2017-01-09 14:09:09.5999 DEBUG Result 
2017-01-09 14:09:09.6559 DEBUG SQL: select pattern from codifiers.patterns_tab where code = @patterncode and users_id is null;
2017-01-09 14:09:09.6559 DEBUG Parameters: @patterncode=, @operator=
2017-01-09 14:09:09.6679 DEBUG Result 
2017-01-09 14:09:09.6679 DEBUG нет шаблона для пользователя
2017-01-09 14:09:09.6679 DEBUG SQL: select pattern from codifiers.patterns_tab where code = @patterncode and users_id is null
2017-01-09 14:09:09.6679 DEBUG Parameters: @patterncode 
2017-01-09 14:09:09.6779 DEBUG Result 
2017-01-09 14:09:10.1419 DEBUG Запрос: Select id, name, code, is_default, parent_id from codifiers.sp_kind_paid_tab order by id
2017-01-09 14:09:10.1419 DEBUG Получено записей: 9
2017-01-09 14:09:10.1549 DEBUG Запрос: Select id, name, code from codifiers.first_visit_condition_tab order by id
2017-01-09 14:09:10.1549 DEBUG Получено записей: 4
2017-01-09 14:09:10.1679 DEBUG Запрос: Select id, name, code, reestr, idsp, hospital_type_id, is_cure, is_inspection from codifiers.visit_purpose_common_tab order by id
2017-01-09 14:09:10.1679 DEBUG Получено записей: 22
2017-01-09 14:09:10.1839 DEBUG Запрос: Select id, name, code from codifiers.place_service_tab order by id
2017-01-09 14:09:10.1839 DEBUG Получено записей: 3
2017-01-09 14:09:10.1969 DEBUG Запрос: Select result_id, result, reestr, patient_state_id, reestr_rslt, reestr_ishod, _end from public.result_tab order by result_id
2017-01-09 14:09:10.1969 DEBUG Получено записей: 29
2017-01-09 14:09:10.2279 DEBUG Запрос: select id, name, code, bur_reestr_code from codifiers.travma_tab order by name;
2017-01-09 14:09:10.2279 DEBUG Получено записей: 15
2017-01-09 14:09:10.2419 DEBUG Запрос: SELECT * FROM codifiers.lpu_tab
2017-01-09 14:09:10.2689 DEBUG Получено записей: 105
2017-01-09 14:09:10.7009 DEBUG Запрос: SELECT * FROM codifiers.lpu_tab
2017-01-09 14:09:10.7129 DEBUG Получено записей: 105
2017-01-09 14:09:10.7229 DEBUG Запрос: select sp_napr_obosn_id,trim(obosn_name) as obosn_name FROM sp_napr_obosn_tab ORDER BY sp_napr_obosn_id;
2017-01-09 14:09:10.7229 DEBUG Получено записей: 8
2017-01-09 14:09:10.7229 DEBUG Запрос: SELECT sp_type_napr_id, sp_type_napr FROM sp_type_napr_tab ORDER BY 1;
2017-01-09 14:09:10.7389 DEBUG Получено записей: 9
2017-01-09 14:09:10.7389 DEBUG Запрос: select * from public.doctor_tab where sp_spec_doctor_id <> 900;
2017-01-09 14:09:10.8539 DEBUG Получено записей: 679
2017-01-09 14:09:39.0715 DEBUG Запрос: select id, code, name from codifiers.doctor_spec_tab order by 3,1;
2017-01-09 14:09:39.0715 DEBUG Получено записей: 175
2017-01-09 14:09:39.0895 DEBUG Запрос: Select mkb_id, mkb, kod_d, reestr_code from public.mkb_tab order by 1
2017-01-09 14:09:39.3046 DEBUG Получено записей: 13813
2017-01-09 14:09:44.8079 DEBUG Запрос: Select s.id, s.code, s.name from codifiers.sozstatus_tab s
2017-01-09 14:09:44.8099 DEBUG Получено записей: 11
2017-01-09 14:09:44.8099 DEBUG Запрос: Select u.id, u.code, u.name, u.doctor_id, u.otdel_id, u.age_from, u.age_for, u.flag_default, u.uchactok_type_id, u.lpu_id, u.sort, u.sex from codifiers.uchactok_tab u order by u.sort, u.name
2017-01-09 14:09:44.8289 DEBUG Получено записей: 77
2017-01-09 14:09:44.8849 DEBUG Запрос: select id, socr, name, full_name, index, code 
                              from codifiers.sp_kladr_tab
                              where level_ter=@level order by name
2017-01-09 14:09:44.9049 DEBUG Получено записей: 107
2017-01-09 14:09:55.3725 DEBUG Запрос: 
2017-01-09 14:24:35.5338 DEBUG Запрос: SELECT DISTINCT code_access, name, description 
                            FROM users_access_view WHERE users_id = @id
2017-01-09 14:24:35.5838 DEBUG Получено записей: 187
2017-01-09 14:24:37.8669 DEBUG SQL: select pattern from codifiers.patterns_tab where code = @patterncode and users_id is null;
2017-01-09 14:24:37.8669 DEBUG Parameters: @patterncode=, @operator=
2017-01-09 14:24:37.9009 DEBUG Result 
2017-01-09 14:24:37.9009 DEBUG нет шаблона для пользователя
2017-01-09 14:24:37.9009 DEBUG SQL: select pattern from codifiers.patterns_tab where code = @patterncode and users_id is null
2017-01-09 14:24:37.9009 DEBUG Parameters: @patterncode 
2017-01-09 14:24:37.9159 DEBUG Result 
2017-01-09 14:24:37.9710 DEBUG SQL: select pattern from codifiers.patterns_tab where code = @patterncode and users_id is null;
2017-01-09 14:24:37.9710 DEBUG Parameters: @patterncode=, @operator=
2017-01-09 14:24:37.9840 DEBUG Result 
2017-01-09 14:24:38.0120 DEBUG нет шаблона для пользователя
2017-01-09 14:24:38.0120 DEBUG SQL: select pattern from codifiers.patterns_tab where code = @patterncode and users_id is null
2017-01-09 14:24:38.0120 DEBUG Parameters: @patterncode 
2017-01-09 14:24:38.0250 DEBUG Result 
2017-01-09 14:24:38.4040 DEBUG Запрос: Select id, name, code, is_default, parent_id from codifiers.sp_kind_paid_tab order by id
2017-01-09 14:24:38.4040 DEBUG Получено записей: 9
2017-01-09 14:24:38.4160 DEBUG Запрос: Select id, name, code from codifiers.first_visit_condition_tab order by id
2017-01-09 14:24:38.4160 DEBUG Получено записей: 4
2017-01-09 14:24:38.4160 DEBUG Запрос: Select id, name, code, reestr, idsp, hospital_type_id, is_cure, is_inspection from codifiers.visit_purpose_common_tab order by id
2017-01-09 14:24:38.4340 DEBUG Получено записей: 22
2017-01-09 14:24:38.4340 DEBUG Запрос: Select id, name, code from codifiers.place_service_tab order by id
2017-01-09 14:24:38.4480 DEBUG Получено записей: 3
2017-01-09 14:24:38.4480 DEBUG Запрос: Select result_id, result, reestr, patient_state_id, reestr_rslt, reestr_ishod, _end from public.result_tab order by result_id
2017-01-09 14:24:38.4630 DEBUG Получено записей: 29
2017-01-09 14:24:38.4630 DEBUG Запрос: select id, name, code, bur_reestr_code from codifiers.travma_tab order by name;
2017-01-09 14:24:38.4790 DEBUG Получено записей: 15
2017-01-09 14:24:38.5060 DEBUG Запрос: SELECT * FROM codifiers.lpu_tab
2017-01-09 14:24:38.5310 DEBUG Получено записей: 105
2017-01-09 14:24:38.8640 DEBUG Запрос: SELECT * FROM codifiers.lpu_tab
2017-01-09 14:24:38.8750 DEBUG Получено записей: 105
2017-01-09 14:24:38.8860 DEBUG Запрос: select sp_napr_obosn_id,trim(obosn_name) as obosn_name FROM sp_napr_obosn_tab ORDER BY sp_napr_obosn_id;
2017-01-09 14:24:38.8860 DEBUG Получено записей: 8
2017-01-09 14:24:38.8980 DEBUG Запрос: SELECT sp_type_napr_id, sp_type_napr FROM sp_type_napr_tab ORDER BY 1;
2017-01-09 14:24:38.8980 DEBUG Получено записей: 9
2017-01-09 14:24:38.8980 DEBUG Запрос: select * from public.doctor_tab where sp_spec_doctor_id <> 900;
2017-01-09 14:24:39.0080 DEBUG Получено записей: 679
2017-01-09 14:25:04.2505 DEBUG Запрос: select id, code, name from codifiers.doctor_spec_tab order by 3,1;
2017-01-09 14:25:04.2505 DEBUG Получено записей: 175
2017-01-09 14:25:04.2675 DEBUG Запрос: Select mkb_id, mkb, kod_d, reestr_code from public.mkb_tab order by 1
2017-01-09 14:25:04.4745 DEBUG Получено записей: 13813
2017-01-09 14:25:09.7508 DEBUG Запрос: Select s.id, s.code, s.name from codifiers.sozstatus_tab s
2017-01-09 14:25:09.7508 DEBUG Получено записей: 11
2017-01-09 14:25:09.7658 DEBUG Запрос: Select u.id, u.code, u.name, u.doctor_id, u.otdel_id, u.age_from, u.age_for, u.flag_default, u.uchactok_type_id, u.lpu_id, u.sort, u.sex from codifiers.uchactok_tab u order by u.sort, u.name
2017-01-09 14:25:09.7718 DEBUG Получено записей: 77
2017-01-09 14:25:09.8368 DEBUG Запрос: select id, socr, name, full_name, index, code 
                              from codifiers.sp_kladr_tab
                              where level_ter=@level order by name
2017-01-09 14:25:09.8368 DEBUG Получено записей: 107
2017-01-09 14:25:16.6712 DEBUG Запрос: 
2017-01-09 14:25:40.3085 DEBUG Запрос:  select dan.fam lastname, dan.nam firstname, dan.mid midname,
                            dan.date_born birthdate, 
                            case when dan.sex='м' then 1 else 2 end gender,
                            doc.id id,
                            doc.dan_id patientid,
                            doc.date_insert_doctor startdate,
                            doc.date_attestat_doctor certificationdate,
                            doc.federal_code fedcode,
                            doc.sp_dolg_doctor_id  positionid,
                            doc.sp_spec_doctor_id specialityid,
                            doc.stavka,
                            doc.norma,
                            doc.users_id login,
                            doc.sp_otdel_id divisionid,
                            doc.inner_doctor_code innercode,
                            doc.show_in_reg showinreg,
                            doc.description,
                            doc.expiration_date enddate,
                            doc.uet,
                            doc.payment paymentpercent,
                            doc.employee_type emptype,
                            doc.nurse_id nurseid,
                            doc.uchastok_id medareid,
                            doc.sim_pat_count sametimepatientcount,
                            doc.can_have_schedule canhaveschedule,
                            doc.max_records_per_day maxrecords
                            from doctor_tab doc
                            left join dan_tab dan on doc.dan_id = dan.dan_id 
                            where doc.id=@Id
                            
2017-01-09 14:25:40.7195 DEBUG Запрос:  select dan.fam lastname, dan.nam firstname, dan.mid midname, 
                            doc.norma, doc.stavka, doc.dan_id patientid,doc.id id,doc.operator_id operatorid,
                            otd.name divisionname,
                            spec.name specialityname, dolg.name positionname, 
                            users.login login
                            from doctor_tab doc
                            left join codifiers.otdel_tab otd on otd.id=doc.sp_otdel_id
                            left join codifiers.doctor_spec_tab spec on spec.id=doc.sp_spec_doctor_id
                            left join codifiers.doctor_dolg_tab dolg on dolg.id=doc.sp_dolg_doctor_id
                            left join dan_tab dan on doc.dan_id = dan.dan_id
                            left join users_tab users on users.id = doc.users_id
                            where employee_type=1 and doc.expiration_date>@Date
                            order by 2                            
                            
2017-01-09 14:25:40.7585 DEBUG Запрос: Select u.id, u.code, u.name, u.doctor_id, u.otdel_id, u.age_from, u.age_for, u.flag_default, u.uchactok_type_id, u.lpu_id, u.sort, u.sex from codifiers.uchactok_tab u order by u.sort, u.name
2017-01-09 14:25:40.7585 DEBUG Получено записей: 77
2017-01-09 15:33:39.6128 DEBUG Запрос: SELECT DISTINCT code_access, name, description 
                            FROM users_access_view WHERE users_id = @id
2017-01-09 15:33:39.6638 DEBUG Получено записей: 187
2017-01-09 15:33:41.8980 DEBUG SQL: select pattern from codifiers.patterns_tab where code = @patterncode and users_id is null;
2017-01-09 15:33:41.8980 DEBUG Parameters: @patterncode=, @operator=
2017-01-09 15:33:41.9350 DEBUG Result 
2017-01-09 15:33:41.9350 DEBUG нет шаблона для пользователя
2017-01-09 15:33:41.9350 DEBUG SQL: select pattern from codifiers.patterns_tab where code = @patterncode and users_id is null
2017-01-09 15:33:41.9350 DEBUG Parameters: @patterncode 
2017-01-09 15:33:41.9490 DEBUG Result 
2017-01-09 15:33:42.0050 DEBUG SQL: select pattern from codifiers.patterns_tab where code = @patterncode and users_id is null;
2017-01-09 15:33:42.0050 DEBUG Parameters: @patterncode=, @operator=
2017-01-09 15:33:42.0240 DEBUG Result 
2017-01-09 15:33:42.0240 DEBUG нет шаблона для пользователя
2017-01-09 15:33:42.0240 DEBUG SQL: select pattern from codifiers.patterns_tab where code = @patterncode and users_id is null
2017-01-09 15:33:42.0240 DEBUG Parameters: @patterncode 
2017-01-09 15:33:42.0350 DEBUG Result 
2017-01-09 15:33:42.4250 DEBUG Запрос: Select id, name, code, is_default, parent_id from codifiers.sp_kind_paid_tab order by id
2017-01-09 15:33:42.4250 DEBUG Получено записей: 9
2017-01-09 15:33:42.4250 DEBUG Запрос: Select id, name, code from codifiers.first_visit_condition_tab order by id
2017-01-09 15:33:42.4430 DEBUG Получено записей: 4
2017-01-09 15:33:42.4430 DEBUG Запрос: Select id, name, code, reestr, idsp, hospital_type_id, is_cure, is_inspection from codifiers.visit_purpose_common_tab order by id
2017-01-09 15:33:42.4590 DEBUG Получено записей: 22
2017-01-09 15:33:42.4590 DEBUG Запрос: Select id, name, code from codifiers.place_service_tab order by id
2017-01-09 15:33:42.4740 DEBUG Получено записей: 3
2017-01-09 15:33:42.4740 DEBUG Запрос: Select result_id, result, reestr, patient_state_id, reestr_rslt, reestr_ishod, _end from public.result_tab order by result_id
2017-01-09 15:33:42.4900 DEBUG Получено записей: 29
2017-01-09 15:33:42.4900 DEBUG Запрос: select id, name, code, bur_reestr_code from codifiers.travma_tab order by name;
2017-01-09 15:33:42.5180 DEBUG Получено записей: 15
2017-01-09 15:33:42.5300 DEBUG Запрос: SELECT * FROM codifiers.lpu_tab
2017-01-09 15:33:42.5540 DEBUG Получено записей: 105
2017-01-09 15:33:42.8820 DEBUG Запрос: SELECT * FROM codifiers.lpu_tab
2017-01-09 15:33:42.8930 DEBUG Получено записей: 105
2017-01-09 15:33:42.8930 DEBUG Запрос: select sp_napr_obosn_id,trim(obosn_name) as obosn_name FROM sp_napr_obosn_tab ORDER BY sp_napr_obosn_id;
2017-01-09 15:33:42.8930 DEBUG Получено записей: 8
2017-01-09 15:33:42.9170 DEBUG Запрос: SELECT sp_type_napr_id, sp_type_napr FROM sp_type_napr_tab ORDER BY 1;
2017-01-09 15:33:42.9170 DEBUG Получено записей: 9
2017-01-09 15:33:42.9300 DEBUG Запрос: select * from public.doctor_tab where sp_spec_doctor_id <> 900;
2017-01-09 15:33:43.0270 DEBUG Получено записей: 679
2017-01-09 15:34:13.0408 DEBUG Запрос: select id, code, name from codifiers.doctor_spec_tab order by 3,1;
2017-01-09 15:34:13.0408 DEBUG Получено записей: 175
2017-01-09 15:34:13.0578 DEBUG Запрос: Select mkb_id, mkb, kod_d, reestr_code from public.mkb_tab order by 1
2017-01-09 15:34:13.2548 DEBUG Получено записей: 13813
2017-01-09 15:34:20.0962 DEBUG Запрос: Select s.id, s.code, s.name from codifiers.sozstatus_tab s
2017-01-09 15:34:20.0962 DEBUG Получено записей: 11
2017-01-09 15:34:20.1112 DEBUG Запрос: Select u.id, u.code, u.name, u.doctor_id, u.otdel_id, u.age_from, u.age_for, u.flag_default, u.uchactok_type_id, u.lpu_id, u.sort, u.sex from codifiers.uchactok_tab u order by u.sort, u.name
2017-01-09 15:34:20.1172 DEBUG Получено записей: 77
2017-01-09 15:34:20.1892 DEBUG Запрос: select id, socr, name, full_name, index, code 
                              from codifiers.sp_kladr_tab
                              where level_ter=@level order by name
2017-01-09 15:34:20.1972 DEBUG Получено записей: 107
2017-01-09 15:44:32.4802 DEBUG Запрос: SELECT DISTINCT code_access, name, description 
                            FROM users_access_view WHERE users_id = @id
2017-01-09 15:44:32.5312 DEBUG Получено записей: 187
2017-01-09 15:44:34.7753 DEBUG SQL: select pattern from codifiers.patterns_tab where code = @patterncode and users_id is null;
2017-01-09 15:44:34.7753 DEBUG Parameters: @patterncode=, @operator=
2017-01-09 15:44:34.8103 DEBUG Result 
2017-01-09 15:44:34.8103 DEBUG нет шаблона для пользователя
2017-01-09 15:44:34.8103 DEBUG SQL: select pattern from codifiers.patterns_tab where code = @patterncode and users_id is null
2017-01-09 15:44:34.8103 DEBUG Parameters: @patterncode 
2017-01-09 15:44:34.8233 DEBUG Result 
2017-01-09 15:44:34.8793 DEBUG SQL: select pattern from codifiers.patterns_tab where code = @patterncode and users_id is null;
2017-01-09 15:44:34.8793 DEBUG Parameters: @patterncode=, @operator=
2017-01-09 15:44:34.8913 DEBUG Result 
2017-01-09 15:44:34.8913 DEBUG нет шаблона для пользователя
2017-01-09 15:44:34.8913 DEBUG SQL: select pattern from codifiers.patterns_tab where code = @patterncode and users_id is null
2017-01-09 15:44:34.8913 DEBUG Parameters: @patterncode 
2017-01-09 15:44:34.9023 DEBUG Result 
2017-01-09 15:44:35.2813 DEBUG Запрос: Select id, name, code, is_default, parent_id from codifiers.sp_kind_paid_tab order by id
2017-01-09 15:44:35.2813 DEBUG Получено записей: 9
2017-01-09 15:44:35.2923 DEBUG Запрос: Select id, name, code from codifiers.first_visit_condition_tab order by id
2017-01-09 15:44:35.2923 DEBUG Получено записей: 4
2017-01-09 15:44:35.2923 DEBUG Запрос: Select id, name, code, reestr, idsp, hospital_type_id, is_cure, is_inspection from codifiers.visit_purpose_common_tab order by id
2017-01-09 15:44:35.3093 DEBUG Получено записей: 22
2017-01-09 15:44:35.3203 DEBUG Запрос: Select id, name, code from codifiers.place_service_tab order by id
2017-01-09 15:44:35.3203 DEBUG Получено записей: 3
2017-01-09 15:44:35.3203 DEBUG Запрос: Select result_id, result, reestr, patient_state_id, reestr_rslt, reestr_ishod, _end from public.result_tab order by result_id
2017-01-09 15:44:35.3363 DEBUG Получено записей: 29
2017-01-09 15:44:35.3613 DEBUG Запрос: select id, name, code, bur_reestr_code from codifiers.travma_tab order by name;
2017-01-09 15:44:35.3613 DEBUG Получено записей: 15
2017-01-09 15:44:35.3753 DEBUG Запрос: SELECT * FROM codifiers.lpu_tab
2017-01-09 15:44:35.4003 DEBUG Получено записей: 105
2017-01-09 15:44:35.7284 DEBUG Запрос: SELECT * FROM codifiers.lpu_tab
2017-01-09 15:44:35.7284 DEBUG Получено записей: 105
2017-01-09 15:44:35.7494 DEBUG Запрос: select sp_napr_obosn_id,trim(obosn_name) as obosn_name FROM sp_napr_obosn_tab ORDER BY sp_napr_obosn_id;
2017-01-09 15:44:35.7494 DEBUG Получено записей: 8
2017-01-09 15:44:35.7614 DEBUG Запрос: SELECT sp_type_napr_id, sp_type_napr FROM sp_type_napr_tab ORDER BY 1;
2017-01-09 15:44:35.7614 DEBUG Получено записей: 9
2017-01-09 15:44:35.7734 DEBUG Запрос: select * from public.doctor_tab where sp_spec_doctor_id <> 900;
2017-01-09 15:44:35.8724 DEBUG Получено записей: 679
2017-01-09 15:45:12.6765 DEBUG Запрос: select id, code, name from codifiers.doctor_spec_tab order by 3,1;
2017-01-09 15:45:12.6825 DEBUG Получено записей: 175
2017-01-09 15:45:12.6825 DEBUG Запрос: Select mkb_id, mkb, kod_d, reestr_code from public.mkb_tab order by 1
2017-01-09 15:45:12.9035 DEBUG Получено записей: 13813
2017-01-09 15:47:34.5886 DEBUG Запрос: Select s.id, s.code, s.name from codifiers.sozstatus_tab s
2017-01-09 15:47:34.5886 DEBUG Получено записей: 11
2017-01-09 15:47:34.6086 DEBUG Запрос: Select u.id, u.code, u.name, u.doctor_id, u.otdel_id, u.age_from, u.age_for, u.flag_default, u.uchactok_type_id, u.lpu_id, u.sort, u.sex from codifiers.uchactok_tab u order by u.sort, u.name
2017-01-09 15:47:34.6146 DEBUG Получено записей: 77
2017-01-09 15:47:34.6806 DEBUG Запрос: select id, socr, name, full_name, index, code 
                              from codifiers.sp_kladr_tab
                              where level_ter=@level order by name
2017-01-09 15:47:34.6806 DEBUG Получено записей: 107
