2017-03-02 17:06:46.2758 DEBUG Запрос: SELECT DISTINCT code_access, name, description 
                            FROM users_access_view WHERE users_id = @id
2017-03-02 17:06:46.3338 DEBUG Получено записей: 1
2017-03-02 17:06:49.1119 DEBUG SQL: select pattern from codifiers.patterns_tab where code = @patterncode and users_id is null;
2017-03-02 17:06:49.1119 DEBUG Parameters: @patterncode=, @operator=
2017-03-02 17:06:49.1519 DEBUG Result 
2017-03-02 17:06:49.1519 DEBUG нет шаблона для пользователя
2017-03-02 17:06:49.1519 DEBUG SQL: select pattern from codifiers.patterns_tab where code = @patterncode and users_id is null
2017-03-02 17:06:49.1519 DEBUG Parameters: @patterncode 
2017-03-02 17:06:49.1669 DEBUG Result 
2017-03-02 17:06:49.2239 DEBUG SQL: select pattern from codifiers.patterns_tab where code = @patterncode and users_id is null;
2017-03-02 17:06:49.2239 DEBUG Parameters: @patterncode=, @operator=
2017-03-02 17:06:49.2369 DEBUG Result 
2017-03-02 17:06:49.2369 DEBUG нет шаблона для пользователя
2017-03-02 17:06:49.2369 DEBUG SQL: select pattern from codifiers.patterns_tab where code = @patterncode and users_id is null
2017-03-02 17:06:49.2369 DEBUG Parameters: @patterncode 
2017-03-02 17:06:49.2489 DEBUG Result 
2017-03-02 17:06:49.6840 DEBUG Запрос: Select id, name, code, is_default, parent_id from codifiers.sp_kind_paid_tab order by id
2017-03-02 17:06:49.6840 DEBUG Получено записей: 9
2017-03-02 17:06:49.6970 DEBUG Запрос: Select id, name, code from codifiers.first_visit_condition_tab order by id
2017-03-02 17:06:49.6970 DEBUG Получено записей: 4
2017-03-02 17:06:49.7120 DEBUG Запрос: Select id, name, code, reestr, idsp, hospital_type_id, is_cure, is_inspection from codifiers.visit_purpose_common_tab order by id
2017-03-02 17:06:49.7120 DEBUG Получено записей: 22
2017-03-02 17:06:49.7290 DEBUG Запрос: Select id, name, code from codifiers.place_service_tab order by id
2017-03-02 17:06:49.7290 DEBUG Получено записей: 3
2017-03-02 17:06:49.7290 DEBUG Запрос: Select result_id, result, reestr, patient_state_id, reestr_rslt, reestr_ishod, _end from public.result_tab order by result_id
2017-03-02 17:06:49.7490 DEBUG Получено записей: 29
2017-03-02 17:06:49.7610 DEBUG Запрос: select id, name, code, bur_reestr_code from codifiers.travma_tab order by name;
2017-03-02 17:06:49.7610 DEBUG Получено записей: 15
2017-03-02 17:06:49.7890 DEBUG Запрос: SELECT * FROM codifiers.lpu_tab
2017-03-02 17:06:49.8160 DEBUG Получено записей: 103
2017-03-02 17:06:50.2020 DEBUG Запрос: SELECT * FROM codifiers.lpu_tab order by name
2017-03-02 17:06:50.2150 DEBUG Получено записей: 103
2017-03-02 17:06:50.2150 DEBUG Запрос: select sp_napr_obosn_id,trim(obosn_name) as obosn_name FROM sp_napr_obosn_tab ORDER BY sp_napr_obosn_id;
