2017-03-01 10:21:13.8042 DEBUG Запрос: SELECT DISTINCT code_access, name, description 
                            FROM users_access_view WHERE users_id = @id
2017-03-01 10:21:13.8502 DEBUG Получено записей: 1
2017-03-01 10:21:24.4538 DEBUG Запрос: Select s.id, s.code, s.name from codifiers.sozstatus_tab s
2017-03-01 10:21:24.4538 DEBUG Получено записей: 11
2017-03-01 10:21:24.4678 DEBUG Запрос: Select u.id, u.code, u.name, u.doctor_id, u.otdel_id, u.age_from, u.age_for, u.flag_default, u.uchactok_type_id, u.lpu_id, u.sort, u.sex from codifiers.uchactok_tab u order by u.sort, u.name
2017-03-01 10:21:24.4678 DEBUG Получено записей: 75
2017-03-01 10:21:24.5218 DEBUG Запрос: select id, socr, name, full_name, index, code 
                              from codifiers.sp_kladr_tab
                              where level_ter=@level order by name
2017-03-01 10:21:24.5248 DEBUG Получено записей: 0
2017-03-01 10:21:29.8071 DEBUG PatientFindForm ShowFilterByDoctor set to true
2017-03-01 10:21:29.8071 DEBUG PatientFindForm OperatorId: 2470
2017-03-01 10:21:29.8071 DEBUG PatientFindForm DoctorId: -1
2017-03-01 10:21:32.1663 DEBUG _loggedOperator.DoctorId==-1
2017-03-01 10:21:32.1923 DEBUG Запрос: SELECT DISTINCT code_access, name, description 
                            FROM users_access_view WHERE users_id = @id
2017-03-01 10:21:32.1993 DEBUG Получено записей: 1
2017-03-01 10:21:32.2323 DEBUG _loggedOperator.DoctorId:-1
2017-03-01 10:22:08.5564 DEBUG Sql: SELECT d.dan_id as "Id", d.fam as "Фамилия", d.nam as "Имя", d.mid as "Отчество", d.date_born as "Дата рождения", case when d.ser_pol is null then d.num_pol else d.ser_pol ||' '|| d.num_pol end as "Полис", d.pens as "СНИЛС", d.address as "Адрес", case when spolref='2301001' then true else false end as "Прикреплен" , case when strcom_region_id='0300000000000' then false else true end as "Иногородний" FROM dan_tab d WHERE Lower(d.fam) LIKE @fam and Lower(d.nam) LIKE @nam ORDER BY d.fam, d.nam, d.mid, d.date_born LIMIT 150;
2017-03-01 10:22:08.5564 DEBUG SqlParams:
2017-03-01 10:22:08.5564 DEBUG SqlParam @fam=сет%
2017-03-01 10:22:08.5564 DEBUG SqlParam @nam=сет%
2017-03-01 10:22:13.0846 DEBUG Запрос: select * from fed_lgota_tab where pens like @snils;
2017-03-01 10:22:13.0876 DEBUG Получено записей: 0
2017-03-01 10:22:13.0876 DEBUG Запрос: select * from lgot_client_tab where dan_id = @id;
2017-03-01 10:22:13.0876 DEBUG Получено записей: 0
