2017-07-31 11:09:01.6721 DEBUG Запрос: SELECT DISTINCT code_access, name, description 
                            FROM users_access_view WHERE users_id = @id
2017-07-31 11:09:01.7141 DEBUG Получено записей: 187
2017-07-31 11:09:04.2721 DEBUG SQL: select pattern from codifiers.patterns_tab where code = @patterncode and users_id is null;
2017-07-31 11:09:04.2721 DEBUG Parameters: @patterncode=, @operator=
2017-07-31 11:09:04.3126 DEBUG Result 
2017-07-31 11:09:04.3126 DEBUG нет шаблона для пользователя
2017-07-31 11:09:04.3126 DEBUG SQL: select pattern from codifiers.patterns_tab where code = @patterncode and users_id is null
2017-07-31 11:09:04.3126 DEBUG Parameters: @patterncode 
2017-07-31 11:09:04.3666 DEBUG Result 
2017-07-31 11:09:04.3851 DEBUG SQL: select pattern from codifiers.patterns_tab where code = @patterncode and users_id is null;
2017-07-31 11:09:04.3851 DEBUG Parameters: @patterncode=, @operator=
2017-07-31 11:09:04.4126 DEBUG Result 
2017-07-31 11:09:04.4126 DEBUG нет шаблона для пользователя
2017-07-31 11:09:04.4126 DEBUG SQL: select pattern from codifiers.patterns_tab where code = @patterncode and users_id is null
2017-07-31 11:09:04.4126 DEBUG Parameters: @patterncode 
2017-07-31 11:09:04.4401 DEBUG Result 
2017-07-31 11:09:04.6141 DEBUG Запрос: Select id, name, code, is_default, parent_id from codifiers.sp_kind_paid_tab order by id
2017-07-31 11:09:04.6141 DEBUG Получено записей: 9
2017-07-31 11:09:04.6496 DEBUG Запрос: Select id, name, code from codifiers.first_visit_condition_tab order by id
2017-07-31 11:09:04.6496 DEBUG Получено записей: 4
2017-07-31 11:09:04.6851 DEBUG Запрос: Select id, name, code, reestr, idsp, hospital_type_id, is_cure, is_inspection from codifiers.visit_purpose_common_tab order by id
2017-07-31 11:09:04.6956 DEBUG Получено записей: 22
2017-07-31 11:09:04.7251 DEBUG Запрос: Select id, name, code from codifiers.place_service_tab order by id
2017-07-31 11:09:04.7251 DEBUG Получено записей: 3
2017-07-31 11:09:04.7591 DEBUG Запрос: Select result_id, result, reestr, patient_state_id, reestr_rslt, reestr_ishod, _end from public.result_tab order by result_id
2017-07-31 11:09:04.7696 DEBUG Получено записей: 29
2017-07-31 11:09:04.7961 DEBUG Запрос: select id, name, code, bur_reestr_code from codifiers.travma_tab order by name;
2017-07-31 11:09:04.8056 DEBUG Получено записей: 15
2017-07-31 11:09:04.8326 DEBUG Запрос: SELECT * FROM codifiers.lpu_tab
2017-07-31 11:09:04.8631 DEBUG Получено записей: 114
2017-07-31 11:09:05.0701 DEBUG Запрос: SELECT * FROM codifiers.lpu_tab order by name
2017-07-31 11:09:05.1016 DEBUG Получено записей: 114
2017-07-31 11:09:05.1286 DEBUG Запрос: select sp_napr_obosn_id,trim(obosn_name) as obosn_name FROM sp_napr_obosn_tab ORDER BY sp_napr_obosn_id;
2017-07-31 11:09:05.1286 DEBUG Получено записей: 8
2017-07-31 11:09:05.1651 DEBUG Запрос: SELECT sp_type_napr_id, sp_type_napr FROM sp_type_napr_tab where sp_type_napr_id!=1 ORDER BY 1;
2017-07-31 11:09:05.1651 DEBUG Получено записей: 8
2017-07-31 11:09:05.2031 DEBUG Запрос: select id, code, name from codifiers.doctor_spec_tab order by 3,1;
2017-07-31 11:09:05.2206 DEBUG Получено записей: 176
2017-07-31 11:09:05.2496 DEBUG Запрос: Select mkb_id, mkb, kod_d, reestr_code from public.mkb_tab order by 1
2017-07-31 11:09:14.0166 DEBUG Получено записей: 13813
2017-07-31 11:09:18.5821 DEBUG Запрос: Select s.id, s.code, s.name from codifiers.sozstatus_tab s
2017-07-31 11:09:18.5911 DEBUG Получено записей: 11
2017-07-31 11:09:18.6181 DEBUG Запрос: Select u.id, u.code, u.name, u.doctor_id, u.otdel_id, u.age_from, u.age_for, u.flag_default, u.uchactok_type_id, u.lpu_id, u.sort, u.sex from codifiers.uchactok_tab u order by u.sort, u.name
2017-07-31 11:09:18.6326 DEBUG Получено записей: 77
2017-07-31 11:09:18.6871 DEBUG Запрос: select id, socr, name, full_name, index, code 
                              from codifiers.sp_kladr_tab
                              where level_ter=@level order by name
2017-07-31 11:09:18.7036 DEBUG Получено записей: 107
2017-07-31 11:09:18.9871 DEBUG Запрос: SELECT * FROM codifiers.lpu_tab
2017-07-31 11:09:19.2236 DEBUG Получено записей: 114
2017-07-31 11:09:21.4106 DEBUG PatientFindForm ShowFilterByDoctor set to true
2017-07-31 11:09:21.4116 DEBUG PatientFindForm OperatorId: 2469
2017-07-31 11:09:21.4116 DEBUG PatientFindForm DoctorId: 2469
2017-07-31 11:09:21.5131 DEBUG DoctorQuery
2017-07-31 11:09:21.5131 DEBUG sql: SELECT td.time_nazn as "Время записи", d.dan_id as "Id", d.fam as "Фамилия", d.nam as "Имя", d.mid as "Отчество", d.date_born as "Дата рождения", case when d.ser_pol is null then d.num_pol else d.ser_pol ||' '|| d.num_pol end as "Полис", d.address as "Адрес", case when spolref='2301001' then true else false end as "Прикреплен", case when strcom_region_id='0300000000000' then false else true end as "Иногородний" FROM dan_tab d LEFT JOIN public.talon_doctor_tab td on td.dan_id = d.dan_id WHERE td.date_nazn = date(@date) and td.doctor_id = @doctor;
2017-07-31 11:09:21.5131 DEBUG @date: 31.07.2017
2017-07-31 11:09:21.5131 DEBUG @doctor: 2469
2017-07-31 11:09:21.5131 DEBUG bindQueryToDataGrid
2017-07-31 11:09:21.5906 DEBUG Sql: SELECT td.time_nazn as "Время записи", d.dan_id as "Id", d.fam as "Фамилия", d.nam as "Имя", d.mid as "Отчество", d.date_born as "Дата рождения", case when d.ser_pol is null then d.num_pol else d.ser_pol ||' '|| d.num_pol end as "Полис", d.address as "Адрес", case when spolref='2301001' then true else false end as "Прикреплен", case when strcom_region_id='0300000000000' then false else true end as "Иногородний" FROM dan_tab d LEFT JOIN public.talon_doctor_tab td on td.dan_id = d.dan_id WHERE td.date_nazn = date(@date) and td.doctor_id = @doctor;
2017-07-31 11:09:21.5906 DEBUG SqlParams:
2017-07-31 11:09:21.5906 DEBUG SqlParam @date='31.07.2017'
2017-07-31 11:09:21.5906 DEBUG SqlParam @doctor=2469
2017-07-31 11:09:30.1116 DEBUG Sql: SELECT d.dan_id as "Id", d.fam as "Фамилия", d.nam as "Имя", d.mid as "Отчество", d.date_born as "Дата рождения", case when d.ser_pol is null then d.num_pol else d.ser_pol ||' '|| d.num_pol end as "Полис", d.pens as "СНИЛС", d.address as "Адрес", case when spolref='2301001' then true else false end as "Прикреплен" , case when strcom_region_id='0300000000000' then false else true end as "Иногородний" FROM dan_tab d WHERE Lower(d.fam) LIKE @fam and Lower(d.nam) LIKE @nam ORDER BY d.fam, d.nam, d.mid, d.date_born LIMIT 150;
2017-07-31 11:09:30.1116 DEBUG SqlParams:
2017-07-31 11:09:30.1116 DEBUG SqlParam @fam=вахрушкина%
2017-07-31 11:09:30.1116 DEBUG SqlParam @nam=алевтина%
2017-07-31 11:09:32.4171 DEBUG Запрос: Select smo.id, smo.name, kladr.name from codifiers.strcom_tab smo left join codifiers.sp_kladr_tab kladr on smo.region_id = kladr.code where smo.region_id = @id and smo.name not like '*%'order by smo.name
2017-07-31 11:09:32.4996 DEBUG Получено записей: 4
2017-07-31 11:09:32.6616 DEBUG Запрос: select * from fed_lgota_tab where pens like @snils;
2017-07-31 11:09:32.6616 DEBUG Получено записей: 1
2017-07-31 11:09:32.8706 DEBUG Запрос: SELECT t.talon_id, t.result_id, t.diag_osn, t.doctor_id, t.date_vnes_inf,
                        v.visit_id, v.doctor_id as vdoctor_id, v.data_vnes_inf as vdate_vnes_inf, v.data_pos 
                        FROM public.talon_tab t left join public.visit_tab v on v.talon_id = t.talon_id
                        where t.dan_id = @patient_id;
2017-07-31 11:09:33.1291 DEBUG Получено записей: 535
2017-07-31 11:09:44.9286 DEBUG Запрос: Select visit_id from public.visit_tab where talon_id = @talonId;
2017-07-31 11:09:44.9356 DEBUG Получено записей: 1
2017-07-31 11:09:45.0746 DEBUG Запрос: SELECT d.id FROM diagn_tab d WHERE d.talon_id = @caseId ORDER BY d.id desc;
2017-07-31 11:09:45.0746 DEBUG Получено записей: 2
