2017-01-13 14:15:25.0495 DEBUG Запрос: SELECT DISTINCT code_access, name, description 
                            FROM users_access_view WHERE users_id = @id
2017-01-13 14:15:25.1055 DEBUG Получено записей: 187
2017-01-13 14:15:28.2187 DEBUG SQL: select pattern from codifiers.patterns_tab where code = @patterncode and users_id is null;
2017-01-13 14:15:28.2187 DEBUG Parameters: @patterncode=, @operator=
2017-01-13 14:15:28.2517 DEBUG Result 
2017-01-13 14:15:28.2517 DEBUG нет шаблона для пользователя
2017-01-13 14:15:28.2517 DEBUG SQL: select pattern from codifiers.patterns_tab where code = @patterncode and users_id is null
2017-01-13 14:15:28.2517 DEBUG Parameters: @patterncode 
2017-01-13 14:15:28.2667 DEBUG Result 
2017-01-13 14:15:28.3247 DEBUG SQL: select pattern from codifiers.patterns_tab where code = @patterncode and users_id is null;
2017-01-13 14:15:28.3247 DEBUG Parameters: @patterncode=, @operator=
2017-01-13 14:15:28.3377 DEBUG Result 
2017-01-13 14:15:28.3377 DEBUG нет шаблона для пользователя
2017-01-13 14:15:28.3377 DEBUG SQL: select pattern from codifiers.patterns_tab where code = @patterncode and users_id is null
2017-01-13 14:15:28.3377 DEBUG Parameters: @patterncode 
2017-01-13 14:15:28.3377 DEBUG Result 
2017-01-13 14:15:28.9467 DEBUG Запрос: Select id, name, code, is_default, parent_id from codifiers.sp_kind_paid_tab order by id
2017-01-13 14:15:28.9467 DEBUG Получено записей: 9
2017-01-13 14:15:28.9627 DEBUG Запрос: Select id, name, code from codifiers.first_visit_condition_tab order by id
2017-01-13 14:15:28.9627 DEBUG Получено записей: 4
2017-01-13 14:15:28.9767 DEBUG Запрос: Select id, name, code, reestr, idsp, hospital_type_id, is_cure, is_inspection from codifiers.visit_purpose_common_tab order by id
2017-01-13 14:15:28.9767 DEBUG Получено записей: 22
2017-01-13 14:15:28.9957 DEBUG Запрос: Select id, name, code from codifiers.place_service_tab order by id
2017-01-13 14:15:28.9957 DEBUG Получено записей: 3
2017-01-13 14:15:29.0107 DEBUG Запрос: Select result_id, result, reestr, patient_state_id, reestr_rslt, reestr_ishod, _end from public.result_tab order by result_id
2017-01-13 14:15:29.0327 DEBUG Получено записей: 29
2017-01-13 14:15:29.0457 DEBUG Запрос: select id, name, code, bur_reestr_code from codifiers.travma_tab order by name;
2017-01-13 14:15:29.0457 DEBUG Получено записей: 15
2017-01-13 14:15:29.0617 DEBUG Запрос: SELECT * FROM codifiers.lpu_tab
2017-01-13 14:15:29.0897 DEBUG Получено записей: 106
2017-01-13 14:15:29.5468 DEBUG Запрос: SELECT * FROM codifiers.lpu_tab order by name
2017-01-13 14:15:29.5598 DEBUG Получено записей: 106
2017-01-13 14:15:29.5728 DEBUG Запрос: select sp_napr_obosn_id,trim(obosn_name) as obosn_name FROM sp_napr_obosn_tab ORDER BY sp_napr_obosn_id;
2017-01-13 14:15:29.5728 DEBUG Получено записей: 8
2017-01-13 14:15:29.5858 DEBUG Запрос: SELECT sp_type_napr_id, sp_type_napr FROM sp_type_napr_tab ORDER BY 1;
2017-01-13 14:15:29.5858 DEBUG Получено записей: 9
2017-01-13 14:15:29.5858 DEBUG Запрос: select * from public.doctor_tab where sp_spec_doctor_id <> 900;
2017-01-13 14:15:29.7058 DEBUG Получено записей: 682
2017-01-13 14:16:08.7850 DEBUG Запрос: select id, code, name from codifiers.doctor_spec_tab order by 3,1;
2017-01-13 14:16:08.7910 DEBUG Получено записей: 175
2017-01-13 14:16:08.8060 DEBUG Запрос: Select mkb_id, mkb, kod_d, reestr_code from public.mkb_tab order by 1
2017-01-13 14:16:09.0400 DEBUG Получено записей: 13813
2017-01-13 14:16:16.8955 DEBUG Запрос: Select s.id, s.code, s.name from codifiers.sozstatus_tab s
2017-01-13 14:16:16.8955 DEBUG Получено записей: 11
2017-01-13 14:16:16.9105 DEBUG Запрос: Select u.id, u.code, u.name, u.doctor_id, u.otdel_id, u.age_from, u.age_for, u.flag_default, u.uchactok_type_id, u.lpu_id, u.sort, u.sex from codifiers.uchactok_tab u order by u.sort, u.name
2017-01-13 14:16:16.9175 DEBUG Получено записей: 77
2017-01-13 14:16:16.9705 DEBUG Запрос: select id, socr, name, full_name, index, code 
                              from codifiers.sp_kladr_tab
                              where level_ter=@level order by name
2017-01-13 14:16:16.9785 DEBUG Получено записей: 107
2017-01-13 14:16:28.8602 DEBUG PatientFindForm ShowFilterByDoctor set to true
2017-01-13 14:16:28.8602 DEBUG PatientFindForm OperatorId: 2469
2017-01-13 14:16:28.8602 DEBUG PatientFindForm DoctorId: 2469
2017-01-13 14:16:29.0422 DEBUG DoctorQuery
2017-01-13 14:16:29.0422 DEBUG sql: SELECT td.time_nazn as "Время записи", d.dan_id as "Id", d.fam as "Фамилия", d.nam as "Имя", d.mid as "Отчество", d.date_born as "Дата рождения", case when d.ser_pol is null then d.num_pol else d.ser_pol ||' '|| d.num_pol end as "Полис", d.address as "Адрес", case when spolref='2301001' then true else false end as "Прикреплен", case when strcom_region_id='0300000000000' then false else true end as "Иногородний" FROM dan_tab d LEFT JOIN public.talon_doctor_tab td on td.dan_id = d.dan_id WHERE td.date_nazn = date(@date) and td.doctor_id = @doctor;
2017-01-13 14:16:29.0422 DEBUG @date: 13.01.2017
2017-01-13 14:16:29.0422 DEBUG @doctor: 2469
2017-01-13 14:16:29.0422 DEBUG bindQueryToDataGrid
2017-01-13 14:16:29.0582 DEBUG Sql: SELECT td.time_nazn as "Время записи", d.dan_id as "Id", d.fam as "Фамилия", d.nam as "Имя", d.mid as "Отчество", d.date_born as "Дата рождения", case when d.ser_pol is null then d.num_pol else d.ser_pol ||' '|| d.num_pol end as "Полис", d.address as "Адрес", case when spolref='2301001' then true else false end as "Прикреплен", case when strcom_region_id='0300000000000' then false else true end as "Иногородний" FROM dan_tab d LEFT JOIN public.talon_doctor_tab td on td.dan_id = d.dan_id WHERE td.date_nazn = date(@date) and td.doctor_id = @doctor;
2017-01-13 14:16:29.0582 DEBUG SqlParams:
2017-01-13 14:16:29.0582 DEBUG SqlParam @date='13.01.2017'
2017-01-13 14:16:29.0582 DEBUG SqlParam @doctor=2469
2017-01-13 14:16:51.7645 DEBUG Sql: SELECT d.dan_id as "Id", d.fam as "Фамилия", d.nam as "Имя", d.mid as "Отчество", d.date_born as "Дата рождения", case when d.ser_pol is null then d.num_pol else d.ser_pol ||' '|| d.num_pol end as "Полис", d.pens as "СНИЛС", d.address as "Адрес", case when spolref='2301001' then true else false end as "Прикреплен" , case when strcom_region_id='0300000000000' then false else true end as "Иногородний" FROM dan_tab d WHERE Lower(d.fam) LIKE @fam and Lower(d.nam) LIKE @nam ORDER BY d.fam, d.nam, d.mid, d.date_born LIMIT 150;
2017-01-13 14:16:51.7645 DEBUG SqlParams:
2017-01-13 14:16:51.7645 DEBUG SqlParam @fam=аветян%
2017-01-13 14:16:51.7645 DEBUG SqlParam @nam=мактах%
2017-01-13 14:17:00.3750 DEBUG Запрос: Select smo.id, smo.name, kladr.name from codifiers.strcom_tab smo left join codifiers.sp_kladr_tab kladr on smo.region_id = kladr.code where smo.region_id = @id and smo.name not like '*%'order by smo.name
2017-01-13 14:17:00.4470 DEBUG Получено записей: 4
2017-01-13 14:17:00.5200 DEBUG Запрос: select * from fed_lgota_tab where pens like @snils;
2017-01-13 14:17:00.5200 DEBUG Получено записей: 0
2017-01-13 14:17:00.5200 DEBUG Запрос: select * from lgot_client_tab where dan_id = @id;
2017-01-13 14:17:00.5460 DEBUG Получено записей: 0
2017-01-13 14:17:00.6040 DEBUG Запрос: SELECT t.talon_id, t.result_id, t.diag_osn, t.doctor_id, t.date_vnes_inf,
                        v.visit_id, v.doctor_id as vdoctor_id, v.data_vnes_inf as vdate_vnes_inf, v.data_pos 
                        FROM public.talon_tab t left join public.visit_tab v on v.talon_id = t.talon_id
                        where t.dan_id = @patient_id;
2017-01-13 14:17:00.6430 DEBUG Получено записей: 73
2017-01-13 14:17:01.5490 DEBUG Запрос: Select visit_id from public.visit_tab where talon_id = @talonId;
2017-01-13 14:17:01.5490 DEBUG Получено записей: 0
2017-01-13 14:17:01.5890 DEBUG Запрос: SELECT d.id FROM diagn_tab d WHERE d.talon_id = @caseId ORDER BY d.id desc;
2017-01-13 14:17:01.5890 DEBUG Получено записей: 0
2017-01-13 14:17:43.7434 DEBUG Запрос: Select id, name, code, reestr, idsp, hospital_type_id, is_cure, is_inspection from codifiers.visit_purpose_common_tab order by id
2017-01-13 14:17:43.7474 DEBUG Получено записей: 22
2017-01-13 14:17:53.1990 DEBUG Запрос: SELECT d.id FROM diagn_tab d WHERE d.talon_id = @caseId ORDER BY d.id desc;
2017-01-13 14:17:53.2030 DEBUG Получено записей: 0
2017-01-13 14:18:13.3471 DEBUG Запрос: SELECT d.id FROM diagn_tab d WHERE d.talon_id = @caseId ORDER BY d.id desc;
2017-01-13 14:18:13.3471 DEBUG Получено записей: 0
2017-01-13 14:18:13.4111 DEBUG Запрос: SELECT c.name, o.kol_vo, o.id, o.sp_uslug_id, o.inference_diagnosis FROM okaz_uslug_tab o LEFT JOIN codifiers.sp_uslug_tab c ON c.id = o.sp_uslug_id WHERE table_link_name = 'visit_tab' AND  table_link_id = @visitId;
2017-01-13 14:18:13.4111 DEBUG Получено записей: 0
2017-01-13 14:18:13.4261 DEBUG Запрос: SELECT s.name, s.code, c.date_begin, c.date_end, c.cost, e.sp_uslug_id as service_id  FROM eq_uslug_doctor_tab e JOIN eq_uslug_cost_tab c ON c.sp_uslug_id = e.sp_uslug_id AND sp_lpu_id = get_lpu_number()::bigint AND c.sp_kind_paid_id = 0 AND @visitDate::date BETWEEN date_begin AND date_end LEFT JOIN codifiers.sp_uslug_tab s ON s.id = e.sp_uslug_id WHERE e.doctor_id = @doctorId ORDER BY 1,2;
2017-01-13 14:18:13.4341 DEBUG Получено записей: 0
2017-01-13 14:18:13.4341 DEBUG Запрос: SELECT p.id, p.name, p.code, p.sp_trnm_id, tr.name_lat AS nam_lat, tr.name AS nam_rus, p.sp_mnn_id, mnn.name_lat AS mnn_lat, mnn.name AS mnn_rus, p.sp_lf_id, lf.name as dtd, p.name_fct, p.name_cnf, p.doza, p.signa, p.price, p.sp_doza_id, p.d_ls FROM codifiers.preparat_tab p LEFT JOIN codifiers.sp_lf_tab lf ON lf.id = p.sp_lf_id LEFT JOIN codifiers.sp_trnm_tab tr ON tr.id = p.sp_trnm_id LEFT JOIN codifiers.sp_mnn_tab mnn ON mnn.id = p.sp_mnn_id;
2017-01-13 14:18:15.4573 DEBUG Получено записей: 36279
2017-01-13 14:18:22.6887 DEBUG Запрос: Select mkb_id, mkb, kod_d, reestr_code from public.mkb_tab order by 1
2017-01-13 14:18:22.9417 DEBUG Получено записей: 13813
2017-01-13 14:19:02.7080 DEBUG Запрос: select id, code, name from codifiers.sp_lpu_otdels_tab where pricpol = @code and name not like '*%' order by 3;
2017-01-13 14:19:02.7080 DEBUG Получено записей: 21
