2017-01-31 09:21:38.8666 DEBUG Запрос: SELECT DISTINCT code_access, name, description 
                            FROM users_access_view WHERE users_id = @id
2017-01-31 09:21:38.9226 DEBUG Получено записей: 187
2017-01-31 09:21:41.8937 DEBUG SQL: select pattern from codifiers.patterns_tab where code = @patterncode and users_id is null;
2017-01-31 09:21:41.8937 DEBUG Parameters: @patterncode=, @operator=
2017-01-31 09:21:41.9227 DEBUG Result 
2017-01-31 09:21:41.9227 DEBUG нет шаблона для пользователя
2017-01-31 09:21:41.9227 DEBUG SQL: select pattern from codifiers.patterns_tab where code = @patterncode and users_id is null
2017-01-31 09:21:41.9227 DEBUG Parameters: @patterncode 
2017-01-31 09:21:41.9367 DEBUG Result 
2017-01-31 09:21:41.9927 DEBUG SQL: select pattern from codifiers.patterns_tab where code = @patterncode and users_id is null;
2017-01-31 09:21:41.9927 DEBUG Parameters: @patterncode=, @operator=
2017-01-31 09:21:41.9927 DEBUG Result 
2017-01-31 09:21:41.9927 DEBUG нет шаблона для пользователя
2017-01-31 09:21:41.9927 DEBUG SQL: select pattern from codifiers.patterns_tab where code = @patterncode and users_id is null
2017-01-31 09:21:41.9927 DEBUG Parameters: @patterncode 
2017-01-31 09:21:42.0177 DEBUG Result 
2017-01-31 09:21:42.5128 DEBUG Запрос: Select id, name, code, is_default, parent_id from codifiers.sp_kind_paid_tab order by id
2017-01-31 09:21:42.5128 DEBUG Получено записей: 9
2017-01-31 09:21:42.5288 DEBUG Запрос: Select id, name, code from codifiers.first_visit_condition_tab order by id
2017-01-31 09:21:42.5288 DEBUG Получено записей: 4
2017-01-31 09:21:42.5438 DEBUG Запрос: Select id, name, code, reestr, idsp, hospital_type_id, is_cure, is_inspection from codifiers.visit_purpose_common_tab order by id
2017-01-31 09:21:42.5438 DEBUG Получено записей: 22
2017-01-31 09:21:42.5638 DEBUG Запрос: Select id, name, code from codifiers.place_service_tab order by id
2017-01-31 09:21:42.5638 DEBUG Получено записей: 3
2017-01-31 09:21:42.5788 DEBUG Запрос: Select result_id, result, reestr, patient_state_id, reestr_rslt, reestr_ishod, _end from public.result_tab order by result_id
2017-01-31 09:21:42.6018 DEBUG Получено записей: 29
2017-01-31 09:21:42.6018 DEBUG Запрос: select id, name, code, bur_reestr_code from codifiers.travma_tab order by name;
2017-01-31 09:21:42.6198 DEBUG Получено записей: 15
2017-01-31 09:21:42.6318 DEBUG Запрос: SELECT * FROM codifiers.lpu_tab
2017-01-31 09:21:42.6578 DEBUG Получено записей: 108
2017-01-31 09:21:43.1518 DEBUG Запрос: SELECT * FROM codifiers.lpu_tab order by name
2017-01-31 09:21:43.1628 DEBUG Получено записей: 108
2017-01-31 09:21:43.1628 DEBUG Запрос: select sp_napr_obosn_id,trim(obosn_name) as obosn_name FROM sp_napr_obosn_tab ORDER BY sp_napr_obosn_id;
2017-01-31 09:21:43.1628 DEBUG Получено записей: 8
2017-01-31 09:21:43.1868 DEBUG Запрос: SELECT sp_type_napr_id, sp_type_napr FROM sp_type_napr_tab ORDER BY 1;
2017-01-31 09:21:43.1868 DEBUG Получено записей: 9
2017-01-31 09:21:43.1998 DEBUG Запрос: select * from public.doctor_tab where sp_spec_doctor_id <> 900;
2017-01-31 09:21:43.2768 DEBUG Получено записей: 684
2017-01-31 09:22:11.6494 DEBUG Запрос: select id, code, name from codifiers.doctor_spec_tab order by 3,1;
2017-01-31 09:22:11.6494 DEBUG Получено записей: 175
2017-01-31 09:22:11.6674 DEBUG Запрос: Select mkb_id, mkb, kod_d, reestr_code from public.mkb_tab order by 1
2017-01-31 09:22:11.8734 DEBUG Получено записей: 13813
2017-01-31 09:22:18.3648 DEBUG Запрос: Select s.id, s.code, s.name from codifiers.sozstatus_tab s
2017-01-31 09:22:18.3648 DEBUG Получено записей: 11
2017-01-31 09:22:18.3988 DEBUG Запрос: Select u.id, u.code, u.name, u.doctor_id, u.otdel_id, u.age_from, u.age_for, u.flag_default, u.uchactok_type_id, u.lpu_id, u.sort, u.sex from codifiers.uchactok_tab u order by u.sort, u.name
2017-01-31 09:22:18.4058 DEBUG Получено записей: 77
2017-01-31 09:22:18.4588 DEBUG Запрос: select id, socr, name, full_name, index, code 
                              from codifiers.sp_kladr_tab
                              where level_ter=@level order by name
2017-01-31 09:22:18.4678 DEBUG Получено записей: 107
2017-01-31 09:22:25.5402 DEBUG PatientFindForm ShowFilterByDoctor set to true
2017-01-31 09:22:25.5402 DEBUG PatientFindForm OperatorId: 2469
2017-01-31 09:22:25.5402 DEBUG PatientFindForm DoctorId: 2469
2017-01-31 09:22:25.6752 DEBUG DoctorQuery
2017-01-31 09:22:25.6752 DEBUG sql: SELECT td.time_nazn as "Время записи", d.dan_id as "Id", d.fam as "Фамилия", d.nam as "Имя", d.mid as "Отчество", d.date_born as "Дата рождения", case when d.ser_pol is null then d.num_pol else d.ser_pol ||' '|| d.num_pol end as "Полис", d.address as "Адрес", case when spolref='2301001' then true else false end as "Прикреплен", case when strcom_region_id='0300000000000' then false else true end as "Иногородний" FROM dan_tab d LEFT JOIN public.talon_doctor_tab td on td.dan_id = d.dan_id WHERE td.date_nazn = date(@date) and td.doctor_id = @doctor;
2017-01-31 09:22:25.6752 DEBUG @date: 31.01.2017
2017-01-31 09:22:25.6752 DEBUG @doctor: 2469
2017-01-31 09:22:25.6752 DEBUG bindQueryToDataGrid
2017-01-31 09:22:25.6892 DEBUG Sql: SELECT td.time_nazn as "Время записи", d.dan_id as "Id", d.fam as "Фамилия", d.nam as "Имя", d.mid as "Отчество", d.date_born as "Дата рождения", case when d.ser_pol is null then d.num_pol else d.ser_pol ||' '|| d.num_pol end as "Полис", d.address as "Адрес", case when spolref='2301001' then true else false end as "Прикреплен", case when strcom_region_id='0300000000000' then false else true end as "Иногородний" FROM dan_tab d LEFT JOIN public.talon_doctor_tab td on td.dan_id = d.dan_id WHERE td.date_nazn = date(@date) and td.doctor_id = @doctor;
2017-01-31 09:22:25.6892 DEBUG SqlParams:
2017-01-31 09:22:25.6892 DEBUG SqlParam @date='31.01.2017'
2017-01-31 09:22:25.6892 DEBUG SqlParam @doctor=2469
2017-01-31 09:22:36.8729 DEBUG Sql: SELECT d.dan_id as "Id", d.fam as "Фамилия", d.nam as "Имя", d.mid as "Отчество", d.date_born as "Дата рождения", case when d.ser_pol is null then d.num_pol else d.ser_pol ||' '|| d.num_pol end as "Полис", d.pens as "СНИЛС", d.address as "Адрес", case when spolref='2301001' then true else false end as "Прикреплен" , case when strcom_region_id='0300000000000' then false else true end as "Иногородний" FROM dan_tab d WHERE Lower(d.fam) LIKE @fam and Lower(d.nam) LIKE @nam ORDER BY d.fam, d.nam, d.mid, d.date_born LIMIT 150;
2017-01-31 09:22:36.8739 DEBUG SqlParams:
2017-01-31 09:22:36.8739 DEBUG SqlParam @fam=аветян%
2017-01-31 09:22:36.8739 DEBUG SqlParam @nam=мактах%
2017-01-31 09:22:40.8381 DEBUG Запрос: Select smo.id, smo.name, kladr.name from codifiers.strcom_tab smo left join codifiers.sp_kladr_tab kladr on smo.region_id = kladr.code where smo.region_id = @id and smo.name not like '*%'order by smo.name
2017-01-31 09:22:40.9121 DEBUG Получено записей: 4
2017-01-31 09:22:40.9781 DEBUG Запрос: select * from fed_lgota_tab where pens like @snils;
2017-01-31 09:22:40.9781 DEBUG Получено записей: 0
2017-01-31 09:22:40.9781 DEBUG Запрос: select * from lgot_client_tab where dan_id = @id;
2017-01-31 09:22:41.0011 DEBUG Получено записей: 0
2017-01-31 09:22:41.0571 DEBUG Запрос: SELECT t.talon_id, t.result_id, t.diag_osn, t.doctor_id, t.date_vnes_inf,
                        v.visit_id, v.doctor_id as vdoctor_id, v.data_vnes_inf as vdate_vnes_inf, v.data_pos 
                        FROM public.talon_tab t left join public.visit_tab v on v.talon_id = t.talon_id
                        where t.dan_id = @patient_id;
2017-01-31 09:22:41.0571 DEBUG Получено записей: 80
2017-01-31 09:22:41.9812 DEBUG Запрос: Select visit_id from public.visit_tab where talon_id = @talonId;
2017-01-31 09:22:42.0702 DEBUG Получено записей: 0
2017-01-31 09:22:42.1042 DEBUG Запрос: SELECT d.id FROM diagn_tab d WHERE d.talon_id = @caseId ORDER BY d.id desc;
2017-01-31 09:22:42.1042 DEBUG Получено записей: 0
2017-01-31 09:27:44.2044 DEBUG Запрос: SELECT DISTINCT code_access, name, description 
                            FROM users_access_view WHERE users_id = @id
2017-01-31 09:27:44.2565 DEBUG Получено записей: 187
2017-01-31 09:27:46.6186 DEBUG SQL: select pattern from codifiers.patterns_tab where code = @patterncode and users_id is null;
2017-01-31 09:27:46.6186 DEBUG Parameters: @patterncode=, @operator=
2017-01-31 09:27:46.6456 DEBUG Result 
2017-01-31 09:27:46.6456 DEBUG нет шаблона для пользователя
2017-01-31 09:27:46.6456 DEBUG SQL: select pattern from codifiers.patterns_tab where code = @patterncode and users_id is null
2017-01-31 09:27:46.6456 DEBUG Parameters: @patterncode 
2017-01-31 09:27:46.6606 DEBUG Result 
2017-01-31 09:27:46.7176 DEBUG SQL: select pattern from codifiers.patterns_tab where code = @patterncode and users_id is null;
2017-01-31 09:27:46.7176 DEBUG Parameters: @patterncode=, @operator=
2017-01-31 09:27:46.7296 DEBUG Result 
2017-01-31 09:27:46.7296 DEBUG нет шаблона для пользователя
2017-01-31 09:27:46.7296 DEBUG SQL: select pattern from codifiers.patterns_tab where code = @patterncode and users_id is null
2017-01-31 09:27:46.7296 DEBUG Parameters: @patterncode 
2017-01-31 09:27:46.7416 DEBUG Result 
2017-01-31 09:27:47.1216 DEBUG Запрос: Select id, name, code, is_default, parent_id from codifiers.sp_kind_paid_tab order by id
2017-01-31 09:27:47.1216 DEBUG Получено записей: 9
2017-01-31 09:27:47.1346 DEBUG Запрос: Select id, name, code from codifiers.first_visit_condition_tab order by id
2017-01-31 09:27:47.1346 DEBUG Получено записей: 4
2017-01-31 09:27:47.1486 DEBUG Запрос: Select id, name, code, reestr, idsp, hospital_type_id, is_cure, is_inspection from codifiers.visit_purpose_common_tab order by id
2017-01-31 09:27:47.1486 DEBUG Получено записей: 22
2017-01-31 09:27:47.1646 DEBUG Запрос: Select id, name, code from codifiers.place_service_tab order by id
2017-01-31 09:27:47.1646 DEBUG Получено записей: 3
2017-01-31 09:27:47.1776 DEBUG Запрос: Select result_id, result, reestr, patient_state_id, reestr_rslt, reestr_ishod, _end from public.result_tab order by result_id
2017-01-31 09:27:47.1976 DEBUG Получено записей: 29
2017-01-31 09:27:47.2096 DEBUG Запрос: select id, name, code, bur_reestr_code from codifiers.travma_tab order by name;
2017-01-31 09:27:47.2096 DEBUG Получено записей: 15
2017-01-31 09:27:47.2246 DEBUG Запрос: SELECT * FROM codifiers.lpu_tab
2017-01-31 09:27:47.2496 DEBUG Получено записей: 108
2017-01-31 09:27:47.5776 DEBUG Запрос: SELECT * FROM codifiers.lpu_tab order by name
2017-01-31 09:27:47.5906 DEBUG Получено записей: 108
2017-01-31 09:27:47.6016 DEBUG Запрос: select sp_napr_obosn_id,trim(obosn_name) as obosn_name FROM sp_napr_obosn_tab ORDER BY sp_napr_obosn_id;
2017-01-31 09:27:47.6016 DEBUG Получено записей: 8
2017-01-31 09:27:47.6146 DEBUG Запрос: SELECT sp_type_napr_id, sp_type_napr FROM sp_type_napr_tab ORDER BY 1;
2017-01-31 09:27:47.6146 DEBUG Получено записей: 9
2017-01-31 09:27:47.6146 DEBUG Запрос: select * from public.doctor_tab where sp_spec_doctor_id <> 900;
2017-01-31 09:27:47.7256 DEBUG Получено записей: 684
2017-01-31 09:28:15.9503 DEBUG Запрос: select id, code, name from codifiers.doctor_spec_tab order by 3,1;
2017-01-31 09:28:15.9503 DEBUG Получено записей: 175
2017-01-31 09:28:15.9673 DEBUG Запрос: Select mkb_id, mkb, kod_d, reestr_code from public.mkb_tab order by 1
2017-01-31 09:28:16.1653 DEBUG Получено записей: 13813
2017-01-31 09:28:22.5196 DEBUG Запрос: Select s.id, s.code, s.name from codifiers.sozstatus_tab s
2017-01-31 09:28:22.5196 DEBUG Получено записей: 11
2017-01-31 09:28:22.5346 DEBUG Запрос: Select u.id, u.code, u.name, u.doctor_id, u.otdel_id, u.age_from, u.age_for, u.flag_default, u.uchactok_type_id, u.lpu_id, u.sort, u.sex from codifiers.uchactok_tab u order by u.sort, u.name
2017-01-31 09:28:22.5416 DEBUG Получено записей: 77
2017-01-31 09:28:22.5946 DEBUG Запрос: select id, socr, name, full_name, index, code 
                              from codifiers.sp_kladr_tab
                              where level_ter=@level order by name
2017-01-31 09:28:22.6046 DEBUG Получено записей: 107
2017-01-31 09:28:29.3870 DEBUG PatientFindForm ShowFilterByDoctor set to true
2017-01-31 09:28:29.3870 DEBUG PatientFindForm OperatorId: 2469
2017-01-31 09:28:29.3870 DEBUG PatientFindForm DoctorId: 2469
2017-01-31 09:28:29.5290 DEBUG DoctorQuery
2017-01-31 09:28:29.5290 DEBUG sql: SELECT td.time_nazn as "Время записи", d.dan_id as "Id", d.fam as "Фамилия", d.nam as "Имя", d.mid as "Отчество", d.date_born as "Дата рождения", case when d.ser_pol is null then d.num_pol else d.ser_pol ||' '|| d.num_pol end as "Полис", d.address as "Адрес", case when spolref='2301001' then true else false end as "Прикреплен", case when strcom_region_id='0300000000000' then false else true end as "Иногородний" FROM dan_tab d LEFT JOIN public.talon_doctor_tab td on td.dan_id = d.dan_id WHERE td.date_nazn = date(@date) and td.doctor_id = @doctor;
2017-01-31 09:28:29.5290 DEBUG @date: 31.01.2017
2017-01-31 09:28:29.5300 DEBUG @doctor: 2469
2017-01-31 09:28:29.5300 DEBUG bindQueryToDataGrid
2017-01-31 09:28:29.5450 DEBUG Sql: SELECT td.time_nazn as "Время записи", d.dan_id as "Id", d.fam as "Фамилия", d.nam as "Имя", d.mid as "Отчество", d.date_born as "Дата рождения", case when d.ser_pol is null then d.num_pol else d.ser_pol ||' '|| d.num_pol end as "Полис", d.address as "Адрес", case when spolref='2301001' then true else false end as "Прикреплен", case when strcom_region_id='0300000000000' then false else true end as "Иногородний" FROM dan_tab d LEFT JOIN public.talon_doctor_tab td on td.dan_id = d.dan_id WHERE td.date_nazn = date(@date) and td.doctor_id = @doctor;
2017-01-31 09:28:29.5450 DEBUG SqlParams:
2017-01-31 09:28:29.5450 DEBUG SqlParam @date='31.01.2017'
2017-01-31 09:28:29.5450 DEBUG SqlParam @doctor=2469
2017-01-31 09:28:41.6417 DEBUG Sql: SELECT d.dan_id as "Id", d.fam as "Фамилия", d.nam as "Имя", d.mid as "Отчество", d.date_born as "Дата рождения", case when d.ser_pol is null then d.num_pol else d.ser_pol ||' '|| d.num_pol end as "Полис", d.pens as "СНИЛС", d.address as "Адрес", case when spolref='2301001' then true else false end as "Прикреплен" , case when strcom_region_id='0300000000000' then false else true end as "Иногородний" FROM dan_tab d WHERE Lower(d.fam) LIKE @fam and Lower(d.nam) LIKE @nam ORDER BY d.fam, d.nam, d.mid, d.date_born LIMIT 150;
2017-01-31 09:28:41.6417 DEBUG SqlParams:
2017-01-31 09:28:41.6417 DEBUG SqlParam @fam=аветян%
2017-01-31 09:28:41.6417 DEBUG SqlParam @nam=мактах%
2017-01-31 09:28:46.2320 DEBUG Запрос: Select smo.id, smo.name, kladr.name from codifiers.strcom_tab smo left join codifiers.sp_kladr_tab kladr on smo.region_id = kladr.code where smo.region_id = @id and smo.name not like '*%'order by smo.name
2017-01-31 09:28:46.3050 DEBUG Получено записей: 4
2017-01-31 09:28:46.3780 DEBUG Запрос: select * from fed_lgota_tab where pens like @snils;
2017-01-31 09:28:46.3780 DEBUG Получено записей: 0
2017-01-31 09:28:46.3780 DEBUG Запрос: select * from lgot_client_tab where dan_id = @id;
2017-01-31 09:28:46.4010 DEBUG Получено записей: 0
2017-01-31 09:28:46.4540 DEBUG Запрос: SELECT t.talon_id, t.result_id, t.diag_osn, t.doctor_id, t.date_vnes_inf,
                        v.visit_id, v.doctor_id as vdoctor_id, v.data_vnes_inf as vdate_vnes_inf, v.data_pos 
                        FROM public.talon_tab t left join public.visit_tab v on v.talon_id = t.talon_id
                        where t.dan_id = @patient_id;
2017-01-31 09:28:46.4640 DEBUG Получено записей: 80
2017-01-31 09:28:47.3831 DEBUG Запрос: Select visit_id from public.visit_tab where talon_id = @talonId;
2017-01-31 09:28:47.3831 DEBUG Получено записей: 0
2017-01-31 09:28:47.4191 DEBUG Запрос: SELECT d.id FROM diagn_tab d WHERE d.talon_id = @caseId ORDER BY d.id desc;
2017-01-31 09:28:47.4191 DEBUG Получено записей: 0
