2017-07-14 08:42:56.1539 DEBUG Запрос: SELECT DISTINCT code_access, name, description 
                            FROM users_access_view WHERE users_id = @id
2017-07-14 08:42:56.2469 DEBUG Получено записей: 187
2017-07-14 08:43:00.5851 DEBUG SQL: select pattern from codifiers.patterns_tab where code = @patterncode and users_id is null;
2017-07-14 08:43:00.5851 DEBUG Parameters: @patterncode=, @operator=
2017-07-14 08:43:00.6291 DEBUG Result 
2017-07-14 08:43:00.6291 DEBUG нет шаблона для пользователя
2017-07-14 08:43:00.6291 DEBUG SQL: select pattern from codifiers.patterns_tab where code = @patterncode and users_id is null
2017-07-14 08:43:00.6291 DEBUG Parameters: @patterncode 
2017-07-14 08:43:00.6431 DEBUG Result 
2017-07-14 08:43:00.7012 DEBUG SQL: select pattern from codifiers.patterns_tab where code = @patterncode and users_id is null;
2017-07-14 08:43:00.7012 DEBUG Parameters: @patterncode=, @operator=
2017-07-14 08:43:00.7012 DEBUG Result 
2017-07-14 08:43:00.7012 DEBUG нет шаблона для пользователя
2017-07-14 08:43:00.7012 DEBUG SQL: select pattern from codifiers.patterns_tab where code = @patterncode and users_id is null
2017-07-14 08:43:00.7012 DEBUG Parameters: @patterncode 
2017-07-14 08:43:00.7232 DEBUG Result 
2017-07-14 08:43:01.1622 DEBUG Запрос: Select id, name, code, is_default, parent_id from codifiers.sp_kind_paid_tab order by id
2017-07-14 08:43:01.1622 DEBUG Получено записей: 9
2017-07-14 08:43:01.2242 DEBUG Запрос: Select id, name, code from codifiers.first_visit_condition_tab order by id
2017-07-14 08:43:01.2242 DEBUG Получено записей: 4
2017-07-14 08:43:01.2382 DEBUG Запрос: Select id, name, code, reestr, idsp, hospital_type_id, is_cure, is_inspection from codifiers.visit_purpose_common_tab order by id
2017-07-14 08:43:01.2442 DEBUG Получено записей: 22
2017-07-14 08:43:01.2442 DEBUG Запрос: Select id, name, code from codifiers.place_service_tab order by id
2017-07-14 08:43:01.2442 DEBUG Получено записей: 3
2017-07-14 08:43:01.2682 DEBUG Запрос: Select result_id, result, reestr, patient_state_id, reestr_rslt, reestr_ishod, _end from public.result_tab order by result_id
2017-07-14 08:43:01.2682 DEBUG Получено записей: 29
2017-07-14 08:43:01.3362 DEBUG Запрос: select id, name, code, bur_reestr_code from codifiers.travma_tab order by name;
2017-07-14 08:43:01.3392 DEBUG Получено записей: 15
2017-07-14 08:43:01.3392 DEBUG Запрос: SELECT * FROM codifiers.lpu_tab
2017-07-14 08:43:01.3772 DEBUG Получено записей: 114
2017-07-14 08:43:01.9262 DEBUG Запрос: SELECT * FROM codifiers.lpu_tab order by name
2017-07-14 08:43:01.9512 DEBUG Получено записей: 114
2017-07-14 08:43:01.9752 DEBUG Запрос: select sp_napr_obosn_id,trim(obosn_name) as obosn_name FROM sp_napr_obosn_tab ORDER BY sp_napr_obosn_id;
2017-07-14 08:43:01.9782 DEBUG Получено записей: 8
2017-07-14 08:43:01.9782 DEBUG Запрос: SELECT sp_type_napr_id, sp_type_napr FROM sp_type_napr_tab where sp_type_napr_id!=1 ORDER BY 1;
2017-07-14 08:43:01.9782 DEBUG Получено записей: 8
2017-07-14 08:43:02.0012 DEBUG Запрос: select id, code, name from codifiers.doctor_spec_tab order by 3,1;
2017-07-14 08:43:02.0012 DEBUG Получено записей: 176
2017-07-14 08:43:02.0202 DEBUG Запрос: Select mkb_id, mkb, kod_d, reestr_code from public.mkb_tab order by 1
2017-07-14 08:43:02.2212 DEBUG Получено записей: 13813
2017-07-14 10:18:57.0614 DEBUG Запрос: Select s.id, s.code, s.name from codifiers.sozstatus_tab s
2017-07-14 10:18:57.0614 DEBUG Получено записей: 11
2017-07-14 10:18:57.1534 DEBUG Запрос: Select u.id, u.code, u.name, u.doctor_id, u.otdel_id, u.age_from, u.age_for, u.flag_default, u.uchactok_type_id, u.lpu_id, u.sort, u.sex from codifiers.uchactok_tab u order by u.sort, u.name
2017-07-14 10:18:57.1534 DEBUG Получено записей: 77
2017-07-14 10:18:57.2214 DEBUG Запрос: select id, socr, name, full_name, index, code 
                              from codifiers.sp_kladr_tab
                              where level_ter=@level order by name
2017-07-14 10:18:57.2284 DEBUG Получено записей: 107
2017-07-14 10:18:57.5314 DEBUG Запрос: SELECT * FROM codifiers.lpu_tab
2017-07-14 10:18:57.5484 DEBUG Получено записей: 114
2017-07-14 10:19:00.1406 DEBUG PatientFindForm ShowFilterByDoctor set to true
2017-07-14 10:19:00.1406 DEBUG PatientFindForm OperatorId: 2469
2017-07-14 10:19:00.1406 DEBUG PatientFindForm DoctorId: 2469
2017-07-14 10:19:00.2796 DEBUG DoctorQuery
2017-07-14 10:19:00.2796 DEBUG sql: SELECT td.time_nazn as "Время записи", d.dan_id as "Id", d.fam as "Фамилия", d.nam as "Имя", d.mid as "Отчество", d.date_born as "Дата рождения", case when d.ser_pol is null then d.num_pol else d.ser_pol ||' '|| d.num_pol end as "Полис", d.address as "Адрес", case when spolref='2301001' then true else false end as "Прикреплен", case when strcom_region_id='0300000000000' then false else true end as "Иногородний" FROM dan_tab d LEFT JOIN public.talon_doctor_tab td on td.dan_id = d.dan_id WHERE td.date_nazn = date(@date) and td.doctor_id = @doctor;
2017-07-14 10:19:00.2796 DEBUG @date: 14.07.2017
2017-07-14 10:19:00.2936 DEBUG @doctor: 2469
2017-07-14 10:19:00.2936 DEBUG bindQueryToDataGrid
2017-07-14 10:19:00.3086 DEBUG Sql: SELECT td.time_nazn as "Время записи", d.dan_id as "Id", d.fam as "Фамилия", d.nam as "Имя", d.mid as "Отчество", d.date_born as "Дата рождения", case when d.ser_pol is null then d.num_pol else d.ser_pol ||' '|| d.num_pol end as "Полис", d.address as "Адрес", case when spolref='2301001' then true else false end as "Прикреплен", case when strcom_region_id='0300000000000' then false else true end as "Иногородний" FROM dan_tab d LEFT JOIN public.talon_doctor_tab td on td.dan_id = d.dan_id WHERE td.date_nazn = date(@date) and td.doctor_id = @doctor;
2017-07-14 10:19:00.3086 DEBUG SqlParams:
2017-07-14 10:19:00.3086 DEBUG SqlParam @date='14.07.2017'
2017-07-14 10:19:00.3086 DEBUG SqlParam @doctor=2469
2017-07-14 10:19:09.3421 DEBUG Sql: SELECT d.dan_id as "Id", d.fam as "Фамилия", d.nam as "Имя", d.mid as "Отчество", d.date_born as "Дата рождения", case when d.ser_pol is null then d.num_pol else d.ser_pol ||' '|| d.num_pol end as "Полис", d.pens as "СНИЛС", d.address as "Адрес", case when spolref='2301001' then true else false end as "Прикреплен" , case when strcom_region_id='0300000000000' then false else true end as "Иногородний" FROM dan_tab d WHERE Lower(d.fam) LIKE @fam and Lower(d.nam) LIKE @nam ORDER BY d.fam, d.nam, d.mid, d.date_born LIMIT 150;
2017-07-14 10:19:09.3421 DEBUG SqlParams:
2017-07-14 10:19:09.3421 DEBUG SqlParam @fam=вахрушкина%
2017-07-14 10:19:09.3421 DEBUG SqlParam @nam=алевтина%
2017-07-14 10:19:11.1572 DEBUG Запрос: Select smo.id, smo.name, kladr.name from codifiers.strcom_tab smo left join codifiers.sp_kladr_tab kladr on smo.region_id = kladr.code where smo.region_id = @id and smo.name not like '*%'order by smo.name
2017-07-14 10:19:11.2352 DEBUG Получено записей: 4
2017-07-14 10:19:11.3222 DEBUG Запрос: select * from fed_lgota_tab where pens like @snils;
2017-07-14 10:19:11.3222 DEBUG Получено записей: 1
2017-07-14 10:19:11.4942 DEBUG Запрос: SELECT t.talon_id, t.result_id, t.diag_osn, t.doctor_id, t.date_vnes_inf,
                        v.visit_id, v.doctor_id as vdoctor_id, v.data_vnes_inf as vdate_vnes_inf, v.data_pos 
                        FROM public.talon_tab t left join public.visit_tab v on v.talon_id = t.talon_id
                        where t.dan_id = @patient_id;
2017-07-14 10:19:11.7622 DEBUG Получено записей: 533
2017-07-14 10:19:14.5804 DEBUG Запрос: Select visit_id from public.visit_tab where talon_id = @talonId;
2017-07-14 10:19:14.5804 DEBUG Получено записей: 1
2017-07-14 10:19:14.6614 DEBUG Запрос: SELECT d.id FROM diagn_tab d WHERE d.talon_id = @caseId ORDER BY d.id desc;
2017-07-14 10:19:14.6614 DEBUG Получено записей: 1
2017-07-14 11:32:26.1976 DEBUG Запрос: SELECT DISTINCT code_access, name, description 
                            FROM users_access_view WHERE users_id = @id
2017-07-14 11:32:26.2466 DEBUG Получено записей: 187
2017-07-14 11:32:28.7407 DEBUG SQL: select pattern from codifiers.patterns_tab where code = @patterncode and users_id is null;
2017-07-14 11:32:28.7407 DEBUG Parameters: @patterncode=, @operator=
2017-07-14 11:32:28.7697 DEBUG Result 
2017-07-14 11:32:28.7697 DEBUG нет шаблона для пользователя
2017-07-14 11:32:28.7697 DEBUG SQL: select pattern from codifiers.patterns_tab where code = @patterncode and users_id is null
2017-07-14 11:32:28.7697 DEBUG Parameters: @patterncode 
2017-07-14 11:32:28.7827 DEBUG Result 
2017-07-14 11:32:28.8407 DEBUG SQL: select pattern from codifiers.patterns_tab where code = @patterncode and users_id is null;
2017-07-14 11:32:28.8407 DEBUG Parameters: @patterncode=, @operator=
2017-07-14 11:32:28.8537 DEBUG Result 
2017-07-14 11:32:28.8537 DEBUG нет шаблона для пользователя
2017-07-14 11:32:28.8537 DEBUG SQL: select pattern from codifiers.patterns_tab where code = @patterncode and users_id is null
2017-07-14 11:32:28.8537 DEBUG Parameters: @patterncode 
2017-07-14 11:32:28.8637 DEBUG Result 
2017-07-14 11:32:29.1998 DEBUG Запрос: Select id, name, code, is_default, parent_id from codifiers.sp_kind_paid_tab order by id
2017-07-14 11:32:29.2028 DEBUG Получено записей: 9
2017-07-14 11:32:29.2028 DEBUG Запрос: Select id, name, code from codifiers.first_visit_condition_tab order by id
2017-07-14 11:32:29.2028 DEBUG Получено записей: 4
2017-07-14 11:32:29.2278 DEBUG Запрос: Select id, name, code, reestr, idsp, hospital_type_id, is_cure, is_inspection from codifiers.visit_purpose_common_tab order by id
2017-07-14 11:32:29.2278 DEBUG Получено записей: 22
2017-07-14 11:32:29.2598 DEBUG Запрос: Select id, name, code from codifiers.place_service_tab order by id
2017-07-14 11:32:29.2598 DEBUG Получено записей: 3
2017-07-14 11:32:29.2748 DEBUG Запрос: Select result_id, result, reestr, patient_state_id, reestr_rslt, reestr_ishod, _end from public.result_tab order by result_id
2017-07-14 11:32:29.2748 DEBUG Получено записей: 29
2017-07-14 11:32:29.2908 DEBUG Запрос: select id, name, code, bur_reestr_code from codifiers.travma_tab order by name;
2017-07-14 11:32:29.2908 DEBUG Получено записей: 15
2017-07-14 11:32:29.3058 DEBUG Запрос: SELECT * FROM codifiers.lpu_tab
2017-07-14 11:32:29.3348 DEBUG Получено записей: 114
2017-07-14 11:32:29.6748 DEBUG Запрос: SELECT * FROM codifiers.lpu_tab order by name
2017-07-14 11:32:29.6888 DEBUG Получено записей: 114
2017-07-14 11:32:29.6888 DEBUG Запрос: select sp_napr_obosn_id,trim(obosn_name) as obosn_name FROM sp_napr_obosn_tab ORDER BY sp_napr_obosn_id;
2017-07-14 11:32:29.7028 DEBUG Получено записей: 8
2017-07-14 11:32:29.7028 DEBUG Запрос: SELECT sp_type_napr_id, sp_type_napr FROM sp_type_napr_tab where sp_type_napr_id!=1 ORDER BY 1;
2017-07-14 11:32:29.7028 DEBUG Получено записей: 8
2017-07-14 11:32:29.7278 DEBUG Запрос: select id, code, name from codifiers.doctor_spec_tab order by 3,1;
2017-07-14 11:32:29.7338 DEBUG Получено записей: 176
2017-07-14 11:32:29.7338 DEBUG Запрос: Select mkb_id, mkb, kod_d, reestr_code from public.mkb_tab order by 1
2017-07-14 11:32:29.9748 DEBUG Получено записей: 13813
2017-07-14 11:32:34.9351 DEBUG Запрос: Select s.id, s.code, s.name from codifiers.sozstatus_tab s
2017-07-14 11:32:34.9351 DEBUG Получено записей: 11
2017-07-14 11:32:34.9501 DEBUG Запрос: Select u.id, u.code, u.name, u.doctor_id, u.otdel_id, u.age_from, u.age_for, u.flag_default, u.uchactok_type_id, u.lpu_id, u.sort, u.sex from codifiers.uchactok_tab u order by u.sort, u.name
2017-07-14 11:32:34.9501 DEBUG Получено записей: 77
2017-07-14 11:32:35.0081 DEBUG Запрос: select id, socr, name, full_name, index, code 
                              from codifiers.sp_kladr_tab
                              where level_ter=@level order by name
2017-07-14 11:32:35.0081 DEBUG Получено записей: 107
2017-07-14 11:32:35.2751 DEBUG Запрос: SELECT * FROM codifiers.lpu_tab
2017-07-14 11:32:35.2881 DEBUG Получено записей: 114
2017-07-14 11:32:37.7882 DEBUG PatientFindForm ShowFilterByDoctor set to true
2017-07-14 11:32:37.7882 DEBUG PatientFindForm OperatorId: 2469
2017-07-14 11:32:37.7882 DEBUG PatientFindForm DoctorId: 2469
2017-07-14 11:32:37.9823 DEBUG DoctorQuery
2017-07-14 11:32:37.9823 DEBUG sql: SELECT td.time_nazn as "Время записи", d.dan_id as "Id", d.fam as "Фамилия", d.nam as "Имя", d.mid as "Отчество", d.date_born as "Дата рождения", case when d.ser_pol is null then d.num_pol else d.ser_pol ||' '|| d.num_pol end as "Полис", d.address as "Адрес", case when spolref='2301001' then true else false end as "Прикреплен", case when strcom_region_id='0300000000000' then false else true end as "Иногородний" FROM dan_tab d LEFT JOIN public.talon_doctor_tab td on td.dan_id = d.dan_id WHERE td.date_nazn = date(@date) and td.doctor_id = @doctor;
2017-07-14 11:32:37.9823 DEBUG @date: 14.07.2017
2017-07-14 11:32:37.9823 DEBUG @doctor: 2469
2017-07-14 11:32:37.9823 DEBUG bindQueryToDataGrid
2017-07-14 11:32:37.9943 DEBUG Sql: SELECT td.time_nazn as "Время записи", d.dan_id as "Id", d.fam as "Фамилия", d.nam as "Имя", d.mid as "Отчество", d.date_born as "Дата рождения", case when d.ser_pol is null then d.num_pol else d.ser_pol ||' '|| d.num_pol end as "Полис", d.address as "Адрес", case when spolref='2301001' then true else false end as "Прикреплен", case when strcom_region_id='0300000000000' then false else true end as "Иногородний" FROM dan_tab d LEFT JOIN public.talon_doctor_tab td on td.dan_id = d.dan_id WHERE td.date_nazn = date(@date) and td.doctor_id = @doctor;
2017-07-14 11:32:37.9943 DEBUG SqlParams:
2017-07-14 11:32:37.9943 DEBUG SqlParam @date='14.07.2017'
2017-07-14 11:32:37.9943 DEBUG SqlParam @doctor=2469
2017-07-14 11:32:46.9358 DEBUG Sql: SELECT d.dan_id as "Id", d.fam as "Фамилия", d.nam as "Имя", d.mid as "Отчество", d.date_born as "Дата рождения", case when d.ser_pol is null then d.num_pol else d.ser_pol ||' '|| d.num_pol end as "Полис", d.pens as "СНИЛС", d.address as "Адрес", case when spolref='2301001' then true else false end as "Прикреплен" , case when strcom_region_id='0300000000000' then false else true end as "Иногородний" FROM dan_tab d WHERE Lower(d.fam) LIKE @fam and Lower(d.nam) LIKE @nam ORDER BY d.fam, d.nam, d.mid, d.date_born LIMIT 150;
2017-07-14 11:32:46.9358 DEBUG SqlParams:
2017-07-14 11:32:46.9358 DEBUG SqlParam @fam=вахрушкина%
2017-07-14 11:32:46.9358 DEBUG SqlParam @nam=алевтина%
2017-07-14 11:32:49.3509 DEBUG Запрос: Select smo.id, smo.name, kladr.name from codifiers.strcom_tab smo left join codifiers.sp_kladr_tab kladr on smo.region_id = kladr.code where smo.region_id = @id and smo.name not like '*%'order by smo.name
2017-07-14 11:32:49.4299 DEBUG Получено записей: 4
2017-07-14 11:32:49.5289 DEBUG Запрос: select * from fed_lgota_tab where pens like @snils;
2017-07-14 11:32:49.5289 DEBUG Получено записей: 1
2017-07-14 11:32:49.6879 DEBUG Запрос: SELECT t.talon_id, t.result_id, t.diag_osn, t.doctor_id, t.date_vnes_inf,
                        v.visit_id, v.doctor_id as vdoctor_id, v.data_vnes_inf as vdate_vnes_inf, v.data_pos 
                        FROM public.talon_tab t left join public.visit_tab v on v.talon_id = t.talon_id
                        where t.dan_id = @patient_id;
2017-07-14 11:32:49.9339 DEBUG Получено записей: 533
2017-07-14 11:32:53.0231 DEBUG Запрос: Select visit_id from public.visit_tab where talon_id = @talonId;
2017-07-14 11:32:53.0261 DEBUG Получено записей: 1
2017-07-14 11:32:53.1221 DEBUG Запрос: SELECT d.id FROM diagn_tab d WHERE d.talon_id = @caseId ORDER BY d.id desc;
2017-07-14 11:32:53.1221 DEBUG Получено записей: 1
2017-07-14 14:08:40.2007 DEBUG Запрос: SELECT DISTINCT code_access, name, description 
                            FROM users_access_view WHERE users_id = @id
2017-07-14 14:08:40.2498 DEBUG Получено записей: 187
2017-07-14 14:08:42.7439 DEBUG SQL: select pattern from codifiers.patterns_tab where code = @patterncode and users_id is null;
2017-07-14 14:08:42.7439 DEBUG Parameters: @patterncode=, @operator=
2017-07-14 14:08:42.7729 DEBUG Result 
2017-07-14 14:08:42.7729 DEBUG нет шаблона для пользователя
2017-07-14 14:08:42.7729 DEBUG SQL: select pattern from codifiers.patterns_tab where code = @patterncode and users_id is null
2017-07-14 14:08:42.7729 DEBUG Parameters: @patterncode 
2017-07-14 14:08:42.7729 DEBUG Result 
2017-07-14 14:08:42.8439 DEBUG SQL: select pattern from codifiers.patterns_tab where code = @patterncode and users_id is null;
2017-07-14 14:08:42.8439 DEBUG Parameters: @patterncode=, @operator=
2017-07-14 14:08:42.8549 DEBUG Result 
2017-07-14 14:08:42.8549 DEBUG нет шаблона для пользователя
2017-07-14 14:08:42.8549 DEBUG SQL: select pattern from codifiers.patterns_tab where code = @patterncode and users_id is null
2017-07-14 14:08:42.8549 DEBUG Parameters: @patterncode 
2017-07-14 14:08:42.8549 DEBUG Result 
2017-07-14 14:08:43.2099 DEBUG Запрос: Select id, name, code, is_default, parent_id from codifiers.sp_kind_paid_tab order by id
2017-07-14 14:08:43.2099 DEBUG Получено записей: 9
2017-07-14 14:08:43.2099 DEBUG Запрос: Select id, name, code from codifiers.first_visit_condition_tab order by id
2017-07-14 14:08:43.2249 DEBUG Получено записей: 4
2017-07-14 14:08:43.2249 DEBUG Запрос: Select id, name, code, reestr, idsp, hospital_type_id, is_cure, is_inspection from codifiers.visit_purpose_common_tab order by id
2017-07-14 14:08:43.2409 DEBUG Получено записей: 22
2017-07-14 14:08:43.2689 DEBUG Запрос: Select id, name, code from codifiers.place_service_tab order by id
2017-07-14 14:08:43.2719 DEBUG Получено записей: 3
2017-07-14 14:08:43.2719 DEBUG Запрос: Select result_id, result, reestr, patient_state_id, reestr_rslt, reestr_ishod, _end from public.result_tab order by result_id
2017-07-14 14:08:43.2869 DEBUG Получено записей: 29
2017-07-14 14:08:43.2869 DEBUG Запрос: select id, name, code, bur_reestr_code from codifiers.travma_tab order by name;
2017-07-14 14:08:43.2869 DEBUG Получено записей: 15
2017-07-14 14:08:43.3129 DEBUG Запрос: SELECT * FROM codifiers.lpu_tab
2017-07-14 14:08:43.3389 DEBUG Получено записей: 114
2017-07-14 14:08:43.7450 DEBUG Запрос: SELECT * FROM codifiers.lpu_tab order by name
2017-07-14 14:08:43.7580 DEBUG Получено записей: 114
2017-07-14 14:08:43.7580 DEBUG Запрос: select sp_napr_obosn_id,trim(obosn_name) as obosn_name FROM sp_napr_obosn_tab ORDER BY sp_napr_obosn_id;
2017-07-14 14:08:43.7720 DEBUG Получено записей: 8
2017-07-14 14:08:43.7720 DEBUG Запрос: SELECT sp_type_napr_id, sp_type_napr FROM sp_type_napr_tab where sp_type_napr_id!=1 ORDER BY 1;
2017-07-14 14:08:43.7720 DEBUG Получено записей: 8
2017-07-14 14:08:43.7950 DEBUG Запрос: select id, code, name from codifiers.doctor_spec_tab order by 3,1;
2017-07-14 14:08:43.7950 DEBUG Получено записей: 176
2017-07-14 14:08:43.8140 DEBUG Запрос: Select mkb_id, mkb, kod_d, reestr_code from public.mkb_tab order by 1
2017-07-14 14:08:44.0510 DEBUG Получено записей: 13813
2017-07-14 14:08:49.1183 DEBUG Запрос: Select s.id, s.code, s.name from codifiers.sozstatus_tab s
2017-07-14 14:08:49.2473 DEBUG Получено записей: 11
2017-07-14 14:08:49.2473 DEBUG Запрос: Select u.id, u.code, u.name, u.doctor_id, u.otdel_id, u.age_from, u.age_for, u.flag_default, u.uchactok_type_id, u.lpu_id, u.sort, u.sex from codifiers.uchactok_tab u order by u.sort, u.name
2017-07-14 14:08:49.2643 DEBUG Получено записей: 77
2017-07-14 14:08:49.3183 DEBUG Запрос: select id, socr, name, full_name, index, code 
                              from codifiers.sp_kladr_tab
                              where level_ter=@level order by name
2017-07-14 14:08:49.3253 DEBUG Получено записей: 107
2017-07-14 14:08:49.5803 DEBUG Запрос: SELECT * FROM codifiers.lpu_tab
2017-07-14 14:08:49.5903 DEBUG Получено записей: 114
2017-07-14 14:08:52.0134 DEBUG PatientFindForm ShowFilterByDoctor set to true
2017-07-14 14:08:52.0134 DEBUG PatientFindForm OperatorId: 2469
2017-07-14 14:08:52.0134 DEBUG PatientFindForm DoctorId: 2469
2017-07-14 14:08:52.1464 DEBUG DoctorQuery
2017-07-14 14:08:52.1474 DEBUG sql: SELECT td.time_nazn as "Время записи", d.dan_id as "Id", d.fam as "Фамилия", d.nam as "Имя", d.mid as "Отчество", d.date_born as "Дата рождения", case when d.ser_pol is null then d.num_pol else d.ser_pol ||' '|| d.num_pol end as "Полис", d.address as "Адрес", case when spolref='2301001' then true else false end as "Прикреплен", case when strcom_region_id='0300000000000' then false else true end as "Иногородний" FROM dan_tab d LEFT JOIN public.talon_doctor_tab td on td.dan_id = d.dan_id WHERE td.date_nazn = date(@date) and td.doctor_id = @doctor;
2017-07-14 14:08:52.1474 DEBUG @date: 14.07.2017
2017-07-14 14:08:52.1474 DEBUG @doctor: 2469
2017-07-14 14:08:52.1474 DEBUG bindQueryToDataGrid
2017-07-14 14:08:52.1474 DEBUG Sql: SELECT td.time_nazn as "Время записи", d.dan_id as "Id", d.fam as "Фамилия", d.nam as "Имя", d.mid as "Отчество", d.date_born as "Дата рождения", case when d.ser_pol is null then d.num_pol else d.ser_pol ||' '|| d.num_pol end as "Полис", d.address as "Адрес", case when spolref='2301001' then true else false end as "Прикреплен", case when strcom_region_id='0300000000000' then false else true end as "Иногородний" FROM dan_tab d LEFT JOIN public.talon_doctor_tab td on td.dan_id = d.dan_id WHERE td.date_nazn = date(@date) and td.doctor_id = @doctor;
2017-07-14 14:08:52.1474 DEBUG SqlParams:
2017-07-14 14:08:52.1474 DEBUG SqlParam @date='14.07.2017'
2017-07-14 14:08:52.1474 DEBUG SqlParam @doctor=2469
2017-07-14 14:08:59.8889 DEBUG Sql: SELECT d.dan_id as "Id", d.fam as "Фамилия", d.nam as "Имя", d.mid as "Отчество", d.date_born as "Дата рождения", case when d.ser_pol is null then d.num_pol else d.ser_pol ||' '|| d.num_pol end as "Полис", d.pens as "СНИЛС", d.address as "Адрес", case when spolref='2301001' then true else false end as "Прикреплен" , case when strcom_region_id='0300000000000' then false else true end as "Иногородний" FROM dan_tab d WHERE Lower(d.fam) LIKE @fam and Lower(d.nam) LIKE @nam ORDER BY d.fam, d.nam, d.mid, d.date_born LIMIT 150;
2017-07-14 14:08:59.8889 DEBUG SqlParams:
2017-07-14 14:08:59.8889 DEBUG SqlParam @fam=вахрушкина%
2017-07-14 14:08:59.8889 DEBUG SqlParam @nam=алевтина%
2017-07-14 14:09:01.6630 DEBUG Запрос: Select smo.id, smo.name, kladr.name from codifiers.strcom_tab smo left join codifiers.sp_kladr_tab kladr on smo.region_id = kladr.code where smo.region_id = @id and smo.name not like '*%'order by smo.name
2017-07-14 14:09:01.7410 DEBUG Получено записей: 4
2017-07-14 14:09:01.8280 DEBUG Запрос: select * from fed_lgota_tab where pens like @snils;
2017-07-14 14:09:01.8280 DEBUG Получено записей: 1
2017-07-14 14:09:01.9960 DEBUG Запрос: SELECT t.talon_id, t.result_id, t.diag_osn, t.doctor_id, t.date_vnes_inf,
                        v.visit_id, v.doctor_id as vdoctor_id, v.data_vnes_inf as vdate_vnes_inf, v.data_pos 
                        FROM public.talon_tab t left join public.visit_tab v on v.talon_id = t.talon_id
                        where t.dan_id = @patient_id;
2017-07-14 14:09:02.0250 DEBUG Получено записей: 533
2017-07-14 14:09:05.1542 DEBUG Запрос: Select visit_id from public.visit_tab where talon_id = @talonId;
2017-07-14 14:09:05.1542 DEBUG Получено записей: 1
2017-07-14 14:09:05.2492 DEBUG Запрос: SELECT d.id FROM diagn_tab d WHERE d.talon_id = @caseId ORDER BY d.id desc;
2017-07-14 14:09:05.2522 DEBUG Получено записей: 1
2017-07-14 14:27:14.2585 DEBUG Запрос: SELECT DISTINCT code_access, name, description 
                            FROM users_access_view WHERE users_id = @id
2017-07-14 14:27:14.3065 DEBUG Получено записей: 187
2017-07-14 14:27:16.6436 DEBUG SQL: select pattern from codifiers.patterns_tab where code = @patterncode and users_id is null;
2017-07-14 14:27:16.6436 DEBUG Parameters: @patterncode=, @operator=
2017-07-14 14:27:16.6716 DEBUG Result 
2017-07-14 14:27:16.6716 DEBUG нет шаблона для пользователя
2017-07-14 14:27:16.6716 DEBUG SQL: select pattern from codifiers.patterns_tab where code = @patterncode and users_id is null
2017-07-14 14:27:16.6716 DEBUG Parameters: @patterncode 
2017-07-14 14:27:16.6856 DEBUG Result 
2017-07-14 14:27:16.7416 DEBUG SQL: select pattern from codifiers.patterns_tab where code = @patterncode and users_id is null;
2017-07-14 14:27:16.7416 DEBUG Parameters: @patterncode=, @operator=
2017-07-14 14:27:16.7526 DEBUG Result 
2017-07-14 14:27:16.7526 DEBUG нет шаблона для пользователя
2017-07-14 14:27:16.7526 DEBUG SQL: select pattern from codifiers.patterns_tab where code = @patterncode and users_id is null
2017-07-14 14:27:16.7526 DEBUG Parameters: @patterncode 
2017-07-14 14:27:16.7646 DEBUG Result 
2017-07-14 14:27:17.1056 DEBUG Запрос: Select id, name, code, is_default, parent_id from codifiers.sp_kind_paid_tab order by id
2017-07-14 14:27:17.1056 DEBUG Получено записей: 9
2017-07-14 14:27:17.1186 DEBUG Запрос: Select id, name, code from codifiers.first_visit_condition_tab order by id
2017-07-14 14:27:17.1186 DEBUG Получено записей: 4
2017-07-14 14:27:17.1186 DEBUG Запрос: Select id, name, code, reestr, idsp, hospital_type_id, is_cure, is_inspection from codifiers.visit_purpose_common_tab order by id
2017-07-14 14:27:17.1376 DEBUG Получено записей: 22
2017-07-14 14:27:17.1496 DEBUG Запрос: Select id, name, code from codifiers.place_service_tab order by id
2017-07-14 14:27:17.1496 DEBUG Получено записей: 3
2017-07-14 14:27:17.1496 DEBUG Запрос: Select result_id, result, reestr, patient_state_id, reestr_rslt, reestr_ishod, _end from public.result_tab order by result_id
2017-07-14 14:27:17.1836 DEBUG Получено записей: 29
2017-07-14 14:27:17.1836 DEBUG Запрос: select id, name, code, bur_reestr_code from codifiers.travma_tab order by name;
2017-07-14 14:27:17.1986 DEBUG Получено записей: 15
2017-07-14 14:27:17.1986 DEBUG Запрос: SELECT * FROM codifiers.lpu_tab
2017-07-14 14:27:17.2356 DEBUG Получено записей: 114
2017-07-14 14:27:17.5567 DEBUG Запрос: SELECT * FROM codifiers.lpu_tab order by name
2017-07-14 14:27:17.5567 DEBUG Получено записей: 114
2017-07-14 14:27:17.5817 DEBUG Запрос: select sp_napr_obosn_id,trim(obosn_name) as obosn_name FROM sp_napr_obosn_tab ORDER BY sp_napr_obosn_id;
2017-07-14 14:27:17.5817 DEBUG Получено записей: 8
2017-07-14 14:27:17.5937 DEBUG Запрос: SELECT sp_type_napr_id, sp_type_napr FROM sp_type_napr_tab where sp_type_napr_id!=1 ORDER BY 1;
2017-07-14 14:27:17.5937 DEBUG Получено записей: 8
2017-07-14 14:27:17.6087 DEBUG Запрос: select id, code, name from codifiers.doctor_spec_tab order by 3,1;
2017-07-14 14:27:17.6087 DEBUG Получено записей: 176
2017-07-14 14:27:17.6267 DEBUG Запрос: Select mkb_id, mkb, kod_d, reestr_code from public.mkb_tab order by 1
2017-07-14 14:27:17.8587 DEBUG Получено записей: 13813
2017-07-14 14:27:21.4339 DEBUG Запрос: Select s.id, s.code, s.name from codifiers.sozstatus_tab s
2017-07-14 14:27:21.4339 DEBUG Получено записей: 11
2017-07-14 14:27:21.4699 DEBUG Запрос: Select u.id, u.code, u.name, u.doctor_id, u.otdel_id, u.age_from, u.age_for, u.flag_default, u.uchactok_type_id, u.lpu_id, u.sort, u.sex from codifiers.uchactok_tab u order by u.sort, u.name
2017-07-14 14:27:21.4769 DEBUG Получено записей: 77
2017-07-14 14:27:21.5369 DEBUG Запрос: select id, socr, name, full_name, index, code 
                              from codifiers.sp_kladr_tab
                              where level_ter=@level order by name
2017-07-14 14:27:21.5369 DEBUG Получено записей: 107
2017-07-14 14:27:21.8139 DEBUG Запрос: SELECT * FROM codifiers.lpu_tab
2017-07-14 14:27:21.8139 DEBUG Получено записей: 114
2017-07-14 14:27:24.2570 DEBUG PatientFindForm ShowFilterByDoctor set to true
2017-07-14 14:27:24.2570 DEBUG PatientFindForm OperatorId: 2469
2017-07-14 14:27:24.2570 DEBUG PatientFindForm DoctorId: 2469
2017-07-14 14:27:24.4711 DEBUG DoctorQuery
2017-07-14 14:27:24.4711 DEBUG sql: SELECT td.time_nazn as "Время записи", d.dan_id as "Id", d.fam as "Фамилия", d.nam as "Имя", d.mid as "Отчество", d.date_born as "Дата рождения", case when d.ser_pol is null then d.num_pol else d.ser_pol ||' '|| d.num_pol end as "Полис", d.address as "Адрес", case when spolref='2301001' then true else false end as "Прикреплен", case when strcom_region_id='0300000000000' then false else true end as "Иногородний" FROM dan_tab d LEFT JOIN public.talon_doctor_tab td on td.dan_id = d.dan_id WHERE td.date_nazn = date(@date) and td.doctor_id = @doctor;
2017-07-14 14:27:24.4711 DEBUG @date: 14.07.2017
2017-07-14 14:27:24.4711 DEBUG @doctor: 2469
2017-07-14 14:27:24.4711 DEBUG bindQueryToDataGrid
2017-07-14 14:27:24.4861 DEBUG Sql: SELECT td.time_nazn as "Время записи", d.dan_id as "Id", d.fam as "Фамилия", d.nam as "Имя", d.mid as "Отчество", d.date_born as "Дата рождения", case when d.ser_pol is null then d.num_pol else d.ser_pol ||' '|| d.num_pol end as "Полис", d.address as "Адрес", case when spolref='2301001' then true else false end as "Прикреплен", case when strcom_region_id='0300000000000' then false else true end as "Иногородний" FROM dan_tab d LEFT JOIN public.talon_doctor_tab td on td.dan_id = d.dan_id WHERE td.date_nazn = date(@date) and td.doctor_id = @doctor;
2017-07-14 14:27:24.4861 DEBUG SqlParams:
2017-07-14 14:27:24.4861 DEBUG SqlParam @date='14.07.2017'
2017-07-14 14:27:24.4861 DEBUG SqlParam @doctor=2469
2017-07-14 14:27:32.7385 DEBUG Sql: SELECT d.dan_id as "Id", d.fam as "Фамилия", d.nam as "Имя", d.mid as "Отчество", d.date_born as "Дата рождения", case when d.ser_pol is null then d.num_pol else d.ser_pol ||' '|| d.num_pol end as "Полис", d.pens as "СНИЛС", d.address as "Адрес", case when spolref='2301001' then true else false end as "Прикреплен" , case when strcom_region_id='0300000000000' then false else true end as "Иногородний" FROM dan_tab d WHERE Lower(d.fam) LIKE @fam and Lower(d.nam) LIKE @nam ORDER BY d.fam, d.nam, d.mid, d.date_born LIMIT 150;
2017-07-14 14:27:32.7385 DEBUG SqlParams:
2017-07-14 14:27:32.7385 DEBUG SqlParam @fam=вахрушкина%
2017-07-14 14:27:32.7385 DEBUG SqlParam @nam=алевтина%
2017-07-14 14:27:35.7607 DEBUG Запрос: Select smo.id, smo.name, kladr.name from codifiers.strcom_tab smo left join codifiers.sp_kladr_tab kladr on smo.region_id = kladr.code where smo.region_id = @id and smo.name not like '*%'order by smo.name
2017-07-14 14:27:35.8397 DEBUG Получено записей: 4
2017-07-14 14:27:35.9217 DEBUG Запрос: select * from fed_lgota_tab where pens like @snils;
2017-07-14 14:27:35.9217 DEBUG Получено записей: 1
2017-07-14 14:27:36.0847 DEBUG Запрос: SELECT t.talon_id, t.result_id, t.diag_osn, t.doctor_id, t.date_vnes_inf,
                        v.visit_id, v.doctor_id as vdoctor_id, v.data_vnes_inf as vdate_vnes_inf, v.data_pos 
                        FROM public.talon_tab t left join public.visit_tab v on v.talon_id = t.talon_id
                        where t.dan_id = @patient_id;
2017-07-14 14:27:36.1117 DEBUG Получено записей: 533
2017-07-14 14:27:39.2319 DEBUG Запрос: Select visit_id from public.visit_tab where talon_id = @talonId;
2017-07-14 14:27:39.2319 DEBUG Получено записей: 1
2017-07-14 14:27:39.3159 DEBUG Запрос: SELECT d.id FROM diagn_tab d WHERE d.talon_id = @caseId ORDER BY d.id desc;
2017-07-14 14:27:39.3189 DEBUG Получено записей: 1
2017-07-14 14:33:10.8749 DEBUG Запрос: SELECT DISTINCT code_access, name, description 
                            FROM users_access_view WHERE users_id = @id
2017-07-14 14:33:10.9239 DEBUG Получено записей: 187
2017-07-14 14:33:13.3100 DEBUG SQL: select pattern from codifiers.patterns_tab where code = @patterncode and users_id is null;
2017-07-14 14:33:13.3100 DEBUG Parameters: @patterncode=, @operator=
2017-07-14 14:33:13.3390 DEBUG Result 
2017-07-14 14:33:13.3390 DEBUG нет шаблона для пользователя
2017-07-14 14:33:13.3390 DEBUG SQL: select pattern from codifiers.patterns_tab where code = @patterncode and users_id is null
2017-07-14 14:33:13.3390 DEBUG Parameters: @patterncode 
2017-07-14 14:33:13.3520 DEBUG Result 
2017-07-14 14:33:13.4100 DEBUG SQL: select pattern from codifiers.patterns_tab where code = @patterncode and users_id is null;
2017-07-14 14:33:13.4100 DEBUG Parameters: @patterncode=, @operator=
2017-07-14 14:33:13.4100 DEBUG Result 
2017-07-14 14:33:13.4100 DEBUG нет шаблона для пользователя
2017-07-14 14:33:13.4100 DEBUG SQL: select pattern from codifiers.patterns_tab where code = @patterncode and users_id is null
2017-07-14 14:33:13.4100 DEBUG Parameters: @patterncode 
2017-07-14 14:33:13.4330 DEBUG Result 
2017-07-14 14:33:13.8020 DEBUG Запрос: Select id, name, code, is_default, parent_id from codifiers.sp_kind_paid_tab order by id
2017-07-14 14:33:13.8020 DEBUG Получено записей: 9
2017-07-14 14:33:13.8160 DEBUG Запрос: Select id, name, code from codifiers.first_visit_condition_tab order by id
2017-07-14 14:33:13.8160 DEBUG Получено записей: 4
2017-07-14 14:33:13.8160 DEBUG Запрос: Select id, name, code, reestr, idsp, hospital_type_id, is_cure, is_inspection from codifiers.visit_purpose_common_tab order by id
2017-07-14 14:33:13.8340 DEBUG Получено записей: 22
2017-07-14 14:33:13.8460 DEBUG Запрос: Select id, name, code from codifiers.place_service_tab order by id
2017-07-14 14:33:13.8460 DEBUG Получено записей: 3
2017-07-14 14:33:13.8750 DEBUG Запрос: Select result_id, result, reestr, patient_state_id, reestr_rslt, reestr_ishod, _end from public.result_tab order by result_id
2017-07-14 14:33:13.8800 DEBUG Получено записей: 29
2017-07-14 14:33:13.8800 DEBUG Запрос: select id, name, code, bur_reestr_code from codifiers.travma_tab order by name;
2017-07-14 14:33:13.8950 DEBUG Получено записей: 15
2017-07-14 14:33:13.8950 DEBUG Запрос: SELECT * FROM codifiers.lpu_tab
2017-07-14 14:33:13.9310 DEBUG Получено записей: 114
2017-07-14 14:33:14.2501 DEBUG Запрос: SELECT * FROM codifiers.lpu_tab order by name
2017-07-14 14:33:14.2631 DEBUG Получено записей: 114
2017-07-14 14:33:14.2741 DEBUG Запрос: select sp_napr_obosn_id,trim(obosn_name) as obosn_name FROM sp_napr_obosn_tab ORDER BY sp_napr_obosn_id;
2017-07-14 14:33:14.2741 DEBUG Получено записей: 8
2017-07-14 14:33:14.2861 DEBUG Запрос: SELECT sp_type_napr_id, sp_type_napr FROM sp_type_napr_tab where sp_type_napr_id!=1 ORDER BY 1;
2017-07-14 14:33:14.2861 DEBUG Получено записей: 8
2017-07-14 14:33:14.3001 DEBUG Запрос: select id, code, name from codifiers.doctor_spec_tab order by 3,1;
2017-07-14 14:33:14.3001 DEBUG Получено записей: 176
2017-07-14 14:33:14.3191 DEBUG Запрос: Select mkb_id, mkb, kod_d, reestr_code from public.mkb_tab order by 1
2017-07-14 14:33:14.5501 DEBUG Получено записей: 13813
2017-07-14 14:33:18.5323 DEBUG Запрос: Select s.id, s.code, s.name from codifiers.sozstatus_tab s
2017-07-14 14:33:18.5323 DEBUG Получено записей: 11
2017-07-14 14:33:18.5483 DEBUG Запрос: Select u.id, u.code, u.name, u.doctor_id, u.otdel_id, u.age_from, u.age_for, u.flag_default, u.uchactok_type_id, u.lpu_id, u.sort, u.sex from codifiers.uchactok_tab u order by u.sort, u.name
2017-07-14 14:33:18.5483 DEBUG Получено записей: 77
2017-07-14 14:33:18.6083 DEBUG Запрос: select id, socr, name, full_name, index, code 
                              from codifiers.sp_kladr_tab
                              where level_ter=@level order by name
2017-07-14 14:33:18.6083 DEBUG Получено записей: 107
2017-07-14 14:33:18.8963 DEBUG Запрос: SELECT * FROM codifiers.lpu_tab
2017-07-14 14:33:18.9083 DEBUG Получено записей: 114
2017-07-14 14:33:21.3815 DEBUG PatientFindForm ShowFilterByDoctor set to true
2017-07-14 14:33:21.3815 DEBUG PatientFindForm OperatorId: 2469
2017-07-14 14:33:21.3815 DEBUG PatientFindForm DoctorId: 2469
2017-07-14 14:33:21.5805 DEBUG DoctorQuery
2017-07-14 14:33:21.5805 DEBUG sql: SELECT td.time_nazn as "Время записи", d.dan_id as "Id", d.fam as "Фамилия", d.nam as "Имя", d.mid as "Отчество", d.date_born as "Дата рождения", case when d.ser_pol is null then d.num_pol else d.ser_pol ||' '|| d.num_pol end as "Полис", d.address as "Адрес", case when spolref='2301001' then true else false end as "Прикреплен", case when strcom_region_id='0300000000000' then false else true end as "Иногородний" FROM dan_tab d LEFT JOIN public.talon_doctor_tab td on td.dan_id = d.dan_id WHERE td.date_nazn = date(@date) and td.doctor_id = @doctor;
2017-07-14 14:33:21.5805 DEBUG @date: 14.07.2017
2017-07-14 14:33:21.5805 DEBUG @doctor: 2469
2017-07-14 14:33:21.5805 DEBUG bindQueryToDataGrid
2017-07-14 14:33:21.5925 DEBUG Sql: SELECT td.time_nazn as "Время записи", d.dan_id as "Id", d.fam as "Фамилия", d.nam as "Имя", d.mid as "Отчество", d.date_born as "Дата рождения", case when d.ser_pol is null then d.num_pol else d.ser_pol ||' '|| d.num_pol end as "Полис", d.address as "Адрес", case when spolref='2301001' then true else false end as "Прикреплен", case when strcom_region_id='0300000000000' then false else true end as "Иногородний" FROM dan_tab d LEFT JOIN public.talon_doctor_tab td on td.dan_id = d.dan_id WHERE td.date_nazn = date(@date) and td.doctor_id = @doctor;
2017-07-14 14:33:21.5925 DEBUG SqlParams:
2017-07-14 14:33:21.5925 DEBUG SqlParam @date='14.07.2017'
2017-07-14 14:33:21.5925 DEBUG SqlParam @doctor=2469
2017-07-14 14:33:29.0989 DEBUG Sql: SELECT d.dan_id as "Id", d.fam as "Фамилия", d.nam as "Имя", d.mid as "Отчество", d.date_born as "Дата рождения", case when d.ser_pol is null then d.num_pol else d.ser_pol ||' '|| d.num_pol end as "Полис", d.pens as "СНИЛС", d.address as "Адрес", case when spolref='2301001' then true else false end as "Прикреплен" , case when strcom_region_id='0300000000000' then false else true end as "Иногородний" FROM dan_tab d WHERE Lower(d.fam) LIKE @fam and Lower(d.nam) LIKE @nam ORDER BY d.fam, d.nam, d.mid, d.date_born LIMIT 150;
2017-07-14 14:33:29.0989 DEBUG SqlParams:
2017-07-14 14:33:29.0989 DEBUG SqlParam @fam=вахрушкина%
2017-07-14 14:33:29.0989 DEBUG SqlParam @nam=алевтина%
2017-07-14 14:33:31.2780 DEBUG Запрос: Select smo.id, smo.name, kladr.name from codifiers.strcom_tab smo left join codifiers.sp_kladr_tab kladr on smo.region_id = kladr.code where smo.region_id = @id and smo.name not like '*%'order by smo.name
2017-07-14 14:33:31.3570 DEBUG Получено записей: 4
2017-07-14 14:33:31.4470 DEBUG Запрос: select * from fed_lgota_tab where pens like @snils;
2017-07-14 14:33:31.4470 DEBUG Получено записей: 1
2017-07-14 14:33:31.6181 DEBUG Запрос: SELECT t.talon_id, t.result_id, t.diag_osn, t.doctor_id, t.date_vnes_inf,
                        v.visit_id, v.doctor_id as vdoctor_id, v.data_vnes_inf as vdate_vnes_inf, v.data_pos 
                        FROM public.talon_tab t left join public.visit_tab v on v.talon_id = t.talon_id
                        where t.dan_id = @patient_id;
2017-07-14 14:33:31.6451 DEBUG Получено записей: 533
2017-07-14 14:33:34.7392 DEBUG Запрос: Select visit_id from public.visit_tab where talon_id = @talonId;
2017-07-14 14:33:34.7392 DEBUG Получено записей: 1
2017-07-14 14:33:34.8242 DEBUG Запрос: SELECT d.id FROM diagn_tab d WHERE d.talon_id = @caseId ORDER BY d.id desc;
2017-07-14 14:33:34.8242 DEBUG Получено записей: 1
2017-07-14 14:37:43.4195 DEBUG Запрос: SELECT DISTINCT code_access, name, description 
                            FROM users_access_view WHERE users_id = @id
2017-07-14 14:37:43.4665 DEBUG Получено записей: 187
2017-07-14 14:37:45.6486 DEBUG SQL: select pattern from codifiers.patterns_tab where code = @patterncode and users_id is null;
2017-07-14 14:37:45.6486 DEBUG Parameters: @patterncode=, @operator=
2017-07-14 14:37:45.6776 DEBUG Result 
2017-07-14 14:37:45.6776 DEBUG нет шаблона для пользователя
2017-07-14 14:37:45.6776 DEBUG SQL: select pattern from codifiers.patterns_tab where code = @patterncode and users_id is null
2017-07-14 14:37:45.6776 DEBUG Parameters: @patterncode 
2017-07-14 14:37:45.6776 DEBUG Result 
2017-07-14 14:37:45.7476 DEBUG SQL: select pattern from codifiers.patterns_tab where code = @patterncode and users_id is null;
2017-07-14 14:37:45.7476 DEBUG Parameters: @patterncode=, @operator=
2017-07-14 14:37:45.7596 DEBUG Result 
2017-07-14 14:37:45.7596 DEBUG нет шаблона для пользователя
2017-07-14 14:37:45.7596 DEBUG SQL: select pattern from codifiers.patterns_tab where code = @patterncode and users_id is null
2017-07-14 14:37:45.7596 DEBUG Parameters: @patterncode 
2017-07-14 14:37:45.7716 DEBUG Result 
2017-07-14 14:37:46.0926 DEBUG Запрос: Select id, name, code, is_default, parent_id from codifiers.sp_kind_paid_tab order by id
2017-07-14 14:37:46.0926 DEBUG Получено записей: 9
2017-07-14 14:37:46.1066 DEBUG Запрос: Select id, name, code from codifiers.first_visit_condition_tab order by id
2017-07-14 14:37:46.1066 DEBUG Получено записей: 4
2017-07-14 14:37:46.1196 DEBUG Запрос: Select id, name, code, reestr, idsp, hospital_type_id, is_cure, is_inspection from codifiers.visit_purpose_common_tab order by id
2017-07-14 14:37:46.1196 DEBUG Получено записей: 22
2017-07-14 14:37:46.1346 DEBUG Запрос: Select id, name, code from codifiers.place_service_tab order by id
2017-07-14 14:37:46.1346 DEBUG Получено записей: 3
2017-07-14 14:37:46.1596 DEBUG Запрос: Select result_id, result, reestr, patient_state_id, reestr_rslt, reestr_ishod, _end from public.result_tab order by result_id
2017-07-14 14:37:46.1636 DEBUG Получено записей: 29
2017-07-14 14:37:46.1636 DEBUG Запрос: select id, name, code, bur_reestr_code from codifiers.travma_tab order by name;
2017-07-14 14:37:46.1776 DEBUG Получено записей: 15
2017-07-14 14:37:46.1776 DEBUG Запрос: SELECT * FROM codifiers.lpu_tab
2017-07-14 14:37:46.2076 DEBUG Получено записей: 114
2017-07-14 14:37:46.5296 DEBUG Запрос: SELECT * FROM codifiers.lpu_tab order by name
2017-07-14 14:37:46.5426 DEBUG Получено записей: 114
2017-07-14 14:37:46.5536 DEBUG Запрос: select sp_napr_obosn_id,trim(obosn_name) as obosn_name FROM sp_napr_obosn_tab ORDER BY sp_napr_obosn_id;
2017-07-14 14:37:46.5536 DEBUG Получено записей: 8
2017-07-14 14:37:46.5536 DEBUG Запрос: SELECT sp_type_napr_id, sp_type_napr FROM sp_type_napr_tab where sp_type_napr_id!=1 ORDER BY 1;
2017-07-14 14:37:46.5686 DEBUG Получено записей: 8
2017-07-14 14:37:46.5826 DEBUG Запрос: select id, code, name from codifiers.doctor_spec_tab order by 3,1;
2017-07-14 14:37:46.5826 DEBUG Получено записей: 176
2017-07-14 14:37:46.6006 DEBUG Запрос: Select mkb_id, mkb, kod_d, reestr_code from public.mkb_tab order by 1
2017-07-14 14:37:46.8357 DEBUG Получено записей: 13813
2017-07-14 14:37:52.7730 DEBUG Запрос: Select s.id, s.code, s.name from codifiers.sozstatus_tab s
2017-07-14 14:37:52.7730 DEBUG Получено записей: 11
2017-07-14 14:37:52.7870 DEBUG Запрос: Select u.id, u.code, u.name, u.doctor_id, u.otdel_id, u.age_from, u.age_for, u.flag_default, u.uchactok_type_id, u.lpu_id, u.sort, u.sex from codifiers.uchactok_tab u order by u.sort, u.name
2017-07-14 14:37:52.7930 DEBUG Получено записей: 77
2017-07-14 14:37:52.8450 DEBUG Запрос: select id, socr, name, full_name, index, code 
                              from codifiers.sp_kladr_tab
                              where level_ter=@level order by name
2017-07-14 14:37:52.8450 DEBUG Получено записей: 107
2017-07-14 14:37:53.1230 DEBUG Запрос: SELECT * FROM codifiers.lpu_tab
2017-07-14 14:37:53.1350 DEBUG Получено записей: 114
2017-07-14 14:37:55.5051 DEBUG PatientFindForm ShowFilterByDoctor set to true
2017-07-14 14:37:55.5061 DEBUG PatientFindForm OperatorId: 2469
2017-07-14 14:37:55.5061 DEBUG PatientFindForm DoctorId: 2469
2017-07-14 14:37:55.6422 DEBUG DoctorQuery
2017-07-14 14:37:55.6422 DEBUG sql: SELECT td.time_nazn as "Время записи", d.dan_id as "Id", d.fam as "Фамилия", d.nam as "Имя", d.mid as "Отчество", d.date_born as "Дата рождения", case when d.ser_pol is null then d.num_pol else d.ser_pol ||' '|| d.num_pol end as "Полис", d.address as "Адрес", case when spolref='2301001' then true else false end as "Прикреплен", case when strcom_region_id='0300000000000' then false else true end as "Иногородний" FROM dan_tab d LEFT JOIN public.talon_doctor_tab td on td.dan_id = d.dan_id WHERE td.date_nazn = date(@date) and td.doctor_id = @doctor;
2017-07-14 14:37:55.6422 DEBUG @date: 14.07.2017
2017-07-14 14:37:55.6422 DEBUG @doctor: 2469
2017-07-14 14:37:55.6422 DEBUG bindQueryToDataGrid
2017-07-14 14:37:55.6562 DEBUG Sql: SELECT td.time_nazn as "Время записи", d.dan_id as "Id", d.fam as "Фамилия", d.nam as "Имя", d.mid as "Отчество", d.date_born as "Дата рождения", case when d.ser_pol is null then d.num_pol else d.ser_pol ||' '|| d.num_pol end as "Полис", d.address as "Адрес", case when spolref='2301001' then true else false end as "Прикреплен", case when strcom_region_id='0300000000000' then false else true end as "Иногородний" FROM dan_tab d LEFT JOIN public.talon_doctor_tab td on td.dan_id = d.dan_id WHERE td.date_nazn = date(@date) and td.doctor_id = @doctor;
2017-07-14 14:37:55.6562 DEBUG SqlParams:
2017-07-14 14:37:55.6562 DEBUG SqlParam @date='14.07.2017'
2017-07-14 14:37:55.6562 DEBUG SqlParam @doctor=2469
2017-07-14 14:38:03.0326 DEBUG Sql: SELECT d.dan_id as "Id", d.fam as "Фамилия", d.nam as "Имя", d.mid as "Отчество", d.date_born as "Дата рождения", case when d.ser_pol is null then d.num_pol else d.ser_pol ||' '|| d.num_pol end as "Полис", d.pens as "СНИЛС", d.address as "Адрес", case when spolref='2301001' then true else false end as "Прикреплен" , case when strcom_region_id='0300000000000' then false else true end as "Иногородний" FROM dan_tab d WHERE Lower(d.fam) LIKE @fam and Lower(d.nam) LIKE @nam ORDER BY d.fam, d.nam, d.mid, d.date_born LIMIT 150;
2017-07-14 14:38:03.0326 DEBUG SqlParams:
2017-07-14 14:38:03.0326 DEBUG SqlParam @fam=вахрушкина%
2017-07-14 14:38:03.0326 DEBUG SqlParam @nam=алевтина%
2017-07-14 14:38:04.9537 DEBUG Запрос: Select smo.id, smo.name, kladr.name from codifiers.strcom_tab smo left join codifiers.sp_kladr_tab kladr on smo.region_id = kladr.code where smo.region_id = @id and smo.name not like '*%'order by smo.name
2017-07-14 14:38:05.0337 DEBUG Получено записей: 4
2017-07-14 14:38:05.1597 DEBUG Запрос: select * from fed_lgota_tab where pens like @snils;
2017-07-14 14:38:05.1627 DEBUG Получено записей: 1
2017-07-14 14:38:05.3107 DEBUG Запрос: SELECT t.talon_id, t.result_id, t.diag_osn, t.doctor_id, t.date_vnes_inf,
                        v.visit_id, v.doctor_id as vdoctor_id, v.data_vnes_inf as vdate_vnes_inf, v.data_pos 
                        FROM public.talon_tab t left join public.visit_tab v on v.talon_id = t.talon_id
                        where t.dan_id = @patient_id;
2017-07-14 14:38:05.3317 DEBUG Получено записей: 533
2017-07-14 14:38:08.4109 DEBUG Запрос: Select visit_id from public.visit_tab where talon_id = @talonId;
2017-07-14 14:38:08.4109 DEBUG Получено записей: 1
2017-07-14 14:38:08.4939 DEBUG Запрос: SELECT d.id FROM diagn_tab d WHERE d.talon_id = @caseId ORDER BY d.id desc;
2017-07-14 14:38:08.4939 DEBUG Получено записей: 1
2017-07-14 15:01:02.6205 DEBUG Запрос: SELECT DISTINCT code_access, name, description 
                            FROM users_access_view WHERE users_id = @id
2017-07-14 15:01:02.6675 DEBUG Получено записей: 187
2017-07-14 15:01:04.8376 DEBUG SQL: select pattern from codifiers.patterns_tab where code = @patterncode and users_id is null;
2017-07-14 15:01:04.8376 DEBUG Parameters: @patterncode=, @operator=
2017-07-14 15:01:04.8656 DEBUG Result 
2017-07-14 15:01:04.8666 DEBUG нет шаблона для пользователя
2017-07-14 15:01:04.8666 DEBUG SQL: select pattern from codifiers.patterns_tab where code = @patterncode and users_id is null
2017-07-14 15:01:04.8666 DEBUG Parameters: @patterncode 
2017-07-14 15:01:04.8666 DEBUG Result 
2017-07-14 15:01:04.9316 DEBUG SQL: select pattern from codifiers.patterns_tab where code = @patterncode and users_id is null;
2017-07-14 15:01:04.9316 DEBUG Parameters: @patterncode=, @operator=
2017-07-14 15:01:04.9316 DEBUG Result 
2017-07-14 15:01:04.9316 DEBUG нет шаблона для пользователя
2017-07-14 15:01:04.9316 DEBUG SQL: select pattern from codifiers.patterns_tab where code = @patterncode and users_id is null
2017-07-14 15:01:04.9446 DEBUG Parameters: @patterncode 
2017-07-14 15:01:04.9446 DEBUG Result 
2017-07-14 15:01:05.3136 DEBUG Запрос: Select id, name, code, is_default, parent_id from codifiers.sp_kind_paid_tab order by id
2017-07-14 15:01:05.3136 DEBUG Получено записей: 9
2017-07-14 15:01:05.3266 DEBUG Запрос: Select id, name, code from codifiers.first_visit_condition_tab order by id
2017-07-14 15:01:05.3266 DEBUG Получено записей: 4
2017-07-14 15:01:05.3376 DEBUG Запрос: Select id, name, code, reestr, idsp, hospital_type_id, is_cure, is_inspection from codifiers.visit_purpose_common_tab order by id
2017-07-14 15:01:05.3376 DEBUG Получено записей: 22
2017-07-14 15:01:05.3536 DEBUG Запрос: Select id, name, code from codifiers.place_service_tab order by id
2017-07-14 15:01:05.3536 DEBUG Получено записей: 3
2017-07-14 15:01:05.3796 DEBUG Запрос: Select result_id, result, reestr, patient_state_id, reestr_rslt, reestr_ishod, _end from public.result_tab order by result_id
2017-07-14 15:01:05.3836 DEBUG Получено записей: 29
2017-07-14 15:01:05.3836 DEBUG Запрос: select id, name, code, bur_reestr_code from codifiers.travma_tab order by name;
2017-07-14 15:01:05.3976 DEBUG Получено записей: 15
2017-07-14 15:01:05.3976 DEBUG Запрос: SELECT * FROM codifiers.lpu_tab
2017-07-14 15:01:05.4286 DEBUG Получено записей: 114
2017-07-14 15:01:05.7527 DEBUG Запрос: SELECT * FROM codifiers.lpu_tab order by name
2017-07-14 15:01:05.7657 DEBUG Получено записей: 114
2017-07-14 15:01:05.7777 DEBUG Запрос: select sp_napr_obosn_id,trim(obosn_name) as obosn_name FROM sp_napr_obosn_tab ORDER BY sp_napr_obosn_id;
2017-07-14 15:01:05.7777 DEBUG Получено записей: 8
2017-07-14 15:01:05.7907 DEBUG Запрос: SELECT sp_type_napr_id, sp_type_napr FROM sp_type_napr_tab where sp_type_napr_id!=1 ORDER BY 1;
2017-07-14 15:01:05.7907 DEBUG Получено записей: 8
2017-07-14 15:01:05.8107 DEBUG Запрос: select id, code, name from codifiers.doctor_spec_tab order by 3,1;
2017-07-14 15:01:05.8107 DEBUG Получено записей: 176
2017-07-14 15:01:05.8297 DEBUG Запрос: Select mkb_id, mkb, kod_d, reestr_code from public.mkb_tab order by 1
2017-07-14 15:01:06.0677 DEBUG Получено записей: 13813
2017-07-14 15:01:10.5759 DEBUG Запрос: Select s.id, s.code, s.name from codifiers.sozstatus_tab s
2017-07-14 15:01:10.5759 DEBUG Получено записей: 11
2017-07-14 15:01:10.5759 DEBUG Запрос: Select u.id, u.code, u.name, u.doctor_id, u.otdel_id, u.age_from, u.age_for, u.flag_default, u.uchactok_type_id, u.lpu_id, u.sort, u.sex from codifiers.uchactok_tab u order by u.sort, u.name
2017-07-14 15:01:10.5959 DEBUG Получено записей: 77
2017-07-14 15:01:10.6519 DEBUG Запрос: select id, socr, name, full_name, index, code 
                              from codifiers.sp_kladr_tab
                              where level_ter=@level order by name
2017-07-14 15:01:10.6579 DEBUG Получено записей: 107
2017-07-14 15:01:10.9300 DEBUG Запрос: SELECT * FROM codifiers.lpu_tab
2017-07-14 15:01:10.9420 DEBUG Получено записей: 114
2017-07-14 15:01:13.4101 DEBUG PatientFindForm ShowFilterByDoctor set to true
2017-07-14 15:01:13.4101 DEBUG PatientFindForm OperatorId: 2469
2017-07-14 15:01:13.4101 DEBUG PatientFindForm DoctorId: 2469
2017-07-14 15:01:13.6311 DEBUG DoctorQuery
2017-07-14 15:01:13.6311 DEBUG sql: SELECT td.time_nazn as "Время записи", d.dan_id as "Id", d.fam as "Фамилия", d.nam as "Имя", d.mid as "Отчество", d.date_born as "Дата рождения", case when d.ser_pol is null then d.num_pol else d.ser_pol ||' '|| d.num_pol end as "Полис", d.address as "Адрес", case when spolref='2301001' then true else false end as "Прикреплен", case when strcom_region_id='0300000000000' then false else true end as "Иногородний" FROM dan_tab d LEFT JOIN public.talon_doctor_tab td on td.dan_id = d.dan_id WHERE td.date_nazn = date(@date) and td.doctor_id = @doctor;
2017-07-14 15:01:13.6311 DEBUG @date: 14.07.2017
2017-07-14 15:01:13.6311 DEBUG @doctor: 2469
2017-07-14 15:01:13.6331 DEBUG bindQueryToDataGrid
2017-07-14 15:01:13.6331 DEBUG Sql: SELECT td.time_nazn as "Время записи", d.dan_id as "Id", d.fam as "Фамилия", d.nam as "Имя", d.mid as "Отчество", d.date_born as "Дата рождения", case when d.ser_pol is null then d.num_pol else d.ser_pol ||' '|| d.num_pol end as "Полис", d.address as "Адрес", case when spolref='2301001' then true else false end as "Прикреплен", case when strcom_region_id='0300000000000' then false else true end as "Иногородний" FROM dan_tab d LEFT JOIN public.talon_doctor_tab td on td.dan_id = d.dan_id WHERE td.date_nazn = date(@date) and td.doctor_id = @doctor;
2017-07-14 15:01:13.6331 DEBUG SqlParams:
2017-07-14 15:01:13.6491 DEBUG SqlParam @date='14.07.2017'
2017-07-14 15:01:13.6491 DEBUG SqlParam @doctor=2469
2017-07-14 15:01:21.1215 DEBUG Sql: SELECT d.dan_id as "Id", d.fam as "Фамилия", d.nam as "Имя", d.mid as "Отчество", d.date_born as "Дата рождения", case when d.ser_pol is null then d.num_pol else d.ser_pol ||' '|| d.num_pol end as "Полис", d.pens as "СНИЛС", d.address as "Адрес", case when spolref='2301001' then true else false end as "Прикреплен" , case when strcom_region_id='0300000000000' then false else true end as "Иногородний" FROM dan_tab d WHERE Lower(d.fam) LIKE @fam and Lower(d.nam) LIKE @nam ORDER BY d.fam, d.nam, d.mid, d.date_born LIMIT 150;
2017-07-14 15:01:21.1215 DEBUG SqlParams:
2017-07-14 15:01:21.1215 DEBUG SqlParam @fam=вахрушкина%
2017-07-14 15:01:21.1215 DEBUG SqlParam @nam=алевтина%
2017-07-14 15:01:22.7926 DEBUG Запрос: Select smo.id, smo.name, kladr.name from codifiers.strcom_tab smo left join codifiers.sp_kladr_tab kladr on smo.region_id = kladr.code where smo.region_id = @id and smo.name not like '*%'order by smo.name
2017-07-14 15:01:22.8706 DEBUG Получено записей: 4
2017-07-14 15:01:22.9616 DEBUG Запрос: select * from fed_lgota_tab where pens like @snils;
2017-07-14 15:01:22.9646 DEBUG Получено записей: 1
2017-07-14 15:01:23.1437 DEBUG Запрос: SELECT t.talon_id, t.result_id, t.diag_osn, t.doctor_id, t.date_vnes_inf,
                        v.visit_id, v.doctor_id as vdoctor_id, v.data_vnes_inf as vdate_vnes_inf, v.data_pos 
                        FROM public.talon_tab t left join public.visit_tab v on v.talon_id = t.talon_id
                        where t.dan_id = @patient_id;
2017-07-14 15:01:23.1697 DEBUG Получено записей: 533
2017-07-14 15:01:26.3788 DEBUG Запрос: Select visit_id from public.visit_tab where talon_id = @talonId;
2017-07-14 15:01:26.3788 DEBUG Получено записей: 1
2017-07-14 15:01:26.4638 DEBUG Запрос: SELECT d.id FROM diagn_tab d WHERE d.talon_id = @caseId ORDER BY d.id desc;
2017-07-14 15:01:26.4638 DEBUG Получено записей: 1
2017-07-14 15:05:51.2420 DEBUG Запрос: SELECT DISTINCT code_access, name, description 
                            FROM users_access_view WHERE users_id = @id
2017-07-14 15:05:51.2900 DEBUG Получено записей: 187
2017-07-14 15:05:53.4881 DEBUG SQL: select pattern from codifiers.patterns_tab where code = @patterncode and users_id is null;
2017-07-14 15:05:53.4881 DEBUG Parameters: @patterncode=, @operator=
2017-07-14 15:05:53.5161 DEBUG Result 
2017-07-14 15:05:53.5161 DEBUG нет шаблона для пользователя
2017-07-14 15:05:53.5161 DEBUG SQL: select pattern from codifiers.patterns_tab where code = @patterncode and users_id is null
2017-07-14 15:05:53.5161 DEBUG Parameters: @patterncode 
2017-07-14 15:05:53.5301 DEBUG Result 
2017-07-14 15:05:53.5861 DEBUG SQL: select pattern from codifiers.patterns_tab where code = @patterncode and users_id is null;
2017-07-14 15:05:53.5861 DEBUG Parameters: @patterncode=, @operator=
2017-07-14 15:05:53.5971 DEBUG Result 
2017-07-14 15:05:53.5971 DEBUG нет шаблона для пользователя
2017-07-14 15:05:53.5971 DEBUG SQL: select pattern from codifiers.patterns_tab where code = @patterncode and users_id is null
2017-07-14 15:05:53.5971 DEBUG Parameters: @patterncode 
2017-07-14 15:05:53.6091 DEBUG Result 
2017-07-14 15:05:53.9411 DEBUG Запрос: Select id, name, code, is_default, parent_id from codifiers.sp_kind_paid_tab order by id
2017-07-14 15:05:53.9411 DEBUG Получено записей: 9
2017-07-14 15:05:53.9551 DEBUG Запрос: Select id, name, code from codifiers.first_visit_condition_tab order by id
2017-07-14 15:05:53.9551 DEBUG Получено записей: 4
2017-07-14 15:05:53.9671 DEBUG Запрос: Select id, name, code, reestr, idsp, hospital_type_id, is_cure, is_inspection from codifiers.visit_purpose_common_tab order by id
2017-07-14 15:05:53.9671 DEBUG Получено записей: 22
2017-07-14 15:05:53.9831 DEBUG Запрос: Select id, name, code from codifiers.place_service_tab order by id
2017-07-14 15:05:53.9831 DEBUG Получено записей: 3
2017-07-14 15:05:54.0082 DEBUG Запрос: Select result_id, result, reestr, patient_state_id, reestr_rslt, reestr_ishod, _end from public.result_tab order by result_id
2017-07-14 15:05:54.0082 DEBUG Получено записей: 29
2017-07-14 15:05:54.0222 DEBUG Запрос: select id, name, code, bur_reestr_code from codifiers.travma_tab order by name;
2017-07-14 15:05:54.0222 DEBUG Получено записей: 15
2017-07-14 15:05:54.0362 DEBUG Запрос: SELECT * FROM codifiers.lpu_tab
2017-07-14 15:05:54.0612 DEBUG Получено записей: 114
2017-07-14 15:05:54.3962 DEBUG Запрос: SELECT * FROM codifiers.lpu_tab order by name
2017-07-14 15:05:54.4092 DEBUG Получено записей: 114
2017-07-14 15:05:54.4202 DEBUG Запрос: select sp_napr_obosn_id,trim(obosn_name) as obosn_name FROM sp_napr_obosn_tab ORDER BY sp_napr_obosn_id;
2017-07-14 15:05:54.4202 DEBUG Получено записей: 8
2017-07-14 15:05:54.4202 DEBUG Запрос: SELECT sp_type_napr_id, sp_type_napr FROM sp_type_napr_tab where sp_type_napr_id!=1 ORDER BY 1;
2017-07-14 15:05:54.4362 DEBUG Получено записей: 8
2017-07-14 15:05:54.4362 DEBUG Запрос: select id, code, name from codifiers.doctor_spec_tab order by 3,1;
2017-07-14 15:05:54.4542 DEBUG Получено записей: 176
2017-07-14 15:05:54.4662 DEBUG Запрос: Select mkb_id, mkb, kod_d, reestr_code from public.mkb_tab order by 1
2017-07-14 15:05:54.6952 DEBUG Получено записей: 13813
2017-07-14 15:05:58.7464 DEBUG Запрос: Select s.id, s.code, s.name from codifiers.sozstatus_tab s
2017-07-14 15:05:58.7464 DEBUG Получено записей: 11
2017-07-14 15:05:58.7614 DEBUG Запрос: Select u.id, u.code, u.name, u.doctor_id, u.otdel_id, u.age_from, u.age_for, u.flag_default, u.uchactok_type_id, u.lpu_id, u.sort, u.sex from codifiers.uchactok_tab u order by u.sort, u.name
2017-07-14 15:05:58.7614 DEBUG Получено записей: 77
2017-07-14 15:05:58.8184 DEBUG Запрос: select id, socr, name, full_name, index, code 
                              from codifiers.sp_kladr_tab
                              where level_ter=@level order by name
2017-07-14 15:05:58.8184 DEBUG Получено записей: 107
2017-07-14 15:05:59.1024 DEBUG Запрос: SELECT * FROM codifiers.lpu_tab
2017-07-14 15:05:59.1024 DEBUG Получено записей: 114
2017-07-14 15:06:01.3536 DEBUG PatientFindForm ShowFilterByDoctor set to true
2017-07-14 15:06:01.3536 DEBUG PatientFindForm OperatorId: 2469
2017-07-14 15:06:01.3536 DEBUG PatientFindForm DoctorId: 2469
2017-07-14 15:06:01.4916 DEBUG DoctorQuery
2017-07-14 15:06:01.4916 DEBUG sql: SELECT td.time_nazn as "Время записи", d.dan_id as "Id", d.fam as "Фамилия", d.nam as "Имя", d.mid as "Отчество", d.date_born as "Дата рождения", case when d.ser_pol is null then d.num_pol else d.ser_pol ||' '|| d.num_pol end as "Полис", d.address as "Адрес", case when spolref='2301001' then true else false end as "Прикреплен", case when strcom_region_id='0300000000000' then false else true end as "Иногородний" FROM dan_tab d LEFT JOIN public.talon_doctor_tab td on td.dan_id = d.dan_id WHERE td.date_nazn = date(@date) and td.doctor_id = @doctor;
2017-07-14 15:06:01.4916 DEBUG @date: 14.07.2017
2017-07-14 15:06:01.4916 DEBUG @doctor: 2469
2017-07-14 15:06:01.4916 DEBUG bindQueryToDataGrid
2017-07-14 15:06:01.5056 DEBUG Sql: SELECT td.time_nazn as "Время записи", d.dan_id as "Id", d.fam as "Фамилия", d.nam as "Имя", d.mid as "Отчество", d.date_born as "Дата рождения", case when d.ser_pol is null then d.num_pol else d.ser_pol ||' '|| d.num_pol end as "Полис", d.address as "Адрес", case when spolref='2301001' then true else false end as "Прикреплен", case when strcom_region_id='0300000000000' then false else true end as "Иногородний" FROM dan_tab d LEFT JOIN public.talon_doctor_tab td on td.dan_id = d.dan_id WHERE td.date_nazn = date(@date) and td.doctor_id = @doctor;
2017-07-14 15:06:01.5056 DEBUG SqlParams:
2017-07-14 15:06:01.5056 DEBUG SqlParam @date='14.07.2017'
2017-07-14 15:06:01.5056 DEBUG SqlParam @doctor=2469
2017-07-14 15:06:11.1611 DEBUG Sql: SELECT d.dan_id as "Id", d.fam as "Фамилия", d.nam as "Имя", d.mid as "Отчество", d.date_born as "Дата рождения", case when d.ser_pol is null then d.num_pol else d.ser_pol ||' '|| d.num_pol end as "Полис", d.pens as "СНИЛС", d.address as "Адрес", case when spolref='2301001' then true else false end as "Прикреплен" , case when strcom_region_id='0300000000000' then false else true end as "Иногородний" FROM dan_tab d WHERE Lower(d.fam) LIKE @fam and Lower(d.nam) LIKE @nam ORDER BY d.fam, d.nam, d.mid, d.date_born LIMIT 150;
2017-07-14 15:06:11.1611 DEBUG SqlParams:
2017-07-14 15:06:11.1611 DEBUG SqlParam @fam=вахрушкина%
2017-07-14 15:06:11.1611 DEBUG SqlParam @nam=алевтина%
2017-07-14 15:06:12.6782 DEBUG Запрос: Select smo.id, smo.name, kladr.name from codifiers.strcom_tab smo left join codifiers.sp_kladr_tab kladr on smo.region_id = kladr.code where smo.region_id = @id and smo.name not like '*%'order by smo.name
2017-07-14 15:06:12.7572 DEBUG Получено записей: 4
2017-07-14 15:06:12.8432 DEBUG Запрос: select * from fed_lgota_tab where pens like @snils;
2017-07-14 15:06:12.8432 DEBUG Получено записей: 1
2017-07-14 15:06:13.0172 DEBUG Запрос: SELECT t.talon_id, t.result_id, t.diag_osn, t.doctor_id, t.date_vnes_inf,
                        v.visit_id, v.doctor_id as vdoctor_id, v.data_vnes_inf as vdate_vnes_inf, v.data_pos 
                        FROM public.talon_tab t left join public.visit_tab v on v.talon_id = t.talon_id
                        where t.dan_id = @patient_id;
2017-07-14 15:06:13.0452 DEBUG Получено записей: 533
2017-07-14 15:06:16.2004 DEBUG Запрос: Select visit_id from public.visit_tab where talon_id = @talonId;
2017-07-14 15:06:16.2004 DEBUG Получено записей: 1
2017-07-14 15:06:16.2844 DEBUG Запрос: SELECT d.id FROM diagn_tab d WHERE d.talon_id = @caseId ORDER BY d.id desc;
2017-07-14 15:06:16.2844 DEBUG Получено записей: 1
2017-07-14 15:09:13.0575 DEBUG Запрос: SELECT DISTINCT code_access, name, description 
                            FROM users_access_view WHERE users_id = @id
2017-07-14 15:09:13.1405 DEBUG Получено записей: 187
2017-07-14 15:09:15.0226 DEBUG SQL: select pattern from codifiers.patterns_tab where code = @patterncode and users_id is null;
2017-07-14 15:09:15.0226 DEBUG Parameters: @patterncode=, @operator=
2017-07-14 15:09:15.0557 DEBUG Result 
2017-07-14 15:09:15.0557 DEBUG нет шаблона для пользователя
2017-07-14 15:09:15.0557 DEBUG SQL: select pattern from codifiers.patterns_tab where code = @patterncode and users_id is null
2017-07-14 15:09:15.0557 DEBUG Parameters: @patterncode 
2017-07-14 15:09:15.0687 DEBUG Result 
2017-07-14 15:09:15.1187 DEBUG SQL: select pattern from codifiers.patterns_tab where code = @patterncode and users_id is null;
2017-07-14 15:09:15.1187 DEBUG Parameters: @patterncode=, @operator=
2017-07-14 15:09:15.1307 DEBUG Result 
2017-07-14 15:09:15.1307 DEBUG нет шаблона для пользователя
2017-07-14 15:09:15.1307 DEBUG SQL: select pattern from codifiers.patterns_tab where code = @patterncode and users_id is null
2017-07-14 15:09:15.1307 DEBUG Parameters: @patterncode 
2017-07-14 15:09:15.1307 DEBUG Result 
2017-07-14 15:09:15.4797 DEBUG Запрос: Select id, name, code, is_default, parent_id from codifiers.sp_kind_paid_tab order by id
2017-07-14 15:09:15.4797 DEBUG Получено записей: 9
2017-07-14 15:09:15.4937 DEBUG Запрос: Select id, name, code from codifiers.first_visit_condition_tab order by id
2017-07-14 15:09:15.4937 DEBUG Получено записей: 4
2017-07-14 15:09:15.5057 DEBUG Запрос: Select id, name, code, reestr, idsp, hospital_type_id, is_cure, is_inspection from codifiers.visit_purpose_common_tab order by id
2017-07-14 15:09:15.5057 DEBUG Получено записей: 22
2017-07-14 15:09:15.5347 DEBUG Запрос: Select id, name, code from codifiers.place_service_tab order by id
2017-07-14 15:09:15.5367 DEBUG Получено записей: 3
2017-07-14 15:09:15.5367 DEBUG Запрос: Select result_id, result, reestr, patient_state_id, reestr_rslt, reestr_ishod, _end from public.result_tab order by result_id
2017-07-14 15:09:15.5367 DEBUG Получено записей: 29
2017-07-14 15:09:15.5617 DEBUG Запрос: select id, name, code, bur_reestr_code from codifiers.travma_tab order by name;
2017-07-14 15:09:15.5617 DEBUG Получено записей: 15
2017-07-14 15:09:15.5737 DEBUG Запрос: SELECT * FROM codifiers.lpu_tab
2017-07-14 15:09:15.5947 DEBUG Получено записей: 114
2017-07-14 15:09:15.8407 DEBUG Запрос: SELECT * FROM codifiers.lpu_tab order by name
2017-07-14 15:09:15.8507 DEBUG Получено записей: 114
2017-07-14 15:09:15.8507 DEBUG Запрос: select sp_napr_obosn_id,trim(obosn_name) as obosn_name FROM sp_napr_obosn_tab ORDER BY sp_napr_obosn_id;
2017-07-14 15:09:15.8507 DEBUG Получено записей: 8
2017-07-14 15:09:15.8717 DEBUG Запрос: SELECT sp_type_napr_id, sp_type_napr FROM sp_type_napr_tab where sp_type_napr_id!=1 ORDER BY 1;
2017-07-14 15:09:15.8717 DEBUG Получено записей: 8
2017-07-14 15:09:15.8847 DEBUG Запрос: select id, code, name from codifiers.doctor_spec_tab order by 3,1;
2017-07-14 15:09:15.8847 DEBUG Получено записей: 176
2017-07-14 15:09:15.9007 DEBUG Запрос: Select mkb_id, mkb, kod_d, reestr_code from public.mkb_tab order by 1
2017-07-14 15:09:16.1017 DEBUG Получено записей: 13813
2017-07-14 15:09:20.1189 DEBUG Запрос: Select s.id, s.code, s.name from codifiers.sozstatus_tab s
2017-07-14 15:09:20.1189 DEBUG Получено записей: 11
2017-07-14 15:09:20.1339 DEBUG Запрос: Select u.id, u.code, u.name, u.doctor_id, u.otdel_id, u.age_from, u.age_for, u.flag_default, u.uchactok_type_id, u.lpu_id, u.sort, u.sex from codifiers.uchactok_tab u order by u.sort, u.name
2017-07-14 15:09:20.1399 DEBUG Получено записей: 77
2017-07-14 15:09:20.1919 DEBUG Запрос: select id, socr, name, full_name, index, code 
                              from codifiers.sp_kladr_tab
                              where level_ter=@level order by name
2017-07-14 15:09:20.1919 DEBUG Получено записей: 107
2017-07-14 15:09:20.4600 DEBUG Запрос: SELECT * FROM codifiers.lpu_tab
2017-07-14 15:09:20.4730 DEBUG Получено записей: 114
2017-07-14 15:09:22.6711 DEBUG PatientFindForm ShowFilterByDoctor set to true
2017-07-14 15:09:22.6711 DEBUG PatientFindForm OperatorId: 2469
2017-07-14 15:09:22.6711 DEBUG PatientFindForm DoctorId: 2469
2017-07-14 15:09:22.8051 DEBUG DoctorQuery
2017-07-14 15:09:22.8061 DEBUG sql: SELECT td.time_nazn as "Время записи", d.dan_id as "Id", d.fam as "Фамилия", d.nam as "Имя", d.mid as "Отчество", d.date_born as "Дата рождения", case when d.ser_pol is null then d.num_pol else d.ser_pol ||' '|| d.num_pol end as "Полис", d.address as "Адрес", case when spolref='2301001' then true else false end as "Прикреплен", case when strcom_region_id='0300000000000' then false else true end as "Иногородний" FROM dan_tab d LEFT JOIN public.talon_doctor_tab td on td.dan_id = d.dan_id WHERE td.date_nazn = date(@date) and td.doctor_id = @doctor;
2017-07-14 15:09:22.8061 DEBUG @date: 14.07.2017
2017-07-14 15:09:22.8061 DEBUG @doctor: 2469
2017-07-14 15:09:22.8061 DEBUG bindQueryToDataGrid
2017-07-14 15:09:22.8061 DEBUG Sql: SELECT td.time_nazn as "Время записи", d.dan_id as "Id", d.fam as "Фамилия", d.nam as "Имя", d.mid as "Отчество", d.date_born as "Дата рождения", case when d.ser_pol is null then d.num_pol else d.ser_pol ||' '|| d.num_pol end as "Полис", d.address as "Адрес", case when spolref='2301001' then true else false end as "Прикреплен", case when strcom_region_id='0300000000000' then false else true end as "Иногородний" FROM dan_tab d LEFT JOIN public.talon_doctor_tab td on td.dan_id = d.dan_id WHERE td.date_nazn = date(@date) and td.doctor_id = @doctor;
2017-07-14 15:09:22.8061 DEBUG SqlParams:
2017-07-14 15:09:22.8211 DEBUG SqlParam @date='14.07.2017'
2017-07-14 15:09:22.8211 DEBUG SqlParam @doctor=2469
2017-07-14 15:09:30.0465 DEBUG Sql: SELECT d.dan_id as "Id", d.fam as "Фамилия", d.nam as "Имя", d.mid as "Отчество", d.date_born as "Дата рождения", case when d.ser_pol is null then d.num_pol else d.ser_pol ||' '|| d.num_pol end as "Полис", d.pens as "СНИЛС", d.address as "Адрес", case when spolref='2301001' then true else false end as "Прикреплен" , case when strcom_region_id='0300000000000' then false else true end as "Иногородний" FROM dan_tab d WHERE Lower(d.fam) LIKE @fam and Lower(d.nam) LIKE @nam ORDER BY d.fam, d.nam, d.mid, d.date_born LIMIT 150;
2017-07-14 15:09:30.0465 DEBUG SqlParams:
2017-07-14 15:09:30.0465 DEBUG SqlParam @fam=вахрушкина%
2017-07-14 15:09:30.0465 DEBUG SqlParam @nam=алевтина%
2017-07-14 15:09:31.6566 DEBUG Запрос: Select smo.id, smo.name, kladr.name from codifiers.strcom_tab smo left join codifiers.sp_kladr_tab kladr on smo.region_id = kladr.code where smo.region_id = @id and smo.name not like '*%'order by smo.name
2017-07-14 15:09:31.7346 DEBUG Получено записей: 4
2017-07-14 15:09:31.8216 DEBUG Запрос: select * from fed_lgota_tab where pens like @snils;
2017-07-14 15:09:31.8246 DEBUG Получено записей: 1
2017-07-14 15:09:31.9896 DEBUG Запрос: SELECT t.talon_id, t.result_id, t.diag_osn, t.doctor_id, t.date_vnes_inf,
                        v.visit_id, v.doctor_id as vdoctor_id, v.data_vnes_inf as vdate_vnes_inf, v.data_pos 
                        FROM public.talon_tab t left join public.visit_tab v on v.talon_id = t.talon_id
                        where t.dan_id = @patient_id;
2017-07-14 15:09:32.0166 DEBUG Получено записей: 533
2017-07-14 15:09:35.0288 DEBUG Запрос: Select visit_id from public.visit_tab where talon_id = @talonId;
2017-07-14 15:09:35.0288 DEBUG Получено записей: 1
2017-07-14 15:09:35.1118 DEBUG Запрос: SELECT d.id FROM diagn_tab d WHERE d.talon_id = @caseId ORDER BY d.id desc;
2017-07-14 15:09:35.1148 DEBUG Получено записей: 1
2017-07-14 15:41:00.4136 DEBUG Запрос: SELECT DISTINCT code_access, name, description 
                            FROM users_access_view WHERE users_id = @id
2017-07-14 15:41:00.4616 DEBUG Получено записей: 187
2017-07-14 15:41:02.6158 DEBUG SQL: select pattern from codifiers.patterns_tab where code = @patterncode and users_id is null;
2017-07-14 15:41:02.6168 DEBUG Parameters: @patterncode=, @operator=
2017-07-14 15:41:02.6448 DEBUG Result 
2017-07-14 15:41:02.6448 DEBUG нет шаблона для пользователя
2017-07-14 15:41:02.6448 DEBUG SQL: select pattern from codifiers.patterns_tab where code = @patterncode and users_id is null
2017-07-14 15:41:02.6448 DEBUG Parameters: @patterncode 
2017-07-14 15:41:02.6588 DEBUG Result 
2017-07-14 15:41:02.7148 DEBUG SQL: select pattern from codifiers.patterns_tab where code = @patterncode and users_id is null;
2017-07-14 15:41:02.7148 DEBUG Parameters: @patterncode=, @operator=
2017-07-14 15:41:02.7268 DEBUG Result 
2017-07-14 15:41:02.7268 DEBUG нет шаблона для пользователя
2017-07-14 15:41:02.7268 DEBUG SQL: select pattern from codifiers.patterns_tab where code = @patterncode and users_id is null
2017-07-14 15:41:02.7268 DEBUG Parameters: @patterncode 
2017-07-14 15:41:02.7268 DEBUG Result 
2017-07-14 15:41:03.0728 DEBUG Запрос: Select id, name, code, is_default, parent_id from codifiers.sp_kind_paid_tab order by id
2017-07-14 15:41:03.0968 DEBUG Получено записей: 9
2017-07-14 15:41:03.1078 DEBUG Запрос: Select id, name, code from codifiers.first_visit_condition_tab order by id
2017-07-14 15:41:03.1078 DEBUG Получено записей: 4
2017-07-14 15:41:03.1198 DEBUG Запрос: Select id, name, code, reestr, idsp, hospital_type_id, is_cure, is_inspection from codifiers.visit_purpose_common_tab order by id
2017-07-14 15:41:03.1198 DEBUG Получено записей: 22
2017-07-14 15:41:03.1358 DEBUG Запрос: Select id, name, code from codifiers.place_service_tab order by id
2017-07-14 15:41:03.1358 DEBUG Получено записей: 3
2017-07-14 15:41:03.1618 DEBUG Запрос: Select result_id, result, reestr, patient_state_id, reestr_rslt, reestr_ishod, _end from public.result_tab order by result_id
2017-07-14 15:41:03.1658 DEBUG Получено записей: 29
2017-07-14 15:41:03.1658 DEBUG Запрос: select id, name, code, bur_reestr_code from codifiers.travma_tab order by name;
2017-07-14 15:41:03.1808 DEBUG Получено записей: 15
2017-07-14 15:41:03.1808 DEBUG Запрос: SELECT * FROM codifiers.lpu_tab
2017-07-14 15:41:03.2108 DEBUG Получено записей: 114
2017-07-14 15:41:03.5668 DEBUG Запрос: SELECT * FROM codifiers.lpu_tab order by name
2017-07-14 15:41:03.5798 DEBUG Получено записей: 114
2017-07-14 15:41:03.5918 DEBUG Запрос: select sp_napr_obosn_id,trim(obosn_name) as obosn_name FROM sp_napr_obosn_tab ORDER BY sp_napr_obosn_id;
2017-07-14 15:41:03.5918 DEBUG Получено записей: 8
2017-07-14 15:41:03.6038 DEBUG Запрос: SELECT sp_type_napr_id, sp_type_napr FROM sp_type_napr_tab where sp_type_napr_id!=1 ORDER BY 1;
2017-07-14 15:41:03.6038 DEBUG Получено записей: 8
2017-07-14 15:41:03.6178 DEBUG Запрос: select id, code, name from codifiers.doctor_spec_tab order by 3,1;
2017-07-14 15:41:03.6178 DEBUG Получено записей: 176
2017-07-14 15:41:03.6368 DEBUG Запрос: Select mkb_id, mkb, kod_d, reestr_code from public.mkb_tab order by 1
2017-07-14 15:41:03.8598 DEBUG Получено записей: 13813
2017-07-14 15:41:08.7911 DEBUG Запрос: Select s.id, s.code, s.name from codifiers.sozstatus_tab s
2017-07-14 15:41:08.7911 DEBUG Получено записей: 11
2017-07-14 15:41:08.8061 DEBUG Запрос: Select u.id, u.code, u.name, u.doctor_id, u.otdel_id, u.age_from, u.age_for, u.flag_default, u.uchactok_type_id, u.lpu_id, u.sort, u.sex from codifiers.uchactok_tab u order by u.sort, u.name
2017-07-14 15:41:08.8121 DEBUG Получено записей: 77
2017-07-14 15:41:08.8621 DEBUG Запрос: select id, socr, name, full_name, index, code 
                              from codifiers.sp_kladr_tab
                              where level_ter=@level order by name
2017-07-14 15:41:08.8621 DEBUG Получено записей: 107
2017-07-14 15:41:09.1421 DEBUG Запрос: SELECT * FROM codifiers.lpu_tab
2017-07-14 15:41:09.1541 DEBUG Получено записей: 114
2017-07-14 15:41:11.7253 DEBUG PatientFindForm ShowFilterByDoctor set to true
2017-07-14 15:41:11.7253 DEBUG PatientFindForm OperatorId: 2469
2017-07-14 15:41:11.7253 DEBUG PatientFindForm DoctorId: 2469
2017-07-14 15:41:11.9363 DEBUG DoctorQuery
2017-07-14 15:41:11.9363 DEBUG sql: SELECT td.time_nazn as "Время записи", d.dan_id as "Id", d.fam as "Фамилия", d.nam as "Имя", d.mid as "Отчество", d.date_born as "Дата рождения", case when d.ser_pol is null then d.num_pol else d.ser_pol ||' '|| d.num_pol end as "Полис", d.address as "Адрес", case when spolref='2301001' then true else false end as "Прикреплен", case when strcom_region_id='0300000000000' then false else true end as "Иногородний" FROM dan_tab d LEFT JOIN public.talon_doctor_tab td on td.dan_id = d.dan_id WHERE td.date_nazn = date(@date) and td.doctor_id = @doctor;
2017-07-14 15:41:11.9363 DEBUG @date: 14.07.2017
2017-07-14 15:41:11.9363 DEBUG @doctor: 2469
2017-07-14 15:41:11.9363 DEBUG bindQueryToDataGrid
2017-07-14 15:41:11.9503 DEBUG Sql: SELECT td.time_nazn as "Время записи", d.dan_id as "Id", d.fam as "Фамилия", d.nam as "Имя", d.mid as "Отчество", d.date_born as "Дата рождения", case when d.ser_pol is null then d.num_pol else d.ser_pol ||' '|| d.num_pol end as "Полис", d.address as "Адрес", case when spolref='2301001' then true else false end as "Прикреплен", case when strcom_region_id='0300000000000' then false else true end as "Иногородний" FROM dan_tab d LEFT JOIN public.talon_doctor_tab td on td.dan_id = d.dan_id WHERE td.date_nazn = date(@date) and td.doctor_id = @doctor;
2017-07-14 15:41:11.9503 DEBUG SqlParams:
2017-07-14 15:41:11.9503 DEBUG SqlParam @date='14.07.2017'
2017-07-14 15:41:11.9503 DEBUG SqlParam @doctor=2469
2017-07-14 15:41:20.2538 DEBUG Sql: SELECT d.dan_id as "Id", d.fam as "Фамилия", d.nam as "Имя", d.mid as "Отчество", d.date_born as "Дата рождения", case when d.ser_pol is null then d.num_pol else d.ser_pol ||' '|| d.num_pol end as "Полис", d.pens as "СНИЛС", d.address as "Адрес", case when spolref='2301001' then true else false end as "Прикреплен" , case when strcom_region_id='0300000000000' then false else true end as "Иногородний" FROM dan_tab d WHERE Lower(d.fam) LIKE @fam and Lower(d.nam) LIKE @nam ORDER BY d.fam, d.nam, d.mid, d.date_born LIMIT 150;
2017-07-14 15:41:20.2538 DEBUG SqlParams:
2017-07-14 15:41:20.2538 DEBUG SqlParam @fam=вахрушкина%
2017-07-14 15:41:20.2538 DEBUG SqlParam @nam=алевтина%
2017-07-14 15:41:22.0259 DEBUG Запрос: Select smo.id, smo.name, kladr.name from codifiers.strcom_tab smo left join codifiers.sp_kladr_tab kladr on smo.region_id = kladr.code where smo.region_id = @id and smo.name not like '*%'order by smo.name
2017-07-14 15:41:22.1049 DEBUG Получено записей: 4
2017-07-14 15:41:22.1909 DEBUG Запрос: select * from fed_lgota_tab where pens like @snils;
2017-07-14 15:41:22.1909 DEBUG Получено записей: 1
2017-07-14 15:41:22.3609 DEBUG Запрос: SELECT t.talon_id, t.result_id, t.diag_osn, t.doctor_id, t.date_vnes_inf,
                        v.visit_id, v.doctor_id as vdoctor_id, v.data_vnes_inf as vdate_vnes_inf, v.data_pos 
                        FROM public.talon_tab t left join public.visit_tab v on v.talon_id = t.talon_id
                        where t.dan_id = @patient_id;
2017-07-14 15:41:22.3879 DEBUG Получено записей: 533
2017-07-14 15:41:25.5381 DEBUG Запрос: Select visit_id from public.visit_tab where talon_id = @talonId;
2017-07-14 15:41:25.5381 DEBUG Получено записей: 1
2017-07-14 15:41:25.6241 DEBUG Запрос: SELECT d.id FROM diagn_tab d WHERE d.talon_id = @caseId ORDER BY d.id desc;
2017-07-14 15:41:25.6281 DEBUG Получено записей: 1
2017-07-14 15:41:53.9787 DEBUG Запрос: Select mkb_id, mkb, kod_d, reestr_code from public.mkb_tab order by 1
2017-07-14 15:41:54.1817 DEBUG Получено записей: 13813
2017-07-14 15:41:54.2137 DEBUG Запрос: Select id, name, code, sort from codifiers.sp_disease_vid_tab order by sort
2017-07-14 15:41:54.2137 DEBUG Получено записей: 6
2017-07-14 15:41:54.2307 DEBUG Запрос: Select sp_stadiya_diagn_id, name_stadiya from public.sp_stadiya_diagn_tab order by sp_stadiya_diagn_id
2017-07-14 15:41:54.2307 DEBUG Получено записей: 3
2017-07-14 15:44:34.9189 DEBUG Запрос: SELECT DISTINCT code_access, name, description 
                            FROM users_access_view WHERE users_id = @id
2017-07-14 15:44:34.9689 DEBUG Получено записей: 187
2017-07-14 15:44:37.0670 DEBUG SQL: select pattern from codifiers.patterns_tab where code = @patterncode and users_id is null;
2017-07-14 15:44:37.0670 DEBUG Parameters: @patterncode=, @operator=
2017-07-14 15:44:37.0940 DEBUG Result 
2017-07-14 15:44:37.0940 DEBUG нет шаблона для пользователя
2017-07-14 15:44:37.0940 DEBUG SQL: select pattern from codifiers.patterns_tab where code = @patterncode and users_id is null
2017-07-14 15:44:37.0940 DEBUG Parameters: @patterncode 
2017-07-14 15:44:37.1080 DEBUG Result 
2017-07-14 15:44:37.1640 DEBUG SQL: select pattern from codifiers.patterns_tab where code = @patterncode and users_id is null;
2017-07-14 15:44:37.1640 DEBUG Parameters: @patterncode=, @operator=
2017-07-14 15:44:37.1760 DEBUG Result 
2017-07-14 15:44:37.1760 DEBUG нет шаблона для пользователя
2017-07-14 15:44:37.1760 DEBUG SQL: select pattern from codifiers.patterns_tab where code = @patterncode and users_id is null
2017-07-14 15:44:37.1760 DEBUG Parameters: @patterncode 
2017-07-14 15:44:37.1880 DEBUG Result 
2017-07-14 15:44:37.5230 DEBUG Запрос: Select id, name, code, is_default, parent_id from codifiers.sp_kind_paid_tab order by id
2017-07-14 15:44:37.5260 DEBUG Получено записей: 9
2017-07-14 15:44:37.5260 DEBUG Запрос: Select id, name, code from codifiers.first_visit_condition_tab order by id
2017-07-14 15:44:37.5260 DEBUG Получено записей: 4
2017-07-14 15:44:37.5491 DEBUG Запрос: Select id, name, code, reestr, idsp, hospital_type_id, is_cure, is_inspection from codifiers.visit_purpose_common_tab order by id
2017-07-14 15:44:37.5491 DEBUG Получено записей: 22
2017-07-14 15:44:37.5651 DEBUG Запрос: Select id, name, code from codifiers.place_service_tab order by id
2017-07-14 15:44:37.5651 DEBUG Получено записей: 3
2017-07-14 15:44:37.5921 DEBUG Запрос: Select result_id, result, reestr, patient_state_id, reestr_rslt, reestr_ishod, _end from public.result_tab order by result_id
2017-07-14 15:44:37.5921 DEBUG Получено записей: 29
2017-07-14 15:44:37.6081 DEBUG Запрос: select id, name, code, bur_reestr_code from codifiers.travma_tab order by name;
2017-07-14 15:44:37.6081 DEBUG Получено записей: 15
2017-07-14 15:44:37.6221 DEBUG Запрос: SELECT * FROM codifiers.lpu_tab
2017-07-14 15:44:37.6471 DEBUG Получено записей: 114
2017-07-14 15:44:37.9701 DEBUG Запрос: SELECT * FROM codifiers.lpu_tab order by name
2017-07-14 15:44:37.9831 DEBUG Получено записей: 114
2017-07-14 15:44:37.9951 DEBUG Запрос: select sp_napr_obosn_id,trim(obosn_name) as obosn_name FROM sp_napr_obosn_tab ORDER BY sp_napr_obosn_id;
2017-07-14 15:44:37.9951 DEBUG Получено записей: 8
2017-07-14 15:44:37.9951 DEBUG Запрос: SELECT sp_type_napr_id, sp_type_napr FROM sp_type_napr_tab where sp_type_napr_id!=1 ORDER BY 1;
2017-07-14 15:44:38.0101 DEBUG Получено записей: 8
2017-07-14 15:44:38.0101 DEBUG Запрос: select id, code, name from codifiers.doctor_spec_tab order by 3,1;
2017-07-14 15:44:38.0271 DEBUG Получено записей: 176
2017-07-14 15:44:38.0401 DEBUG Запрос: Select mkb_id, mkb, kod_d, reestr_code from public.mkb_tab order by 1
2017-07-14 15:44:38.2641 DEBUG Получено записей: 13813
2017-07-14 15:44:42.4133 DEBUG Запрос: Select s.id, s.code, s.name from codifiers.sozstatus_tab s
2017-07-14 15:44:42.4133 DEBUG Получено записей: 11
2017-07-14 15:44:42.4413 DEBUG Запрос: Select u.id, u.code, u.name, u.doctor_id, u.otdel_id, u.age_from, u.age_for, u.flag_default, u.uchactok_type_id, u.lpu_id, u.sort, u.sex from codifiers.uchactok_tab u order by u.sort, u.name
2017-07-14 15:44:42.4413 DEBUG Получено записей: 77
2017-07-14 15:44:42.5053 DEBUG Запрос: select id, socr, name, full_name, index, code 
                              from codifiers.sp_kladr_tab
                              where level_ter=@level order by name
2017-07-14 15:44:42.5053 DEBUG Получено записей: 107
2017-07-14 15:44:42.7803 DEBUG Запрос: SELECT * FROM codifiers.lpu_tab
2017-07-14 15:44:42.7913 DEBUG Получено записей: 114
2017-07-14 15:44:45.0365 DEBUG PatientFindForm ShowFilterByDoctor set to true
2017-07-14 15:44:45.0365 DEBUG PatientFindForm OperatorId: 2469
2017-07-14 15:44:45.0365 DEBUG PatientFindForm DoctorId: 2469
2017-07-14 15:44:45.1915 DEBUG DoctorQuery
2017-07-14 15:44:45.1915 DEBUG sql: SELECT td.time_nazn as "Время записи", d.dan_id as "Id", d.fam as "Фамилия", d.nam as "Имя", d.mid as "Отчество", d.date_born as "Дата рождения", case when d.ser_pol is null then d.num_pol else d.ser_pol ||' '|| d.num_pol end as "Полис", d.address as "Адрес", case when spolref='2301001' then true else false end as "Прикреплен", case when strcom_region_id='0300000000000' then false else true end as "Иногородний" FROM dan_tab d LEFT JOIN public.talon_doctor_tab td on td.dan_id = d.dan_id WHERE td.date_nazn = date(@date) and td.doctor_id = @doctor;
2017-07-14 15:44:45.1915 DEBUG @date: 14.07.2017
2017-07-14 15:44:45.1915 DEBUG @doctor: 2469
2017-07-14 15:44:45.1915 DEBUG bindQueryToDataGrid
2017-07-14 15:44:45.2075 DEBUG Sql: SELECT td.time_nazn as "Время записи", d.dan_id as "Id", d.fam as "Фамилия", d.nam as "Имя", d.mid as "Отчество", d.date_born as "Дата рождения", case when d.ser_pol is null then d.num_pol else d.ser_pol ||' '|| d.num_pol end as "Полис", d.address as "Адрес", case when spolref='2301001' then true else false end as "Прикреплен", case when strcom_region_id='0300000000000' then false else true end as "Иногородний" FROM dan_tab d LEFT JOIN public.talon_doctor_tab td on td.dan_id = d.dan_id WHERE td.date_nazn = date(@date) and td.doctor_id = @doctor;
2017-07-14 15:44:45.2075 DEBUG SqlParams:
2017-07-14 15:44:45.2075 DEBUG SqlParam @date='14.07.2017'
2017-07-14 15:44:45.2075 DEBUG SqlParam @doctor=2469
2017-07-14 15:44:53.0129 DEBUG Sql: SELECT d.dan_id as "Id", d.fam as "Фамилия", d.nam as "Имя", d.mid as "Отчество", d.date_born as "Дата рождения", case when d.ser_pol is null then d.num_pol else d.ser_pol ||' '|| d.num_pol end as "Полис", d.pens as "СНИЛС", d.address as "Адрес", case when spolref='2301001' then true else false end as "Прикреплен" , case when strcom_region_id='0300000000000' then false else true end as "Иногородний" FROM dan_tab d WHERE Lower(d.fam) LIKE @fam and Lower(d.nam) LIKE @nam ORDER BY d.fam, d.nam, d.mid, d.date_born LIMIT 150;
2017-07-14 15:44:53.0129 DEBUG SqlParams:
2017-07-14 15:44:53.0129 DEBUG SqlParam @fam=вахрушкина%
2017-07-14 15:44:53.0129 DEBUG SqlParam @nam=алевтина%
2017-07-14 15:44:54.6710 DEBUG Запрос: Select smo.id, smo.name, kladr.name from codifiers.strcom_tab smo left join codifiers.sp_kladr_tab kladr on smo.region_id = kladr.code where smo.region_id = @id and smo.name not like '*%'order by smo.name
2017-07-14 15:44:54.7500 DEBUG Получено записей: 4
2017-07-14 15:44:54.8390 DEBUG Запрос: select * from fed_lgota_tab where pens like @snils;
2017-07-14 15:44:54.8420 DEBUG Получено записей: 1
2017-07-14 15:44:55.0130 DEBUG Запрос: SELECT t.talon_id, t.result_id, t.diag_osn, t.doctor_id, t.date_vnes_inf,
                        v.visit_id, v.doctor_id as vdoctor_id, v.data_vnes_inf as vdate_vnes_inf, v.data_pos 
                        FROM public.talon_tab t left join public.visit_tab v on v.talon_id = t.talon_id
                        where t.dan_id = @patient_id;
2017-07-14 15:44:55.0411 DEBUG Получено записей: 533
2017-07-14 15:44:58.2572 DEBUG Запрос: Select visit_id from public.visit_tab where talon_id = @talonId;
2017-07-14 15:44:58.2572 DEBUG Получено записей: 1
2017-07-14 15:44:58.3432 DEBUG Запрос: SELECT d.id FROM diagn_tab d WHERE d.talon_id = @caseId ORDER BY d.id desc;
2017-07-14 15:44:58.3432 DEBUG Получено записей: 1
2017-07-14 15:50:21.0697 DEBUG Запрос: SELECT DISTINCT code_access, name, description 
                            FROM users_access_view WHERE users_id = @id
2017-07-14 15:50:21.1177 DEBUG Получено записей: 187
2017-07-14 15:50:23.3428 DEBUG SQL: select pattern from codifiers.patterns_tab where code = @patterncode and users_id is null;
2017-07-14 15:50:23.3428 DEBUG Parameters: @patterncode=, @operator=
2017-07-14 15:50:23.3718 DEBUG Result 
2017-07-14 15:50:23.3718 DEBUG нет шаблона для пользователя
2017-07-14 15:50:23.3718 DEBUG SQL: select pattern from codifiers.patterns_tab where code = @patterncode and users_id is null
2017-07-14 15:50:23.3718 DEBUG Parameters: @patterncode 
2017-07-14 15:50:23.3848 DEBUG Result 
2017-07-14 15:50:23.4408 DEBUG SQL: select pattern from codifiers.patterns_tab where code = @patterncode and users_id is null;
2017-07-14 15:50:23.4408 DEBUG Parameters: @patterncode=, @operator=
2017-07-14 15:50:23.4408 DEBUG Result 
2017-07-14 15:50:23.4408 DEBUG нет шаблона для пользователя
2017-07-14 15:50:23.4408 DEBUG SQL: select pattern from codifiers.patterns_tab where code = @patterncode and users_id is null
2017-07-14 15:50:23.4408 DEBUG Parameters: @patterncode 
2017-07-14 15:50:23.4648 DEBUG Result 
2017-07-14 15:50:23.7959 DEBUG Запрос: Select id, name, code, is_default, parent_id from codifiers.sp_kind_paid_tab order by id
2017-07-14 15:50:23.7959 DEBUG Получено записей: 9
2017-07-14 15:50:23.8089 DEBUG Запрос: Select id, name, code from codifiers.first_visit_condition_tab order by id
2017-07-14 15:50:23.8089 DEBUG Получено записей: 4
2017-07-14 15:50:23.8209 DEBUG Запрос: Select id, name, code, reestr, idsp, hospital_type_id, is_cure, is_inspection from codifiers.visit_purpose_common_tab order by id
2017-07-14 15:50:23.8209 DEBUG Получено записей: 22
2017-07-14 15:50:23.8359 DEBUG Запрос: Select id, name, code from codifiers.place_service_tab order by id
2017-07-14 15:50:23.8359 DEBUG Получено записей: 3
2017-07-14 15:50:23.8609 DEBUG Запрос: Select result_id, result, reestr, patient_state_id, reestr_rslt, reestr_ishod, _end from public.result_tab order by result_id
2017-07-14 15:50:23.8649 DEBUG Получено записей: 29
2017-07-14 15:50:23.8649 DEBUG Запрос: select id, name, code, bur_reestr_code from codifiers.travma_tab order by name;
2017-07-14 15:50:23.8789 DEBUG Получено записей: 15
2017-07-14 15:50:23.8789 DEBUG Запрос: SELECT * FROM codifiers.lpu_tab
2017-07-14 15:50:23.9099 DEBUG Получено записей: 114
2017-07-14 15:50:24.2449 DEBUG Запрос: SELECT * FROM codifiers.lpu_tab order by name
2017-07-14 15:50:24.2579 DEBUG Получено записей: 114
2017-07-14 15:50:24.2679 DEBUG Запрос: select sp_napr_obosn_id,trim(obosn_name) as obosn_name FROM sp_napr_obosn_tab ORDER BY sp_napr_obosn_id;
2017-07-14 15:50:24.2679 DEBUG Получено записей: 8
2017-07-14 15:50:24.2679 DEBUG Запрос: SELECT sp_type_napr_id, sp_type_napr FROM sp_type_napr_tab where sp_type_napr_id!=1 ORDER BY 1;
2017-07-14 15:50:24.2839 DEBUG Получено записей: 8
2017-07-14 15:50:24.2839 DEBUG Запрос: select id, code, name from codifiers.doctor_spec_tab order by 3,1;
2017-07-14 15:50:24.3009 DEBUG Получено записей: 176
2017-07-14 15:50:24.3009 DEBUG Запрос: Select mkb_id, mkb, kod_d, reestr_code from public.mkb_tab order by 1
2017-07-14 15:50:24.5519 DEBUG Получено записей: 13813
2017-07-14 15:50:29.0262 DEBUG Запрос: Select s.id, s.code, s.name from codifiers.sozstatus_tab s
2017-07-14 15:50:29.0262 DEBUG Получено записей: 11
2017-07-14 15:50:29.0422 DEBUG Запрос: Select u.id, u.code, u.name, u.doctor_id, u.otdel_id, u.age_from, u.age_for, u.flag_default, u.uchactok_type_id, u.lpu_id, u.sort, u.sex from codifiers.uchactok_tab u order by u.sort, u.name
2017-07-14 15:50:29.0422 DEBUG Получено записей: 77
2017-07-14 15:50:29.1012 DEBUG Запрос: select id, socr, name, full_name, index, code 
                              from codifiers.sp_kladr_tab
                              where level_ter=@level order by name
2017-07-14 15:50:29.1072 DEBUG Получено записей: 107
2017-07-14 15:50:29.3812 DEBUG Запрос: SELECT * FROM codifiers.lpu_tab
2017-07-14 15:50:29.3932 DEBUG Получено записей: 114
2017-07-14 15:50:32.0273 DEBUG PatientFindForm ShowFilterByDoctor set to true
2017-07-14 15:50:32.0273 DEBUG PatientFindForm OperatorId: 2469
2017-07-14 15:50:32.0273 DEBUG PatientFindForm DoctorId: 2469
2017-07-14 15:50:32.2333 DEBUG DoctorQuery
2017-07-14 15:50:32.2333 DEBUG sql: SELECT td.time_nazn as "Время записи", d.dan_id as "Id", d.fam as "Фамилия", d.nam as "Имя", d.mid as "Отчество", d.date_born as "Дата рождения", case when d.ser_pol is null then d.num_pol else d.ser_pol ||' '|| d.num_pol end as "Полис", d.address as "Адрес", case when spolref='2301001' then true else false end as "Прикреплен", case when strcom_region_id='0300000000000' then false else true end as "Иногородний" FROM dan_tab d LEFT JOIN public.talon_doctor_tab td on td.dan_id = d.dan_id WHERE td.date_nazn = date(@date) and td.doctor_id = @doctor;
2017-07-14 15:50:32.2333 DEBUG @date: 14.07.2017
2017-07-14 15:50:32.2333 DEBUG @doctor: 2469
2017-07-14 15:50:32.2333 DEBUG bindQueryToDataGrid
2017-07-14 15:50:32.2483 DEBUG Sql: SELECT td.time_nazn as "Время записи", d.dan_id as "Id", d.fam as "Фамилия", d.nam as "Имя", d.mid as "Отчество", d.date_born as "Дата рождения", case when d.ser_pol is null then d.num_pol else d.ser_pol ||' '|| d.num_pol end as "Полис", d.address as "Адрес", case when spolref='2301001' then true else false end as "Прикреплен", case when strcom_region_id='0300000000000' then false else true end as "Иногородний" FROM dan_tab d LEFT JOIN public.talon_doctor_tab td on td.dan_id = d.dan_id WHERE td.date_nazn = date(@date) and td.doctor_id = @doctor;
2017-07-14 15:50:32.2483 DEBUG SqlParams:
2017-07-14 15:50:32.2483 DEBUG SqlParam @date='14.07.2017'
2017-07-14 15:50:32.2483 DEBUG SqlParam @doctor=2469
2017-07-14 15:50:39.3727 DEBUG Sql: SELECT d.dan_id as "Id", d.fam as "Фамилия", d.nam as "Имя", d.mid as "Отчество", d.date_born as "Дата рождения", case when d.ser_pol is null then d.num_pol else d.ser_pol ||' '|| d.num_pol end as "Полис", d.pens as "СНИЛС", d.address as "Адрес", case when spolref='2301001' then true else false end as "Прикреплен" , case when strcom_region_id='0300000000000' then false else true end as "Иногородний" FROM dan_tab d WHERE Lower(d.fam) LIKE @fam and Lower(d.nam) LIKE @nam ORDER BY d.fam, d.nam, d.mid, d.date_born LIMIT 150;
2017-07-14 15:50:39.3727 DEBUG SqlParams:
2017-07-14 15:50:39.3727 DEBUG SqlParam @fam=вахрушкина%
2017-07-14 15:50:39.3727 DEBUG SqlParam @nam=алевтина%
2017-07-14 15:50:41.4479 DEBUG Запрос: Select smo.id, smo.name, kladr.name from codifiers.strcom_tab smo left join codifiers.sp_kladr_tab kladr on smo.region_id = kladr.code where smo.region_id = @id and smo.name not like '*%'order by smo.name
2017-07-14 15:50:41.5269 DEBUG Получено записей: 4
2017-07-14 15:50:41.6049 DEBUG Запрос: select * from fed_lgota_tab where pens like @snils;
2017-07-14 15:50:41.6149 DEBUG Получено записей: 1
2017-07-14 15:50:41.7679 DEBUG Запрос: SELECT t.talon_id, t.result_id, t.diag_osn, t.doctor_id, t.date_vnes_inf,
                        v.visit_id, v.doctor_id as vdoctor_id, v.data_vnes_inf as vdate_vnes_inf, v.data_pos 
                        FROM public.talon_tab t left join public.visit_tab v on v.talon_id = t.talon_id
                        where t.dan_id = @patient_id;
2017-07-14 15:50:41.7939 DEBUG Получено записей: 533
2017-07-14 15:50:44.8711 DEBUG Запрос: Select visit_id from public.visit_tab where talon_id = @talonId;
2017-07-14 15:50:44.8711 DEBUG Получено записей: 1
2017-07-14 15:50:44.9561 DEBUG Запрос: SELECT d.id FROM diagn_tab d WHERE d.talon_id = @caseId ORDER BY d.id desc;
2017-07-14 15:50:44.9561 DEBUG Получено записей: 1
