2017-01-24 17:01:17.5914 DEBUG Запрос: SELECT DISTINCT code_access, name, description 
                            FROM users_access_view WHERE users_id = @id
2017-01-24 17:01:17.6664 DEBUG Получено записей: 1
2017-01-24 17:01:22.8057 DEBUG Запрос: Select s.id, s.code, s.name from codifiers.sozstatus_tab s
2017-01-24 17:01:22.8057 DEBUG Получено записей: 11
2017-01-24 17:01:22.8277 DEBUG Запрос: Select u.id, u.code, u.name, u.doctor_id, u.otdel_id, u.age_from, u.age_for, u.flag_default, u.uchactok_type_id, u.lpu_id, u.sort, u.sex from codifiers.uchactok_tab u order by u.sort, u.name
2017-01-24 17:01:22.8357 DEBUG Получено записей: 75
2017-01-24 17:01:22.8887 DEBUG Запрос: select id, socr, name, full_name, index, code 
                              from codifiers.sp_kladr_tab
                              where level_ter=@level order by name
2017-01-24 17:01:22.8957 DEBUG Получено записей: 0
2017-01-24 17:01:30.5001 DEBUG PatientFindForm ShowFilterByDoctor set to true
2017-01-24 17:01:30.5001 DEBUG PatientFindForm OperatorId: 2470
2017-01-24 17:01:30.5001 DEBUG PatientFindForm DoctorId: -1
2017-01-24 17:01:31.0642 DEBUG _loggedOperator.DoctorId==-1
2017-01-24 17:01:31.0852 DEBUG Запрос: SELECT DISTINCT code_access, name, description 
                            FROM users_access_view WHERE users_id = @id
2017-01-24 17:01:31.0852 DEBUG Получено записей: 1
2017-01-24 17:01:32.8743 DEBUG _loggedOperator.DoctorId:-1
2017-01-24 17:01:42.3358 DEBUG Sql: SELECT d.dan_id as "Id", d.fam as "Фамилия", d.nam as "Имя", d.mid as "Отчество", d.date_born as "Дата рождения", case when d.ser_pol is null then d.num_pol else d.ser_pol ||' '|| d.num_pol end as "Полис", d.pens as "СНИЛС", d.address as "Адрес", case when spolref='2301001' then true else false end as "Прикреплен" , case when strcom_region_id='0300000000000' then false else true end as "Иногородний" FROM dan_tab d WHERE Lower(d.fam) LIKE @fam ORDER BY d.fam, d.nam, d.mid, d.date_born LIMIT 150;
2017-01-24 17:01:42.3358 DEBUG SqlParams:
2017-01-24 17:01:42.3358 DEBUG SqlParam @fam=раднаев%
2017-01-24 17:01:46.6000 DEBUG Запрос: select * from fed_lgota_tab where pens like @snils;
2017-01-24 17:01:46.6000 DEBUG Получено записей: 0
2017-01-24 17:01:46.6130 DEBUG Запрос: select * from lgot_client_tab where dan_id = @id;
2017-01-24 17:01:46.6130 DEBUG Получено записей: 0
