2017-06-10 09:58:40.2428 DEBUG Запрос: SELECT DISTINCT code_access, name, description 
                            FROM users_access_view WHERE users_id = @id
2017-06-10 09:58:40.3238 DEBUG Получено записей: 187
2017-06-10 09:58:44.6781 DEBUG SQL: select pattern from codifiers.patterns_tab where code = @patterncode and users_id is null;
2017-06-10 09:58:44.6781 DEBUG Parameters: @patterncode=, @operator=
2017-06-10 09:58:44.7061 DEBUG Result 
2017-06-10 09:58:44.7061 DEBUG нет шаблона для пользователя
2017-06-10 09:58:44.7061 DEBUG SQL: select pattern from codifiers.patterns_tab where code = @patterncode and users_id is null
2017-06-10 09:58:44.7061 DEBUG Parameters: @patterncode 
2017-06-10 09:58:44.7181 DEBUG Result 
2017-06-10 09:58:44.7711 DEBUG SQL: select pattern from codifiers.patterns_tab where code = @patterncode and users_id is null;
2017-06-10 09:58:44.7711 DEBUG Parameters: @patterncode=, @operator=
2017-06-10 09:58:44.7811 DEBUG Result 
2017-06-10 09:58:44.7811 DEBUG нет шаблона для пользователя
2017-06-10 09:58:44.7811 DEBUG SQL: select pattern from codifiers.patterns_tab where code = @patterncode and users_id is null
2017-06-10 09:58:44.7811 DEBUG Parameters: @patterncode 
2017-06-10 09:58:44.7811 DEBUG Result 
2017-06-10 09:58:45.2471 DEBUG Запрос: Select id, name, code, is_default, parent_id from codifiers.sp_kind_paid_tab order by id
2017-06-10 09:58:45.2471 DEBUG Получено записей: 9
2017-06-10 09:58:45.2471 DEBUG Запрос: Select id, name, code from codifiers.first_visit_condition_tab order by id
2017-06-10 09:58:45.2631 DEBUG Получено записей: 4
2017-06-10 09:58:45.2631 DEBUG Запрос: Select id, name, code, reestr, idsp, hospital_type_id, is_cure, is_inspection from codifiers.visit_purpose_common_tab order by id
2017-06-10 09:58:45.2781 DEBUG Получено записей: 22
2017-06-10 09:58:45.2781 DEBUG Запрос: Select id, name, code from codifiers.place_service_tab order by id
2017-06-10 09:58:45.2781 DEBUG Получено записей: 3
2017-06-10 09:58:45.3011 DEBUG Запрос: Select result_id, result, reestr, patient_state_id, reestr_rslt, reestr_ishod, _end from public.result_tab order by result_id
2017-06-10 09:58:45.3011 DEBUG Получено записей: 29
2017-06-10 09:58:45.3151 DEBUG Запрос: select id, name, code, bur_reestr_code from codifiers.travma_tab order by name;
2017-06-10 09:58:45.3151 DEBUG Получено записей: 15
2017-06-10 09:58:45.3281 DEBUG Запрос: SELECT * FROM codifiers.lpu_tab
2017-06-10 09:58:45.3521 DEBUG Получено записей: 114
2017-06-10 09:58:46.0351 DEBUG Запрос: SELECT * FROM codifiers.lpu_tab order by name
2017-06-10 09:58:46.0451 DEBUG Получено записей: 114
2017-06-10 09:58:46.0451 DEBUG Запрос: select sp_napr_obosn_id,trim(obosn_name) as obosn_name FROM sp_napr_obosn_tab ORDER BY sp_napr_obosn_id;
2017-06-10 09:58:46.0451 DEBUG Получено записей: 8
2017-06-10 09:58:46.0661 DEBUG Запрос: SELECT sp_type_napr_id, sp_type_napr FROM sp_type_napr_tab where sp_type_napr_id!=1 ORDER BY 1;
2017-06-10 09:58:46.0661 DEBUG Получено записей: 8
2017-06-10 09:58:46.1101 DEBUG Запрос: select id, code, name from codifiers.doctor_spec_tab order by 3,1;
2017-06-10 09:58:46.1101 DEBUG Получено записей: 176
2017-06-10 09:58:46.1271 DEBUG Запрос: Select mkb_id, mkb, kod_d, reestr_code from public.mkb_tab order by 1
2017-06-10 09:58:46.3191 DEBUG Получено записей: 13813
2017-06-10 09:59:16.7919 DEBUG Запрос: Select s.id, s.code, s.name from codifiers.sozstatus_tab s
2017-06-10 09:59:16.7919 DEBUG Получено записей: 11
2017-06-10 09:59:16.8059 DEBUG Запрос: Select u.id, u.code, u.name, u.doctor_id, u.otdel_id, u.age_from, u.age_for, u.flag_default, u.uchactok_type_id, u.lpu_id, u.sort, u.sex from codifiers.uchactok_tab u order by u.sort, u.name
2017-06-10 09:59:16.8059 DEBUG Получено записей: 77
2017-06-10 09:59:16.8619 DEBUG Запрос: select id, socr, name, full_name, index, code 
                              from codifiers.sp_kladr_tab
                              where level_ter=@level order by name
2017-06-10 09:59:16.8619 DEBUG Получено записей: 107
2017-06-10 09:59:17.1369 DEBUG Запрос: SELECT * FROM codifiers.lpu_tab
2017-06-10 09:59:17.1369 DEBUG Получено записей: 114
2017-06-10 09:59:23.1953 DEBUG PatientFindForm ShowFilterByDoctor set to true
2017-06-10 09:59:23.1953 DEBUG PatientFindForm OperatorId: 2469
2017-06-10 09:59:23.1953 DEBUG PatientFindForm DoctorId: 2469
2017-06-10 09:59:23.3223 DEBUG DoctorQuery
2017-06-10 09:59:23.3223 DEBUG sql: SELECT td.time_nazn as "Время записи", d.dan_id as "Id", d.fam as "Фамилия", d.nam as "Имя", d.mid as "Отчество", d.date_born as "Дата рождения", case when d.ser_pol is null then d.num_pol else d.ser_pol ||' '|| d.num_pol end as "Полис", d.address as "Адрес", case when spolref='2301001' then true else false end as "Прикреплен", case when strcom_region_id='0300000000000' then false else true end as "Иногородний" FROM dan_tab d LEFT JOIN public.talon_doctor_tab td on td.dan_id = d.dan_id WHERE td.date_nazn = date(@date) and td.doctor_id = @doctor;
2017-06-10 09:59:23.3223 DEBUG @date: 10.06.2017
2017-06-10 09:59:23.3223 DEBUG @doctor: 2469
2017-06-10 09:59:23.3223 DEBUG bindQueryToDataGrid
2017-06-10 09:59:23.3573 DEBUG Sql: SELECT td.time_nazn as "Время записи", d.dan_id as "Id", d.fam as "Фамилия", d.nam as "Имя", d.mid as "Отчество", d.date_born as "Дата рождения", case when d.ser_pol is null then d.num_pol else d.ser_pol ||' '|| d.num_pol end as "Полис", d.address as "Адрес", case when spolref='2301001' then true else false end as "Прикреплен", case when strcom_region_id='0300000000000' then false else true end as "Иногородний" FROM dan_tab d LEFT JOIN public.talon_doctor_tab td on td.dan_id = d.dan_id WHERE td.date_nazn = date(@date) and td.doctor_id = @doctor;
2017-06-10 09:59:23.3583 DEBUG SqlParams:
2017-06-10 09:59:23.3583 DEBUG SqlParam @date='10.06.2017'
2017-06-10 09:59:23.3583 DEBUG SqlParam @doctor=2469
2017-06-10 09:59:34.9999 DEBUG Sql: SELECT d.dan_id as "Id", d.fam as "Фамилия", d.nam as "Имя", d.mid as "Отчество", d.date_born as "Дата рождения", case when d.ser_pol is null then d.num_pol else d.ser_pol ||' '|| d.num_pol end as "Полис", d.pens as "СНИЛС", d.address as "Адрес", case when spolref='2301001' then true else false end as "Прикреплен" , case when strcom_region_id='0300000000000' then false else true end as "Иногородний" FROM dan_tab d WHERE Lower(d.fam) LIKE @fam and Lower(d.nam) LIKE @nam ORDER BY d.fam, d.nam, d.mid, d.date_born LIMIT 150;
2017-06-10 09:59:34.9999 DEBUG SqlParams:
2017-06-10 09:59:34.9999 DEBUG SqlParam @fam=вахрушкина%
2017-06-10 09:59:34.9999 DEBUG SqlParam @nam=алевтина%
2017-06-10 09:59:38.8081 DEBUG Запрос: Select smo.id, smo.name, kladr.name from codifiers.strcom_tab smo left join codifiers.sp_kladr_tab kladr on smo.region_id = kladr.code where smo.region_id = @id and smo.name not like '*%'order by smo.name
2017-06-10 09:59:38.8852 DEBUG Получено записей: 4
2017-06-10 09:59:38.9632 DEBUG Запрос: select * from fed_lgota_tab where pens like @snils;
2017-06-10 09:59:38.9632 DEBUG Получено записей: 1
2017-06-10 09:59:39.1252 DEBUG Запрос: SELECT t.talon_id, t.result_id, t.diag_osn, t.doctor_id, t.date_vnes_inf,
                        v.visit_id, v.doctor_id as vdoctor_id, v.data_vnes_inf as vdate_vnes_inf, v.data_pos 
                        FROM public.talon_tab t left join public.visit_tab v on v.talon_id = t.talon_id
                        where t.dan_id = @patient_id;
2017-06-10 09:59:39.4372 DEBUG Получено записей: 531
2017-06-10 09:59:42.2063 DEBUG Запрос: Select visit_id from public.visit_tab where talon_id = @talonId;
2017-06-10 09:59:42.2063 DEBUG Получено записей: 0
2017-06-10 09:59:42.2613 DEBUG Запрос: SELECT d.id FROM diagn_tab d WHERE d.talon_id = @caseId ORDER BY d.id desc;
2017-06-10 09:59:42.2613 DEBUG Получено записей: 0
2017-06-10 09:59:55.9611 DEBUG PatientFindForm ShowFilterByDoctor set to true
2017-06-10 09:59:55.9611 DEBUG PatientFindForm OperatorId: 2469
2017-06-10 09:59:55.9681 DEBUG PatientFindForm DoctorId: 2469
2017-06-10 09:59:56.0751 DEBUG DoctorQuery
2017-06-10 09:59:56.0751 DEBUG sql: SELECT td.time_nazn as "Время записи", d.dan_id as "Id", d.fam as "Фамилия", d.nam as "Имя", d.mid as "Отчество", d.date_born as "Дата рождения", case when d.ser_pol is null then d.num_pol else d.ser_pol ||' '|| d.num_pol end as "Полис", d.address as "Адрес", case when spolref='2301001' then true else false end as "Прикреплен", case when strcom_region_id='0300000000000' then false else true end as "Иногородний" FROM dan_tab d LEFT JOIN public.talon_doctor_tab td on td.dan_id = d.dan_id WHERE td.date_nazn = date(@date) and td.doctor_id = @doctor;
2017-06-10 09:59:56.0751 DEBUG @date: 10.06.2017
2017-06-10 09:59:56.0751 DEBUG @doctor: 2469
2017-06-10 09:59:56.0751 DEBUG bindQueryToDataGrid
2017-06-10 09:59:56.0751 DEBUG Sql: SELECT td.time_nazn as "Время записи", d.dan_id as "Id", d.fam as "Фамилия", d.nam as "Имя", d.mid as "Отчество", d.date_born as "Дата рождения", case when d.ser_pol is null then d.num_pol else d.ser_pol ||' '|| d.num_pol end as "Полис", d.address as "Адрес", case when spolref='2301001' then true else false end as "Прикреплен", case when strcom_region_id='0300000000000' then false else true end as "Иногородний" FROM dan_tab d LEFT JOIN public.talon_doctor_tab td on td.dan_id = d.dan_id WHERE td.date_nazn = date(@date) and td.doctor_id = @doctor;
2017-06-10 09:59:56.0751 DEBUG SqlParams:
2017-06-10 09:59:56.0751 DEBUG SqlParam @date='10.06.2017'
2017-06-10 09:59:56.0751 DEBUG SqlParam @doctor=2469
2017-06-10 10:00:07.4258 DEBUG Запрос: Select visit_id from public.visit_tab where talon_id = @talonId;
2017-06-10 10:00:07.4258 DEBUG Получено записей: 1
2017-06-10 10:00:07.5098 DEBUG Запрос: SELECT d.id FROM diagn_tab d WHERE d.talon_id = @caseId ORDER BY d.id desc;
2017-06-10 10:00:07.5098 DEBUG Получено записей: 3
2017-06-10 10:00:09.6129 DEBUG Запрос: SELECT d.id FROM diagn_tab d WHERE d.talon_id = @caseId ORDER BY d.id desc;
2017-06-10 10:00:09.6129 DEBUG Получено записей: 3
2017-06-10 10:00:09.7279 DEBUG Запрос: SELECT c.name, o.kol_vo, o.id, o.sp_uslug_id, o.inference_diagnosis FROM okaz_uslug_tab o LEFT JOIN codifiers.sp_uslug_tab c ON c.id = o.sp_uslug_id WHERE table_link_name = 'visit_tab' AND  table_link_id = @visitId;
2017-06-10 10:00:09.7279 DEBUG Получено записей: 0
2017-06-10 10:00:09.7459 DEBUG Запрос: SELECT p.id, p.name, p.code, p.sp_trnm_id, tr.name_lat AS nam_lat, tr.name AS nam_rus, p.sp_mnn_id, mnn.name_lat AS mnn_lat, mnn.name AS mnn_rus, p.sp_lf_id, lf.name as dtd, p.name_fct, p.name_cnf, p.doza, p.signa, p.price, p.sp_doza_id, p.d_ls, p.kod_rias FROM codifiers.preparat_tab p LEFT JOIN codifiers.sp_lf_tab lf ON lf.id = p.sp_lf_id LEFT JOIN codifiers.sp_trnm_tab tr ON tr.id = p.sp_trnm_id LEFT JOIN codifiers.sp_mnn_tab mnn ON mnn.id = p.sp_mnn_id;
2017-06-10 10:00:11.3860 DEBUG Получено записей: 36330
2017-06-10 10:11:19.4252 DEBUG Запрос: SELECT DISTINCT code_access, name, description 
                            FROM users_access_view WHERE users_id = @id
2017-06-10 10:11:19.4732 DEBUG Получено записей: 187
2017-06-10 10:11:22.1134 DEBUG SQL: select pattern from codifiers.patterns_tab where code = @patterncode and users_id is null;
2017-06-10 10:11:22.1134 DEBUG Parameters: @patterncode=, @operator=
2017-06-10 10:11:22.1414 DEBUG Result 
2017-06-10 10:11:22.1414 DEBUG нет шаблона для пользователя
2017-06-10 10:11:22.1414 DEBUG SQL: select pattern from codifiers.patterns_tab where code = @patterncode and users_id is null
2017-06-10 10:11:22.1414 DEBUG Parameters: @patterncode 
2017-06-10 10:11:22.1544 DEBUG Result 
2017-06-10 10:11:22.2114 DEBUG SQL: select pattern from codifiers.patterns_tab where code = @patterncode and users_id is null;
2017-06-10 10:11:22.2114 DEBUG Parameters: @patterncode=, @operator=
2017-06-10 10:11:22.2114 DEBUG Result 
2017-06-10 10:11:22.2114 DEBUG нет шаблона для пользователя
2017-06-10 10:11:22.2114 DEBUG SQL: select pattern from codifiers.patterns_tab where code = @patterncode and users_id is null
2017-06-10 10:11:22.2114 DEBUG Parameters: @patterncode 
2017-06-10 10:11:22.2334 DEBUG Result 
2017-06-10 10:11:22.5774 DEBUG Запрос: Select id, name, code, is_default, parent_id from codifiers.sp_kind_paid_tab order by id
2017-06-10 10:11:22.5774 DEBUG Получено записей: 9
2017-06-10 10:11:22.5904 DEBUG Запрос: Select id, name, code from codifiers.first_visit_condition_tab order by id
2017-06-10 10:11:22.5904 DEBUG Получено записей: 4
2017-06-10 10:11:22.6024 DEBUG Запрос: Select id, name, code, reestr, idsp, hospital_type_id, is_cure, is_inspection from codifiers.visit_purpose_common_tab order by id
2017-06-10 10:11:22.6024 DEBUG Получено записей: 22
2017-06-10 10:11:22.6174 DEBUG Запрос: Select id, name, code from codifiers.place_service_tab order by id
2017-06-10 10:11:22.6174 DEBUG Получено записей: 3
2017-06-10 10:11:22.6174 DEBUG Запрос: Select result_id, result, reestr, patient_state_id, reestr_rslt, reestr_ishod, _end from public.result_tab order by result_id
2017-06-10 10:11:22.6344 DEBUG Получено записей: 29
2017-06-10 10:11:22.6594 DEBUG Запрос: select id, name, code, bur_reestr_code from codifiers.travma_tab order by name;
2017-06-10 10:11:22.6594 DEBUG Получено записей: 15
2017-06-10 10:11:22.6724 DEBUG Запрос: SELECT * FROM codifiers.lpu_tab
2017-06-10 10:11:22.6964 DEBUG Получено записей: 114
2017-06-10 10:11:23.0394 DEBUG Запрос: SELECT * FROM codifiers.lpu_tab order by name
2017-06-10 10:11:23.0394 DEBUG Получено записей: 114
2017-06-10 10:11:23.0604 DEBUG Запрос: select sp_napr_obosn_id,trim(obosn_name) as obosn_name FROM sp_napr_obosn_tab ORDER BY sp_napr_obosn_id;
2017-06-10 10:11:23.0604 DEBUG Получено записей: 8
2017-06-10 10:11:23.0724 DEBUG Запрос: SELECT sp_type_napr_id, sp_type_napr FROM sp_type_napr_tab where sp_type_napr_id!=1 ORDER BY 1;
2017-06-10 10:11:23.0724 DEBUG Получено записей: 8
2017-06-10 10:11:23.0874 DEBUG Запрос: select id, code, name from codifiers.doctor_spec_tab order by 3,1;
2017-06-10 10:11:23.0874 DEBUG Получено записей: 176
2017-06-10 10:11:23.1044 DEBUG Запрос: Select mkb_id, mkb, kod_d, reestr_code from public.mkb_tab order by 1
2017-06-10 10:11:23.2934 DEBUG Получено записей: 13813
2017-06-10 10:11:29.4618 DEBUG Запрос: Select s.id, s.code, s.name from codifiers.sozstatus_tab s
2017-06-10 10:11:29.4618 DEBUG Получено записей: 11
2017-06-10 10:11:29.4758 DEBUG Запрос: Select u.id, u.code, u.name, u.doctor_id, u.otdel_id, u.age_from, u.age_for, u.flag_default, u.uchactok_type_id, u.lpu_id, u.sort, u.sex from codifiers.uchactok_tab u order by u.sort, u.name
2017-06-10 10:11:29.4818 DEBUG Получено записей: 77
2017-06-10 10:11:29.5338 DEBUG Запрос: select id, socr, name, full_name, index, code 
                              from codifiers.sp_kladr_tab
                              where level_ter=@level order by name
2017-06-10 10:11:29.5338 DEBUG Получено записей: 107
2017-06-10 10:11:29.8068 DEBUG Запрос: SELECT * FROM codifiers.lpu_tab
2017-06-10 10:11:29.8188 DEBUG Получено записей: 114
2017-06-10 10:11:35.5441 DEBUG PatientFindForm ShowFilterByDoctor set to true
2017-06-10 10:11:35.5441 DEBUG PatientFindForm OperatorId: 2469
2017-06-10 10:11:35.5441 DEBUG PatientFindForm DoctorId: 2469
2017-06-10 10:11:35.6802 DEBUG DoctorQuery
2017-06-10 10:11:35.6802 DEBUG sql: SELECT td.time_nazn as "Время записи", d.dan_id as "Id", d.fam as "Фамилия", d.nam as "Имя", d.mid as "Отчество", d.date_born as "Дата рождения", case when d.ser_pol is null then d.num_pol else d.ser_pol ||' '|| d.num_pol end as "Полис", d.address as "Адрес", case when spolref='2301001' then true else false end as "Прикреплен", case when strcom_region_id='0300000000000' then false else true end as "Иногородний" FROM dan_tab d LEFT JOIN public.talon_doctor_tab td on td.dan_id = d.dan_id WHERE td.date_nazn = date(@date) and td.doctor_id = @doctor;
2017-06-10 10:11:35.6802 DEBUG @date: 10.06.2017
2017-06-10 10:11:35.6802 DEBUG @doctor: 2469
2017-06-10 10:11:35.6802 DEBUG bindQueryToDataGrid
2017-06-10 10:11:35.7002 DEBUG Sql: SELECT td.time_nazn as "Время записи", d.dan_id as "Id", d.fam as "Фамилия", d.nam as "Имя", d.mid as "Отчество", d.date_born as "Дата рождения", case when d.ser_pol is null then d.num_pol else d.ser_pol ||' '|| d.num_pol end as "Полис", d.address as "Адрес", case when spolref='2301001' then true else false end as "Прикреплен", case when strcom_region_id='0300000000000' then false else true end as "Иногородний" FROM dan_tab d LEFT JOIN public.talon_doctor_tab td on td.dan_id = d.dan_id WHERE td.date_nazn = date(@date) and td.doctor_id = @doctor;
2017-06-10 10:11:35.7002 DEBUG SqlParams:
2017-06-10 10:11:35.7002 DEBUG SqlParam @date='10.06.2017'
2017-06-10 10:11:35.7002 DEBUG SqlParam @doctor=2469
2017-06-10 10:11:47.5928 DEBUG Sql: SELECT d.dan_id as "Id", d.fam as "Фамилия", d.nam as "Имя", d.mid as "Отчество", d.date_born as "Дата рождения", case when d.ser_pol is null then d.num_pol else d.ser_pol ||' '|| d.num_pol end as "Полис", d.pens as "СНИЛС", d.address as "Адрес", case when spolref='2301001' then true else false end as "Прикреплен" , case when strcom_region_id='0300000000000' then false else true end as "Иногородний" FROM dan_tab d WHERE Lower(d.fam) LIKE @fam and Lower(d.nam) LIKE @nam ORDER BY d.fam, d.nam, d.mid, d.date_born LIMIT 150;
2017-06-10 10:11:47.5928 DEBUG SqlParams:
2017-06-10 10:11:47.5928 DEBUG SqlParam @fam=вахрушкина%
2017-06-10 10:11:47.5928 DEBUG SqlParam @nam=алевтина%
2017-06-10 10:11:51.3770 DEBUG Запрос: Select smo.id, smo.name, kladr.name from codifiers.strcom_tab smo left join codifiers.sp_kladr_tab kladr on smo.region_id = kladr.code where smo.region_id = @id and smo.name not like '*%'order by smo.name
2017-06-10 10:11:51.4541 DEBUG Получено записей: 4
2017-06-10 10:11:51.5311 DEBUG Запрос: select * from fed_lgota_tab where pens like @snils;
2017-06-10 10:11:51.5311 DEBUG Получено записей: 1
2017-06-10 10:11:51.6651 DEBUG Запрос: SELECT t.talon_id, t.result_id, t.diag_osn, t.doctor_id, t.date_vnes_inf,
                        v.visit_id, v.doctor_id as vdoctor_id, v.data_vnes_inf as vdate_vnes_inf, v.data_pos 
                        FROM public.talon_tab t left join public.visit_tab v on v.talon_id = t.talon_id
                        where t.dan_id = @patient_id;
2017-06-10 10:11:51.6981 DEBUG Получено записей: 531
2017-06-10 10:11:54.4692 DEBUG Запрос: Select visit_id from public.visit_tab where talon_id = @talonId;
2017-06-10 10:11:54.4722 DEBUG Получено записей: 0
2017-06-10 10:11:54.5112 DEBUG Запрос: SELECT d.id FROM diagn_tab d WHERE d.talon_id = @caseId ORDER BY d.id desc;
2017-06-10 10:11:54.5112 DEBUG Получено записей: 0
2017-06-10 10:12:03.5967 DEBUG Запрос: Select visit_id from public.visit_tab where talon_id = @talonId;
2017-06-10 10:12:03.5987 DEBUG Получено записей: 1
2017-06-10 10:12:03.6578 DEBUG Запрос: SELECT d.id FROM diagn_tab d WHERE d.talon_id = @caseId ORDER BY d.id desc;
2017-06-10 10:12:03.6618 DEBUG Получено записей: 3
2017-06-10 10:12:03.7898 DEBUG Запрос: SELECT c.name, o.kol_vo, o.id, o.sp_uslug_id, o.inference_diagnosis FROM okaz_uslug_tab o LEFT JOIN codifiers.sp_uslug_tab c ON c.id = o.sp_uslug_id WHERE table_link_name = 'visit_tab' AND  table_link_id = @visitId;
2017-06-10 10:12:03.7898 DEBUG Получено записей: 0
2017-06-10 10:12:03.8088 DEBUG Запрос: SELECT p.id, p.name, p.code, p.sp_trnm_id, tr.name_lat AS nam_lat, tr.name AS nam_rus, p.sp_mnn_id, mnn.name_lat AS mnn_lat, mnn.name AS mnn_rus, p.sp_lf_id, lf.name as dtd, p.name_fct, p.name_cnf, p.doza, p.signa, p.price, p.sp_doza_id, p.d_ls, p.kod_rias FROM codifiers.preparat_tab p LEFT JOIN codifiers.sp_lf_tab lf ON lf.id = p.sp_lf_id LEFT JOIN codifiers.sp_trnm_tab tr ON tr.id = p.sp_trnm_id LEFT JOIN codifiers.sp_mnn_tab mnn ON mnn.id = p.sp_mnn_id;
2017-06-10 10:12:05.1738 DEBUG Получено записей: 36330
2017-06-10 10:12:17.5595 DEBUG Запрос: SELECT d.id FROM diagn_tab d WHERE d.talon_id = @caseId ORDER BY d.id desc;
2017-06-10 10:12:17.5625 DEBUG Получено записей: 3
2017-06-10 10:12:39.2598 DEBUG Запрос: SELECT d.id FROM diagn_tab d WHERE d.talon_id = @caseId ORDER BY d.id desc;
2017-06-10 10:12:39.2598 DEBUG Получено записей: 3
2017-06-10 10:12:39.3668 DEBUG Запрос: SELECT c.name, o.kol_vo, o.id, o.sp_uslug_id, o.inference_diagnosis FROM okaz_uslug_tab o LEFT JOIN codifiers.sp_uslug_tab c ON c.id = o.sp_uslug_id WHERE table_link_name = 'visit_tab' AND  table_link_id = @visitId;
2017-06-10 10:12:39.3718 DEBUG Получено записей: 0
2017-06-10 10:13:06.9784 DEBUG Запрос: Select visit_id from public.visit_tab where talon_id = @talonId;
2017-06-10 10:13:06.9784 DEBUG Получено записей: 3
2017-06-10 10:13:07.1334 DEBUG Запрос: SELECT d.id FROM diagn_tab d WHERE d.talon_id = @caseId ORDER BY d.id desc;
2017-06-10 10:13:07.1374 DEBUG Получено записей: 4
2017-06-10 10:13:10.5326 DEBUG Запрос: SELECT d.id FROM diagn_tab d WHERE d.talon_id = @caseId ORDER BY d.id desc;
2017-06-10 10:13:10.5326 DEBUG Получено записей: 4
2017-06-10 10:13:10.6486 DEBUG Запрос: SELECT c.name, o.kol_vo, o.id, o.sp_uslug_id, o.inference_diagnosis FROM okaz_uslug_tab o LEFT JOIN codifiers.sp_uslug_tab c ON c.id = o.sp_uslug_id WHERE table_link_name = 'visit_tab' AND  table_link_id = @visitId;
2017-06-10 10:13:10.6646 DEBUG Получено записей: 1
2017-06-10 10:13:11.3636 DEBUG Запрос: SELECT d.id FROM diagn_tab d WHERE d.talon_id = @caseId ORDER BY d.id desc;
2017-06-10 10:13:11.3666 DEBUG Получено записей: 4
2017-06-10 10:13:11.4676 DEBUG Запрос: SELECT c.name, o.kol_vo, o.id, o.sp_uslug_id, o.inference_diagnosis FROM okaz_uslug_tab o LEFT JOIN codifiers.sp_uslug_tab c ON c.id = o.sp_uslug_id WHERE table_link_name = 'visit_tab' AND  table_link_id = @visitId;
2017-06-10 10:13:11.4676 DEBUG Получено записей: 1
2017-06-10 10:13:12.0217 DEBUG Запрос: SELECT d.id FROM diagn_tab d WHERE d.talon_id = @caseId ORDER BY d.id desc;
2017-06-10 10:13:12.0217 DEBUG Получено записей: 4
2017-06-10 10:13:12.1267 DEBUG Запрос: SELECT c.name, o.kol_vo, o.id, o.sp_uslug_id, o.inference_diagnosis FROM okaz_uslug_tab o LEFT JOIN codifiers.sp_uslug_tab c ON c.id = o.sp_uslug_id WHERE table_link_name = 'visit_tab' AND  table_link_id = @visitId;
2017-06-10 10:13:12.1427 DEBUG Получено записей: 1
2017-06-10 10:13:13.1827 DEBUG Запрос: SELECT d.id FROM diagn_tab d WHERE d.talon_id = @caseId ORDER BY d.id desc;
2017-06-10 10:13:13.1827 DEBUG Получено записей: 4
2017-06-10 10:13:13.2887 DEBUG Запрос: SELECT c.name, o.kol_vo, o.id, o.sp_uslug_id, o.inference_diagnosis FROM okaz_uslug_tab o LEFT JOIN codifiers.sp_uslug_tab c ON c.id = o.sp_uslug_id WHERE table_link_name = 'visit_tab' AND  table_link_id = @visitId;
2017-06-10 10:13:13.2887 DEBUG Получено записей: 1
2017-06-10 10:13:13.8838 DEBUG Запрос: SELECT d.id FROM diagn_tab d WHERE d.talon_id = @caseId ORDER BY d.id desc;
2017-06-10 10:13:13.8838 DEBUG Получено записей: 4
2017-06-10 10:13:22.7633 DEBUG Запрос: SELECT d.id FROM diagn_tab d WHERE d.talon_id = @caseId ORDER BY d.id desc;
2017-06-10 10:13:22.7683 DEBUG Получено записей: 4
2017-06-10 10:13:22.8803 DEBUG Запрос: SELECT c.name, o.kol_vo, o.id, o.sp_uslug_id, o.inference_diagnosis FROM okaz_uslug_tab o LEFT JOIN codifiers.sp_uslug_tab c ON c.id = o.sp_uslug_id WHERE table_link_name = 'visit_tab' AND  table_link_id = @visitId;
2017-06-10 10:13:22.8803 DEBUG Получено записей: 1
2017-06-10 10:18:10.2457 DEBUG Запрос: SELECT DISTINCT code_access, name, description 
                            FROM users_access_view WHERE users_id = @id
2017-06-10 10:18:10.2927 DEBUG Получено записей: 187
2017-06-10 10:18:12.7769 DEBUG SQL: select pattern from codifiers.patterns_tab where code = @patterncode and users_id is null;
2017-06-10 10:18:12.7769 DEBUG Parameters: @patterncode=, @operator=
2017-06-10 10:18:12.8049 DEBUG Result 
2017-06-10 10:18:12.8049 DEBUG нет шаблона для пользователя
2017-06-10 10:18:12.8049 DEBUG SQL: select pattern from codifiers.patterns_tab where code = @patterncode and users_id is null
2017-06-10 10:18:12.8059 DEBUG Parameters: @patterncode 
2017-06-10 10:18:12.8059 DEBUG Result 
2017-06-10 10:18:12.8679 DEBUG SQL: select pattern from codifiers.patterns_tab where code = @patterncode and users_id is null;
2017-06-10 10:18:12.8679 DEBUG Parameters: @patterncode=, @operator=
2017-06-10 10:18:12.8679 DEBUG Result 
2017-06-10 10:18:12.8679 DEBUG нет шаблона для пользователя
2017-06-10 10:18:12.8679 DEBUG SQL: select pattern from codifiers.patterns_tab where code = @patterncode and users_id is null
2017-06-10 10:18:12.8679 DEBUG Parameters: @patterncode 
2017-06-10 10:18:12.8889 DEBUG Result 
2017-06-10 10:18:13.1839 DEBUG Запрос: Select id, name, code, is_default, parent_id from codifiers.sp_kind_paid_tab order by id
2017-06-10 10:18:13.1839 DEBUG Получено записей: 9
2017-06-10 10:18:13.1959 DEBUG Запрос: Select id, name, code from codifiers.first_visit_condition_tab order by id
2017-06-10 10:18:13.1959 DEBUG Получено записей: 4
2017-06-10 10:18:13.1959 DEBUG Запрос: Select id, name, code, reestr, idsp, hospital_type_id, is_cure, is_inspection from codifiers.visit_purpose_common_tab order by id
2017-06-10 10:18:13.2129 DEBUG Получено записей: 22
2017-06-10 10:18:13.2129 DEBUG Запрос: Select id, name, code from codifiers.place_service_tab order by id
2017-06-10 10:18:13.2129 DEBUG Получено записей: 3
2017-06-10 10:18:13.2349 DEBUG Запрос: Select result_id, result, reestr, patient_state_id, reestr_rslt, reestr_ishod, _end from public.result_tab order by result_id
2017-06-10 10:18:13.2539 DEBUG Получено записей: 29
2017-06-10 10:18:13.2659 DEBUG Запрос: select id, name, code, bur_reestr_code from codifiers.travma_tab order by name;
2017-06-10 10:18:13.2659 DEBUG Получено записей: 15
2017-06-10 10:18:13.2789 DEBUG Запрос: SELECT * FROM codifiers.lpu_tab
2017-06-10 10:18:13.3039 DEBUG Получено записей: 114
2017-06-10 10:18:13.6259 DEBUG Запрос: SELECT * FROM codifiers.lpu_tab order by name
2017-06-10 10:18:13.6379 DEBUG Получено записей: 114
2017-06-10 10:18:13.6479 DEBUG Запрос: select sp_napr_obosn_id,trim(obosn_name) as obosn_name FROM sp_napr_obosn_tab ORDER BY sp_napr_obosn_id;
2017-06-10 10:18:13.6479 DEBUG Получено записей: 8
2017-06-10 10:18:13.6479 DEBUG Запрос: SELECT sp_type_napr_id, sp_type_napr FROM sp_type_napr_tab where sp_type_napr_id!=1 ORDER BY 1;
2017-06-10 10:18:13.6479 DEBUG Получено записей: 8
2017-06-10 10:18:13.6739 DEBUG Запрос: select id, code, name from codifiers.doctor_spec_tab order by 3,1;
2017-06-10 10:18:13.6799 DEBUG Получено записей: 176
2017-06-10 10:18:13.6799 DEBUG Запрос: Select mkb_id, mkb, kod_d, reestr_code from public.mkb_tab order by 1
2017-06-10 10:18:13.8879 DEBUG Получено записей: 13813
2017-06-10 10:18:18.3912 DEBUG Запрос: Select s.id, s.code, s.name from codifiers.sozstatus_tab s
2017-06-10 10:18:18.3912 DEBUG Получено записей: 11
2017-06-10 10:18:18.3912 DEBUG Запрос: Select u.id, u.code, u.name, u.doctor_id, u.otdel_id, u.age_from, u.age_for, u.flag_default, u.uchactok_type_id, u.lpu_id, u.sort, u.sex from codifiers.uchactok_tab u order by u.sort, u.name
2017-06-10 10:18:18.4102 DEBUG Получено записей: 77
2017-06-10 10:18:18.4612 DEBUG Запрос: select id, socr, name, full_name, index, code 
                              from codifiers.sp_kladr_tab
                              where level_ter=@level order by name
2017-06-10 10:18:18.4612 DEBUG Получено записей: 107
2017-06-10 10:18:18.7222 DEBUG Запрос: SELECT * FROM codifiers.lpu_tab
2017-06-10 10:18:18.7352 DEBUG Получено записей: 114
2017-06-10 10:18:24.2515 DEBUG PatientFindForm ShowFilterByDoctor set to true
2017-06-10 10:18:24.2515 DEBUG PatientFindForm OperatorId: 2469
2017-06-10 10:18:24.2515 DEBUG PatientFindForm DoctorId: 2469
2017-06-10 10:18:24.3785 DEBUG DoctorQuery
2017-06-10 10:18:24.3785 DEBUG sql: SELECT td.time_nazn as "Время записи", d.dan_id as "Id", d.fam as "Фамилия", d.nam as "Имя", d.mid as "Отчество", d.date_born as "Дата рождения", case when d.ser_pol is null then d.num_pol else d.ser_pol ||' '|| d.num_pol end as "Полис", d.address as "Адрес", case when spolref='2301001' then true else false end as "Прикреплен", case when strcom_region_id='0300000000000' then false else true end as "Иногородний" FROM dan_tab d LEFT JOIN public.talon_doctor_tab td on td.dan_id = d.dan_id WHERE td.date_nazn = date(@date) and td.doctor_id = @doctor;
2017-06-10 10:18:24.3785 DEBUG @date: 10.06.2017
2017-06-10 10:18:24.3785 DEBUG @doctor: 2469
2017-06-10 10:18:24.3785 DEBUG bindQueryToDataGrid
2017-06-10 10:18:24.3915 DEBUG Sql: SELECT td.time_nazn as "Время записи", d.dan_id as "Id", d.fam as "Фамилия", d.nam as "Имя", d.mid as "Отчество", d.date_born as "Дата рождения", case when d.ser_pol is null then d.num_pol else d.ser_pol ||' '|| d.num_pol end as "Полис", d.address as "Адрес", case when spolref='2301001' then true else false end as "Прикреплен", case when strcom_region_id='0300000000000' then false else true end as "Иногородний" FROM dan_tab d LEFT JOIN public.talon_doctor_tab td on td.dan_id = d.dan_id WHERE td.date_nazn = date(@date) and td.doctor_id = @doctor;
2017-06-10 10:18:24.3915 DEBUG SqlParams:
2017-06-10 10:18:24.3915 DEBUG SqlParam @date='10.06.2017'
2017-06-10 10:18:24.3915 DEBUG SqlParam @doctor=2469
2017-06-10 10:18:35.4942 DEBUG Sql: SELECT d.dan_id as "Id", d.fam as "Фамилия", d.nam as "Имя", d.mid as "Отчество", d.date_born as "Дата рождения", case when d.ser_pol is null then d.num_pol else d.ser_pol ||' '|| d.num_pol end as "Полис", d.pens as "СНИЛС", d.address as "Адрес", case when spolref='2301001' then true else false end as "Прикреплен" , case when strcom_region_id='0300000000000' then false else true end as "Иногородний" FROM dan_tab d WHERE Lower(d.fam) LIKE @fam and Lower(d.nam) LIKE @nam ORDER BY d.fam, d.nam, d.mid, d.date_born LIMIT 150;
2017-06-10 10:18:35.4942 DEBUG SqlParams:
2017-06-10 10:18:35.4942 DEBUG SqlParam @fam=вахрушкина%
2017-06-10 10:18:35.4942 DEBUG SqlParam @nam=алевтина%
2017-06-10 10:18:39.0314 DEBUG Запрос: Select smo.id, smo.name, kladr.name from codifiers.strcom_tab smo left join codifiers.sp_kladr_tab kladr on smo.region_id = kladr.code where smo.region_id = @id and smo.name not like '*%'order by smo.name
2017-06-10 10:18:39.1084 DEBUG Получено записей: 4
2017-06-10 10:18:39.1894 DEBUG Запрос: select * from fed_lgota_tab where pens like @snils;
2017-06-10 10:18:39.1894 DEBUG Получено записей: 1
2017-06-10 10:18:39.3254 DEBUG Запрос: SELECT t.talon_id, t.result_id, t.diag_osn, t.doctor_id, t.date_vnes_inf,
                        v.visit_id, v.doctor_id as vdoctor_id, v.data_vnes_inf as vdate_vnes_inf, v.data_pos 
                        FROM public.talon_tab t left join public.visit_tab v on v.talon_id = t.talon_id
                        where t.dan_id = @patient_id;
2017-06-10 10:18:39.3624 DEBUG Получено записей: 531
2017-06-10 10:18:42.1685 DEBUG Запрос: Select visit_id from public.visit_tab where talon_id = @talonId;
2017-06-10 10:18:42.1685 DEBUG Получено записей: 0
2017-06-10 10:18:42.2115 DEBUG Запрос: SELECT d.id FROM diagn_tab d WHERE d.talon_id = @caseId ORDER BY d.id desc;
2017-06-10 10:18:42.2115 DEBUG Получено записей: 0
2017-06-10 10:18:52.9252 DEBUG Запрос: Select visit_id from public.visit_tab where talon_id = @talonId;
2017-06-10 10:18:52.9252 DEBUG Получено записей: 1
2017-06-10 10:18:52.9862 DEBUG Запрос: SELECT d.id FROM diagn_tab d WHERE d.talon_id = @caseId ORDER BY d.id desc;
2017-06-10 10:18:52.9862 DEBUG Получено записей: 2
2017-06-10 10:18:53.1012 DEBUG Запрос: SELECT c.name, o.kol_vo, o.id, o.sp_uslug_id, o.inference_diagnosis FROM okaz_uslug_tab o LEFT JOIN codifiers.sp_uslug_tab c ON c.id = o.sp_uslug_id WHERE table_link_name = 'visit_tab' AND  table_link_id = @visitId;
2017-06-10 10:18:53.1012 DEBUG Получено записей: 0
2017-06-10 10:18:53.1192 DEBUG Запрос: SELECT p.id, p.name, p.code, p.sp_trnm_id, tr.name_lat AS nam_lat, tr.name AS nam_rus, p.sp_mnn_id, mnn.name_lat AS mnn_lat, mnn.name AS mnn_rus, p.sp_lf_id, lf.name as dtd, p.name_fct, p.name_cnf, p.doza, p.signa, p.price, p.sp_doza_id, p.d_ls, p.kod_rias FROM codifiers.preparat_tab p LEFT JOIN codifiers.sp_lf_tab lf ON lf.id = p.sp_lf_id LEFT JOIN codifiers.sp_trnm_tab tr ON tr.id = p.sp_trnm_id LEFT JOIN codifiers.sp_mnn_tab mnn ON mnn.id = p.sp_mnn_id;
2017-06-10 10:18:54.6563 DEBUG Получено записей: 36330
2017-06-10 10:19:00.9716 DEBUG PatientFindForm ShowFilterByDoctor set to true
2017-06-10 10:19:01.0006 DEBUG PatientFindForm OperatorId: 2469
2017-06-10 10:19:01.0006 DEBUG PatientFindForm DoctorId: 2469
2017-06-10 10:19:01.1146 DEBUG DoctorQuery
2017-06-10 10:19:01.1146 DEBUG sql: SELECT td.time_nazn as "Время записи", d.dan_id as "Id", d.fam as "Фамилия", d.nam as "Имя", d.mid as "Отчество", d.date_born as "Дата рождения", case when d.ser_pol is null then d.num_pol else d.ser_pol ||' '|| d.num_pol end as "Полис", d.address as "Адрес", case when spolref='2301001' then true else false end as "Прикреплен", case when strcom_region_id='0300000000000' then false else true end as "Иногородний" FROM dan_tab d LEFT JOIN public.talon_doctor_tab td on td.dan_id = d.dan_id WHERE td.date_nazn = date(@date) and td.doctor_id = @doctor;
2017-06-10 10:19:01.1146 DEBUG @date: 10.06.2017
2017-06-10 10:19:01.1146 DEBUG @doctor: 2469
2017-06-10 10:19:01.1146 DEBUG bindQueryToDataGrid
2017-06-10 10:19:01.1146 DEBUG Sql: SELECT td.time_nazn as "Время записи", d.dan_id as "Id", d.fam as "Фамилия", d.nam as "Имя", d.mid as "Отчество", d.date_born as "Дата рождения", case when d.ser_pol is null then d.num_pol else d.ser_pol ||' '|| d.num_pol end as "Полис", d.address as "Адрес", case when spolref='2301001' then true else false end as "Прикреплен", case when strcom_region_id='0300000000000' then false else true end as "Иногородний" FROM dan_tab d LEFT JOIN public.talon_doctor_tab td on td.dan_id = d.dan_id WHERE td.date_nazn = date(@date) and td.doctor_id = @doctor;
2017-06-10 10:19:01.1146 DEBUG SqlParams:
2017-06-10 10:19:01.1146 DEBUG SqlParam @date='10.06.2017'
2017-06-10 10:19:01.1146 DEBUG SqlParam @doctor=2469
2017-06-10 10:19:09.3231 DEBUG Запрос: SELECT d.id FROM diagn_tab d WHERE d.talon_id = @caseId ORDER BY d.id desc;
2017-06-10 10:19:09.3251 DEBUG Получено записей: 2
2017-06-10 10:19:11.1722 DEBUG PatientFindForm ShowFilterByDoctor set to true
2017-06-10 10:19:11.1722 DEBUG PatientFindForm OperatorId: 2469
2017-06-10 10:19:11.1722 DEBUG PatientFindForm DoctorId: 2469
2017-06-10 10:19:11.2822 DEBUG DoctorQuery
2017-06-10 10:19:11.2822 DEBUG sql: SELECT td.time_nazn as "Время записи", d.dan_id as "Id", d.fam as "Фамилия", d.nam as "Имя", d.mid as "Отчество", d.date_born as "Дата рождения", case when d.ser_pol is null then d.num_pol else d.ser_pol ||' '|| d.num_pol end as "Полис", d.address as "Адрес", case when spolref='2301001' then true else false end as "Прикреплен", case when strcom_region_id='0300000000000' then false else true end as "Иногородний" FROM dan_tab d LEFT JOIN public.talon_doctor_tab td on td.dan_id = d.dan_id WHERE td.date_nazn = date(@date) and td.doctor_id = @doctor;
2017-06-10 10:19:11.2822 DEBUG @date: 10.06.2017
2017-06-10 10:19:11.2822 DEBUG @doctor: 2469
2017-06-10 10:19:11.2822 DEBUG bindQueryToDataGrid
2017-06-10 10:19:11.2822 DEBUG Sql: SELECT td.time_nazn as "Время записи", d.dan_id as "Id", d.fam as "Фамилия", d.nam as "Имя", d.mid as "Отчество", d.date_born as "Дата рождения", case when d.ser_pol is null then d.num_pol else d.ser_pol ||' '|| d.num_pol end as "Полис", d.address as "Адрес", case when spolref='2301001' then true else false end as "Прикреплен", case when strcom_region_id='0300000000000' then false else true end as "Иногородний" FROM dan_tab d LEFT JOIN public.talon_doctor_tab td on td.dan_id = d.dan_id WHERE td.date_nazn = date(@date) and td.doctor_id = @doctor;
2017-06-10 10:19:11.2822 DEBUG SqlParams:
2017-06-10 10:19:11.2822 DEBUG SqlParam @date='10.06.2017'
2017-06-10 10:19:11.2822 DEBUG SqlParam @doctor=2469
2017-06-10 10:19:25.5000 DEBUG Запрос: Select visit_id from public.visit_tab where talon_id = @talonId;
2017-06-10 10:19:25.5020 DEBUG Получено записей: 3
2017-06-10 10:19:25.6420 DEBUG Запрос: SELECT d.id FROM diagn_tab d WHERE d.talon_id = @caseId ORDER BY d.id desc;
2017-06-10 10:19:25.6420 DEBUG Получено записей: 4
2017-06-10 10:19:27.2011 DEBUG Запрос: SELECT d.id FROM diagn_tab d WHERE d.talon_id = @caseId ORDER BY d.id desc;
2017-06-10 10:19:27.2041 DEBUG Получено записей: 0
2017-06-10 10:19:28.4622 DEBUG Запрос: Select visit_id from public.visit_tab where talon_id = @talonId;
2017-06-10 10:19:28.4622 DEBUG Получено записей: 1
2017-06-10 10:19:28.5202 DEBUG Запрос: SELECT d.id FROM diagn_tab d WHERE d.talon_id = @caseId ORDER BY d.id desc;
2017-06-10 10:19:28.5202 DEBUG Получено записей: 3
2017-06-10 10:19:38.2818 DEBUG Запрос: SELECT d.id FROM diagn_tab d WHERE d.talon_id = @caseId ORDER BY d.id desc;
2017-06-10 10:19:38.2818 DEBUG Получено записей: 3
2017-06-10 10:19:38.3808 DEBUG Запрос: SELECT c.name, o.kol_vo, o.id, o.sp_uslug_id, o.inference_diagnosis FROM okaz_uslug_tab o LEFT JOIN codifiers.sp_uslug_tab c ON c.id = o.sp_uslug_id WHERE table_link_name = 'visit_tab' AND  table_link_id = @visitId;
2017-06-10 10:19:38.3808 DEBUG Получено записей: 0
2017-06-10 10:19:41.5909 DEBUG Запрос: SELECT d.id FROM diagn_tab d WHERE d.talon_id = @caseId ORDER BY d.id desc;
2017-06-10 10:19:41.5909 DEBUG Получено записей: 3
2017-06-10 10:19:55.2397 DEBUG Запрос: Select visit_id from public.visit_tab where talon_id = @talonId;
2017-06-10 10:19:55.2397 DEBUG Получено записей: 1
2017-06-10 10:19:55.3167 DEBUG Запрос: SELECT d.id FROM diagn_tab d WHERE d.talon_id = @caseId ORDER BY d.id desc;
2017-06-10 10:19:55.3167 DEBUG Получено записей: 1
2017-06-10 10:19:58.2819 DEBUG Запрос: SELECT d.id FROM diagn_tab d WHERE d.talon_id = @caseId ORDER BY d.id desc;
2017-06-10 10:19:58.2819 DEBUG Получено записей: 1
2017-06-10 10:19:58.3529 DEBUG Запрос: SELECT c.name, o.kol_vo, o.id, o.sp_uslug_id, o.inference_diagnosis FROM okaz_uslug_tab o LEFT JOIN codifiers.sp_uslug_tab c ON c.id = o.sp_uslug_id WHERE table_link_name = 'visit_tab' AND  table_link_id = @visitId;
2017-06-10 10:19:58.3699 DEBUG Получено записей: 0
2017-06-10 10:21:27.8130 DEBUG Запрос: SELECT d.id FROM diagn_tab d WHERE d.talon_id = @caseId ORDER BY d.id desc;
2017-06-10 10:21:27.8130 DEBUG Получено записей: 1
2017-06-10 10:21:43.1919 DEBUG Запрос: Select visit_id from public.visit_tab where talon_id = @talonId;
2017-06-10 10:21:43.1919 DEBUG Получено записей: 0
2017-06-10 10:21:43.2389 DEBUG Запрос: SELECT d.id FROM diagn_tab d WHERE d.talon_id = @caseId ORDER BY d.id desc;
2017-06-10 10:21:43.2389 DEBUG Получено записей: 0
2017-06-10 10:21:48.1052 DEBUG PatientFindForm ShowFilterByDoctor set to true
2017-06-10 10:21:48.1052 DEBUG PatientFindForm OperatorId: 2469
2017-06-10 10:21:48.1052 DEBUG PatientFindForm DoctorId: 2469
2017-06-10 10:21:49.3473 DEBUG DoctorQuery
2017-06-10 10:21:49.3473 DEBUG sql: SELECT td.time_nazn as "Время записи", d.dan_id as "Id", d.fam as "Фамилия", d.nam as "Имя", d.mid as "Отчество", d.date_born as "Дата рождения", case when d.ser_pol is null then d.num_pol else d.ser_pol ||' '|| d.num_pol end as "Полис", d.address as "Адрес", case when spolref='2301001' then true else false end as "Прикреплен", case when strcom_region_id='0300000000000' then false else true end as "Иногородний" FROM dan_tab d LEFT JOIN public.talon_doctor_tab td on td.dan_id = d.dan_id WHERE td.date_nazn = date(@date) and td.doctor_id = @doctor;
2017-06-10 10:21:49.3473 DEBUG @date: 10.06.2017
2017-06-10 10:21:49.3473 DEBUG @doctor: 2469
2017-06-10 10:21:49.3473 DEBUG bindQueryToDataGrid
2017-06-10 10:21:49.3473 DEBUG Sql: SELECT td.time_nazn as "Время записи", d.dan_id as "Id", d.fam as "Фамилия", d.nam as "Имя", d.mid as "Отчество", d.date_born as "Дата рождения", case when d.ser_pol is null then d.num_pol else d.ser_pol ||' '|| d.num_pol end as "Полис", d.address as "Адрес", case when spolref='2301001' then true else false end as "Прикреплен", case when strcom_region_id='0300000000000' then false else true end as "Иногородний" FROM dan_tab d LEFT JOIN public.talon_doctor_tab td on td.dan_id = d.dan_id WHERE td.date_nazn = date(@date) and td.doctor_id = @doctor;
2017-06-10 10:21:49.3473 DEBUG SqlParams:
2017-06-10 10:21:49.3473 DEBUG SqlParam @date='10.06.2017'
2017-06-10 10:21:49.3503 DEBUG SqlParam @doctor=2469
2017-06-10 10:22:13.5676 DEBUG Запрос: Select visit_id from public.visit_tab where talon_id = @talonId;
2017-06-10 10:22:13.5676 DEBUG Получено записей: 1
2017-06-10 10:22:13.6386 DEBUG Запрос: SELECT d.id FROM diagn_tab d WHERE d.talon_id = @caseId ORDER BY d.id desc;
2017-06-10 10:22:13.6416 DEBUG Получено записей: 2
2017-06-10 10:22:13.7646 DEBUG Запрос: SELECT c.name, o.kol_vo, o.id, o.sp_uslug_id, o.inference_diagnosis FROM okaz_uslug_tab o LEFT JOIN codifiers.sp_uslug_tab c ON c.id = o.sp_uslug_id WHERE table_link_name = 'visit_tab' AND  table_link_id = @visitId;
2017-06-10 10:22:13.7646 DEBUG Получено записей: 1
2017-06-10 10:22:18.4599 DEBUG Запрос: Select visit_id from public.visit_tab where talon_id = @talonId;
2017-06-10 10:22:18.4599 DEBUG Получено записей: 1
2017-06-10 10:22:18.5179 DEBUG Запрос: SELECT d.id FROM diagn_tab d WHERE d.talon_id = @caseId ORDER BY d.id desc;
2017-06-10 10:22:18.5179 DEBUG Получено записей: 3
2017-06-10 10:22:18.6129 DEBUG Запрос: SELECT c.name, o.kol_vo, o.id, o.sp_uslug_id, o.inference_diagnosis FROM okaz_uslug_tab o LEFT JOIN codifiers.sp_uslug_tab c ON c.id = o.sp_uslug_id WHERE table_link_name = 'visit_tab' AND  table_link_id = @visitId;
2017-06-10 10:22:18.6179 DEBUG Получено записей: 0
2017-06-10 10:22:22.9092 DEBUG Запрос: SELECT d.id FROM diagn_tab d WHERE d.talon_id = @caseId ORDER BY d.id desc;
2017-06-10 10:22:22.9092 DEBUG Получено записей: 3
2017-06-10 10:22:39.6121 DEBUG Запрос: Select visit_id from public.visit_tab where talon_id = @talonId;
2017-06-10 10:22:39.6141 DEBUG Получено записей: 1
2017-06-10 10:22:39.6691 DEBUG Запрос: SELECT d.id FROM diagn_tab d WHERE d.talon_id = @caseId ORDER BY d.id desc;
2017-06-10 10:22:39.6691 DEBUG Получено записей: 2
2017-06-10 10:22:39.7561 DEBUG Запрос: SELECT c.name, o.kol_vo, o.id, o.sp_uslug_id, o.inference_diagnosis FROM okaz_uslug_tab o LEFT JOIN codifiers.sp_uslug_tab c ON c.id = o.sp_uslug_id WHERE table_link_name = 'visit_tab' AND  table_link_id = @visitId;
2017-06-10 10:22:39.7561 DEBUG Получено записей: 0
2017-06-10 10:22:51.5878 DEBUG Запрос: SELECT d.id FROM diagn_tab d WHERE d.talon_id = @caseId ORDER BY d.id desc;
2017-06-10 10:22:51.5878 DEBUG Получено записей: 0
2017-06-10 10:22:53.6849 DEBUG Запрос: Select visit_id from public.visit_tab where talon_id = @talonId;
2017-06-10 10:22:53.6849 DEBUG Получено записей: 1
2017-06-10 10:22:53.7539 DEBUG Запрос: SELECT d.id FROM diagn_tab d WHERE d.talon_id = @caseId ORDER BY d.id desc;
2017-06-10 10:22:53.7539 DEBUG Получено записей: 1
2017-06-10 10:22:53.8199 DEBUG Запрос: SELECT c.name, o.kol_vo, o.id, o.sp_uslug_id, o.inference_diagnosis FROM okaz_uslug_tab o LEFT JOIN codifiers.sp_uslug_tab c ON c.id = o.sp_uslug_id WHERE table_link_name = 'visit_tab' AND  table_link_id = @visitId;
2017-06-10 10:22:53.8199 DEBUG Получено записей: 0
2017-06-10 10:22:53.8349 DEBUG Запрос: SELECT s.name, s.code, c.date_begin, c.date_end, c.cost, e.sp_uslug_id as service_id  FROM eq_uslug_doctor_tab e JOIN eq_uslug_cost_tab c ON c.sp_uslug_id = e.sp_uslug_id AND sp_lpu_id = get_lpu_number()::bigint AND c.sp_kind_paid_id = 0 AND @visitDate::date BETWEEN date_begin AND date_end LEFT JOIN codifiers.sp_uslug_tab s ON s.id = e.sp_uslug_id WHERE e.doctor_id = @doctorId ORDER BY 1,2;
2017-06-10 10:22:53.8419 DEBUG Получено записей: 0
2017-06-10 10:23:01.3984 DEBUG Запрос: SELECT d.id FROM diagn_tab d WHERE d.talon_id = @caseId ORDER BY d.id desc;
2017-06-10 10:23:01.3984 DEBUG Получено записей: 0
2017-06-10 10:23:07.2887 DEBUG PatientFindForm ShowFilterByDoctor set to true
2017-06-10 10:23:07.2887 DEBUG PatientFindForm OperatorId: 2469
2017-06-10 10:23:07.2887 DEBUG PatientFindForm DoctorId: 2469
2017-06-10 10:23:07.3797 DEBUG DoctorQuery
2017-06-10 10:23:07.3797 DEBUG sql: SELECT td.time_nazn as "Время записи", d.dan_id as "Id", d.fam as "Фамилия", d.nam as "Имя", d.mid as "Отчество", d.date_born as "Дата рождения", case when d.ser_pol is null then d.num_pol else d.ser_pol ||' '|| d.num_pol end as "Полис", d.address as "Адрес", case when spolref='2301001' then true else false end as "Прикреплен", case when strcom_region_id='0300000000000' then false else true end as "Иногородний" FROM dan_tab d LEFT JOIN public.talon_doctor_tab td on td.dan_id = d.dan_id WHERE td.date_nazn = date(@date) and td.doctor_id = @doctor;
2017-06-10 10:23:07.3797 DEBUG @date: 10.06.2017
2017-06-10 10:23:07.3797 DEBUG @doctor: 2469
2017-06-10 10:23:07.3797 DEBUG bindQueryToDataGrid
2017-06-10 10:23:07.3797 DEBUG Sql: SELECT td.time_nazn as "Время записи", d.dan_id as "Id", d.fam as "Фамилия", d.nam as "Имя", d.mid as "Отчество", d.date_born as "Дата рождения", case when d.ser_pol is null then d.num_pol else d.ser_pol ||' '|| d.num_pol end as "Полис", d.address as "Адрес", case when spolref='2301001' then true else false end as "Прикреплен", case when strcom_region_id='0300000000000' then false else true end as "Иногородний" FROM dan_tab d LEFT JOIN public.talon_doctor_tab td on td.dan_id = d.dan_id WHERE td.date_nazn = date(@date) and td.doctor_id = @doctor;
2017-06-10 10:23:07.3797 DEBUG SqlParams:
2017-06-10 10:23:07.3797 DEBUG SqlParam @date='10.06.2017'
2017-06-10 10:23:07.3797 DEBUG SqlParam @doctor=2469
