2017-07-03 09:36:23.0089 DEBUG Запрос: SELECT DISTINCT code_access, name, description 
                            FROM users_access_view WHERE users_id = @id
2017-07-03 09:36:23.1009 DEBUG Получено записей: 187
2017-07-03 09:36:26.8221 DEBUG SQL: select pattern from codifiers.patterns_tab where code = @patterncode and users_id is null;
2017-07-03 09:36:26.8221 DEBUG Parameters: @patterncode=, @operator=
2017-07-03 09:36:26.8471 DEBUG Result 
2017-07-03 09:36:26.8471 DEBUG нет шаблона для пользователя
2017-07-03 09:36:26.8471 DEBUG SQL: select pattern from codifiers.patterns_tab where code = @patterncode and users_id is null
2017-07-03 09:36:26.8471 DEBUG Parameters: @patterncode 
2017-07-03 09:36:26.8591 DEBUG Result 
2017-07-03 09:36:26.9031 DEBUG SQL: select pattern from codifiers.patterns_tab where code = @patterncode and users_id is null;
2017-07-03 09:36:26.9031 DEBUG Parameters: @patterncode=, @operator=
2017-07-03 09:36:26.9031 DEBUG Result 
2017-07-03 09:36:26.9031 DEBUG нет шаблона для пользователя
2017-07-03 09:36:26.9031 DEBUG SQL: select pattern from codifiers.patterns_tab where code = @patterncode and users_id is null
2017-07-03 09:36:26.9031 DEBUG Parameters: @patterncode 
2017-07-03 09:36:26.9241 DEBUG Result 
2017-07-03 09:36:27.3171 DEBUG Запрос: Select id, name, code, is_default, parent_id from codifiers.sp_kind_paid_tab order by id
2017-07-03 09:36:27.3171 DEBUG Получено записей: 9
2017-07-03 09:36:27.3301 DEBUG Запрос: Select id, name, code from codifiers.first_visit_condition_tab order by id
2017-07-03 09:36:27.3301 DEBUG Получено записей: 4
2017-07-03 09:36:27.3431 DEBUG Запрос: Select id, name, code, reestr, idsp, hospital_type_id, is_cure, is_inspection from codifiers.visit_purpose_common_tab order by id
2017-07-03 09:36:27.3431 DEBUG Получено записей: 22
2017-07-03 09:36:27.3741 DEBUG Запрос: Select id, name, code from codifiers.place_service_tab order by id
2017-07-03 09:36:27.3741 DEBUG Получено записей: 3
2017-07-03 09:36:27.3871 DEBUG Запрос: Select result_id, result, reestr, patient_state_id, reestr_rslt, reestr_ishod, _end from public.result_tab order by result_id
2017-07-03 09:36:27.3871 DEBUG Получено записей: 29
2017-07-03 09:36:27.4031 DEBUG Запрос: select id, name, code, bur_reestr_code from codifiers.travma_tab order by name;
2017-07-03 09:36:27.4031 DEBUG Получено записей: 15
2017-07-03 09:36:27.4031 DEBUG Запрос: SELECT * FROM codifiers.lpu_tab
2017-07-03 09:36:27.4401 DEBUG Получено записей: 114
2017-07-03 09:36:27.8241 DEBUG Запрос: SELECT * FROM codifiers.lpu_tab order by name
2017-07-03 09:36:27.8241 DEBUG Получено записей: 114
2017-07-03 09:36:27.8471 DEBUG Запрос: select sp_napr_obosn_id,trim(obosn_name) as obosn_name FROM sp_napr_obosn_tab ORDER BY sp_napr_obosn_id;
2017-07-03 09:36:27.8471 DEBUG Получено записей: 8
2017-07-03 09:36:27.8591 DEBUG Запрос: SELECT sp_type_napr_id, sp_type_napr FROM sp_type_napr_tab where sp_type_napr_id!=1 ORDER BY 1;
2017-07-03 09:36:27.8591 DEBUG Получено записей: 8
2017-07-03 09:36:27.8721 DEBUG Запрос: select id, code, name from codifiers.doctor_spec_tab order by 3,1;
2017-07-03 09:36:27.8721 DEBUG Получено записей: 176
2017-07-03 09:36:27.8901 DEBUG Запрос: Select mkb_id, mkb, kod_d, reestr_code from public.mkb_tab order by 1
2017-07-03 09:36:28.0941 DEBUG Получено записей: 13813
2017-07-03 09:37:02.6001 DEBUG Запрос: Select s.id, s.code, s.name from codifiers.sozstatus_tab s
2017-07-03 09:37:02.6001 DEBUG Получено записей: 11
2017-07-03 09:37:02.6191 DEBUG Запрос: Select u.id, u.code, u.name, u.doctor_id, u.otdel_id, u.age_from, u.age_for, u.flag_default, u.uchactok_type_id, u.lpu_id, u.sort, u.sex from codifiers.uchactok_tab u order by u.sort, u.name
2017-07-03 09:37:02.6191 DEBUG Получено записей: 77
2017-07-03 09:37:02.6761 DEBUG Запрос: select id, socr, name, full_name, index, code 
                              from codifiers.sp_kladr_tab
                              where level_ter=@level order by name
2017-07-03 09:37:02.6761 DEBUG Получено записей: 107
2017-07-03 09:37:02.9671 DEBUG Запрос: SELECT * FROM codifiers.lpu_tab
2017-07-03 09:37:02.9791 DEBUG Получено записей: 114
2017-07-03 09:37:05.8743 DEBUG PatientFindForm ShowFilterByDoctor set to true
2017-07-03 09:37:05.8743 DEBUG PatientFindForm OperatorId: 2469
2017-07-03 09:37:05.8743 DEBUG PatientFindForm DoctorId: 2469
2017-07-03 09:37:05.9763 DEBUG DoctorQuery
2017-07-03 09:37:06.0053 DEBUG sql: SELECT td.time_nazn as "Время записи", d.dan_id as "Id", d.fam as "Фамилия", d.nam as "Имя", d.mid as "Отчество", d.date_born as "Дата рождения", case when d.ser_pol is null then d.num_pol else d.ser_pol ||' '|| d.num_pol end as "Полис", d.address as "Адрес", case when spolref='2301001' then true else false end as "Прикреплен", case when strcom_region_id='0300000000000' then false else true end as "Иногородний" FROM dan_tab d LEFT JOIN public.talon_doctor_tab td on td.dan_id = d.dan_id WHERE td.date_nazn = date(@date) and td.doctor_id = @doctor;
2017-07-03 09:37:06.0053 DEBUG @date: 03.07.2017
2017-07-03 09:37:06.0053 DEBUG @doctor: 2469
2017-07-03 09:37:06.0053 DEBUG bindQueryToDataGrid
2017-07-03 09:37:06.0683 DEBUG Sql: SELECT td.time_nazn as "Время записи", d.dan_id as "Id", d.fam as "Фамилия", d.nam as "Имя", d.mid as "Отчество", d.date_born as "Дата рождения", case when d.ser_pol is null then d.num_pol else d.ser_pol ||' '|| d.num_pol end as "Полис", d.address as "Адрес", case when spolref='2301001' then true else false end as "Прикреплен", case when strcom_region_id='0300000000000' then false else true end as "Иногородний" FROM dan_tab d LEFT JOIN public.talon_doctor_tab td on td.dan_id = d.dan_id WHERE td.date_nazn = date(@date) and td.doctor_id = @doctor;
2017-07-03 09:37:06.0683 DEBUG SqlParams:
2017-07-03 09:37:06.0683 DEBUG SqlParam @date='03.07.2017'
2017-07-03 09:37:06.0683 DEBUG SqlParam @doctor=2469
2017-07-03 09:37:19.4631 DEBUG Sql: SELECT d.dan_id as "Id", d.fam as "Фамилия", d.nam as "Имя", d.mid as "Отчество", d.date_born as "Дата рождения", case when d.ser_pol is null then d.num_pol else d.ser_pol ||' '|| d.num_pol end as "Полис", d.pens as "СНИЛС", d.address as "Адрес", case when spolref='2301001' then true else false end as "Прикреплен" , case when strcom_region_id='0300000000000' then false else true end as "Иногородний" FROM dan_tab d WHERE Lower(d.fam) LIKE @fam and Lower(d.nam) LIKE @nam ORDER BY d.fam, d.nam, d.mid, d.date_born LIMIT 150;
2017-07-03 09:37:19.4631 DEBUG SqlParams:
2017-07-03 09:37:19.4631 DEBUG SqlParam @fam=вахрушкина%
2017-07-03 09:37:19.4631 DEBUG SqlParam @nam=алевтина%
2017-07-03 09:37:21.2172 DEBUG Запрос: Select smo.id, smo.name, kladr.name from codifiers.strcom_tab smo left join codifiers.sp_kladr_tab kladr on smo.region_id = kladr.code where smo.region_id = @id and smo.name not like '*%'order by smo.name
2017-07-03 09:37:21.3002 DEBUG Получено записей: 4
2017-07-03 09:37:21.3962 DEBUG Запрос: select * from fed_lgota_tab where pens like @snils;
2017-07-03 09:37:21.3962 DEBUG Получено записей: 1
2017-07-03 09:37:21.5482 DEBUG Запрос: SELECT t.talon_id, t.result_id, t.diag_osn, t.doctor_id, t.date_vnes_inf,
                        v.visit_id, v.doctor_id as vdoctor_id, v.data_vnes_inf as vdate_vnes_inf, v.data_pos 
                        FROM public.talon_tab t left join public.visit_tab v on v.talon_id = t.talon_id
                        where t.dan_id = @patient_id;
2017-07-03 09:37:21.8612 DEBUG Получено записей: 533
2017-07-03 09:37:24.8644 DEBUG Запрос: Select visit_id from public.visit_tab where talon_id = @talonId;
2017-07-03 09:37:24.8644 DEBUG Получено записей: 1
2017-07-03 09:37:24.9574 DEBUG Запрос: SELECT d.id FROM diagn_tab d WHERE d.talon_id = @caseId ORDER BY d.id desc;
2017-07-03 09:37:24.9574 DEBUG Получено записей: 1
2017-07-03 09:37:45.2496 DEBUG Запрос: Select mkb_id, mkb, kod_d, reestr_code from public.mkb_tab order by 1
2017-07-03 09:37:45.4126 DEBUG Получено записей: 13813
2017-07-03 09:37:45.4506 DEBUG Запрос: SELECT * FROM codifiers.lpu_tab
2017-07-03 09:37:45.4786 DEBUG Получено записей: 114
2017-07-03 09:39:28.5445 DEBUG Запрос: SELECT DISTINCT code_access, name, description 
                            FROM users_access_view WHERE users_id = @id
2017-07-03 09:39:28.5935 DEBUG Получено записей: 187
2017-07-03 09:39:31.1736 DEBUG SQL: select pattern from codifiers.patterns_tab where code = @patterncode and users_id is null;
2017-07-03 09:39:31.1736 DEBUG Parameters: @patterncode=, @operator=
2017-07-03 09:39:31.2016 DEBUG Result 
2017-07-03 09:39:31.2016 DEBUG нет шаблона для пользователя
2017-07-03 09:39:31.2016 DEBUG SQL: select pattern from codifiers.patterns_tab where code = @patterncode and users_id is null
2017-07-03 09:39:31.2016 DEBUG Parameters: @patterncode 
2017-07-03 09:39:31.2016 DEBUG Result 
2017-07-03 09:39:31.2716 DEBUG SQL: select pattern from codifiers.patterns_tab where code = @patterncode and users_id is null;
2017-07-03 09:39:31.2716 DEBUG Parameters: @patterncode=, @operator=
2017-07-03 09:39:31.2816 DEBUG Result 
2017-07-03 09:39:31.2816 DEBUG нет шаблона для пользователя
2017-07-03 09:39:31.2816 DEBUG SQL: select pattern from codifiers.patterns_tab where code = @patterncode and users_id is null
2017-07-03 09:39:31.2816 DEBUG Parameters: @patterncode 
2017-07-03 09:39:31.2816 DEBUG Result 
2017-07-03 09:39:31.6386 DEBUG Запрос: Select id, name, code, is_default, parent_id from codifiers.sp_kind_paid_tab order by id
2017-07-03 09:39:31.6386 DEBUG Получено записей: 9
2017-07-03 09:39:31.6386 DEBUG Запрос: Select id, name, code from codifiers.first_visit_condition_tab order by id
2017-07-03 09:39:31.6536 DEBUG Получено записей: 4
2017-07-03 09:39:31.6536 DEBUG Запрос: Select id, name, code, reestr, idsp, hospital_type_id, is_cure, is_inspection from codifiers.visit_purpose_common_tab order by id
2017-07-03 09:39:31.6536 DEBUG Получено записей: 22
2017-07-03 09:39:31.6786 DEBUG Запрос: Select id, name, code from codifiers.place_service_tab order by id
2017-07-03 09:39:31.6786 DEBUG Получено записей: 3
2017-07-03 09:39:31.7066 DEBUG Запрос: Select result_id, result, reestr, patient_state_id, reestr_rslt, reestr_ishod, _end from public.result_tab order by result_id
2017-07-03 09:39:31.7066 DEBUG Получено записей: 29
2017-07-03 09:39:31.7226 DEBUG Запрос: select id, name, code, bur_reestr_code from codifiers.travma_tab order by name;
2017-07-03 09:39:31.7226 DEBUG Получено записей: 15
2017-07-03 09:39:31.7356 DEBUG Запрос: SELECT * FROM codifiers.lpu_tab
2017-07-03 09:39:31.7587 DEBUG Получено записей: 114
2017-07-03 09:39:32.0867 DEBUG Запрос: SELECT * FROM codifiers.lpu_tab order by name
2017-07-03 09:39:32.0987 DEBUG Получено записей: 114
2017-07-03 09:39:32.1087 DEBUG Запрос: select sp_napr_obosn_id,trim(obosn_name) as obosn_name FROM sp_napr_obosn_tab ORDER BY sp_napr_obosn_id;
2017-07-03 09:39:32.1087 DEBUG Получено записей: 8
2017-07-03 09:39:32.1087 DEBUG Запрос: SELECT sp_type_napr_id, sp_type_napr FROM sp_type_napr_tab where sp_type_napr_id!=1 ORDER BY 1;
2017-07-03 09:39:32.1237 DEBUG Получено записей: 8
2017-07-03 09:39:32.1237 DEBUG Запрос: select id, code, name from codifiers.doctor_spec_tab order by 3,1;
2017-07-03 09:39:32.1417 DEBUG Получено записей: 176
2017-07-03 09:39:32.1537 DEBUG Запрос: Select mkb_id, mkb, kod_d, reestr_code from public.mkb_tab order by 1
2017-07-03 09:39:32.3467 DEBUG Получено записей: 13813
2017-07-03 09:39:37.6410 DEBUG Запрос: Select s.id, s.code, s.name from codifiers.sozstatus_tab s
2017-07-03 09:39:37.6410 DEBUG Получено записей: 11
2017-07-03 09:39:37.6550 DEBUG Запрос: Select u.id, u.code, u.name, u.doctor_id, u.otdel_id, u.age_from, u.age_for, u.flag_default, u.uchactok_type_id, u.lpu_id, u.sort, u.sex from codifiers.uchactok_tab u order by u.sort, u.name
2017-07-03 09:39:37.6610 DEBUG Получено записей: 77
2017-07-03 09:39:37.7130 DEBUG Запрос: select id, socr, name, full_name, index, code 
                              from codifiers.sp_kladr_tab
                              where level_ter=@level order by name
2017-07-03 09:39:37.7130 DEBUG Получено записей: 107
2017-07-03 09:39:37.9890 DEBUG Запрос: SELECT * FROM codifiers.lpu_tab
2017-07-03 09:39:37.9890 DEBUG Получено записей: 114
2017-07-03 09:39:42.1932 DEBUG PatientFindForm ShowFilterByDoctor set to true
2017-07-03 09:39:42.1932 DEBUG PatientFindForm OperatorId: 2469
2017-07-03 09:39:42.1932 DEBUG PatientFindForm DoctorId: 2469
2017-07-03 09:39:42.3233 DEBUG DoctorQuery
2017-07-03 09:39:42.3233 DEBUG sql: SELECT td.time_nazn as "Время записи", d.dan_id as "Id", d.fam as "Фамилия", d.nam as "Имя", d.mid as "Отчество", d.date_born as "Дата рождения", case when d.ser_pol is null then d.num_pol else d.ser_pol ||' '|| d.num_pol end as "Полис", d.address as "Адрес", case when spolref='2301001' then true else false end as "Прикреплен", case when strcom_region_id='0300000000000' then false else true end as "Иногородний" FROM dan_tab d LEFT JOIN public.talon_doctor_tab td on td.dan_id = d.dan_id WHERE td.date_nazn = date(@date) and td.doctor_id = @doctor;
2017-07-03 09:39:42.3233 DEBUG @date: 03.07.2017
2017-07-03 09:39:42.3243 DEBUG @doctor: 2469
2017-07-03 09:39:42.3243 DEBUG bindQueryToDataGrid
2017-07-03 09:39:42.3243 DEBUG Sql: SELECT td.time_nazn as "Время записи", d.dan_id as "Id", d.fam as "Фамилия", d.nam as "Имя", d.mid as "Отчество", d.date_born as "Дата рождения", case when d.ser_pol is null then d.num_pol else d.ser_pol ||' '|| d.num_pol end as "Полис", d.address as "Адрес", case when spolref='2301001' then true else false end as "Прикреплен", case when strcom_region_id='0300000000000' then false else true end as "Иногородний" FROM dan_tab d LEFT JOIN public.talon_doctor_tab td on td.dan_id = d.dan_id WHERE td.date_nazn = date(@date) and td.doctor_id = @doctor;
2017-07-03 09:39:42.3243 DEBUG SqlParams:
2017-07-03 09:39:42.3243 DEBUG SqlParam @date='03.07.2017'
2017-07-03 09:39:42.3243 DEBUG SqlParam @doctor=2469
2017-07-03 09:39:54.3649 DEBUG Sql: SELECT d.dan_id as "Id", d.fam as "Фамилия", d.nam as "Имя", d.mid as "Отчество", d.date_born as "Дата рождения", case when d.ser_pol is null then d.num_pol else d.ser_pol ||' '|| d.num_pol end as "Полис", d.pens as "СНИЛС", d.address as "Адрес", case when spolref='2301001' then true else false end as "Прикреплен" , case when strcom_region_id='0300000000000' then false else true end as "Иногородний" FROM dan_tab d WHERE Lower(d.fam) LIKE @fam and Lower(d.nam) LIKE @nam ORDER BY d.fam, d.nam, d.mid, d.date_born LIMIT 150;
2017-07-03 09:39:54.3649 DEBUG SqlParams:
2017-07-03 09:39:54.3649 DEBUG SqlParam @fam=вахрушкина%
2017-07-03 09:39:54.3649 DEBUG SqlParam @nam=алевтина%
2017-07-03 09:39:55.6360 DEBUG Запрос: Select smo.id, smo.name, kladr.name from codifiers.strcom_tab smo left join codifiers.sp_kladr_tab kladr on smo.region_id = kladr.code where smo.region_id = @id and smo.name not like '*%'order by smo.name
2017-07-03 09:39:55.7180 DEBUG Получено записей: 4
2017-07-03 09:39:55.7960 DEBUG Запрос: select * from fed_lgota_tab where pens like @snils;
2017-07-03 09:39:55.7960 DEBUG Получено записей: 1
2017-07-03 09:39:55.9440 DEBUG Запрос: SELECT t.talon_id, t.result_id, t.diag_osn, t.doctor_id, t.date_vnes_inf,
                        v.visit_id, v.doctor_id as vdoctor_id, v.data_vnes_inf as vdate_vnes_inf, v.data_pos 
                        FROM public.talon_tab t left join public.visit_tab v on v.talon_id = t.talon_id
                        where t.dan_id = @patient_id;
2017-07-03 09:39:55.9640 DEBUG Получено записей: 533
2017-07-03 09:39:58.6112 DEBUG Запрос: Select visit_id from public.visit_tab where talon_id = @talonId;
2017-07-03 09:39:58.6112 DEBUG Получено записей: 1
2017-07-03 09:39:58.6882 DEBUG Запрос: SELECT d.id FROM diagn_tab d WHERE d.talon_id = @caseId ORDER BY d.id desc;
2017-07-03 09:39:58.6912 DEBUG Получено записей: 1
2017-07-03 09:40:15.3361 DEBUG Запрос: Select mkb_id, mkb, kod_d, reestr_code from public.mkb_tab order by 1
2017-07-03 09:40:15.4802 DEBUG Получено записей: 13813
2017-07-03 09:40:15.5122 DEBUG Запрос: SELECT * FROM codifiers.lpu_tab
2017-07-03 09:40:15.5122 DEBUG Получено записей: 114
2017-07-03 10:06:11.6452 DEBUG Запрос: SELECT DISTINCT code_access, name, description 
                            FROM users_access_view WHERE users_id = @id
2017-07-03 10:06:11.6942 DEBUG Получено записей: 187
2017-07-03 10:06:14.0593 DEBUG SQL: select pattern from codifiers.patterns_tab where code = @patterncode and users_id is null;
2017-07-03 10:06:14.0593 DEBUG Parameters: @patterncode=, @operator=
2017-07-03 10:06:14.0973 DEBUG Result 
2017-07-03 10:06:14.0973 DEBUG нет шаблона для пользователя
2017-07-03 10:06:14.0973 DEBUG SQL: select pattern from codifiers.patterns_tab where code = @patterncode and users_id is null
2017-07-03 10:06:14.0973 DEBUG Parameters: @patterncode 
2017-07-03 10:06:14.0973 DEBUG Result 
2017-07-03 10:06:14.1633 DEBUG SQL: select pattern from codifiers.patterns_tab where code = @patterncode and users_id is null;
2017-07-03 10:06:14.1633 DEBUG Parameters: @patterncode=, @operator=
2017-07-03 10:06:14.1633 DEBUG Result 
2017-07-03 10:06:14.1743 DEBUG нет шаблона для пользователя
2017-07-03 10:06:14.1743 DEBUG SQL: select pattern from codifiers.patterns_tab where code = @patterncode and users_id is null
2017-07-03 10:06:14.1743 DEBUG Parameters: @patterncode 
2017-07-03 10:06:14.1743 DEBUG Result 
2017-07-03 10:06:14.5023 DEBUG Запрос: Select id, name, code, is_default, parent_id from codifiers.sp_kind_paid_tab order by id
2017-07-03 10:06:14.5023 DEBUG Получено записей: 9
2017-07-03 10:06:14.5023 DEBUG Запрос: Select id, name, code from codifiers.first_visit_condition_tab order by id
2017-07-03 10:06:14.5173 DEBUG Получено записей: 4
2017-07-03 10:06:14.5173 DEBUG Запрос: Select id, name, code, reestr, idsp, hospital_type_id, is_cure, is_inspection from codifiers.visit_purpose_common_tab order by id
2017-07-03 10:06:14.5453 DEBUG Получено записей: 22
2017-07-03 10:06:14.5563 DEBUG Запрос: Select id, name, code from codifiers.place_service_tab order by id
2017-07-03 10:06:14.5563 DEBUG Получено записей: 3
2017-07-03 10:06:14.5683 DEBUG Запрос: Select result_id, result, reestr, patient_state_id, reestr_rslt, reestr_ishod, _end from public.result_tab order by result_id
2017-07-03 10:06:14.5683 DEBUG Получено записей: 29
2017-07-03 10:06:14.5833 DEBUG Запрос: select id, name, code, bur_reestr_code from codifiers.travma_tab order by name;
2017-07-03 10:06:14.5833 DEBUG Получено записей: 15
2017-07-03 10:06:14.5953 DEBUG Запрос: SELECT * FROM codifiers.lpu_tab
2017-07-03 10:06:14.6183 DEBUG Получено записей: 114
2017-07-03 10:06:14.9223 DEBUG Запрос: SELECT * FROM codifiers.lpu_tab order by name
2017-07-03 10:06:14.9323 DEBUG Получено записей: 114
2017-07-03 10:06:14.9413 DEBUG Запрос: select sp_napr_obosn_id,trim(obosn_name) as obosn_name FROM sp_napr_obosn_tab ORDER BY sp_napr_obosn_id;
2017-07-03 10:06:14.9413 DEBUG Получено записей: 8
2017-07-03 10:06:14.9413 DEBUG Запрос: SELECT sp_type_napr_id, sp_type_napr FROM sp_type_napr_tab where sp_type_napr_id!=1 ORDER BY 1;
2017-07-03 10:06:14.9543 DEBUG Получено записей: 8
2017-07-03 10:06:14.9543 DEBUG Запрос: select id, code, name from codifiers.doctor_spec_tab order by 3,1;
2017-07-03 10:06:14.9703 DEBUG Получено записей: 176
2017-07-03 10:06:14.9703 DEBUG Запрос: Select mkb_id, mkb, kod_d, reestr_code from public.mkb_tab order by 1
2017-07-03 10:06:15.1764 DEBUG Получено записей: 13813
2017-07-03 10:26:53.6652 DEBUG Запрос: Select s.id, s.code, s.name from codifiers.sozstatus_tab s
2017-07-03 10:26:53.6652 DEBUG Получено записей: 11
2017-07-03 10:26:53.6882 DEBUG Запрос: Select u.id, u.code, u.name, u.doctor_id, u.otdel_id, u.age_from, u.age_for, u.flag_default, u.uchactok_type_id, u.lpu_id, u.sort, u.sex from codifiers.uchactok_tab u order by u.sort, u.name
2017-07-03 10:26:53.6882 DEBUG Получено записей: 77
2017-07-03 10:26:53.7522 DEBUG Запрос: select id, socr, name, full_name, index, code 
                              from codifiers.sp_kladr_tab
                              where level_ter=@level order by name
2017-07-03 10:26:53.7592 DEBUG Получено записей: 107
2017-07-03 10:26:54.0212 DEBUG Запрос: SELECT * FROM codifiers.lpu_tab
2017-07-03 10:26:54.0322 DEBUG Получено записей: 114
2017-07-03 10:26:57.1164 DEBUG PatientFindForm ShowFilterByDoctor set to true
2017-07-03 10:26:57.1164 DEBUG PatientFindForm OperatorId: 2469
2017-07-03 10:26:57.1164 DEBUG PatientFindForm DoctorId: 2469
2017-07-03 10:26:57.2464 DEBUG DoctorQuery
2017-07-03 10:26:57.2464 DEBUG sql: SELECT td.time_nazn as "Время записи", d.dan_id as "Id", d.fam as "Фамилия", d.nam as "Имя", d.mid as "Отчество", d.date_born as "Дата рождения", case when d.ser_pol is null then d.num_pol else d.ser_pol ||' '|| d.num_pol end as "Полис", d.address as "Адрес", case when spolref='2301001' then true else false end as "Прикреплен", case when strcom_region_id='0300000000000' then false else true end as "Иногородний" FROM dan_tab d LEFT JOIN public.talon_doctor_tab td on td.dan_id = d.dan_id WHERE td.date_nazn = date(@date) and td.doctor_id = @doctor;
2017-07-03 10:26:57.2464 DEBUG @date: 03.07.2017
2017-07-03 10:26:57.2464 DEBUG @doctor: 2469
2017-07-03 10:26:57.2464 DEBUG bindQueryToDataGrid
2017-07-03 10:26:57.2594 DEBUG Sql: SELECT td.time_nazn as "Время записи", d.dan_id as "Id", d.fam as "Фамилия", d.nam as "Имя", d.mid as "Отчество", d.date_born as "Дата рождения", case when d.ser_pol is null then d.num_pol else d.ser_pol ||' '|| d.num_pol end as "Полис", d.address as "Адрес", case when spolref='2301001' then true else false end as "Прикреплен", case when strcom_region_id='0300000000000' then false else true end as "Иногородний" FROM dan_tab d LEFT JOIN public.talon_doctor_tab td on td.dan_id = d.dan_id WHERE td.date_nazn = date(@date) and td.doctor_id = @doctor;
2017-07-03 10:26:57.2594 DEBUG SqlParams:
2017-07-03 10:26:57.2594 DEBUG SqlParam @date='03.07.2017'
2017-07-03 10:26:57.2594 DEBUG SqlParam @doctor=2469
2017-07-03 10:27:07.0510 DEBUG Sql: SELECT d.dan_id as "Id", d.fam as "Фамилия", d.nam as "Имя", d.mid as "Отчество", d.date_born as "Дата рождения", case when d.ser_pol is null then d.num_pol else d.ser_pol ||' '|| d.num_pol end as "Полис", d.pens as "СНИЛС", d.address as "Адрес", case when spolref='2301001' then true else false end as "Прикреплен" , case when strcom_region_id='0300000000000' then false else true end as "Иногородний" FROM dan_tab d WHERE Lower(d.fam) LIKE @fam and Lower(d.nam) LIKE @nam ORDER BY d.fam, d.nam, d.mid, d.date_born LIMIT 150;
2017-07-03 10:27:07.0510 DEBUG SqlParams:
2017-07-03 10:27:07.0510 DEBUG SqlParam @fam=вахрушкина%
2017-07-03 10:27:07.0510 DEBUG SqlParam @nam=алевтина%
2017-07-03 10:27:09.2931 DEBUG Запрос: Select smo.id, smo.name, kladr.name from codifiers.strcom_tab smo left join codifiers.sp_kladr_tab kladr on smo.region_id = kladr.code where smo.region_id = @id and smo.name not like '*%'order by smo.name
2017-07-03 10:27:09.3761 DEBUG Получено записей: 4
2017-07-03 10:27:09.4631 DEBUG Запрос: select * from fed_lgota_tab where pens like @snils;
2017-07-03 10:27:09.4761 DEBUG Получено записей: 1
2017-07-03 10:27:09.6291 DEBUG Запрос: SELECT t.talon_id, t.result_id, t.diag_osn, t.doctor_id, t.date_vnes_inf,
                        v.visit_id, v.doctor_id as vdoctor_id, v.data_vnes_inf as vdate_vnes_inf, v.data_pos 
                        FROM public.talon_tab t left join public.visit_tab v on v.talon_id = t.talon_id
                        where t.dan_id = @patient_id;
2017-07-03 10:27:09.6731 DEBUG Получено записей: 533
2017-07-03 10:27:12.6343 DEBUG Запрос: Select visit_id from public.visit_tab where talon_id = @talonId;
2017-07-03 10:27:12.6343 DEBUG Получено записей: 1
2017-07-03 10:27:12.7133 DEBUG Запрос: SELECT d.id FROM diagn_tab d WHERE d.talon_id = @caseId ORDER BY d.id desc;
2017-07-03 10:27:12.7133 DEBUG Получено записей: 1
2017-07-03 10:27:23.5289 DEBUG Запрос: Select mkb_id, mkb, kod_d, reestr_code from public.mkb_tab order by 1
2017-07-03 10:27:23.7139 DEBUG Получено записей: 13813
2017-07-03 10:27:23.7519 DEBUG Запрос: SELECT * FROM codifiers.lpu_tab
2017-07-03 10:27:23.7619 DEBUG Получено записей: 114
2017-07-03 11:05:20.9262 DEBUG Запрос: SELECT DISTINCT code_access, name, description 
                            FROM users_access_view WHERE users_id = @id
2017-07-03 11:05:20.9752 DEBUG Получено записей: 187
2017-07-03 11:05:23.6003 DEBUG SQL: select pattern from codifiers.patterns_tab where code = @patterncode and users_id is null;
2017-07-03 11:05:23.6023 DEBUG Parameters: @patterncode=, @operator=
2017-07-03 11:05:23.6293 DEBUG Result 
2017-07-03 11:05:23.6293 DEBUG нет шаблона для пользователя
2017-07-03 11:05:23.6293 DEBUG SQL: select pattern from codifiers.patterns_tab where code = @patterncode and users_id is null
2017-07-03 11:05:23.6293 DEBUG Parameters: @patterncode 
2017-07-03 11:05:23.6413 DEBUG Result 
2017-07-03 11:05:23.6943 DEBUG SQL: select pattern from codifiers.patterns_tab where code = @patterncode and users_id is null;
2017-07-03 11:05:23.6943 DEBUG Parameters: @patterncode=, @operator=
2017-07-03 11:05:23.7053 DEBUG Result 
2017-07-03 11:05:23.7053 DEBUG нет шаблона для пользователя
2017-07-03 11:05:23.7053 DEBUG SQL: select pattern from codifiers.patterns_tab where code = @patterncode and users_id is null
2017-07-03 11:05:23.7053 DEBUG Parameters: @patterncode 
2017-07-03 11:05:23.7153 DEBUG Result 
2017-07-03 11:05:24.0573 DEBUG Запрос: Select id, name, code, is_default, parent_id from codifiers.sp_kind_paid_tab order by id
2017-07-03 11:05:24.0573 DEBUG Получено записей: 9
2017-07-03 11:05:24.0703 DEBUG Запрос: Select id, name, code from codifiers.first_visit_condition_tab order by id
2017-07-03 11:05:24.0703 DEBUG Получено записей: 4
2017-07-03 11:05:24.0703 DEBUG Запрос: Select id, name, code, reestr, idsp, hospital_type_id, is_cure, is_inspection from codifiers.visit_purpose_common_tab order by id
2017-07-03 11:05:24.0883 DEBUG Получено записей: 22
2017-07-03 11:05:24.0883 DEBUG Запрос: Select id, name, code from codifiers.place_service_tab order by id
2017-07-03 11:05:24.1173 DEBUG Получено записей: 3
2017-07-03 11:05:24.1173 DEBUG Запрос: Select result_id, result, reestr, patient_state_id, reestr_rslt, reestr_ishod, _end from public.result_tab order by result_id
2017-07-03 11:05:24.1173 DEBUG Получено записей: 29
2017-07-03 11:05:24.1443 DEBUG Запрос: select id, name, code, bur_reestr_code from codifiers.travma_tab order by name;
2017-07-03 11:05:24.1443 DEBUG Получено записей: 15
2017-07-03 11:05:24.1584 DEBUG Запрос: SELECT * FROM codifiers.lpu_tab
2017-07-03 11:05:24.1824 DEBUG Получено записей: 114
2017-07-03 11:05:24.5154 DEBUG Запрос: SELECT * FROM codifiers.lpu_tab order by name
2017-07-03 11:05:24.5264 DEBUG Получено записей: 114
2017-07-03 11:05:24.5264 DEBUG Запрос: select sp_napr_obosn_id,trim(obosn_name) as obosn_name FROM sp_napr_obosn_tab ORDER BY sp_napr_obosn_id;
2017-07-03 11:05:24.5394 DEBUG Получено записей: 8
2017-07-03 11:05:24.5394 DEBUG Запрос: SELECT sp_type_napr_id, sp_type_napr FROM sp_type_napr_tab where sp_type_napr_id!=1 ORDER BY 1;
2017-07-03 11:05:24.5394 DEBUG Получено записей: 8
2017-07-03 11:05:24.5634 DEBUG Запрос: select id, code, name from codifiers.doctor_spec_tab order by 3,1;
2017-07-03 11:05:24.5634 DEBUG Получено записей: 176
2017-07-03 11:05:24.5814 DEBUG Запрос: Select mkb_id, mkb, kod_d, reestr_code from public.mkb_tab order by 1
2017-07-03 11:05:24.7654 DEBUG Получено записей: 13813
2017-07-03 11:05:35.7010 DEBUG Запрос: Select s.id, s.code, s.name from codifiers.sozstatus_tab s
2017-07-03 11:05:35.7010 DEBUG Получено записей: 11
2017-07-03 11:05:35.7160 DEBUG Запрос: Select u.id, u.code, u.name, u.doctor_id, u.otdel_id, u.age_from, u.age_for, u.flag_default, u.uchactok_type_id, u.lpu_id, u.sort, u.sex from codifiers.uchactok_tab u order by u.sort, u.name
2017-07-03 11:05:35.7160 DEBUG Получено записей: 77
2017-07-03 11:05:35.7740 DEBUG Запрос: select id, socr, name, full_name, index, code 
                              from codifiers.sp_kladr_tab
                              where level_ter=@level order by name
2017-07-03 11:05:35.7740 DEBUG Получено записей: 107
2017-07-03 11:05:36.0380 DEBUG Запрос: SELECT * FROM codifiers.lpu_tab
2017-07-03 11:05:36.0380 DEBUG Получено записей: 114
2017-07-03 11:05:38.9462 DEBUG PatientFindForm ShowFilterByDoctor set to true
2017-07-03 11:05:38.9462 DEBUG PatientFindForm OperatorId: 2469
2017-07-03 11:05:38.9462 DEBUG PatientFindForm DoctorId: 2469
2017-07-03 11:05:39.0832 DEBUG DoctorQuery
2017-07-03 11:05:39.0832 DEBUG sql: SELECT td.time_nazn as "Время записи", d.dan_id as "Id", d.fam as "Фамилия", d.nam as "Имя", d.mid as "Отчество", d.date_born as "Дата рождения", case when d.ser_pol is null then d.num_pol else d.ser_pol ||' '|| d.num_pol end as "Полис", d.address as "Адрес", case when spolref='2301001' then true else false end as "Прикреплен", case when strcom_region_id='0300000000000' then false else true end as "Иногородний" FROM dan_tab d LEFT JOIN public.talon_doctor_tab td on td.dan_id = d.dan_id WHERE td.date_nazn = date(@date) and td.doctor_id = @doctor;
2017-07-03 11:05:39.0832 DEBUG @date: 03.07.2017
2017-07-03 11:05:39.0832 DEBUG @doctor: 2469
2017-07-03 11:05:39.0832 DEBUG bindQueryToDataGrid
2017-07-03 11:05:39.0972 DEBUG Sql: SELECT td.time_nazn as "Время записи", d.dan_id as "Id", d.fam as "Фамилия", d.nam as "Имя", d.mid as "Отчество", d.date_born as "Дата рождения", case when d.ser_pol is null then d.num_pol else d.ser_pol ||' '|| d.num_pol end as "Полис", d.address as "Адрес", case when spolref='2301001' then true else false end as "Прикреплен", case when strcom_region_id='0300000000000' then false else true end as "Иногородний" FROM dan_tab d LEFT JOIN public.talon_doctor_tab td on td.dan_id = d.dan_id WHERE td.date_nazn = date(@date) and td.doctor_id = @doctor;
2017-07-03 11:05:39.0972 DEBUG SqlParams:
2017-07-03 11:05:39.0972 DEBUG SqlParam @date='03.07.2017'
2017-07-03 11:05:39.0972 DEBUG SqlParam @doctor=2469
2017-07-03 11:05:49.1378 DEBUG Sql: SELECT d.dan_id as "Id", d.fam as "Фамилия", d.nam as "Имя", d.mid as "Отчество", d.date_born as "Дата рождения", case when d.ser_pol is null then d.num_pol else d.ser_pol ||' '|| d.num_pol end as "Полис", d.pens as "СНИЛС", d.address as "Адрес", case when spolref='2301001' then true else false end as "Прикреплен" , case when strcom_region_id='0300000000000' then false else true end as "Иногородний" FROM dan_tab d WHERE Lower(d.fam) LIKE @fam and Lower(d.nam) LIKE @nam ORDER BY d.fam, d.nam, d.mid, d.date_born LIMIT 150;
2017-07-03 11:05:49.1378 DEBUG SqlParams:
2017-07-03 11:05:49.1378 DEBUG SqlParam @fam=вахрушкина%
2017-07-03 11:05:49.1378 DEBUG SqlParam @nam=алевтина%
2017-07-03 11:05:50.7699 DEBUG Запрос: Select smo.id, smo.name, kladr.name from codifiers.strcom_tab smo left join codifiers.sp_kladr_tab kladr on smo.region_id = kladr.code where smo.region_id = @id and smo.name not like '*%'order by smo.name
2017-07-03 11:05:50.8519 DEBUG Получено записей: 4
2017-07-03 11:05:50.9409 DEBUG Запрос: select * from fed_lgota_tab where pens like @snils;
2017-07-03 11:05:50.9409 DEBUG Получено записей: 1
2017-07-03 11:05:51.1049 DEBUG Запрос: SELECT t.talon_id, t.result_id, t.diag_osn, t.doctor_id, t.date_vnes_inf,
                        v.visit_id, v.doctor_id as vdoctor_id, v.data_vnes_inf as vdate_vnes_inf, v.data_pos 
                        FROM public.talon_tab t left join public.visit_tab v on v.talon_id = t.talon_id
                        where t.dan_id = @patient_id;
2017-07-03 11:05:51.1479 DEBUG Получено записей: 533
2017-07-03 11:05:54.0961 DEBUG Запрос: Select visit_id from public.visit_tab where talon_id = @talonId;
2017-07-03 11:05:54.0961 DEBUG Получено записей: 1
2017-07-03 11:05:54.1781 DEBUG Запрос: SELECT d.id FROM diagn_tab d WHERE d.talon_id = @caseId ORDER BY d.id desc;
2017-07-03 11:05:54.1821 DEBUG Получено записей: 1
2017-07-03 11:06:03.7286 DEBUG Запрос: Select mkb_id, mkb, kod_d, reestr_code from public.mkb_tab order by 1
2017-07-03 11:06:03.9006 DEBUG Получено записей: 13813
2017-07-03 11:06:03.9376 DEBUG Запрос: SELECT * FROM codifiers.lpu_tab
2017-07-03 11:06:03.9476 DEBUG Получено записей: 114
2017-07-03 15:35:30.1613 DEBUG Запрос: SELECT DISTINCT code_access, name, description 
                            FROM users_access_view WHERE users_id = @id
2017-07-03 15:35:30.2093 DEBUG Получено записей: 187
2017-07-03 15:35:32.8024 DEBUG SQL: select pattern from codifiers.patterns_tab where code = @patterncode and users_id is null;
2017-07-03 15:35:32.8024 DEBUG Parameters: @patterncode=, @operator=
2017-07-03 15:35:32.8314 DEBUG Result 
2017-07-03 15:35:32.8314 DEBUG нет шаблона для пользователя
2017-07-03 15:35:32.8314 DEBUG SQL: select pattern from codifiers.patterns_tab where code = @patterncode and users_id is null
2017-07-03 15:35:32.8314 DEBUG Parameters: @patterncode 
2017-07-03 15:35:32.8434 DEBUG Result 
2017-07-03 15:35:32.8984 DEBUG SQL: select pattern from codifiers.patterns_tab where code = @patterncode and users_id is null;
2017-07-03 15:35:32.8984 DEBUG Parameters: @patterncode=, @operator=
2017-07-03 15:35:32.9094 DEBUG Result 
2017-07-03 15:35:32.9094 DEBUG нет шаблона для пользователя
2017-07-03 15:35:32.9094 DEBUG SQL: select pattern from codifiers.patterns_tab where code = @patterncode and users_id is null
2017-07-03 15:35:32.9094 DEBUG Parameters: @patterncode 
2017-07-03 15:35:32.9194 DEBUG Result 
2017-07-03 15:35:33.2625 DEBUG Запрос: Select id, name, code, is_default, parent_id from codifiers.sp_kind_paid_tab order by id
2017-07-03 15:35:33.2625 DEBUG Получено записей: 9
2017-07-03 15:35:33.2625 DEBUG Запрос: Select id, name, code from codifiers.first_visit_condition_tab order by id
2017-07-03 15:35:33.2775 DEBUG Получено записей: 4
2017-07-03 15:35:33.2775 DEBUG Запрос: Select id, name, code, reestr, idsp, hospital_type_id, is_cure, is_inspection from codifiers.visit_purpose_common_tab order by id
2017-07-03 15:35:33.2935 DEBUG Получено записей: 22
2017-07-03 15:35:33.3185 DEBUG Запрос: Select id, name, code from codifiers.place_service_tab order by id
2017-07-03 15:35:33.3185 DEBUG Получено записей: 3
2017-07-03 15:35:33.3315 DEBUG Запрос: Select result_id, result, reestr, patient_state_id, reestr_rslt, reestr_ishod, _end from public.result_tab order by result_id
2017-07-03 15:35:33.3315 DEBUG Получено записей: 29
2017-07-03 15:35:33.3465 DEBUG Запрос: select id, name, code, bur_reestr_code from codifiers.travma_tab order by name;
2017-07-03 15:35:33.3465 DEBUG Получено записей: 15
2017-07-03 15:35:33.3595 DEBUG Запрос: SELECT * FROM codifiers.lpu_tab
2017-07-03 15:35:33.3845 DEBUG Получено записей: 114
2017-07-03 15:35:33.7385 DEBUG Запрос: SELECT * FROM codifiers.lpu_tab order by name
2017-07-03 15:35:33.7505 DEBUG Получено записей: 114
2017-07-03 15:35:33.7605 DEBUG Запрос: select sp_napr_obosn_id,trim(obosn_name) as obosn_name FROM sp_napr_obosn_tab ORDER BY sp_napr_obosn_id;
2017-07-03 15:35:33.7605 DEBUG Получено записей: 8
2017-07-03 15:35:33.7605 DEBUG Запрос: SELECT sp_type_napr_id, sp_type_napr FROM sp_type_napr_tab where sp_type_napr_id!=1 ORDER BY 1;
2017-07-03 15:35:33.7755 DEBUG Получено записей: 8
2017-07-03 15:35:33.7755 DEBUG Запрос: select id, code, name from codifiers.doctor_spec_tab order by 3,1;
2017-07-03 15:35:33.7925 DEBUG Получено записей: 176
2017-07-03 15:35:33.7925 DEBUG Запрос: Select mkb_id, mkb, kod_d, reestr_code from public.mkb_tab order by 1
2017-07-03 15:35:33.9935 DEBUG Получено записей: 13813
2017-07-03 15:35:42.4220 DEBUG Запрос: Select s.id, s.code, s.name from codifiers.sozstatus_tab s
2017-07-03 15:35:42.4220 DEBUG Получено записей: 11
2017-07-03 15:35:42.4350 DEBUG Запрос: Select u.id, u.code, u.name, u.doctor_id, u.otdel_id, u.age_from, u.age_for, u.flag_default, u.uchactok_type_id, u.lpu_id, u.sort, u.sex from codifiers.uchactok_tab u order by u.sort, u.name
2017-07-03 15:35:42.4350 DEBUG Получено записей: 77
2017-07-03 15:35:42.4920 DEBUG Запрос: select id, socr, name, full_name, index, code 
                              from codifiers.sp_kladr_tab
                              where level_ter=@level order by name
2017-07-03 15:35:42.4980 DEBUG Получено записей: 107
2017-07-03 15:35:42.7490 DEBUG Запрос: SELECT * FROM codifiers.lpu_tab
2017-07-03 15:35:42.7490 DEBUG Получено записей: 114
2017-07-03 15:35:45.9522 DEBUG PatientFindForm ShowFilterByDoctor set to true
2017-07-03 15:35:45.9522 DEBUG PatientFindForm OperatorId: 2469
2017-07-03 15:35:45.9522 DEBUG PatientFindForm DoctorId: 2469
2017-07-03 15:35:46.0942 DEBUG DoctorQuery
2017-07-03 15:35:46.0942 DEBUG sql: SELECT td.time_nazn as "Время записи", d.dan_id as "Id", d.fam as "Фамилия", d.nam as "Имя", d.mid as "Отчество", d.date_born as "Дата рождения", case when d.ser_pol is null then d.num_pol else d.ser_pol ||' '|| d.num_pol end as "Полис", d.address as "Адрес", case when spolref='2301001' then true else false end as "Прикреплен", case when strcom_region_id='0300000000000' then false else true end as "Иногородний" FROM dan_tab d LEFT JOIN public.talon_doctor_tab td on td.dan_id = d.dan_id WHERE td.date_nazn = date(@date) and td.doctor_id = @doctor;
2017-07-03 15:35:46.0942 DEBUG @date: 03.07.2017
2017-07-03 15:35:46.0942 DEBUG @doctor: 2469
2017-07-03 15:35:46.0942 DEBUG bindQueryToDataGrid
2017-07-03 15:35:46.1092 DEBUG Sql: SELECT td.time_nazn as "Время записи", d.dan_id as "Id", d.fam as "Фамилия", d.nam as "Имя", d.mid as "Отчество", d.date_born as "Дата рождения", case when d.ser_pol is null then d.num_pol else d.ser_pol ||' '|| d.num_pol end as "Полис", d.address as "Адрес", case when spolref='2301001' then true else false end as "Прикреплен", case when strcom_region_id='0300000000000' then false else true end as "Иногородний" FROM dan_tab d LEFT JOIN public.talon_doctor_tab td on td.dan_id = d.dan_id WHERE td.date_nazn = date(@date) and td.doctor_id = @doctor;
2017-07-03 15:35:46.1092 DEBUG SqlParams:
2017-07-03 15:35:46.1092 DEBUG SqlParam @date='03.07.2017'
2017-07-03 15:35:46.1092 DEBUG SqlParam @doctor=2469
2017-07-03 15:35:57.5068 DEBUG Sql: SELECT d.dan_id as "Id", d.fam as "Фамилия", d.nam as "Имя", d.mid as "Отчество", d.date_born as "Дата рождения", case when d.ser_pol is null then d.num_pol else d.ser_pol ||' '|| d.num_pol end as "Полис", d.pens as "СНИЛС", d.address as "Адрес", case when spolref='2301001' then true else false end as "Прикреплен" , case when strcom_region_id='0300000000000' then false else true end as "Иногородний" FROM dan_tab d WHERE Lower(d.fam) LIKE @fam and Lower(d.nam) LIKE @nam ORDER BY d.fam, d.nam, d.mid, d.date_born LIMIT 150;
2017-07-03 15:35:57.5068 DEBUG SqlParams:
2017-07-03 15:35:57.5068 DEBUG SqlParam @fam=вахрушкина%
2017-07-03 15:35:57.5068 DEBUG SqlParam @nam=алевтина%
2017-07-03 15:35:59.5150 DEBUG Запрос: Select smo.id, smo.name, kladr.name from codifiers.strcom_tab smo left join codifiers.sp_kladr_tab kladr on smo.region_id = kladr.code where smo.region_id = @id and smo.name not like '*%'order by smo.name
2017-07-03 15:35:59.5970 DEBUG Получено записей: 4
2017-07-03 15:35:59.6620 DEBUG Запрос: select * from fed_lgota_tab where pens like @snils;
2017-07-03 15:35:59.6620 DEBUG Получено записей: 1
2017-07-03 15:35:59.7980 DEBUG Запрос: SELECT t.talon_id, t.result_id, t.diag_osn, t.doctor_id, t.date_vnes_inf,
                        v.visit_id, v.doctor_id as vdoctor_id, v.data_vnes_inf as vdate_vnes_inf, v.data_pos 
                        FROM public.talon_tab t left join public.visit_tab v on v.talon_id = t.talon_id
                        where t.dan_id = @patient_id;
2017-07-03 15:36:00.0470 DEBUG Получено записей: 533
2017-07-03 15:36:02.7781 DEBUG Запрос: Select visit_id from public.visit_tab where talon_id = @talonId;
2017-07-03 15:36:02.7781 DEBUG Получено записей: 1
2017-07-03 15:36:02.8662 DEBUG Запрос: SELECT d.id FROM diagn_tab d WHERE d.talon_id = @caseId ORDER BY d.id desc;
2017-07-03 15:36:02.8662 DEBUG Получено записей: 1
2017-07-03 15:36:13.9338 DEBUG Запрос: Select mkb_id, mkb, kod_d, reestr_code from public.mkb_tab order by 1
2017-07-03 15:36:14.1348 DEBUG Получено записей: 13813
2017-07-03 15:36:14.1748 DEBUG Запрос: SELECT * FROM codifiers.lpu_tab
2017-07-03 15:36:14.1858 DEBUG Получено записей: 114
2017-07-03 16:17:34.6867 DEBUG Запрос: SELECT DISTINCT code_access, name, description 
                            FROM users_access_view WHERE users_id = @id
2017-07-03 16:17:34.7357 DEBUG Получено записей: 187
2017-07-03 16:17:37.3528 DEBUG SQL: select pattern from codifiers.patterns_tab where code = @patterncode and users_id is null;
2017-07-03 16:17:37.3528 DEBUG Parameters: @patterncode=, @operator=
2017-07-03 16:17:37.3808 DEBUG Result 
2017-07-03 16:17:37.3808 DEBUG нет шаблона для пользователя
2017-07-03 16:17:37.3808 DEBUG SQL: select pattern from codifiers.patterns_tab where code = @patterncode and users_id is null
2017-07-03 16:17:37.3808 DEBUG Parameters: @patterncode 
2017-07-03 16:17:37.3938 DEBUG Result 
2017-07-03 16:17:37.4508 DEBUG SQL: select pattern from codifiers.patterns_tab where code = @patterncode and users_id is null;
2017-07-03 16:17:37.4508 DEBUG Parameters: @patterncode=, @operator=
2017-07-03 16:17:37.4508 DEBUG Result 
2017-07-03 16:17:37.4508 DEBUG нет шаблона для пользователя
2017-07-03 16:17:37.4508 DEBUG SQL: select pattern from codifiers.patterns_tab where code = @patterncode and users_id is null
2017-07-03 16:17:37.4508 DEBUG Parameters: @patterncode 
2017-07-03 16:17:37.4728 DEBUG Result 
2017-07-03 16:17:37.7939 DEBUG Запрос: Select id, name, code, is_default, parent_id from codifiers.sp_kind_paid_tab order by id
2017-07-03 16:17:37.7939 DEBUG Получено записей: 9
2017-07-03 16:17:37.7939 DEBUG Запрос: Select id, name, code from codifiers.first_visit_condition_tab order by id
2017-07-03 16:17:37.7939 DEBUG Получено записей: 4
2017-07-03 16:17:37.8199 DEBUG Запрос: Select id, name, code, reestr, idsp, hospital_type_id, is_cure, is_inspection from codifiers.visit_purpose_common_tab order by id
2017-07-03 16:17:37.8249 DEBUG Получено записей: 22
2017-07-03 16:17:37.8249 DEBUG Запрос: Select id, name, code from codifiers.place_service_tab order by id
2017-07-03 16:17:37.8529 DEBUG Получено записей: 3
2017-07-03 16:17:37.8639 DEBUG Запрос: Select result_id, result, reestr, patient_state_id, reestr_rslt, reestr_ishod, _end from public.result_tab order by result_id
2017-07-03 16:17:37.8639 DEBUG Получено записей: 29
2017-07-03 16:17:37.8799 DEBUG Запрос: select id, name, code, bur_reestr_code from codifiers.travma_tab order by name;
2017-07-03 16:17:37.8799 DEBUG Получено записей: 15
2017-07-03 16:17:37.8929 DEBUG Запрос: SELECT * FROM codifiers.lpu_tab
2017-07-03 16:17:37.9159 DEBUG Получено записей: 114
2017-07-03 16:17:38.2779 DEBUG Запрос: SELECT * FROM codifiers.lpu_tab order by name
2017-07-03 16:17:38.2779 DEBUG Получено записей: 114
2017-07-03 16:17:38.2989 DEBUG Запрос: select sp_napr_obosn_id,trim(obosn_name) as obosn_name FROM sp_napr_obosn_tab ORDER BY sp_napr_obosn_id;
2017-07-03 16:17:38.2989 DEBUG Получено записей: 8
2017-07-03 16:17:38.3119 DEBUG Запрос: SELECT sp_type_napr_id, sp_type_napr FROM sp_type_napr_tab where sp_type_napr_id!=1 ORDER BY 1;
2017-07-03 16:17:38.3119 DEBUG Получено записей: 8
2017-07-03 16:17:38.3269 DEBUG Запрос: select id, code, name from codifiers.doctor_spec_tab order by 3,1;
2017-07-03 16:17:38.3269 DEBUG Получено записей: 176
2017-07-03 16:17:38.3439 DEBUG Запрос: Select mkb_id, mkb, kod_d, reestr_code from public.mkb_tab order by 1
2017-07-03 16:17:38.5319 DEBUG Получено записей: 13813
2017-07-03 16:17:42.6591 DEBUG Запрос: Select s.id, s.code, s.name from codifiers.sozstatus_tab s
2017-07-03 16:17:42.6611 DEBUG Получено записей: 11
2017-07-03 16:17:42.6611 DEBUG Запрос: Select u.id, u.code, u.name, u.doctor_id, u.otdel_id, u.age_from, u.age_for, u.flag_default, u.uchactok_type_id, u.lpu_id, u.sort, u.sex from codifiers.uchactok_tab u order by u.sort, u.name
2017-07-03 16:17:42.6791 DEBUG Получено записей: 77
2017-07-03 16:17:42.7301 DEBUG Запрос: select id, socr, name, full_name, index, code 
                              from codifiers.sp_kladr_tab
                              where level_ter=@level order by name
2017-07-03 16:17:42.7301 DEBUG Получено записей: 107
2017-07-03 16:17:43.0112 DEBUG Запрос: SELECT * FROM codifiers.lpu_tab
2017-07-03 16:17:43.0222 DEBUG Получено записей: 114
2017-07-03 16:17:45.6363 DEBUG PatientFindForm ShowFilterByDoctor set to true
2017-07-03 16:17:45.6363 DEBUG PatientFindForm OperatorId: 2469
2017-07-03 16:17:45.6363 DEBUG PatientFindForm DoctorId: 2469
2017-07-03 16:17:45.7653 DEBUG DoctorQuery
2017-07-03 16:17:45.7653 DEBUG sql: SELECT td.time_nazn as "Время записи", d.dan_id as "Id", d.fam as "Фамилия", d.nam as "Имя", d.mid as "Отчество", d.date_born as "Дата рождения", case when d.ser_pol is null then d.num_pol else d.ser_pol ||' '|| d.num_pol end as "Полис", d.address as "Адрес", case when spolref='2301001' then true else false end as "Прикреплен", case when strcom_region_id='0300000000000' then false else true end as "Иногородний" FROM dan_tab d LEFT JOIN public.talon_doctor_tab td on td.dan_id = d.dan_id WHERE td.date_nazn = date(@date) and td.doctor_id = @doctor;
2017-07-03 16:17:45.7653 DEBUG @date: 03.07.2017
2017-07-03 16:17:45.7653 DEBUG @doctor: 2469
2017-07-03 16:17:45.7653 DEBUG bindQueryToDataGrid
2017-07-03 16:17:45.7653 DEBUG Sql: SELECT td.time_nazn as "Время записи", d.dan_id as "Id", d.fam as "Фамилия", d.nam as "Имя", d.mid as "Отчество", d.date_born as "Дата рождения", case when d.ser_pol is null then d.num_pol else d.ser_pol ||' '|| d.num_pol end as "Полис", d.address as "Адрес", case when spolref='2301001' then true else false end as "Прикреплен", case when strcom_region_id='0300000000000' then false else true end as "Иногородний" FROM dan_tab d LEFT JOIN public.talon_doctor_tab td on td.dan_id = d.dan_id WHERE td.date_nazn = date(@date) and td.doctor_id = @doctor;
2017-07-03 16:17:45.7813 DEBUG SqlParams:
2017-07-03 16:17:45.7813 DEBUG SqlParam @date='03.07.2017'
2017-07-03 16:17:45.7813 DEBUG SqlParam @doctor=2469
2017-07-03 16:17:56.9169 DEBUG Sql: SELECT d.dan_id as "Id", d.fam as "Фамилия", d.nam as "Имя", d.mid as "Отчество", d.date_born as "Дата рождения", case when d.ser_pol is null then d.num_pol else d.ser_pol ||' '|| d.num_pol end as "Полис", d.pens as "СНИЛС", d.address as "Адрес", case when spolref='2301001' then true else false end as "Прикреплен" , case when strcom_region_id='0300000000000' then false else true end as "Иногородний" FROM dan_tab d WHERE Lower(d.fam) LIKE @fam and Lower(d.nam) LIKE @nam ORDER BY d.fam, d.nam, d.mid, d.date_born LIMIT 150;
2017-07-03 16:17:56.9169 DEBUG SqlParams:
2017-07-03 16:17:56.9169 DEBUG SqlParam @fam=вахрушкина%
2017-07-03 16:17:56.9169 DEBUG SqlParam @nam=алевтина%
2017-07-03 16:17:58.5790 DEBUG Запрос: Select smo.id, smo.name, kladr.name from codifiers.strcom_tab smo left join codifiers.sp_kladr_tab kladr on smo.region_id = kladr.code where smo.region_id = @id and smo.name not like '*%'order by smo.name
2017-07-03 16:17:58.6620 DEBUG Получено записей: 4
2017-07-03 16:17:58.7461 DEBUG Запрос: select * from fed_lgota_tab where pens like @snils;
2017-07-03 16:17:58.7461 DEBUG Получено записей: 1
2017-07-03 16:17:58.9121 DEBUG Запрос: SELECT t.talon_id, t.result_id, t.diag_osn, t.doctor_id, t.date_vnes_inf,
                        v.visit_id, v.doctor_id as vdoctor_id, v.data_vnes_inf as vdate_vnes_inf, v.data_pos 
                        FROM public.talon_tab t left join public.visit_tab v on v.talon_id = t.talon_id
                        where t.dan_id = @patient_id;
2017-07-03 16:17:58.9441 DEBUG Получено записей: 533
2017-07-03 16:18:01.8182 DEBUG Запрос: Select visit_id from public.visit_tab where talon_id = @talonId;
2017-07-03 16:18:01.8182 DEBUG Получено записей: 1
2017-07-03 16:18:01.8972 DEBUG Запрос: SELECT d.id FROM diagn_tab d WHERE d.talon_id = @caseId ORDER BY d.id desc;
2017-07-03 16:18:01.8972 DEBUG Получено записей: 1
2017-07-03 16:18:09.3127 DEBUG Запрос: Select mkb_id, mkb, kod_d, reestr_code from public.mkb_tab order by 1
2017-07-03 16:18:09.5027 DEBUG Получено записей: 13813
2017-07-03 16:18:09.5407 DEBUG Запрос: SELECT * FROM codifiers.lpu_tab
2017-07-03 16:18:09.5407 DEBUG Получено записей: 114
2017-07-03 16:26:27.4591 ERROR Cannot open connection: Failed to establish a connection to '192.168.16.253'.
2017-07-03 16:35:25.5389 DEBUG Запрос: SELECT DISTINCT code_access, name, description 
                            FROM users_access_view WHERE users_id = @id
2017-07-03 16:35:25.5899 DEBUG Получено записей: 187
2017-07-03 16:35:28.2751 DEBUG SQL: select pattern from codifiers.patterns_tab where code = @patterncode and users_id is null;
2017-07-03 16:35:28.2751 DEBUG Parameters: @patterncode=, @operator=
2017-07-03 16:35:28.3031 DEBUG Result 
2017-07-03 16:35:28.3031 DEBUG нет шаблона для пользователя
2017-07-03 16:35:28.3031 DEBUG SQL: select pattern from codifiers.patterns_tab where code = @patterncode and users_id is null
2017-07-03 16:35:28.3041 DEBUG Parameters: @patterncode 
2017-07-03 16:35:28.3041 DEBUG Result 
2017-07-03 16:35:28.3671 DEBUG SQL: select pattern from codifiers.patterns_tab where code = @patterncode and users_id is null;
2017-07-03 16:35:28.3671 DEBUG Parameters: @patterncode=, @operator=
2017-07-03 16:35:28.3671 DEBUG Result 
2017-07-03 16:35:28.3671 DEBUG нет шаблона для пользователя
2017-07-03 16:35:28.3671 DEBUG SQL: select pattern from codifiers.patterns_tab where code = @patterncode and users_id is null
2017-07-03 16:35:28.3671 DEBUG Parameters: @patterncode 
2017-07-03 16:35:28.3871 DEBUG Result 
2017-07-03 16:35:28.7551 DEBUG Запрос: Select id, name, code, is_default, parent_id from codifiers.sp_kind_paid_tab order by id
2017-07-03 16:35:28.7581 DEBUG Получено записей: 9
2017-07-03 16:35:28.7581 DEBUG Запрос: Select id, name, code from codifiers.first_visit_condition_tab order by id
2017-07-03 16:35:28.7581 DEBUG Получено записей: 4
2017-07-03 16:35:28.7791 DEBUG Запрос: Select id, name, code, reestr, idsp, hospital_type_id, is_cure, is_inspection from codifiers.visit_purpose_common_tab order by id
2017-07-03 16:35:28.7791 DEBUG Получено записей: 22
2017-07-03 16:35:28.7951 DEBUG Запрос: Select id, name, code from codifiers.place_service_tab order by id
2017-07-03 16:35:28.7951 DEBUG Получено записей: 3
2017-07-03 16:35:28.8061 DEBUG Запрос: Select result_id, result, reestr, patient_state_id, reestr_rslt, reestr_ishod, _end from public.result_tab order by result_id
2017-07-03 16:35:28.8271 DEBUG Получено записей: 29
2017-07-03 16:35:28.8391 DEBUG Запрос: select id, name, code, bur_reestr_code from codifiers.travma_tab order by name;
2017-07-03 16:35:28.8391 DEBUG Получено записей: 15
2017-07-03 16:35:28.8521 DEBUG Запрос: SELECT * FROM codifiers.lpu_tab
2017-07-03 16:35:28.8791 DEBUG Получено записей: 114
2017-07-03 16:35:29.2371 DEBUG Запрос: SELECT * FROM codifiers.lpu_tab order by name
2017-07-03 16:35:29.2491 DEBUG Получено записей: 114
2017-07-03 16:35:29.2581 DEBUG Запрос: select sp_napr_obosn_id,trim(obosn_name) as obosn_name FROM sp_napr_obosn_tab ORDER BY sp_napr_obosn_id;
2017-07-03 16:35:29.2581 DEBUG Получено записей: 8
2017-07-03 16:35:29.2581 DEBUG Запрос: SELECT sp_type_napr_id, sp_type_napr FROM sp_type_napr_tab where sp_type_napr_id!=1 ORDER BY 1;
2017-07-03 16:35:29.2721 DEBUG Получено записей: 8
2017-07-03 16:35:29.2721 DEBUG Запрос: select id, code, name from codifiers.doctor_spec_tab order by 3,1;
2017-07-03 16:35:29.2891 DEBUG Получено записей: 176
2017-07-03 16:35:29.2891 DEBUG Запрос: Select mkb_id, mkb, kod_d, reestr_code from public.mkb_tab order by 1
2017-07-03 16:35:29.5442 DEBUG Получено записей: 13813
2017-07-03 16:35:34.4634 DEBUG Запрос: Select s.id, s.code, s.name from codifiers.sozstatus_tab s
2017-07-03 16:35:34.4634 DEBUG Получено записей: 11
2017-07-03 16:35:34.4774 DEBUG Запрос: Select u.id, u.code, u.name, u.doctor_id, u.otdel_id, u.age_from, u.age_for, u.flag_default, u.uchactok_type_id, u.lpu_id, u.sort, u.sex from codifiers.uchactok_tab u order by u.sort, u.name
2017-07-03 16:35:34.4834 DEBUG Получено записей: 77
2017-07-03 16:35:34.5424 DEBUG Запрос: select id, socr, name, full_name, index, code 
                              from codifiers.sp_kladr_tab
                              where level_ter=@level order by name
2017-07-03 16:35:34.5494 DEBUG Получено записей: 107
2017-07-03 16:35:34.8125 DEBUG Запрос: SELECT * FROM codifiers.lpu_tab
2017-07-03 16:35:34.8245 DEBUG Получено записей: 114
2017-07-03 16:35:37.5166 DEBUG PatientFindForm ShowFilterByDoctor set to true
2017-07-03 16:35:37.5166 DEBUG PatientFindForm OperatorId: 2469
2017-07-03 16:35:37.5166 DEBUG PatientFindForm DoctorId: 2469
2017-07-03 16:35:37.6436 DEBUG DoctorQuery
2017-07-03 16:35:37.6436 DEBUG sql: SELECT td.time_nazn as "Время записи", d.dan_id as "Id", d.fam as "Фамилия", d.nam as "Имя", d.mid as "Отчество", d.date_born as "Дата рождения", case when d.ser_pol is null then d.num_pol else d.ser_pol ||' '|| d.num_pol end as "Полис", d.address as "Адрес", case when spolref='2301001' then true else false end as "Прикреплен", case when strcom_region_id='0300000000000' then false else true end as "Иногородний" FROM dan_tab d LEFT JOIN public.talon_doctor_tab td on td.dan_id = d.dan_id WHERE td.date_nazn = date(@date) and td.doctor_id = @doctor;
2017-07-03 16:35:37.6436 DEBUG @date: 03.07.2017
2017-07-03 16:35:37.6436 DEBUG @doctor: 2469
2017-07-03 16:35:37.6436 DEBUG bindQueryToDataGrid
2017-07-03 16:35:37.6566 DEBUG Sql: SELECT td.time_nazn as "Время записи", d.dan_id as "Id", d.fam as "Фамилия", d.nam as "Имя", d.mid as "Отчество", d.date_born as "Дата рождения", case when d.ser_pol is null then d.num_pol else d.ser_pol ||' '|| d.num_pol end as "Полис", d.address as "Адрес", case when spolref='2301001' then true else false end as "Прикреплен", case when strcom_region_id='0300000000000' then false else true end as "Иногородний" FROM dan_tab d LEFT JOIN public.talon_doctor_tab td on td.dan_id = d.dan_id WHERE td.date_nazn = date(@date) and td.doctor_id = @doctor;
2017-07-03 16:35:37.6566 DEBUG SqlParams:
2017-07-03 16:35:37.6566 DEBUG SqlParam @date='03.07.2017'
2017-07-03 16:35:37.6566 DEBUG SqlParam @doctor=2469
2017-07-03 16:35:51.4094 DEBUG Sql: SELECT d.dan_id as "Id", d.fam as "Фамилия", d.nam as "Имя", d.mid as "Отчество", d.date_born as "Дата рождения", case when d.ser_pol is null then d.num_pol else d.ser_pol ||' '|| d.num_pol end as "Полис", d.pens as "СНИЛС", d.address as "Адрес", case when spolref='2301001' then true else false end as "Прикреплен" , case when strcom_region_id='0300000000000' then false else true end as "Иногородний" FROM dan_tab d WHERE Lower(d.fam) LIKE @fam and Lower(d.nam) LIKE @nam ORDER BY d.fam, d.nam, d.mid, d.date_born LIMIT 150;
2017-07-03 16:35:51.4094 DEBUG SqlParams:
2017-07-03 16:35:51.4094 DEBUG SqlParam @fam=вахрушкина%
2017-07-03 16:35:51.4094 DEBUG SqlParam @nam=алевтина%
2017-07-03 16:35:53.0615 DEBUG Запрос: Select smo.id, smo.name, kladr.name from codifiers.strcom_tab smo left join codifiers.sp_kladr_tab kladr on smo.region_id = kladr.code where smo.region_id = @id and smo.name not like '*%'order by smo.name
2017-07-03 16:35:53.1425 DEBUG Получено записей: 4
2017-07-03 16:35:53.2255 DEBUG Запрос: select * from fed_lgota_tab where pens like @snils;
2017-07-03 16:35:53.2255 DEBUG Получено записей: 1
2017-07-03 16:35:53.3905 DEBUG Запрос: SELECT t.talon_id, t.result_id, t.diag_osn, t.doctor_id, t.date_vnes_inf,
                        v.visit_id, v.doctor_id as vdoctor_id, v.data_vnes_inf as vdate_vnes_inf, v.data_pos 
                        FROM public.talon_tab t left join public.visit_tab v on v.talon_id = t.talon_id
                        where t.dan_id = @patient_id;
2017-07-03 16:35:53.4315 DEBUG Получено записей: 533
2017-07-03 16:35:56.1017 DEBUG Запрос: Select visit_id from public.visit_tab where talon_id = @talonId;
2017-07-03 16:35:56.1047 DEBUG Получено записей: 1
2017-07-03 16:35:56.1787 DEBUG Запрос: SELECT d.id FROM diagn_tab d WHERE d.talon_id = @caseId ORDER BY d.id desc;
2017-07-03 16:35:56.1817 DEBUG Получено записей: 1
2017-07-03 16:36:22.6032 DEBUG Запрос: Select mkb_id, mkb, kod_d, reestr_code from public.mkb_tab order by 1
2017-07-03 16:36:22.8302 DEBUG Получено записей: 13813
2017-07-03 16:36:22.8712 DEBUG Запрос: SELECT * FROM codifiers.lpu_tab
2017-07-03 16:36:22.8842 DEBUG Получено записей: 114
2017-07-03 16:36:45.4485 ERROR Cannot open connection: Failed to establish a connection to '192.168.16.253'.
2017-07-03 16:53:15.7961 DEBUG Запрос: SELECT DISTINCT code_access, name, description 
                            FROM users_access_view WHERE users_id = @id
2017-07-03 16:53:15.8441 DEBUG Получено записей: 187
2017-07-03 16:53:18.4753 DEBUG SQL: select pattern from codifiers.patterns_tab where code = @patterncode and users_id is null;
2017-07-03 16:53:18.4753 DEBUG Parameters: @patterncode=, @operator=
2017-07-03 16:53:18.5033 DEBUG Result 
2017-07-03 16:53:18.5033 DEBUG нет шаблона для пользователя
2017-07-03 16:53:18.5033 DEBUG SQL: select pattern from codifiers.patterns_tab where code = @patterncode and users_id is null
2017-07-03 16:53:18.5033 DEBUG Parameters: @patterncode 
2017-07-03 16:53:18.5033 DEBUG Result 
2017-07-03 16:53:18.5723 DEBUG SQL: select pattern from codifiers.patterns_tab where code = @patterncode and users_id is null;
2017-07-03 16:53:18.5723 DEBUG Parameters: @patterncode=, @operator=
2017-07-03 16:53:18.5823 DEBUG Result 
2017-07-03 16:53:18.5823 DEBUG нет шаблона для пользователя
2017-07-03 16:53:18.5823 DEBUG SQL: select pattern from codifiers.patterns_tab where code = @patterncode and users_id is null
2017-07-03 16:53:18.5823 DEBUG Parameters: @patterncode 
2017-07-03 16:53:18.5823 DEBUG Result 
2017-07-03 16:53:18.9383 DEBUG Запрос: Select id, name, code, is_default, parent_id from codifiers.sp_kind_paid_tab order by id
2017-07-03 16:53:18.9383 DEBUG Получено записей: 9
2017-07-03 16:53:18.9383 DEBUG Запрос: Select id, name, code from codifiers.first_visit_condition_tab order by id
2017-07-03 16:53:18.9543 DEBUG Получено записей: 4
2017-07-03 16:53:18.9543 DEBUG Запрос: Select id, name, code, reestr, idsp, hospital_type_id, is_cure, is_inspection from codifiers.visit_purpose_common_tab order by id
2017-07-03 16:53:18.9543 DEBUG Получено записей: 22
2017-07-03 16:53:18.9943 DEBUG Запрос: Select id, name, code from codifiers.place_service_tab order by id
2017-07-03 16:53:18.9943 DEBUG Получено записей: 3
2017-07-03 16:53:19.0073 DEBUG Запрос: Select result_id, result, reestr, patient_state_id, reestr_rslt, reestr_ishod, _end from public.result_tab order by result_id
2017-07-03 16:53:19.0073 DEBUG Получено записей: 29
2017-07-03 16:53:19.0223 DEBUG Запрос: select id, name, code, bur_reestr_code from codifiers.travma_tab order by name;
2017-07-03 16:53:19.0223 DEBUG Получено записей: 15
2017-07-03 16:53:19.0363 DEBUG Запрос: SELECT * FROM codifiers.lpu_tab
2017-07-03 16:53:19.0603 DEBUG Получено записей: 114
2017-07-03 16:53:19.4073 DEBUG Запрос: SELECT * FROM codifiers.lpu_tab order by name
2017-07-03 16:53:19.4073 DEBUG Получено записей: 114
2017-07-03 16:53:19.4293 DEBUG Запрос: select sp_napr_obosn_id,trim(obosn_name) as obosn_name FROM sp_napr_obosn_tab ORDER BY sp_napr_obosn_id;
2017-07-03 16:53:19.4293 DEBUG Получено записей: 8
2017-07-03 16:53:19.4413 DEBUG Запрос: SELECT sp_type_napr_id, sp_type_napr FROM sp_type_napr_tab where sp_type_napr_id!=1 ORDER BY 1;
2017-07-03 16:53:19.4413 DEBUG Получено записей: 8
2017-07-03 16:53:19.4563 DEBUG Запрос: select id, code, name from codifiers.doctor_spec_tab order by 3,1;
2017-07-03 16:53:19.4563 DEBUG Получено записей: 176
2017-07-03 16:53:19.4734 DEBUG Запрос: Select mkb_id, mkb, kod_d, reestr_code from public.mkb_tab order by 1
2017-07-03 16:53:19.6644 DEBUG Получено записей: 13813
2017-07-03 16:53:23.8596 DEBUG Запрос: Select s.id, s.code, s.name from codifiers.sozstatus_tab s
2017-07-03 16:53:23.8596 DEBUG Получено записей: 11
2017-07-03 16:53:23.8716 DEBUG Запрос: Select u.id, u.code, u.name, u.doctor_id, u.otdel_id, u.age_from, u.age_for, u.flag_default, u.uchactok_type_id, u.lpu_id, u.sort, u.sex from codifiers.uchactok_tab u order by u.sort, u.name
2017-07-03 16:53:23.8716 DEBUG Получено записей: 77
2017-07-03 16:53:23.9296 DEBUG Запрос: select id, socr, name, full_name, index, code 
                              from codifiers.sp_kladr_tab
                              where level_ter=@level order by name
2017-07-03 16:53:23.9356 DEBUG Получено записей: 107
2017-07-03 16:53:24.2056 DEBUG Запрос: SELECT * FROM codifiers.lpu_tab
2017-07-03 16:53:24.2166 DEBUG Получено записей: 114
2017-07-03 16:53:26.9528 DEBUG PatientFindForm ShowFilterByDoctor set to true
2017-07-03 16:53:26.9528 DEBUG PatientFindForm OperatorId: 2469
2017-07-03 16:53:26.9528 DEBUG PatientFindForm DoctorId: 2469
2017-07-03 16:53:27.0868 DEBUG DoctorQuery
2017-07-03 16:53:27.0868 DEBUG sql: SELECT td.time_nazn as "Время записи", d.dan_id as "Id", d.fam as "Фамилия", d.nam as "Имя", d.mid as "Отчество", d.date_born as "Дата рождения", case when d.ser_pol is null then d.num_pol else d.ser_pol ||' '|| d.num_pol end as "Полис", d.address as "Адрес", case when spolref='2301001' then true else false end as "Прикреплен", case when strcom_region_id='0300000000000' then false else true end as "Иногородний" FROM dan_tab d LEFT JOIN public.talon_doctor_tab td on td.dan_id = d.dan_id WHERE td.date_nazn = date(@date) and td.doctor_id = @doctor;
2017-07-03 16:53:27.0868 DEBUG @date: 03.07.2017
2017-07-03 16:53:27.0868 DEBUG @doctor: 2469
2017-07-03 16:53:27.0868 DEBUG bindQueryToDataGrid
2017-07-03 16:53:27.1008 DEBUG Sql: SELECT td.time_nazn as "Время записи", d.dan_id as "Id", d.fam as "Фамилия", d.nam as "Имя", d.mid as "Отчество", d.date_born as "Дата рождения", case when d.ser_pol is null then d.num_pol else d.ser_pol ||' '|| d.num_pol end as "Полис", d.address as "Адрес", case when spolref='2301001' then true else false end as "Прикреплен", case when strcom_region_id='0300000000000' then false else true end as "Иногородний" FROM dan_tab d LEFT JOIN public.talon_doctor_tab td on td.dan_id = d.dan_id WHERE td.date_nazn = date(@date) and td.doctor_id = @doctor;
2017-07-03 16:53:27.1008 DEBUG SqlParams:
2017-07-03 16:53:27.1008 DEBUG SqlParam @date='03.07.2017'
2017-07-03 16:53:27.1008 DEBUG SqlParam @doctor=2469
2017-07-03 16:53:36.2823 DEBUG Sql: SELECT d.dan_id as "Id", d.fam as "Фамилия", d.nam as "Имя", d.mid as "Отчество", d.date_born as "Дата рождения", case when d.ser_pol is null then d.num_pol else d.ser_pol ||' '|| d.num_pol end as "Полис", d.pens as "СНИЛС", d.address as "Адрес", case when spolref='2301001' then true else false end as "Прикреплен" , case when strcom_region_id='0300000000000' then false else true end as "Иногородний" FROM dan_tab d WHERE Lower(d.fam) LIKE @fam and Lower(d.nam) LIKE @nam ORDER BY d.fam, d.nam, d.mid, d.date_born LIMIT 150;
2017-07-03 16:53:36.2823 DEBUG SqlParams:
2017-07-03 16:53:36.2823 DEBUG SqlParam @fam=вахрушкина%
2017-07-03 16:53:36.2823 DEBUG SqlParam @nam=алевтина%
2017-07-03 16:53:38.1464 DEBUG Запрос: Select smo.id, smo.name, kladr.name from codifiers.strcom_tab smo left join codifiers.sp_kladr_tab kladr on smo.region_id = kladr.code where smo.region_id = @id and smo.name not like '*%'order by smo.name
2017-07-03 16:53:38.2284 DEBUG Получено записей: 4
2017-07-03 16:53:38.3134 DEBUG Запрос: select * from fed_lgota_tab where pens like @snils;
2017-07-03 16:53:38.3164 DEBUG Получено записей: 1
2017-07-03 16:53:38.4774 DEBUG Запрос: SELECT t.talon_id, t.result_id, t.diag_osn, t.doctor_id, t.date_vnes_inf,
                        v.visit_id, v.doctor_id as vdoctor_id, v.data_vnes_inf as vdate_vnes_inf, v.data_pos 
                        FROM public.talon_tab t left join public.visit_tab v on v.talon_id = t.talon_id
                        where t.dan_id = @patient_id;
2017-07-03 16:53:38.5034 DEBUG Получено записей: 533
2017-07-03 16:53:41.3386 DEBUG Запрос: Select visit_id from public.visit_tab where talon_id = @talonId;
2017-07-03 16:53:41.3416 DEBUG Получено записей: 1
2017-07-03 16:53:41.4196 DEBUG Запрос: SELECT d.id FROM diagn_tab d WHERE d.talon_id = @caseId ORDER BY d.id desc;
2017-07-03 16:53:41.4196 DEBUG Получено записей: 1
2017-07-03 16:53:47.8950 DEBUG Запрос: Select mkb_id, mkb, kod_d, reestr_code from public.mkb_tab order by 1
2017-07-03 16:53:48.0740 DEBUG Получено записей: 13813
2017-07-03 16:53:48.1100 DEBUG Запрос: SELECT * FROM codifiers.lpu_tab
2017-07-03 16:53:48.1200 DEBUG Получено записей: 114
