2017-02-10 11:16:06.1813 DEBUG Запрос: SELECT DISTINCT code_access, name, description 
                            FROM users_access_view WHERE users_id = @id
2017-02-10 11:16:06.2333 DEBUG Получено записей: 187
2017-02-10 11:16:09.3615 DEBUG SQL: select pattern from codifiers.patterns_tab where code = @patterncode and users_id is null;
2017-02-10 11:16:09.3615 DEBUG Parameters: @patterncode=, @operator=
2017-02-10 11:16:09.3905 DEBUG Result 
2017-02-10 11:16:09.3905 DEBUG нет шаблона для пользователя
2017-02-10 11:16:09.3905 DEBUG SQL: select pattern from codifiers.patterns_tab where code = @patterncode and users_id is null
2017-02-10 11:16:09.3905 DEBUG Parameters: @patterncode 
2017-02-10 11:16:09.4035 DEBUG Result 
2017-02-10 11:16:09.4585 DEBUG SQL: select pattern from codifiers.patterns_tab where code = @patterncode and users_id is null;
2017-02-10 11:16:09.4585 DEBUG Parameters: @patterncode=, @operator=
2017-02-10 11:16:09.4685 DEBUG Result 
2017-02-10 11:16:09.4685 DEBUG нет шаблона для пользователя
2017-02-10 11:16:09.4685 DEBUG SQL: select pattern from codifiers.patterns_tab where code = @patterncode and users_id is null
2017-02-10 11:16:09.4685 DEBUG Parameters: @patterncode 
2017-02-10 11:16:09.4785 DEBUG Result 
2017-02-10 11:16:10.0065 DEBUG Запрос: Select id, name, code, is_default, parent_id from codifiers.sp_kind_paid_tab order by id
2017-02-10 11:16:10.0095 DEBUG Получено записей: 9
2017-02-10 11:16:10.0455 DEBUG Запрос: Select id, name, code from codifiers.first_visit_condition_tab order by id
2017-02-10 11:16:10.0455 DEBUG Получено записей: 4
2017-02-10 11:16:10.0575 DEBUG Запрос: Select id, name, code, reestr, idsp, hospital_type_id, is_cure, is_inspection from codifiers.visit_purpose_common_tab order by id
2017-02-10 11:16:10.0575 DEBUG Получено записей: 22
2017-02-10 11:16:10.0735 DEBUG Запрос: Select id, name, code from codifiers.place_service_tab order by id
2017-02-10 11:16:10.0735 DEBUG Получено записей: 3
2017-02-10 11:16:10.0735 DEBUG Запрос: Select result_id, result, reestr, patient_state_id, reestr_rslt, reestr_ishod, _end from public.result_tab order by result_id
2017-02-10 11:16:10.1055 DEBUG Получено записей: 29
2017-02-10 11:16:10.1055 DEBUG Запрос: select id, name, code, bur_reestr_code from codifiers.travma_tab order by name;
2017-02-10 11:16:10.1185 DEBUG Получено записей: 15
2017-02-10 11:16:10.1185 DEBUG Запрос: SELECT * FROM codifiers.lpu_tab
2017-02-10 11:16:10.1535 DEBUG Получено записей: 109
2017-02-10 11:16:10.7056 DEBUG Запрос: SELECT * FROM codifiers.lpu_tab order by name
2017-02-10 11:16:10.7176 DEBUG Получено записей: 109
2017-02-10 11:16:10.7276 DEBUG Запрос: select sp_napr_obosn_id,trim(obosn_name) as obosn_name FROM sp_napr_obosn_tab ORDER BY sp_napr_obosn_id;
2017-02-10 11:16:10.7276 DEBUG Получено записей: 8
2017-02-10 11:16:10.7276 DEBUG Запрос: SELECT sp_type_napr_id, sp_type_napr FROM sp_type_napr_tab ORDER BY 1;
2017-02-10 11:16:10.7276 DEBUG Получено записей: 9
2017-02-10 11:16:10.7476 DEBUG Запрос: select id, code, name from codifiers.doctor_spec_tab order by 3,1;
2017-02-10 11:16:10.7476 DEBUG Запрос: select id from public.doctor_tab where sp_spec_doctor_id <> 900;
2017-02-10 11:16:10.7476 DEBUG Получено записей: 175
2017-02-10 11:16:10.7476 DEBUG Получено записей: 684
2017-02-10 11:16:10.7626 DEBUG Запрос: Select mkb_id, mkb, kod_d, reestr_code from public.mkb_tab order by 1
2017-02-10 11:16:11.0166 DEBUG Получено записей: 13813
2017-02-10 11:16:11.0606 DEBUG Запрос: select id from public.doctor_tab where sp_spec_doctor_id <> 900;
2017-02-10 11:16:11.0606 DEBUG Получено записей: 684
2017-02-10 11:16:17.5280 DEBUG Запрос: Select s.id, s.code, s.name from codifiers.sozstatus_tab s
2017-02-10 11:16:17.5280 DEBUG Получено записей: 11
2017-02-10 11:16:17.5280 DEBUG Запрос: Select u.id, u.code, u.name, u.doctor_id, u.otdel_id, u.age_from, u.age_for, u.flag_default, u.uchactok_type_id, u.lpu_id, u.sort, u.sex from codifiers.uchactok_tab u order by u.sort, u.name
2017-02-10 11:16:17.5500 DEBUG Получено записей: 77
2017-02-10 11:16:17.6080 DEBUG Запрос: select id, socr, name, full_name, index, code 
                              from codifiers.sp_kladr_tab
                              where level_ter=@level order by name
2017-02-10 11:16:17.6080 DEBUG Получено записей: 107
2017-02-10 11:16:17.8960 DEBUG Запрос: SELECT * FROM codifiers.lpu_tab
2017-02-10 11:16:17.9080 DEBUG Получено записей: 109
2017-02-10 11:16:24.3934 DEBUG PatientFindForm ShowFilterByDoctor set to true
2017-02-10 11:16:24.3934 DEBUG PatientFindForm OperatorId: 2469
2017-02-10 11:16:24.3934 DEBUG PatientFindForm DoctorId: 2469
2017-02-10 11:16:24.5494 DEBUG DoctorQuery
2017-02-10 11:16:24.5494 DEBUG sql: SELECT td.time_nazn as "Время записи", d.dan_id as "Id", d.fam as "Фамилия", d.nam as "Имя", d.mid as "Отчество", d.date_born as "Дата рождения", case when d.ser_pol is null then d.num_pol else d.ser_pol ||' '|| d.num_pol end as "Полис", d.address as "Адрес", case when spolref='2301001' then true else false end as "Прикреплен", case when strcom_region_id='0300000000000' then false else true end as "Иногородний" FROM dan_tab d LEFT JOIN public.talon_doctor_tab td on td.dan_id = d.dan_id WHERE td.date_nazn = date(@date) and td.doctor_id = @doctor;
2017-02-10 11:16:24.5494 DEBUG @date: 10.02.2017
2017-02-10 11:16:24.5494 DEBUG @doctor: 2469
2017-02-10 11:16:24.5494 DEBUG bindQueryToDataGrid
2017-02-10 11:16:24.5654 DEBUG Sql: SELECT td.time_nazn as "Время записи", d.dan_id as "Id", d.fam as "Фамилия", d.nam as "Имя", d.mid as "Отчество", d.date_born as "Дата рождения", case when d.ser_pol is null then d.num_pol else d.ser_pol ||' '|| d.num_pol end as "Полис", d.address as "Адрес", case when spolref='2301001' then true else false end as "Прикреплен", case when strcom_region_id='0300000000000' then false else true end as "Иногородний" FROM dan_tab d LEFT JOIN public.talon_doctor_tab td on td.dan_id = d.dan_id WHERE td.date_nazn = date(@date) and td.doctor_id = @doctor;
2017-02-10 11:16:24.5654 DEBUG SqlParams:
2017-02-10 11:16:24.5654 DEBUG SqlParam @date='10.02.2017'
2017-02-10 11:16:24.5654 DEBUG SqlParam @doctor=2469
2017-02-10 11:16:40.8403 DEBUG Sql: SELECT d.dan_id as "Id", d.fam as "Фамилия", d.nam as "Имя", d.mid as "Отчество", d.date_born as "Дата рождения", case when d.ser_pol is null then d.num_pol else d.ser_pol ||' '|| d.num_pol end as "Полис", d.pens as "СНИЛС", d.address as "Адрес", case when spolref='2301001' then true else false end as "Прикреплен" , case when strcom_region_id='0300000000000' then false else true end as "Иногородний" FROM dan_tab d WHERE Lower(d.fam) LIKE @fam and Lower(d.nam) LIKE @nam ORDER BY d.fam, d.nam, d.mid, d.date_born LIMIT 150;
2017-02-10 11:16:40.8403 DEBUG SqlParams:
2017-02-10 11:16:40.8403 DEBUG SqlParam @fam=аветян%
2017-02-10 11:16:40.8403 DEBUG SqlParam @nam=мактах%
2017-02-10 11:17:09.4969 DEBUG Запрос: Select smo.id, smo.name, kladr.name from codifiers.strcom_tab smo left join codifiers.sp_kladr_tab kladr on smo.region_id = kladr.code where smo.region_id = @id and smo.name not like '*%'order by smo.name
2017-02-10 11:17:09.5679 DEBUG Получено записей: 4
2017-02-10 11:17:09.6299 DEBUG Запрос: select * from fed_lgota_tab where pens like @snils;
2017-02-10 11:17:09.6339 DEBUG Получено записей: 0
2017-02-10 11:17:09.6339 DEBUG Запрос: select * from lgot_client_tab where dan_id = @id;
2017-02-10 11:17:09.6549 DEBUG Получено записей: 0
2017-02-10 11:17:09.6999 DEBUG Запрос: SELECT t.talon_id, t.result_id, t.diag_osn, t.doctor_id, t.date_vnes_inf,
                        v.visit_id, v.doctor_id as vdoctor_id, v.data_vnes_inf as vdate_vnes_inf, v.data_pos 
                        FROM public.talon_tab t left join public.visit_tab v on v.talon_id = t.talon_id
                        where t.dan_id = @patient_id;
2017-02-10 11:17:09.7409 DEBUG Получено записей: 80
2017-02-10 11:17:10.5000 DEBUG Запрос: Select visit_id from public.visit_tab where talon_id = @talonId;
2017-02-10 11:17:10.5000 DEBUG Получено записей: 0
2017-02-10 11:17:10.5320 DEBUG Запрос: SELECT d.id FROM diagn_tab d WHERE d.talon_id = @caseId ORDER BY d.id desc;
2017-02-10 11:17:10.5320 DEBUG Получено записей: 0
2017-02-10 11:17:41.3548 DEBUG Запрос: Select mkb_id, mkb, kod_d, reestr_code from public.mkb_tab order by 1
2017-02-10 11:17:41.5578 DEBUG Получено записей: 13813
2017-02-10 11:17:43.9549 DEBUG Запрос: select id, code, name from codifiers.sp_lpu_otdels_tab where pricpol = @code and name not like '*%' order by 3;
2017-02-10 11:17:43.9549 DEBUG Получено записей: 0
2017-02-10 11:18:01.1519 DEBUG insert into public.naprav_tab(
                            lpu_id,
                            operator_id,
                            dan_id, 
                            sp_naprav_lpu_id,
                            lpy_from_id,
                            sp_mkb_code,
                            talon_id,
                            date_destination,
                            diagn_id,
                            naprav_number, 
                            opis_diagn,
                            sp_type_napr_id,
                            is_inogorod,
                            from_voenkomat,
                            doctor_id,
                            otdel_code,
                            spec_doctor_id,
                            pay_date,
                            stacionar_date,
                            naprav_year_counter,
                            form_okaz_id,
                            napr_cancel_reason_id,
                            agreeddate,
                            agreedtime,
                            aim  
                            ) values(
                            @lpu_id,
                            @operator_id,
                            @dan_id,
                            @sp_naprav_lpu_id,
                            @lpu_id_from,
                            @mkb_code,
                            @talon_id,
                            @date_destination,
                            @diagn_id,
                            @naprav_number,
                            @opis_diagn,
                            @refferal_type,
                            @is_inogorod,
                            @from_voenkomat,
                            @doctor_id,
                            @otdel_code,
                            @spec_doctor_id,
                            @pay_date,
                            @stacinar_date,
                            @year_counter,
                            @medform,
                            @cancel,
                            @agreeddate,
                            @agreedtime,
                            @aim
                            ) RETURNING id
2017-02-10 11:18:07.1412 DEBUG Result new Id=204286
2017-02-10 11:19:25.5257 DEBUG Запрос: Select mkb_id, mkb, kod_d, reestr_code from public.mkb_tab order by 1
2017-02-10 11:19:25.7227 DEBUG Получено записей: 13813
2017-02-10 11:19:26.0177 DEBUG Запрос: select id, code, name from codifiers.sp_lpu_otdels_tab where pricpol = @code and name not like '*%' order by 3;
2017-02-10 11:19:26.0177 DEBUG Получено записей: 21
2017-02-10 11:32:17.3509 DEBUG Запрос: SELECT DISTINCT code_access, name, description 
                            FROM users_access_view WHERE users_id = @id
2017-02-10 11:32:17.4029 DEBUG Получено записей: 187
2017-02-10 11:32:19.9370 DEBUG SQL: select pattern from codifiers.patterns_tab where code = @patterncode and users_id is null;
2017-02-10 11:32:19.9370 DEBUG Parameters: @patterncode=, @operator=
2017-02-10 11:32:19.9660 DEBUG Result 
2017-02-10 11:32:19.9660 DEBUG нет шаблона для пользователя
2017-02-10 11:32:19.9660 DEBUG SQL: select pattern from codifiers.patterns_tab where code = @patterncode and users_id is null
2017-02-10 11:32:19.9660 DEBUG Parameters: @patterncode 
2017-02-10 11:32:19.9770 DEBUG Result 
2017-02-10 11:32:20.0650 DEBUG SQL: select pattern from codifiers.patterns_tab where code = @patterncode and users_id is null;
2017-02-10 11:32:20.0650 DEBUG Parameters: @patterncode=, @operator=
2017-02-10 11:32:20.0760 DEBUG Result 
2017-02-10 11:32:20.0760 DEBUG нет шаблона для пользователя
2017-02-10 11:32:20.0760 DEBUG SQL: select pattern from codifiers.patterns_tab where code = @patterncode and users_id is null
2017-02-10 11:32:20.0760 DEBUG Parameters: @patterncode 
2017-02-10 11:32:20.0860 DEBUG Result 
2017-02-10 11:32:20.4720 DEBUG Запрос: Select id, name, code, is_default, parent_id from codifiers.sp_kind_paid_tab order by id
2017-02-10 11:32:20.4720 DEBUG Получено записей: 9
2017-02-10 11:32:20.4840 DEBUG Запрос: Select id, name, code from codifiers.first_visit_condition_tab order by id
2017-02-10 11:32:20.4840 DEBUG Получено записей: 4
2017-02-10 11:32:20.4960 DEBUG Запрос: Select id, name, code, reestr, idsp, hospital_type_id, is_cure, is_inspection from codifiers.visit_purpose_common_tab order by id
2017-02-10 11:32:20.4960 DEBUG Получено записей: 22
2017-02-10 11:32:20.5110 DEBUG Запрос: Select id, name, code from codifiers.place_service_tab order by id
2017-02-10 11:32:20.5110 DEBUG Получено записей: 3
2017-02-10 11:32:20.5230 DEBUG Запрос: Select result_id, result, reestr, patient_state_id, reestr_rslt, reestr_ishod, _end from public.result_tab order by result_id
2017-02-10 11:32:20.5410 DEBUG Получено записей: 29
2017-02-10 11:32:20.5410 DEBUG Запрос: select id, name, code, bur_reestr_code from codifiers.travma_tab order by name;
2017-02-10 11:32:20.5550 DEBUG Получено записей: 15
2017-02-10 11:32:20.5550 DEBUG Запрос: SELECT * FROM codifiers.lpu_tab
2017-02-10 11:32:20.5900 DEBUG Получено записей: 109
2017-02-10 11:32:20.9451 DEBUG Запрос: SELECT * FROM codifiers.lpu_tab order by name
2017-02-10 11:32:20.9451 DEBUG Получено записей: 109
2017-02-10 11:32:20.9691 DEBUG Запрос: select sp_napr_obosn_id,trim(obosn_name) as obosn_name FROM sp_napr_obosn_tab ORDER BY sp_napr_obosn_id;
2017-02-10 11:32:20.9691 DEBUG Получено записей: 8
2017-02-10 11:32:20.9811 DEBUG Запрос: SELECT sp_type_napr_id, sp_type_napr FROM sp_type_napr_tab ORDER BY 1;
2017-02-10 11:32:20.9811 DEBUG Получено записей: 9
2017-02-10 11:32:20.9941 DEBUG Запрос: select id, code, name from codifiers.doctor_spec_tab order by 3,1;
2017-02-10 11:32:20.9941 DEBUG Запрос: select id from public.doctor_tab where sp_spec_doctor_id <> 900;
2017-02-10 11:32:20.9941 DEBUG Получено записей: 175
2017-02-10 11:32:20.9941 DEBUG Получено записей: 684
2017-02-10 11:32:21.0111 DEBUG Запрос: Select mkb_id, mkb, kod_d, reestr_code from public.mkb_tab order by 1
2017-02-10 11:32:21.2661 DEBUG Получено записей: 13813
2017-02-10 11:32:21.3131 DEBUG Запрос: select id from public.doctor_tab where sp_spec_doctor_id <> 900;
2017-02-10 11:32:21.3201 DEBUG Получено записей: 684
2017-02-10 11:32:26.9734 DEBUG Запрос: Select s.id, s.code, s.name from codifiers.sozstatus_tab s
2017-02-10 11:32:26.9734 DEBUG Получено записей: 11
2017-02-10 11:32:26.9874 DEBUG Запрос: Select u.id, u.code, u.name, u.doctor_id, u.otdel_id, u.age_from, u.age_for, u.flag_default, u.uchactok_type_id, u.lpu_id, u.sort, u.sex from codifiers.uchactok_tab u order by u.sort, u.name
2017-02-10 11:32:26.9874 DEBUG Получено записей: 77
2017-02-10 11:32:27.0594 DEBUG Запрос: select id, socr, name, full_name, index, code 
                              from codifiers.sp_kladr_tab
                              where level_ter=@level order by name
2017-02-10 11:32:27.0594 DEBUG Получено записей: 107
2017-02-10 11:32:27.3214 DEBUG Запрос: SELECT * FROM codifiers.lpu_tab
2017-02-10 11:32:27.3384 DEBUG Получено записей: 109
2017-02-10 11:32:35.5719 DEBUG PatientFindForm ShowFilterByDoctor set to true
2017-02-10 11:32:35.5719 DEBUG PatientFindForm OperatorId: 2469
2017-02-10 11:32:35.5719 DEBUG PatientFindForm DoctorId: 2469
2017-02-10 11:32:37.4200 DEBUG DoctorQuery
2017-02-10 11:32:37.4200 DEBUG sql: SELECT td.time_nazn as "Время записи", d.dan_id as "Id", d.fam as "Фамилия", d.nam as "Имя", d.mid as "Отчество", d.date_born as "Дата рождения", case when d.ser_pol is null then d.num_pol else d.ser_pol ||' '|| d.num_pol end as "Полис", d.address as "Адрес", case when spolref='2301001' then true else false end as "Прикреплен", case when strcom_region_id='0300000000000' then false else true end as "Иногородний" FROM dan_tab d LEFT JOIN public.talon_doctor_tab td on td.dan_id = d.dan_id WHERE td.date_nazn = date(@date) and td.doctor_id = @doctor;
2017-02-10 11:32:37.4200 DEBUG @date: 10.02.2017
2017-02-10 11:32:37.4200 DEBUG @doctor: 2469
2017-02-10 11:32:37.4200 DEBUG bindQueryToDataGrid
2017-02-10 11:32:37.4370 DEBUG Sql: SELECT td.time_nazn as "Время записи", d.dan_id as "Id", d.fam as "Фамилия", d.nam as "Имя", d.mid as "Отчество", d.date_born as "Дата рождения", case when d.ser_pol is null then d.num_pol else d.ser_pol ||' '|| d.num_pol end as "Полис", d.address as "Адрес", case when spolref='2301001' then true else false end as "Прикреплен", case when strcom_region_id='0300000000000' then false else true end as "Иногородний" FROM dan_tab d LEFT JOIN public.talon_doctor_tab td on td.dan_id = d.dan_id WHERE td.date_nazn = date(@date) and td.doctor_id = @doctor;
2017-02-10 11:32:37.4370 DEBUG SqlParams:
2017-02-10 11:32:37.4370 DEBUG SqlParam @date='10.02.2017'
2017-02-10 11:32:37.4370 DEBUG SqlParam @doctor=2469
2017-02-10 11:32:47.4316 DEBUG Sql: SELECT d.dan_id as "Id", d.fam as "Фамилия", d.nam as "Имя", d.mid as "Отчество", d.date_born as "Дата рождения", case when d.ser_pol is null then d.num_pol else d.ser_pol ||' '|| d.num_pol end as "Полис", d.pens as "СНИЛС", d.address as "Адрес", case when spolref='2301001' then true else false end as "Прикреплен" , case when strcom_region_id='0300000000000' then false else true end as "Иногородний" FROM dan_tab d WHERE Lower(d.fam) LIKE @fam and Lower(d.nam) LIKE @nam ORDER BY d.fam, d.nam, d.mid, d.date_born LIMIT 150;
2017-02-10 11:32:47.4326 DEBUG SqlParams:
2017-02-10 11:32:47.4326 DEBUG SqlParam @fam=аветян%
2017-02-10 11:32:47.4326 DEBUG SqlParam @nam=мактах%
2017-02-10 11:32:51.9288 DEBUG Запрос: Select smo.id, smo.name, kladr.name from codifiers.strcom_tab smo left join codifiers.sp_kladr_tab kladr on smo.region_id = kladr.code where smo.region_id = @id and smo.name not like '*%'order by smo.name
2017-02-10 11:32:52.0008 DEBUG Получено записей: 4
2017-02-10 11:32:52.0658 DEBUG Запрос: select * from fed_lgota_tab where pens like @snils;
2017-02-10 11:32:52.0658 DEBUG Получено записей: 0
2017-02-10 11:32:52.0658 DEBUG Запрос: select * from lgot_client_tab where dan_id = @id;
2017-02-10 11:32:52.0858 DEBUG Получено записей: 0
2017-02-10 11:32:52.1279 DEBUG Запрос: SELECT t.talon_id, t.result_id, t.diag_osn, t.doctor_id, t.date_vnes_inf,
                        v.visit_id, v.doctor_id as vdoctor_id, v.data_vnes_inf as vdate_vnes_inf, v.data_pos 
                        FROM public.talon_tab t left join public.visit_tab v on v.talon_id = t.talon_id
                        where t.dan_id = @patient_id;
2017-02-10 11:32:52.1279 DEBUG Получено записей: 80
2017-02-10 11:32:52.9309 DEBUG Запрос: Select visit_id from public.visit_tab where talon_id = @talonId;
2017-02-10 11:32:52.9309 DEBUG Получено записей: 0
2017-02-10 11:32:52.9639 DEBUG Запрос: SELECT d.id FROM diagn_tab d WHERE d.talon_id = @caseId ORDER BY d.id desc;
2017-02-10 11:32:52.9639 DEBUG Получено записей: 0
2017-02-10 11:38:01.7376 DEBUG Запрос: SELECT DISTINCT code_access, name, description 
                            FROM users_access_view WHERE users_id = @id
2017-02-10 11:38:01.7916 DEBUG Получено записей: 187
2017-02-10 11:38:04.2817 DEBUG SQL: select pattern from codifiers.patterns_tab where code = @patterncode and users_id is null;
2017-02-10 11:38:04.2817 DEBUG Parameters: @patterncode=, @operator=
2017-02-10 11:38:04.3097 DEBUG Result 
2017-02-10 11:38:04.3097 DEBUG нет шаблона для пользователя
2017-02-10 11:38:04.3097 DEBUG SQL: select pattern from codifiers.patterns_tab where code = @patterncode and users_id is null
2017-02-10 11:38:04.3097 DEBUG Parameters: @patterncode 
2017-02-10 11:38:04.3227 DEBUG Result 
2017-02-10 11:38:04.3777 DEBUG SQL: select pattern from codifiers.patterns_tab where code = @patterncode and users_id is null;
2017-02-10 11:38:04.3777 DEBUG Parameters: @patterncode=, @operator=
2017-02-10 11:38:04.3887 DEBUG Result 
2017-02-10 11:38:04.3887 DEBUG нет шаблона для пользователя
2017-02-10 11:38:04.3887 DEBUG SQL: select pattern from codifiers.patterns_tab where code = @patterncode and users_id is null
2017-02-10 11:38:04.3887 DEBUG Parameters: @patterncode 
2017-02-10 11:38:04.3987 DEBUG Result 
2017-02-10 11:38:04.7857 DEBUG Запрос: Select id, name, code, is_default, parent_id from codifiers.sp_kind_paid_tab order by id
2017-02-10 11:38:04.7857 DEBUG Получено записей: 9
2017-02-10 11:38:04.7857 DEBUG Запрос: Select id, name, code from codifiers.first_visit_condition_tab order by id
2017-02-10 11:38:04.8007 DEBUG Получено записей: 4
2017-02-10 11:38:04.8007 DEBUG Запрос: Select id, name, code, reestr, idsp, hospital_type_id, is_cure, is_inspection from codifiers.visit_purpose_common_tab order by id
2017-02-10 11:38:04.8007 DEBUG Получено записей: 22
2017-02-10 11:38:04.8257 DEBUG Запрос: Select id, name, code from codifiers.place_service_tab order by id
2017-02-10 11:38:04.8257 DEBUG Получено записей: 3
2017-02-10 11:38:04.8517 DEBUG Запрос: Select result_id, result, reestr, patient_state_id, reestr_rslt, reestr_ishod, _end from public.result_tab order by result_id
2017-02-10 11:38:04.8517 DEBUG Получено записей: 29
2017-02-10 11:38:04.8677 DEBUG Запрос: select id, name, code, bur_reestr_code from codifiers.travma_tab order by name;
2017-02-10 11:38:04.8677 DEBUG Получено записей: 15
2017-02-10 11:38:04.8807 DEBUG Запрос: SELECT * FROM codifiers.lpu_tab
2017-02-10 11:38:04.9057 DEBUG Получено записей: 109
2017-02-10 11:38:05.2298 DEBUG Запрос: SELECT * FROM codifiers.lpu_tab order by name
2017-02-10 11:38:05.2438 DEBUG Получено записей: 109
2017-02-10 11:38:05.2438 DEBUG Запрос: select sp_napr_obosn_id,trim(obosn_name) as obosn_name FROM sp_napr_obosn_tab ORDER BY sp_napr_obosn_id;
2017-02-10 11:38:05.2558 DEBUG Получено записей: 8
2017-02-10 11:38:05.2558 DEBUG Запрос: SELECT sp_type_napr_id, sp_type_napr FROM sp_type_napr_tab ORDER BY 1;
2017-02-10 11:38:05.2558 DEBUG Получено записей: 9
2017-02-10 11:38:05.2758 DEBUG Запрос: select id, code, name from codifiers.doctor_spec_tab order by 3,1;
2017-02-10 11:38:05.2758 DEBUG Запрос: select id from public.doctor_tab where sp_spec_doctor_id <> 900;
2017-02-10 11:38:05.2758 DEBUG Получено записей: 175
2017-02-10 11:38:05.2758 DEBUG Получено записей: 684
2017-02-10 11:38:05.2928 DEBUG Запрос: Select mkb_id, mkb, kod_d, reestr_code from public.mkb_tab order by 1
2017-02-10 11:38:05.5538 DEBUG Получено записей: 13813
2017-02-10 11:38:05.5988 DEBUG Запрос: select id from public.doctor_tab where sp_spec_doctor_id <> 900;
2017-02-10 11:38:05.5988 DEBUG Получено записей: 684
2017-02-10 11:38:10.8951 DEBUG Запрос: Select s.id, s.code, s.name from codifiers.sozstatus_tab s
2017-02-10 11:38:10.8951 DEBUG Получено записей: 11
2017-02-10 11:38:10.9091 DEBUG Запрос: Select u.id, u.code, u.name, u.doctor_id, u.otdel_id, u.age_from, u.age_for, u.flag_default, u.uchactok_type_id, u.lpu_id, u.sort, u.sex from codifiers.uchactok_tab u order by u.sort, u.name
2017-02-10 11:38:10.9091 DEBUG Получено записей: 77
2017-02-10 11:38:10.9731 DEBUG Запрос: select id, socr, name, full_name, index, code 
                              from codifiers.sp_kladr_tab
                              where level_ter=@level order by name
2017-02-10 11:38:10.9801 DEBUG Получено записей: 107
2017-02-10 11:38:11.2451 DEBUG Запрос: SELECT * FROM codifiers.lpu_tab
2017-02-10 11:38:11.2451 DEBUG Получено записей: 109
2017-02-10 11:38:34.7094 DEBUG PatientFindForm ShowFilterByDoctor set to true
2017-02-10 11:38:34.7094 DEBUG PatientFindForm OperatorId: 2469
2017-02-10 11:38:34.7094 DEBUG PatientFindForm DoctorId: 2469
2017-02-10 11:38:34.8595 DEBUG DoctorQuery
2017-02-10 11:38:34.8595 DEBUG sql: SELECT td.time_nazn as "Время записи", d.dan_id as "Id", d.fam as "Фамилия", d.nam as "Имя", d.mid as "Отчество", d.date_born as "Дата рождения", case when d.ser_pol is null then d.num_pol else d.ser_pol ||' '|| d.num_pol end as "Полис", d.address as "Адрес", case when spolref='2301001' then true else false end as "Прикреплен", case when strcom_region_id='0300000000000' then false else true end as "Иногородний" FROM dan_tab d LEFT JOIN public.talon_doctor_tab td on td.dan_id = d.dan_id WHERE td.date_nazn = date(@date) and td.doctor_id = @doctor;
2017-02-10 11:38:34.8595 DEBUG @date: 10.02.2017
2017-02-10 11:38:34.8595 DEBUG @doctor: 2469
2017-02-10 11:38:34.8595 DEBUG bindQueryToDataGrid
2017-02-10 11:38:34.8755 DEBUG Sql: SELECT td.time_nazn as "Время записи", d.dan_id as "Id", d.fam as "Фамилия", d.nam as "Имя", d.mid as "Отчество", d.date_born as "Дата рождения", case when d.ser_pol is null then d.num_pol else d.ser_pol ||' '|| d.num_pol end as "Полис", d.address as "Адрес", case when spolref='2301001' then true else false end as "Прикреплен", case when strcom_region_id='0300000000000' then false else true end as "Иногородний" FROM dan_tab d LEFT JOIN public.talon_doctor_tab td on td.dan_id = d.dan_id WHERE td.date_nazn = date(@date) and td.doctor_id = @doctor;
2017-02-10 11:38:34.8755 DEBUG SqlParams:
2017-02-10 11:38:34.8755 DEBUG SqlParam @date='10.02.2017'
2017-02-10 11:38:34.8755 DEBUG SqlParam @doctor=2469
2017-02-10 11:38:45.2670 DEBUG Sql: SELECT d.dan_id as "Id", d.fam as "Фамилия", d.nam as "Имя", d.mid as "Отчество", d.date_born as "Дата рождения", case when d.ser_pol is null then d.num_pol else d.ser_pol ||' '|| d.num_pol end as "Полис", d.pens as "СНИЛС", d.address as "Адрес", case when spolref='2301001' then true else false end as "Прикреплен" , case when strcom_region_id='0300000000000' then false else true end as "Иногородний" FROM dan_tab d WHERE Lower(d.fam) LIKE @fam and Lower(d.nam) LIKE @nam ORDER BY d.fam, d.nam, d.mid, d.date_born LIMIT 150;
2017-02-10 11:38:45.2670 DEBUG SqlParams:
2017-02-10 11:38:45.2670 DEBUG SqlParam @fam=аветян%
2017-02-10 11:38:45.2680 DEBUG SqlParam @nam=мактах%
2017-02-10 11:38:50.1143 DEBUG Запрос: Select smo.id, smo.name, kladr.name from codifiers.strcom_tab smo left join codifiers.sp_kladr_tab kladr on smo.region_id = kladr.code where smo.region_id = @id and smo.name not like '*%'order by smo.name
2017-02-10 11:38:50.1853 DEBUG Получено записей: 4
2017-02-10 11:38:50.2533 DEBUG Запрос: select * from fed_lgota_tab where pens like @snils;
2017-02-10 11:38:50.2533 DEBUG Получено записей: 0
2017-02-10 11:38:50.2623 DEBUG Запрос: select * from lgot_client_tab where dan_id = @id;
2017-02-10 11:38:50.2623 DEBUG Получено записей: 0
2017-02-10 11:38:50.3183 DEBUG Запрос: SELECT t.talon_id, t.result_id, t.diag_osn, t.doctor_id, t.date_vnes_inf,
                        v.visit_id, v.doctor_id as vdoctor_id, v.data_vnes_inf as vdate_vnes_inf, v.data_pos 
                        FROM public.talon_tab t left join public.visit_tab v on v.talon_id = t.talon_id
                        where t.dan_id = @patient_id;
2017-02-10 11:38:50.3283 DEBUG Получено записей: 80
2017-02-10 11:38:51.1224 DEBUG Запрос: Select visit_id from public.visit_tab where talon_id = @talonId;
2017-02-10 11:38:51.1224 DEBUG Получено записей: 0
2017-02-10 11:38:51.1594 DEBUG Запрос: SELECT d.id FROM diagn_tab d WHERE d.talon_id = @caseId ORDER BY d.id desc;
2017-02-10 11:38:51.1594 DEBUG Получено записей: 0
2017-02-10 11:39:24.6903 DEBUG Запрос: Select mkb_id, mkb, kod_d, reestr_code from public.mkb_tab order by 1
2017-02-10 11:39:24.8943 DEBUG Получено записей: 13813
2017-02-10 11:39:26.9574 DEBUG Запрос: select id, code, name from codifiers.sp_lpu_otdels_tab where pricpol = @code and name not like '*%' order by 3;
2017-02-10 11:39:26.9574 DEBUG Получено записей: 21
2017-02-10 13:21:18.8120 DEBUG Запрос: SELECT DISTINCT code_access, name, description 
                            FROM users_access_view WHERE users_id = @id
2017-02-10 13:21:18.8630 DEBUG Получено записей: 187
2017-02-10 13:21:21.2632 DEBUG SQL: select pattern from codifiers.patterns_tab where code = @patterncode and users_id is null;
2017-02-10 13:21:21.2632 DEBUG Parameters: @patterncode=, @operator=
2017-02-10 13:21:21.2922 DEBUG Result 
2017-02-10 13:21:21.2922 DEBUG нет шаблона для пользователя
2017-02-10 13:21:21.2922 DEBUG SQL: select pattern from codifiers.patterns_tab where code = @patterncode and users_id is null
2017-02-10 13:21:21.2922 DEBUG Parameters: @patterncode 
2017-02-10 13:21:21.3052 DEBUG Result 
2017-02-10 13:21:21.3592 DEBUG SQL: select pattern from codifiers.patterns_tab where code = @patterncode and users_id is null;
2017-02-10 13:21:21.3592 DEBUG Parameters: @patterncode=, @operator=
2017-02-10 13:21:21.3692 DEBUG Result 
2017-02-10 13:21:21.3692 DEBUG нет шаблона для пользователя
2017-02-10 13:21:21.3692 DEBUG SQL: select pattern from codifiers.patterns_tab where code = @patterncode and users_id is null
2017-02-10 13:21:21.3692 DEBUG Parameters: @patterncode 
2017-02-10 13:21:21.3792 DEBUG Result 
2017-02-10 13:21:21.7632 DEBUG Запрос: Select id, name, code, is_default, parent_id from codifiers.sp_kind_paid_tab order by id
2017-02-10 13:21:21.7632 DEBUG Получено записей: 9
2017-02-10 13:21:21.7752 DEBUG Запрос: Select id, name, code from codifiers.first_visit_condition_tab order by id
2017-02-10 13:21:21.7752 DEBUG Получено записей: 4
2017-02-10 13:21:21.7862 DEBUG Запрос: Select id, name, code, reestr, idsp, hospital_type_id, is_cure, is_inspection from codifiers.visit_purpose_common_tab order by id
2017-02-10 13:21:21.7862 DEBUG Получено записей: 22
2017-02-10 13:21:21.8022 DEBUG Запрос: Select id, name, code from codifiers.place_service_tab order by id
2017-02-10 13:21:21.8022 DEBUG Получено записей: 3
2017-02-10 13:21:21.8282 DEBUG Запрос: Select result_id, result, reestr, patient_state_id, reestr_rslt, reestr_ishod, _end from public.result_tab order by result_id
2017-02-10 13:21:21.8332 DEBUG Получено записей: 29
2017-02-10 13:21:21.8332 DEBUG Запрос: select id, name, code, bur_reestr_code from codifiers.travma_tab order by name;
2017-02-10 13:21:21.8332 DEBUG Получено записей: 15
2017-02-10 13:21:21.8552 DEBUG Запрос: SELECT * FROM codifiers.lpu_tab
2017-02-10 13:21:21.8812 DEBUG Получено записей: 109
2017-02-10 13:21:22.2252 DEBUG Запрос: SELECT * FROM codifiers.lpu_tab order by name
2017-02-10 13:21:22.2382 DEBUG Получено записей: 109
2017-02-10 13:21:22.2382 DEBUG Запрос: select sp_napr_obosn_id,trim(obosn_name) as obosn_name FROM sp_napr_obosn_tab ORDER BY sp_napr_obosn_id;
2017-02-10 13:21:22.2382 DEBUG Получено записей: 8
2017-02-10 13:21:22.2592 DEBUG Запрос: SELECT sp_type_napr_id, sp_type_napr FROM sp_type_napr_tab ORDER BY 1;
2017-02-10 13:21:22.2592 DEBUG Получено записей: 9
2017-02-10 13:21:22.2722 DEBUG Запрос: select id, code, name from codifiers.doctor_spec_tab order by 3,1;
2017-02-10 13:21:22.2722 DEBUG Запрос: select id from public.doctor_tab where sp_spec_doctor_id <> 900;
2017-02-10 13:21:22.2722 DEBUG Получено записей: 175
2017-02-10 13:21:22.2722 DEBUG Получено записей: 684
2017-02-10 13:21:22.2902 DEBUG Запрос: Select mkb_id, mkb, kod_d, reestr_code from public.mkb_tab order by 1
2017-02-10 13:21:22.5342 DEBUG Получено записей: 13813
2017-02-10 13:21:22.5782 DEBUG Запрос: select id from public.doctor_tab where sp_spec_doctor_id <> 900;
2017-02-10 13:21:22.5912 DEBUG Получено записей: 684
2017-02-10 13:23:07.0752 DEBUG Запрос: Select s.id, s.code, s.name from codifiers.sozstatus_tab s
2017-02-10 13:23:07.0752 DEBUG Получено записей: 11
2017-02-10 13:23:07.1012 DEBUG Запрос: Select u.id, u.code, u.name, u.doctor_id, u.otdel_id, u.age_from, u.age_for, u.flag_default, u.uchactok_type_id, u.lpu_id, u.sort, u.sex from codifiers.uchactok_tab u order by u.sort, u.name
2017-02-10 13:23:07.1012 DEBUG Получено записей: 77
2017-02-10 13:23:07.1612 DEBUG Запрос: select id, socr, name, full_name, index, code 
                              from codifiers.sp_kladr_tab
                              where level_ter=@level order by name
2017-02-10 13:23:07.1692 DEBUG Получено записей: 107
2017-02-10 13:23:07.4282 DEBUG Запрос: SELECT * FROM codifiers.lpu_tab
2017-02-10 13:23:07.4282 DEBUG Получено записей: 109
2017-02-10 13:23:17.4618 DEBUG PatientFindForm ShowFilterByDoctor set to true
2017-02-10 13:23:17.4618 DEBUG PatientFindForm OperatorId: 2469
2017-02-10 13:23:17.4618 DEBUG PatientFindForm DoctorId: 2469
2017-02-10 13:23:19.3459 DEBUG DoctorQuery
2017-02-10 13:23:19.3469 DEBUG sql: SELECT td.time_nazn as "Время записи", d.dan_id as "Id", d.fam as "Фамилия", d.nam as "Имя", d.mid as "Отчество", d.date_born as "Дата рождения", case when d.ser_pol is null then d.num_pol else d.ser_pol ||' '|| d.num_pol end as "Полис", d.address as "Адрес", case when spolref='2301001' then true else false end as "Прикреплен", case when strcom_region_id='0300000000000' then false else true end as "Иногородний" FROM dan_tab d LEFT JOIN public.talon_doctor_tab td on td.dan_id = d.dan_id WHERE td.date_nazn = date(@date) and td.doctor_id = @doctor;
2017-02-10 13:23:19.3469 DEBUG @date: 10.02.2017
2017-02-10 13:23:19.3469 DEBUG @doctor: 2469
2017-02-10 13:23:19.3469 DEBUG bindQueryToDataGrid
2017-02-10 13:23:19.3469 DEBUG Sql: SELECT td.time_nazn as "Время записи", d.dan_id as "Id", d.fam as "Фамилия", d.nam as "Имя", d.mid as "Отчество", d.date_born as "Дата рождения", case when d.ser_pol is null then d.num_pol else d.ser_pol ||' '|| d.num_pol end as "Полис", d.address as "Адрес", case when spolref='2301001' then true else false end as "Прикреплен", case when strcom_region_id='0300000000000' then false else true end as "Иногородний" FROM dan_tab d LEFT JOIN public.talon_doctor_tab td on td.dan_id = d.dan_id WHERE td.date_nazn = date(@date) and td.doctor_id = @doctor;
2017-02-10 13:23:19.3469 DEBUG SqlParams:
2017-02-10 13:23:19.3639 DEBUG SqlParam @date='10.02.2017'
2017-02-10 13:23:19.3639 DEBUG SqlParam @doctor=2469
2017-02-10 13:23:29.3045 DEBUG Sql: SELECT d.dan_id as "Id", d.fam as "Фамилия", d.nam as "Имя", d.mid as "Отчество", d.date_born as "Дата рождения", case when d.ser_pol is null then d.num_pol else d.ser_pol ||' '|| d.num_pol end as "Полис", d.pens as "СНИЛС", d.address as "Адрес", case when spolref='2301001' then true else false end as "Прикреплен" , case when strcom_region_id='0300000000000' then false else true end as "Иногородний" FROM dan_tab d WHERE Lower(d.fam) LIKE @fam and Lower(d.nam) LIKE @nam ORDER BY d.fam, d.nam, d.mid, d.date_born LIMIT 150;
2017-02-10 13:23:29.3045 DEBUG SqlParams:
2017-02-10 13:23:29.3045 DEBUG SqlParam @fam=аветян%
2017-02-10 13:23:29.3045 DEBUG SqlParam @nam=мактах%
2017-02-10 13:23:34.3148 DEBUG Запрос: Select smo.id, smo.name, kladr.name from codifiers.strcom_tab smo left join codifiers.sp_kladr_tab kladr on smo.region_id = kladr.code where smo.region_id = @id and smo.name not like '*%'order by smo.name
2017-02-10 13:23:34.3868 DEBUG Получено записей: 4
2017-02-10 13:23:34.4538 DEBUG Запрос: select * from fed_lgota_tab where pens like @snils;
2017-02-10 13:23:34.4538 DEBUG Получено записей: 0
2017-02-10 13:23:34.4638 DEBUG Запрос: select * from lgot_client_tab where dan_id = @id;
2017-02-10 13:23:34.4638 DEBUG Получено записей: 0
2017-02-10 13:23:34.5178 DEBUG Запрос: SELECT t.talon_id, t.result_id, t.diag_osn, t.doctor_id, t.date_vnes_inf,
                        v.visit_id, v.doctor_id as vdoctor_id, v.data_vnes_inf as vdate_vnes_inf, v.data_pos 
                        FROM public.talon_tab t left join public.visit_tab v on v.talon_id = t.talon_id
                        where t.dan_id = @patient_id;
2017-02-10 13:23:34.5678 DEBUG Получено записей: 80
2017-02-10 13:23:35.4018 DEBUG Запрос: Select visit_id from public.visit_tab where talon_id = @talonId;
2017-02-10 13:23:35.4018 DEBUG Получено записей: 0
2017-02-10 13:23:35.4338 DEBUG Запрос: SELECT d.id FROM diagn_tab d WHERE d.talon_id = @caseId ORDER BY d.id desc;
2017-02-10 13:23:35.4338 DEBUG Получено записей: 0
2017-02-10 13:24:17.5912 DEBUG Запрос: Select mkb_id, mkb, kod_d, reestr_code from public.mkb_tab order by 1
2017-02-10 13:24:17.7892 DEBUG Получено записей: 13813
2017-02-10 13:25:05.8770 DEBUG Запрос: select id, code, name from codifiers.sp_lpu_otdels_tab where pricpol = @code and name not like '*%' order by 3;
2017-02-10 13:25:05.8810 DEBUG Получено записей: 21
2017-02-10 13:28:16.8569 DEBUG insert into public.naprav_tab(
                            lpu_id,
                            operator_id,
                            dan_id, 
                            sp_naprav_lpu_id,
                            lpy_from_id,
                            sp_mkb_code,
                            talon_id,
                            date_destination,
                            diagn_id,
                            naprav_number, 
                            opis_diagn,
                            sp_type_napr_id,
                            is_inogorod,
                            from_voenkomat,
                            doctor_id,
                            otdel_code,
                            spec_doctor_id,
                            pay_date,
                            stacionar_date,
                            naprav_year_counter,
                            form_okaz_id,
                            napr_cancel_reason_id,
                            agreeddate,
                            agreedtime,
                            aim  
                            ) values(
                            @lpu_id,
                            @operator_id,
                            @dan_id,
                            @sp_naprav_lpu_id,
                            @lpu_id_from,
                            @mkb_code,
                            @talon_id,
                            @date_destination,
                            @diagn_id,
                            @naprav_number,
                            @opis_diagn,
                            @refferal_type,
                            @is_inogorod,
                            @from_voenkomat,
                            @doctor_id,
                            @otdel_code,
                            @spec_doctor_id,
                            @pay_date,
                            @stacinar_date,
                            @year_counter,
                            @medform,
                            @cancel,
                            @agreeddate,
                            @agreedtime,
                            @aim
                            ) RETURNING id
2017-02-10 13:35:05.7643 DEBUG Запрос: SELECT DISTINCT code_access, name, description 
                            FROM users_access_view WHERE users_id = @id
2017-02-10 13:35:05.8163 DEBUG Получено записей: 187
2017-02-10 13:35:08.3665 DEBUG SQL: select pattern from codifiers.patterns_tab where code = @patterncode and users_id is null;
2017-02-10 13:35:08.3665 DEBUG Parameters: @patterncode=, @operator=
2017-02-10 13:35:08.3955 DEBUG Result 
2017-02-10 13:35:08.3955 DEBUG нет шаблона для пользователя
2017-02-10 13:35:08.3955 DEBUG SQL: select pattern from codifiers.patterns_tab where code = @patterncode and users_id is null
2017-02-10 13:35:08.3955 DEBUG Parameters: @patterncode 
2017-02-10 13:35:08.4075 DEBUG Result 
2017-02-10 13:35:08.4605 DEBUG SQL: select pattern from codifiers.patterns_tab where code = @patterncode and users_id is null;
2017-02-10 13:35:08.4605 DEBUG Parameters: @patterncode=, @operator=
2017-02-10 13:35:08.4705 DEBUG Result 
2017-02-10 13:35:08.4705 DEBUG нет шаблона для пользователя
2017-02-10 13:35:08.4705 DEBUG SQL: select pattern from codifiers.patterns_tab where code = @patterncode and users_id is null
2017-02-10 13:35:08.4705 DEBUG Parameters: @patterncode 
2017-02-10 13:35:08.4805 DEBUG Result 
2017-02-10 13:35:08.8825 DEBUG Запрос: Select id, name, code, is_default, parent_id from codifiers.sp_kind_paid_tab order by id
2017-02-10 13:35:08.8825 DEBUG Получено записей: 9
2017-02-10 13:35:08.8945 DEBUG Запрос: Select id, name, code from codifiers.first_visit_condition_tab order by id
2017-02-10 13:35:08.8945 DEBUG Получено записей: 4
2017-02-10 13:35:08.9055 DEBUG Запрос: Select id, name, code, reestr, idsp, hospital_type_id, is_cure, is_inspection from codifiers.visit_purpose_common_tab order by id
2017-02-10 13:35:08.9055 DEBUG Получено записей: 22
2017-02-10 13:35:08.9215 DEBUG Запрос: Select id, name, code from codifiers.place_service_tab order by id
2017-02-10 13:35:08.9215 DEBUG Получено записей: 3
2017-02-10 13:35:08.9475 DEBUG Запрос: Select result_id, result, reestr, patient_state_id, reestr_rslt, reestr_ishod, _end from public.result_tab order by result_id
2017-02-10 13:35:08.9525 DEBUG Получено записей: 29
2017-02-10 13:35:08.9525 DEBUG Запрос: select id, name, code, bur_reestr_code from codifiers.travma_tab order by name;
2017-02-10 13:35:08.9665 DEBUG Получено записей: 15
2017-02-10 13:35:08.9665 DEBUG Запрос: SELECT * FROM codifiers.lpu_tab
2017-02-10 13:35:09.0035 DEBUG Получено записей: 109
2017-02-10 13:35:09.3845 DEBUG Запрос: SELECT * FROM codifiers.lpu_tab order by name
2017-02-10 13:35:09.4085 DEBUG Получено записей: 109
2017-02-10 13:35:09.4545 DEBUG Запрос: select sp_napr_obosn_id,trim(obosn_name) as obosn_name FROM sp_napr_obosn_tab ORDER BY sp_napr_obosn_id;
2017-02-10 13:35:09.4685 DEBUG Получено записей: 8
2017-02-10 13:35:09.5065 DEBUG Запрос: SELECT sp_type_napr_id, sp_type_napr FROM sp_type_napr_tab ORDER BY 1;
2017-02-10 13:35:09.5065 DEBUG Получено записей: 9
2017-02-10 13:35:09.5195 DEBUG Запрос: select id, code, name from codifiers.doctor_spec_tab order by 3,1;
2017-02-10 13:35:09.5195 DEBUG Запрос: select id from public.doctor_tab where sp_spec_doctor_id <> 900;
2017-02-10 13:35:09.5195 DEBUG Получено записей: 175
2017-02-10 13:35:09.5285 DEBUG Получено записей: 684
2017-02-10 13:35:09.5285 DEBUG Запрос: Select mkb_id, mkb, kod_d, reestr_code from public.mkb_tab order by 1
2017-02-10 13:35:09.7795 DEBUG Получено записей: 13813
2017-02-10 13:35:09.8225 DEBUG Запрос: select id from public.doctor_tab where sp_spec_doctor_id <> 900;
2017-02-10 13:35:09.8225 DEBUG Получено записей: 684
2017-02-10 13:35:18.2350 DEBUG Запрос: Select s.id, s.code, s.name from codifiers.sozstatus_tab s
2017-02-10 13:35:18.2350 DEBUG Получено записей: 11
2017-02-10 13:35:18.2480 DEBUG Запрос: Select u.id, u.code, u.name, u.doctor_id, u.otdel_id, u.age_from, u.age_for, u.flag_default, u.uchactok_type_id, u.lpu_id, u.sort, u.sex from codifiers.uchactok_tab u order by u.sort, u.name
2017-02-10 13:35:18.2480 DEBUG Получено записей: 77
2017-02-10 13:35:18.3140 DEBUG Запрос: select id, socr, name, full_name, index, code 
                              from codifiers.sp_kladr_tab
                              where level_ter=@level order by name
2017-02-10 13:35:18.3140 DEBUG Получено записей: 107
2017-02-10 13:35:18.5740 DEBUG Запрос: SELECT * FROM codifiers.lpu_tab
2017-02-10 13:35:18.5740 DEBUG Получено записей: 109
2017-02-10 13:35:25.5184 DEBUG PatientFindForm ShowFilterByDoctor set to true
2017-02-10 13:35:25.5184 DEBUG PatientFindForm OperatorId: 2469
2017-02-10 13:35:25.5184 DEBUG PatientFindForm DoctorId: 2469
2017-02-10 13:35:25.6644 DEBUG DoctorQuery
2017-02-10 13:35:25.6644 DEBUG sql: SELECT td.time_nazn as "Время записи", d.dan_id as "Id", d.fam as "Фамилия", d.nam as "Имя", d.mid as "Отчество", d.date_born as "Дата рождения", case when d.ser_pol is null then d.num_pol else d.ser_pol ||' '|| d.num_pol end as "Полис", d.address as "Адрес", case when spolref='2301001' then true else false end as "Прикреплен", case when strcom_region_id='0300000000000' then false else true end as "Иногородний" FROM dan_tab d LEFT JOIN public.talon_doctor_tab td on td.dan_id = d.dan_id WHERE td.date_nazn = date(@date) and td.doctor_id = @doctor;
2017-02-10 13:35:25.6644 DEBUG @date: 10.02.2017
2017-02-10 13:35:25.6644 DEBUG @doctor: 2469
2017-02-10 13:35:25.6644 DEBUG bindQueryToDataGrid
2017-02-10 13:35:25.6784 DEBUG Sql: SELECT td.time_nazn as "Время записи", d.dan_id as "Id", d.fam as "Фамилия", d.nam as "Имя", d.mid as "Отчество", d.date_born as "Дата рождения", case when d.ser_pol is null then d.num_pol else d.ser_pol ||' '|| d.num_pol end as "Полис", d.address as "Адрес", case when spolref='2301001' then true else false end as "Прикреплен", case when strcom_region_id='0300000000000' then false else true end as "Иногородний" FROM dan_tab d LEFT JOIN public.talon_doctor_tab td on td.dan_id = d.dan_id WHERE td.date_nazn = date(@date) and td.doctor_id = @doctor;
2017-02-10 13:35:25.6784 DEBUG SqlParams:
2017-02-10 13:35:25.6784 DEBUG SqlParam @date='10.02.2017'
2017-02-10 13:35:25.6784 DEBUG SqlParam @doctor=2469
2017-02-10 13:35:41.4534 DEBUG Sql: SELECT d.dan_id as "Id", d.fam as "Фамилия", d.nam as "Имя", d.mid as "Отчество", d.date_born as "Дата рождения", case when d.ser_pol is null then d.num_pol else d.ser_pol ||' '|| d.num_pol end as "Полис", d.pens as "СНИЛС", d.address as "Адрес", case when spolref='2301001' then true else false end as "Прикреплен" , case when strcom_region_id='0300000000000' then false else true end as "Иногородний" FROM dan_tab d WHERE Lower(d.fam) LIKE @fam and Lower(d.nam) LIKE @nam ORDER BY d.fam, d.nam, d.mid, d.date_born LIMIT 150;
2017-02-10 13:35:41.4534 DEBUG SqlParams:
2017-02-10 13:35:41.4534 DEBUG SqlParam @fam=аветян%
2017-02-10 13:35:41.4534 DEBUG SqlParam @nam=мактах%
2017-02-10 13:35:44.9906 DEBUG Запрос: Select smo.id, smo.name, kladr.name from codifiers.strcom_tab smo left join codifiers.sp_kladr_tab kladr on smo.region_id = kladr.code where smo.region_id = @id and smo.name not like '*%'order by smo.name
2017-02-10 13:35:45.0606 DEBUG Получено записей: 4
2017-02-10 13:35:45.1256 DEBUG Запрос: select * from fed_lgota_tab where pens like @snils;
2017-02-10 13:35:45.1256 DEBUG Получено записей: 0
2017-02-10 13:35:45.1256 DEBUG Запрос: select * from lgot_client_tab where dan_id = @id;
2017-02-10 13:35:45.1466 DEBUG Получено записей: 0
2017-02-10 13:35:45.1896 DEBUG Запрос: SELECT t.talon_id, t.result_id, t.diag_osn, t.doctor_id, t.date_vnes_inf,
                        v.visit_id, v.doctor_id as vdoctor_id, v.data_vnes_inf as vdate_vnes_inf, v.data_pos 
                        FROM public.talon_tab t left join public.visit_tab v on v.talon_id = t.talon_id
                        where t.dan_id = @patient_id;
2017-02-10 13:35:45.1896 DEBUG Получено записей: 80
2017-02-10 13:35:45.9776 DEBUG Запрос: Select visit_id from public.visit_tab where talon_id = @talonId;
2017-02-10 13:35:46.0046 DEBUG Получено записей: 0
2017-02-10 13:35:46.0336 DEBUG Запрос: SELECT d.id FROM diagn_tab d WHERE d.talon_id = @caseId ORDER BY d.id desc;
2017-02-10 13:35:46.0336 DEBUG Получено записей: 0
2017-02-10 13:36:10.3470 DEBUG Запрос: Select mkb_id, mkb, kod_d, reestr_code from public.mkb_tab order by 1
2017-02-10 13:36:10.5750 DEBUG Получено записей: 13813
2017-02-10 13:36:23.0587 DEBUG Запрос: select id, code, name from codifiers.sp_lpu_otdels_tab where pricpol = @code and name not like '*%' order by 3;
2017-02-10 13:36:23.0587 DEBUG Получено записей: 21
2017-02-10 13:36:28.2340 DEBUG insert into public.naprav_tab(
                            lpu_id,
                            operator_id,
                            dan_id, 
                            sp_naprav_lpu_id,
                            lpy_from_id,
                            sp_mkb_code,
                            talon_id,
                            date_destination,
                            diagn_id,
                            naprav_number, 
                            opis_diagn,
                            sp_type_napr_id,
                            is_inogorod,
                            from_voenkomat,
                            doctor_id,
                            otdel_code,
                            spec_doctor_id,
                            pay_date,
                            stacionar_date,
                            naprav_year_counter,
                            form_okaz_id,
                            napr_cancel_reason_id,
                            agreeddate,
                            agreedtime,
                            sp_naprav_obosn_id  
                            ) values(
                            @lpu_id,
                            @operator_id,
                            @dan_id,
                            @sp_naprav_lpu_id,
                            @lpu_id_from,
                            @mkb_code,
                            @talon_id,
                            @date_destination,
                            @diagn_id,
                            @naprav_number,
                            @opis_diagn,
                            @refferal_type,
                            @is_inogorod,
                            @from_voenkomat,
                            @doctor_id,
                            @otdel_code,
                            @spec_doctor_id,
                            @pay_date,
                            @stacinar_date,
                            @year_counter,
                            @medform,
                            @cancel,
                            @agreeddate,
                            @agreedtime,
                            @reasonid
                            ) RETURNING id
2017-02-10 13:36:38.3816 DEBUG Result new Id=204359
2017-02-10 13:49:20.2822 DEBUG Запрос: SELECT DISTINCT code_access, name, description 
                            FROM users_access_view WHERE users_id = @id
2017-02-10 13:49:20.3332 DEBUG Получено записей: 187
2017-02-10 13:49:22.8753 DEBUG SQL: select pattern from codifiers.patterns_tab where code = @patterncode and users_id is null;
2017-02-10 13:49:22.8753 DEBUG Parameters: @patterncode=, @operator=
2017-02-10 13:49:22.9043 DEBUG Result 
2017-02-10 13:49:22.9043 DEBUG нет шаблона для пользователя
2017-02-10 13:49:22.9043 DEBUG SQL: select pattern from codifiers.patterns_tab where code = @patterncode and users_id is null
2017-02-10 13:49:22.9043 DEBUG Parameters: @patterncode 
2017-02-10 13:49:22.9173 DEBUG Result 
2017-02-10 13:49:22.9703 DEBUG SQL: select pattern from codifiers.patterns_tab where code = @patterncode and users_id is null;
2017-02-10 13:49:22.9703 DEBUG Parameters: @patterncode=, @operator=
2017-02-10 13:49:22.9813 DEBUG Result 
2017-02-10 13:49:22.9813 DEBUG нет шаблона для пользователя
2017-02-10 13:49:22.9813 DEBUG SQL: select pattern from codifiers.patterns_tab where code = @patterncode and users_id is null
2017-02-10 13:49:22.9813 DEBUG Parameters: @patterncode 
2017-02-10 13:49:22.9923 DEBUG Result 
2017-02-10 13:49:23.4024 DEBUG Запрос: Select id, name, code, is_default, parent_id from codifiers.sp_kind_paid_tab order by id
2017-02-10 13:49:23.4024 DEBUG Получено записей: 9
2017-02-10 13:49:23.4154 DEBUG Запрос: Select id, name, code from codifiers.first_visit_condition_tab order by id
2017-02-10 13:49:23.4154 DEBUG Получено записей: 4
2017-02-10 13:49:23.4154 DEBUG Запрос: Select id, name, code, reestr, idsp, hospital_type_id, is_cure, is_inspection from codifiers.visit_purpose_common_tab order by id
2017-02-10 13:49:23.4334 DEBUG Получено записей: 22
2017-02-10 13:49:23.4444 DEBUG Запрос: Select id, name, code from codifiers.place_service_tab order by id
2017-02-10 13:49:23.4444 DEBUG Получено записей: 3
2017-02-10 13:49:23.4724 DEBUG Запрос: Select result_id, result, reestr, patient_state_id, reestr_rslt, reestr_ishod, _end from public.result_tab order by result_id
2017-02-10 13:49:23.4774 DEBUG Получено записей: 29
2017-02-10 13:49:23.4774 DEBUG Запрос: select id, name, code, bur_reestr_code from codifiers.travma_tab order by name;
2017-02-10 13:49:23.4914 DEBUG Получено записей: 15
2017-02-10 13:49:23.4914 DEBUG Запрос: SELECT * FROM codifiers.lpu_tab
2017-02-10 13:49:23.5264 DEBUG Получено записей: 109
2017-02-10 13:49:23.8604 DEBUG Запрос: SELECT * FROM codifiers.lpu_tab order by name
2017-02-10 13:49:23.8734 DEBUG Получено записей: 109
2017-02-10 13:49:23.8834 DEBUG Запрос: select sp_napr_obosn_id,trim(obosn_name) as obosn_name FROM sp_napr_obosn_tab ORDER BY sp_napr_obosn_id;
2017-02-10 13:49:23.8834 DEBUG Получено записей: 8
2017-02-10 13:49:23.8834 DEBUG Запрос: SELECT sp_type_napr_id, sp_type_napr FROM sp_type_napr_tab ORDER BY 1;
2017-02-10 13:49:23.8974 DEBUG Получено записей: 9
2017-02-10 13:49:23.8974 DEBUG Запрос: select id, code, name from codifiers.doctor_spec_tab order by 3,1;
2017-02-10 13:49:23.8974 DEBUG Запрос: select id from public.doctor_tab where sp_spec_doctor_id <> 900;
2017-02-10 13:49:23.8974 DEBUG Получено записей: 175
2017-02-10 13:49:23.9134 DEBUG Получено записей: 684
2017-02-10 13:49:23.9134 DEBUG Запрос: Select mkb_id, mkb, kod_d, reestr_code from public.mkb_tab order by 1
2017-02-10 13:49:24.1674 DEBUG Получено записей: 13813
2017-02-10 13:49:24.2074 DEBUG Запрос: select id from public.doctor_tab where sp_spec_doctor_id <> 900;
2017-02-10 13:49:24.2194 DEBUG Получено записей: 684
2017-02-10 13:49:59.3804 DEBUG Запрос: Select s.id, s.code, s.name from codifiers.sozstatus_tab s
2017-02-10 13:49:59.3804 DEBUG Получено записей: 11
2017-02-10 13:49:59.3924 DEBUG Запрос: Select u.id, u.code, u.name, u.doctor_id, u.otdel_id, u.age_from, u.age_for, u.flag_default, u.uchactok_type_id, u.lpu_id, u.sort, u.sex from codifiers.uchactok_tab u order by u.sort, u.name
2017-02-10 13:49:59.3924 DEBUG Получено записей: 77
2017-02-10 13:49:59.4524 DEBUG Запрос: select id, socr, name, full_name, index, code 
                              from codifiers.sp_kladr_tab
                              where level_ter=@level order by name
2017-02-10 13:49:59.4524 DEBUG Получено записей: 107
2017-02-10 13:49:59.7134 DEBUG Запрос: SELECT * FROM codifiers.lpu_tab
2017-02-10 13:49:59.7324 DEBUG Получено записей: 109
2017-02-10 13:50:31.3383 DEBUG PatientFindForm ShowFilterByDoctor set to true
2017-02-10 13:50:31.3383 DEBUG PatientFindForm OperatorId: 2469
2017-02-10 13:50:31.3383 DEBUG PatientFindForm DoctorId: 2469
2017-02-10 13:50:31.4773 DEBUG DoctorQuery
2017-02-10 13:50:31.4773 DEBUG sql: SELECT td.time_nazn as "Время записи", d.dan_id as "Id", d.fam as "Фамилия", d.nam as "Имя", d.mid as "Отчество", d.date_born as "Дата рождения", case when d.ser_pol is null then d.num_pol else d.ser_pol ||' '|| d.num_pol end as "Полис", d.address as "Адрес", case when spolref='2301001' then true else false end as "Прикреплен", case when strcom_region_id='0300000000000' then false else true end as "Иногородний" FROM dan_tab d LEFT JOIN public.talon_doctor_tab td on td.dan_id = d.dan_id WHERE td.date_nazn = date(@date) and td.doctor_id = @doctor;
2017-02-10 13:50:31.4773 DEBUG @date: 10.02.2017
2017-02-10 13:50:31.4773 DEBUG @doctor: 2469
2017-02-10 13:50:31.4773 DEBUG bindQueryToDataGrid
2017-02-10 13:50:31.4933 DEBUG Sql: SELECT td.time_nazn as "Время записи", d.dan_id as "Id", d.fam as "Фамилия", d.nam as "Имя", d.mid as "Отчество", d.date_born as "Дата рождения", case when d.ser_pol is null then d.num_pol else d.ser_pol ||' '|| d.num_pol end as "Полис", d.address as "Адрес", case when spolref='2301001' then true else false end as "Прикреплен", case when strcom_region_id='0300000000000' then false else true end as "Иногородний" FROM dan_tab d LEFT JOIN public.talon_doctor_tab td on td.dan_id = d.dan_id WHERE td.date_nazn = date(@date) and td.doctor_id = @doctor;
2017-02-10 13:50:31.4933 DEBUG SqlParams:
2017-02-10 13:50:31.5073 DEBUG SqlParam @date='10.02.2017'
2017-02-10 13:50:31.5073 DEBUG SqlParam @doctor=2469
2017-02-10 13:50:42.2119 DEBUG Sql: SELECT d.dan_id as "Id", d.fam as "Фамилия", d.nam as "Имя", d.mid as "Отчество", d.date_born as "Дата рождения", case when d.ser_pol is null then d.num_pol else d.ser_pol ||' '|| d.num_pol end as "Полис", d.pens as "СНИЛС", d.address as "Адрес", case when spolref='2301001' then true else false end as "Прикреплен" , case when strcom_region_id='0300000000000' then false else true end as "Иногородний" FROM dan_tab d WHERE Lower(d.fam) LIKE @fam ORDER BY d.fam, d.nam, d.mid, d.date_born LIMIT 150;
2017-02-10 13:50:42.2119 DEBUG SqlParams:
2017-02-10 13:50:42.2119 DEBUG SqlParam @fam=колмагорова%
2017-02-10 13:50:49.8653 DEBUG Запрос: Select smo.id, smo.name, kladr.name from codifiers.strcom_tab smo left join codifiers.sp_kladr_tab kladr on smo.region_id = kladr.code where smo.region_id = @id and smo.name not like '*%'order by smo.name
2017-02-10 13:50:49.9353 DEBUG Получено записей: 4
2017-02-10 13:50:50.0273 DEBUG Запрос: select * from fed_lgota_tab where pens like @snils;
2017-02-10 13:50:50.0753 DEBUG Получено записей: 0
2017-02-10 13:50:50.0753 DEBUG Запрос: select * from lgot_client_tab where dan_id = @id;
2017-02-10 13:50:50.0993 DEBUG Получено записей: 0
2017-02-10 13:50:56.8027 DEBUG Запрос: SELECT t.talon_id, t.result_id, t.diag_osn, t.doctor_id, t.date_vnes_inf,
                        v.visit_id, v.doctor_id as vdoctor_id, v.data_vnes_inf as vdate_vnes_inf, v.data_pos 
                        FROM public.talon_tab t left join public.visit_tab v on v.talon_id = t.talon_id
                        where t.dan_id = @patient_id;
2017-02-10 13:50:56.8277 DEBUG Получено записей: 24
2017-02-10 13:50:57.1047 DEBUG Запрос: Select visit_id from public.visit_tab where talon_id = @talonId;
2017-02-10 13:50:57.1047 DEBUG Получено записей: 1
2017-02-10 13:50:57.1877 DEBUG Запрос: SELECT d.id FROM diagn_tab d WHERE d.talon_id = @caseId ORDER BY d.id desc;
2017-02-10 13:50:57.1877 DEBUG Получено записей: 1
2017-02-10 13:52:18.8754 DEBUG PatientFindForm ShowFilterByDoctor set to true
2017-02-10 13:52:18.8754 DEBUG PatientFindForm OperatorId: 2469
2017-02-10 13:52:18.8754 DEBUG PatientFindForm DoctorId: 2469
2017-02-10 13:52:18.9824 DEBUG DoctorQuery
2017-02-10 13:52:18.9824 DEBUG sql: SELECT td.time_nazn as "Время записи", d.dan_id as "Id", d.fam as "Фамилия", d.nam as "Имя", d.mid as "Отчество", d.date_born as "Дата рождения", case when d.ser_pol is null then d.num_pol else d.ser_pol ||' '|| d.num_pol end as "Полис", d.address as "Адрес", case when spolref='2301001' then true else false end as "Прикреплен", case when strcom_region_id='0300000000000' then false else true end as "Иногородний" FROM dan_tab d LEFT JOIN public.talon_doctor_tab td on td.dan_id = d.dan_id WHERE td.date_nazn = date(@date) and td.doctor_id = @doctor;
2017-02-10 13:52:18.9824 DEBUG @date: 10.02.2017
2017-02-10 13:52:18.9824 DEBUG @doctor: 2469
2017-02-10 13:52:18.9824 DEBUG bindQueryToDataGrid
2017-02-10 13:52:18.9824 DEBUG Sql: SELECT td.time_nazn as "Время записи", d.dan_id as "Id", d.fam as "Фамилия", d.nam as "Имя", d.mid as "Отчество", d.date_born as "Дата рождения", case when d.ser_pol is null then d.num_pol else d.ser_pol ||' '|| d.num_pol end as "Полис", d.address as "Адрес", case when spolref='2301001' then true else false end as "Прикреплен", case when strcom_region_id='0300000000000' then false else true end as "Иногородний" FROM dan_tab d LEFT JOIN public.talon_doctor_tab td on td.dan_id = d.dan_id WHERE td.date_nazn = date(@date) and td.doctor_id = @doctor;
2017-02-10 13:52:18.9824 DEBUG SqlParams:
2017-02-10 13:52:18.9824 DEBUG SqlParam @date='10.02.2017'
2017-02-10 13:52:18.9824 DEBUG SqlParam @doctor=2469
2017-02-10 13:52:33.8743 DEBUG Sql: SELECT d.dan_id as "Id", d.fam as "Фамилия", d.nam as "Имя", d.mid as "Отчество", d.date_born as "Дата рождения", case when d.ser_pol is null then d.num_pol else d.ser_pol ||' '|| d.num_pol end as "Полис", d.pens as "СНИЛС", d.address as "Адрес", case when spolref='2301001' then true else false end as "Прикреплен" , case when strcom_region_id='0300000000000' then false else true end as "Иногородний" FROM dan_tab d WHERE Lower(d.fam) LIKE @fam and Lower(d.nam) LIKE @nam ORDER BY d.fam, d.nam, d.mid, d.date_born LIMIT 150;
2017-02-10 13:52:33.8753 DEBUG SqlParams:
2017-02-10 13:52:33.8753 DEBUG SqlParam @fam=колмагорова%
2017-02-10 13:52:33.8753 DEBUG SqlParam @nam=татьяна%
2017-02-10 13:52:38.6695 DEBUG Запрос: select * from fed_lgota_tab where pens like @snils;
2017-02-10 13:52:38.6695 DEBUG Получено записей: 0
2017-02-10 13:52:38.6795 DEBUG Запрос: select * from lgot_client_tab where dan_id = @id;
2017-02-10 13:52:38.6795 DEBUG Получено записей: 0
2017-02-10 13:52:42.8868 DEBUG Запрос: SELECT t.talon_id, t.result_id, t.diag_osn, t.doctor_id, t.date_vnes_inf,
                        v.visit_id, v.doctor_id as vdoctor_id, v.data_vnes_inf as vdate_vnes_inf, v.data_pos 
                        FROM public.talon_tab t left join public.visit_tab v on v.talon_id = t.talon_id
                        where t.dan_id = @patient_id;
2017-02-10 13:52:42.8938 DEBUG Получено записей: 24
2017-02-10 13:52:43.1848 DEBUG Запрос: Select visit_id from public.visit_tab where talon_id = @talonId;
2017-02-10 13:52:43.1878 DEBUG Получено записей: 1
2017-02-10 13:52:43.2518 DEBUG Запрос: SELECT d.id FROM diagn_tab d WHERE d.talon_id = @caseId ORDER BY d.id desc;
2017-02-10 13:52:43.2518 DEBUG Получено записей: 1
2017-02-10 13:57:49.3673 DEBUG Запрос: SELECT DISTINCT code_access, name, description 
                            FROM users_access_view WHERE users_id = @id
2017-02-10 13:57:49.4223 DEBUG Получено записей: 187
2017-02-10 13:57:51.9775 DEBUG SQL: select pattern from codifiers.patterns_tab where code = @patterncode and users_id is null;
2017-02-10 13:57:51.9775 DEBUG Parameters: @patterncode=, @operator=
2017-02-10 13:57:52.0105 DEBUG Result 
2017-02-10 13:57:52.0105 DEBUG нет шаблона для пользователя
2017-02-10 13:57:52.0105 DEBUG SQL: select pattern from codifiers.patterns_tab where code = @patterncode and users_id is null
2017-02-10 13:57:52.0105 DEBUG Parameters: @patterncode 
2017-02-10 13:57:52.0235 DEBUG Result 
2017-02-10 13:57:52.0835 DEBUG SQL: select pattern from codifiers.patterns_tab where code = @patterncode and users_id is null;
2017-02-10 13:57:52.0835 DEBUG Parameters: @patterncode=, @operator=
2017-02-10 13:57:52.0945 DEBUG Result 
2017-02-10 13:57:52.0945 DEBUG нет шаблона для пользователя
2017-02-10 13:57:52.0945 DEBUG SQL: select pattern from codifiers.patterns_tab where code = @patterncode and users_id is null
2017-02-10 13:57:52.0945 DEBUG Parameters: @patterncode 
2017-02-10 13:57:52.1065 DEBUG Result 
2017-02-10 13:57:52.5335 DEBUG Запрос: Select id, name, code, is_default, parent_id from codifiers.sp_kind_paid_tab order by id
2017-02-10 13:57:52.5335 DEBUG Получено записей: 9
2017-02-10 13:57:52.5455 DEBUG Запрос: Select id, name, code from codifiers.first_visit_condition_tab order by id
2017-02-10 13:57:52.5455 DEBUG Получено записей: 4
2017-02-10 13:57:52.5575 DEBUG Запрос: Select id, name, code, reestr, idsp, hospital_type_id, is_cure, is_inspection from codifiers.visit_purpose_common_tab order by id
2017-02-10 13:57:52.5575 DEBUG Получено записей: 22
2017-02-10 13:57:52.5735 DEBUG Запрос: Select id, name, code from codifiers.place_service_tab order by id
2017-02-10 13:57:52.5735 DEBUG Получено записей: 3
2017-02-10 13:57:52.6015 DEBUG Запрос: Select result_id, result, reestr, patient_state_id, reestr_rslt, reestr_ishod, _end from public.result_tab order by result_id
2017-02-10 13:57:52.6015 DEBUG Получено записей: 29
2017-02-10 13:57:52.6185 DEBUG Запрос: select id, name, code, bur_reestr_code from codifiers.travma_tab order by name;
2017-02-10 13:57:52.6185 DEBUG Получено записей: 15
2017-02-10 13:57:52.6185 DEBUG Запрос: SELECT * FROM codifiers.lpu_tab
2017-02-10 13:57:52.6605 DEBUG Получено записей: 109
2017-02-10 13:57:53.0185 DEBUG Запрос: SELECT * FROM codifiers.lpu_tab order by name
2017-02-10 13:57:53.0315 DEBUG Получено записей: 109
2017-02-10 13:57:53.0415 DEBUG Запрос: select sp_napr_obosn_id,trim(obosn_name) as obosn_name FROM sp_napr_obosn_tab ORDER BY sp_napr_obosn_id;
2017-02-10 13:57:53.0415 DEBUG Получено записей: 8
2017-02-10 13:57:53.0525 DEBUG Запрос: SELECT sp_type_napr_id, sp_type_napr FROM sp_type_napr_tab ORDER BY 1;
2017-02-10 13:57:53.0525 DEBUG Получено записей: 9
2017-02-10 13:57:53.0525 DEBUG Запрос: select id, code, name from codifiers.doctor_spec_tab order by 3,1;
2017-02-10 13:57:53.0525 DEBUG Запрос: select id from public.doctor_tab where sp_spec_doctor_id <> 900;
2017-02-10 13:57:53.0695 DEBUG Получено записей: 175
2017-02-10 13:57:53.0695 DEBUG Получено записей: 684
2017-02-10 13:57:53.0855 DEBUG Запрос: Select mkb_id, mkb, kod_d, reestr_code from public.mkb_tab order by 1
2017-02-10 13:57:53.3525 DEBUG Получено записей: 13813
2017-02-10 13:57:53.3945 DEBUG Запрос: select id from public.doctor_tab where sp_spec_doctor_id <> 900;
2017-02-10 13:57:53.4015 DEBUG Получено записей: 684
2017-02-10 13:58:56.5581 DEBUG Запрос: Select s.id, s.code, s.name from codifiers.sozstatus_tab s
2017-02-10 13:58:56.5611 DEBUG Получено записей: 11
2017-02-10 13:58:56.5611 DEBUG Запрос: Select u.id, u.code, u.name, u.doctor_id, u.otdel_id, u.age_from, u.age_for, u.flag_default, u.uchactok_type_id, u.lpu_id, u.sort, u.sex from codifiers.uchactok_tab u order by u.sort, u.name
2017-02-10 13:58:56.5781 DEBUG Получено записей: 77
2017-02-10 13:58:56.6422 DEBUG Запрос: select id, socr, name, full_name, index, code 
                              from codifiers.sp_kladr_tab
                              where level_ter=@level order by name
2017-02-10 13:58:56.6422 DEBUG Получено записей: 107
2017-02-10 13:58:56.9242 DEBUG Запрос: SELECT * FROM codifiers.lpu_tab
2017-02-10 13:58:56.9372 DEBUG Получено записей: 109
2017-02-10 13:59:03.2555 DEBUG PatientFindForm ShowFilterByDoctor set to true
2017-02-10 13:59:03.2555 DEBUG PatientFindForm OperatorId: 2469
2017-02-10 13:59:03.2555 DEBUG PatientFindForm DoctorId: 2469
2017-02-10 13:59:03.4135 DEBUG DoctorQuery
2017-02-10 13:59:03.4135 DEBUG sql: SELECT td.time_nazn as "Время записи", d.dan_id as "Id", d.fam as "Фамилия", d.nam as "Имя", d.mid as "Отчество", d.date_born as "Дата рождения", case when d.ser_pol is null then d.num_pol else d.ser_pol ||' '|| d.num_pol end as "Полис", d.address as "Адрес", case when spolref='2301001' then true else false end as "Прикреплен", case when strcom_region_id='0300000000000' then false else true end as "Иногородний" FROM dan_tab d LEFT JOIN public.talon_doctor_tab td on td.dan_id = d.dan_id WHERE td.date_nazn = date(@date) and td.doctor_id = @doctor;
2017-02-10 13:59:03.4135 DEBUG @date: 10.02.2017
2017-02-10 13:59:03.4135 DEBUG @doctor: 2469
2017-02-10 13:59:03.4135 DEBUG bindQueryToDataGrid
2017-02-10 13:59:03.4295 DEBUG Sql: SELECT td.time_nazn as "Время записи", d.dan_id as "Id", d.fam as "Фамилия", d.nam as "Имя", d.mid as "Отчество", d.date_born as "Дата рождения", case when d.ser_pol is null then d.num_pol else d.ser_pol ||' '|| d.num_pol end as "Полис", d.address as "Адрес", case when spolref='2301001' then true else false end as "Прикреплен", case when strcom_region_id='0300000000000' then false else true end as "Иногородний" FROM dan_tab d LEFT JOIN public.talon_doctor_tab td on td.dan_id = d.dan_id WHERE td.date_nazn = date(@date) and td.doctor_id = @doctor;
2017-02-10 13:59:03.4295 DEBUG SqlParams:
2017-02-10 13:59:03.4295 DEBUG SqlParam @date='10.02.2017'
2017-02-10 13:59:03.4295 DEBUG SqlParam @doctor=2469
2017-02-10 13:59:20.0995 DEBUG Sql: SELECT d.dan_id as "Id", d.fam as "Фамилия", d.nam as "Имя", d.mid as "Отчество", d.date_born as "Дата рождения", case when d.ser_pol is null then d.num_pol else d.ser_pol ||' '|| d.num_pol end as "Полис", d.pens as "СНИЛС", d.address as "Адрес", case when spolref='2301001' then true else false end as "Прикреплен" , case when strcom_region_id='0300000000000' then false else true end as "Иногородний" FROM dan_tab d WHERE Lower(d.fam) LIKE @fam and Lower(d.nam) LIKE @nam ORDER BY d.fam, d.nam, d.mid, d.date_born LIMIT 150;
2017-02-10 13:59:20.0995 DEBUG SqlParams:
2017-02-10 13:59:20.0995 DEBUG SqlParam @fam=колмагорова%
2017-02-10 13:59:20.0995 DEBUG SqlParam @nam=татья%
2017-02-10 13:59:24.5657 DEBUG Запрос: Select smo.id, smo.name, kladr.name from codifiers.strcom_tab smo left join codifiers.sp_kladr_tab kladr on smo.region_id = kladr.code where smo.region_id = @id and smo.name not like '*%'order by smo.name
2017-02-10 13:59:24.6378 DEBUG Получено записей: 4
2017-02-10 13:59:24.7268 DEBUG Запрос: select * from fed_lgota_tab where pens like @snils;
2017-02-10 13:59:24.7268 DEBUG Получено записей: 0
2017-02-10 13:59:24.7408 DEBUG Запрос: select * from lgot_client_tab where dan_id = @id;
2017-02-10 13:59:24.7518 DEBUG Получено записей: 0
2017-02-10 13:59:29.4370 DEBUG Запрос: SELECT t.talon_id, t.result_id, t.diag_osn, t.doctor_id, t.date_vnes_inf,
                        v.visit_id, v.doctor_id as vdoctor_id, v.data_vnes_inf as vdate_vnes_inf, v.data_pos 
                        FROM public.talon_tab t left join public.visit_tab v on v.talon_id = t.talon_id
                        where t.dan_id = @patient_id;
2017-02-10 13:59:29.4370 DEBUG Получено записей: 24
2017-02-10 13:59:29.8160 DEBUG Запрос: Select visit_id from public.visit_tab where talon_id = @talonId;
2017-02-10 13:59:29.8160 DEBUG Получено записей: 1
2017-02-10 13:59:29.9001 DEBUG Запрос: SELECT d.id FROM diagn_tab d WHERE d.talon_id = @caseId ORDER BY d.id desc;
2017-02-10 13:59:29.9001 DEBUG Получено записей: 1
2017-02-10 14:15:00.6653 DEBUG PatientFindForm ShowFilterByDoctor set to true
2017-02-10 14:15:00.6653 DEBUG PatientFindForm OperatorId: 2469
2017-02-10 14:15:00.6653 DEBUG PatientFindForm DoctorId: 2469
2017-02-10 14:15:02.8014 DEBUG DoctorQuery
2017-02-10 14:15:02.8014 DEBUG sql: SELECT td.time_nazn as "Время записи", d.dan_id as "Id", d.fam as "Фамилия", d.nam as "Имя", d.mid as "Отчество", d.date_born as "Дата рождения", case when d.ser_pol is null then d.num_pol else d.ser_pol ||' '|| d.num_pol end as "Полис", d.address as "Адрес", case when spolref='2301001' then true else false end as "Прикреплен", case when strcom_region_id='0300000000000' then false else true end as "Иногородний" FROM dan_tab d LEFT JOIN public.talon_doctor_tab td on td.dan_id = d.dan_id WHERE td.date_nazn = date(@date) and td.doctor_id = @doctor;
2017-02-10 14:15:02.8014 DEBUG @date: 10.02.2017
2017-02-10 14:15:02.8014 DEBUG @doctor: 2469
2017-02-10 14:15:02.8014 DEBUG bindQueryToDataGrid
2017-02-10 14:15:02.8014 DEBUG Sql: SELECT td.time_nazn as "Время записи", d.dan_id as "Id", d.fam as "Фамилия", d.nam as "Имя", d.mid as "Отчество", d.date_born as "Дата рождения", case when d.ser_pol is null then d.num_pol else d.ser_pol ||' '|| d.num_pol end as "Полис", d.address as "Адрес", case when spolref='2301001' then true else false end as "Прикреплен", case when strcom_region_id='0300000000000' then false else true end as "Иногородний" FROM dan_tab d LEFT JOIN public.talon_doctor_tab td on td.dan_id = d.dan_id WHERE td.date_nazn = date(@date) and td.doctor_id = @doctor;
2017-02-10 14:15:02.8014 DEBUG SqlParams:
2017-02-10 14:15:02.8014 DEBUG SqlParam @date='10.02.2017'
2017-02-10 14:15:02.8014 DEBUG SqlParam @doctor=2469
2017-02-10 14:19:32.4788 DEBUG Запрос: SELECT DISTINCT code_access, name, description 
                            FROM users_access_view WHERE users_id = @id
2017-02-10 14:19:32.5298 DEBUG Получено записей: 187
2017-02-10 14:19:34.9170 DEBUG SQL: select pattern from codifiers.patterns_tab where code = @patterncode and users_id is null;
2017-02-10 14:19:34.9170 DEBUG Parameters: @patterncode=, @operator=
2017-02-10 14:19:34.9480 DEBUG Result 
2017-02-10 14:19:34.9480 DEBUG нет шаблона для пользователя
2017-02-10 14:19:34.9480 DEBUG SQL: select pattern from codifiers.patterns_tab where code = @patterncode and users_id is null
2017-02-10 14:19:34.9480 DEBUG Parameters: @patterncode 
2017-02-10 14:19:34.9600 DEBUG Result 
2017-02-10 14:19:35.0170 DEBUG SQL: select pattern from codifiers.patterns_tab where code = @patterncode and users_id is null;
2017-02-10 14:19:35.0170 DEBUG Parameters: @patterncode=, @operator=
2017-02-10 14:19:35.0270 DEBUG Result 
2017-02-10 14:19:35.0270 DEBUG нет шаблона для пользователя
2017-02-10 14:19:35.0270 DEBUG SQL: select pattern from codifiers.patterns_tab where code = @patterncode and users_id is null
2017-02-10 14:19:35.0270 DEBUG Parameters: @patterncode 
2017-02-10 14:19:35.0370 DEBUG Result 
2017-02-10 14:19:35.4320 DEBUG Запрос: Select id, name, code, is_default, parent_id from codifiers.sp_kind_paid_tab order by id
2017-02-10 14:19:35.4320 DEBUG Получено записей: 9
2017-02-10 14:19:35.4430 DEBUG Запрос: Select id, name, code from codifiers.first_visit_condition_tab order by id
2017-02-10 14:19:35.4430 DEBUG Получено записей: 4
2017-02-10 14:19:35.4430 DEBUG Запрос: Select id, name, code, reestr, idsp, hospital_type_id, is_cure, is_inspection from codifiers.visit_purpose_common_tab order by id
2017-02-10 14:19:35.4590 DEBUG Получено записей: 22
2017-02-10 14:19:35.4590 DEBUG Запрос: Select id, name, code from codifiers.place_service_tab order by id
2017-02-10 14:19:35.4590 DEBUG Получено записей: 3
2017-02-10 14:19:35.4940 DEBUG Запрос: Select result_id, result, reestr, patient_state_id, reestr_rslt, reestr_ishod, _end from public.result_tab order by result_id
2017-02-10 14:19:35.4940 DEBUG Получено записей: 29
2017-02-10 14:19:35.5090 DEBUG Запрос: select id, name, code, bur_reestr_code from codifiers.travma_tab order by name;
2017-02-10 14:19:35.5090 DEBUG Получено записей: 15
2017-02-10 14:19:35.5220 DEBUG Запрос: SELECT * FROM codifiers.lpu_tab
2017-02-10 14:19:35.5470 DEBUG Получено записей: 109
2017-02-10 14:19:35.8950 DEBUG Запрос: SELECT * FROM codifiers.lpu_tab order by name
2017-02-10 14:19:35.8950 DEBUG Получено записей: 109
2017-02-10 14:19:35.9170 DEBUG Запрос: select sp_napr_obosn_id,trim(obosn_name) as obosn_name FROM sp_napr_obosn_tab ORDER BY sp_napr_obosn_id;
2017-02-10 14:19:35.9170 DEBUG Получено записей: 8
2017-02-10 14:19:35.9270 DEBUG Запрос: SELECT sp_type_napr_id, sp_type_napr FROM sp_type_napr_tab ORDER BY 1;
2017-02-10 14:19:35.9270 DEBUG Получено записей: 9
2017-02-10 14:19:35.9270 DEBUG Запрос: select id, code, name from codifiers.doctor_spec_tab order by 3,1;
2017-02-10 14:19:35.9270 DEBUG Запрос: select id from public.doctor_tab where sp_spec_doctor_id <> 900;
2017-02-10 14:19:35.9450 DEBUG Получено записей: 175
2017-02-10 14:19:35.9450 DEBUG Получено записей: 684
2017-02-10 14:19:35.9450 DEBUG Запрос: Select mkb_id, mkb, kod_d, reestr_code from public.mkb_tab order by 1
2017-02-10 14:19:36.1880 DEBUG Получено записей: 13813
2017-02-10 14:19:36.2291 DEBUG Запрос: select id from public.doctor_tab where sp_spec_doctor_id <> 900;
2017-02-10 14:19:36.2501 DEBUG Получено записей: 684
2017-02-10 14:19:47.9657 DEBUG Запрос: Select s.id, s.code, s.name from codifiers.sozstatus_tab s
2017-02-10 14:19:47.9657 DEBUG Получено записей: 11
2017-02-10 14:19:47.9787 DEBUG Запрос: Select u.id, u.code, u.name, u.doctor_id, u.otdel_id, u.age_from, u.age_for, u.flag_default, u.uchactok_type_id, u.lpu_id, u.sort, u.sex from codifiers.uchactok_tab u order by u.sort, u.name
2017-02-10 14:19:48.0097 DEBUG Получено записей: 77
2017-02-10 14:19:48.0677 DEBUG Запрос: select id, socr, name, full_name, index, code 
                              from codifiers.sp_kladr_tab
                              where level_ter=@level order by name
2017-02-10 14:19:48.0677 DEBUG Получено записей: 107
2017-02-10 14:19:48.3217 DEBUG Запрос: SELECT * FROM codifiers.lpu_tab
2017-02-10 14:19:48.3337 DEBUG Получено записей: 109
2017-02-10 14:19:54.9611 DEBUG PatientFindForm ShowFilterByDoctor set to true
2017-02-10 14:19:54.9611 DEBUG PatientFindForm OperatorId: 2469
2017-02-10 14:19:54.9611 DEBUG PatientFindForm DoctorId: 2469
2017-02-10 14:19:55.1131 DEBUG DoctorQuery
2017-02-10 14:19:55.1131 DEBUG sql: SELECT td.time_nazn as "Время записи", d.dan_id as "Id", d.fam as "Фамилия", d.nam as "Имя", d.mid as "Отчество", d.date_born as "Дата рождения", case when d.ser_pol is null then d.num_pol else d.ser_pol ||' '|| d.num_pol end as "Полис", d.address as "Адрес", case when spolref='2301001' then true else false end as "Прикреплен", case when strcom_region_id='0300000000000' then false else true end as "Иногородний" FROM dan_tab d LEFT JOIN public.talon_doctor_tab td on td.dan_id = d.dan_id WHERE td.date_nazn = date(@date) and td.doctor_id = @doctor;
2017-02-10 14:19:55.1131 DEBUG @date: 10.02.2017
2017-02-10 14:19:55.1141 DEBUG @doctor: 2469
2017-02-10 14:19:55.1141 DEBUG bindQueryToDataGrid
2017-02-10 14:19:55.1141 DEBUG Sql: SELECT td.time_nazn as "Время записи", d.dan_id as "Id", d.fam as "Фамилия", d.nam as "Имя", d.mid as "Отчество", d.date_born as "Дата рождения", case when d.ser_pol is null then d.num_pol else d.ser_pol ||' '|| d.num_pol end as "Полис", d.address as "Адрес", case when spolref='2301001' then true else false end as "Прикреплен", case when strcom_region_id='0300000000000' then false else true end as "Иногородний" FROM dan_tab d LEFT JOIN public.talon_doctor_tab td on td.dan_id = d.dan_id WHERE td.date_nazn = date(@date) and td.doctor_id = @doctor;
2017-02-10 14:19:55.1141 DEBUG SqlParams:
2017-02-10 14:19:55.1301 DEBUG SqlParam @date='10.02.2017'
2017-02-10 14:19:55.1301 DEBUG SqlParam @doctor=2469
2017-02-10 14:20:08.7989 DEBUG Sql: SELECT d.dan_id as "Id", d.fam as "Фамилия", d.nam as "Имя", d.mid as "Отчество", d.date_born as "Дата рождения", case when d.ser_pol is null then d.num_pol else d.ser_pol ||' '|| d.num_pol end as "Полис", d.pens as "СНИЛС", d.address as "Адрес", case when spolref='2301001' then true else false end as "Прикреплен" , case when strcom_region_id='0300000000000' then false else true end as "Иногородний" FROM dan_tab d WHERE Lower(d.fam) LIKE @fam and Lower(d.nam) LIKE @nam ORDER BY d.fam, d.nam, d.mid, d.date_born LIMIT 150;
2017-02-10 14:20:08.7989 DEBUG SqlParams:
2017-02-10 14:20:08.7989 DEBUG SqlParam @fam=аветян%
2017-02-10 14:20:08.7989 DEBUG SqlParam @nam=мактах%
2017-02-10 14:20:12.5691 DEBUG Запрос: Select smo.id, smo.name, kladr.name from codifiers.strcom_tab smo left join codifiers.sp_kladr_tab kladr on smo.region_id = kladr.code where smo.region_id = @id and smo.name not like '*%'order by smo.name
2017-02-10 14:20:12.6391 DEBUG Получено записей: 4
2017-02-10 14:20:12.7011 DEBUG Запрос: select * from fed_lgota_tab where pens like @snils;
2017-02-10 14:20:12.7011 DEBUG Получено записей: 0
2017-02-10 14:20:12.7111 DEBUG Запрос: select * from lgot_client_tab where dan_id = @id;
2017-02-10 14:20:12.7111 DEBUG Получено записей: 0
2017-02-10 14:20:12.7691 DEBUG Запрос: SELECT t.talon_id, t.result_id, t.diag_osn, t.doctor_id, t.date_vnes_inf,
                        v.visit_id, v.doctor_id as vdoctor_id, v.data_vnes_inf as vdate_vnes_inf, v.data_pos 
                        FROM public.talon_tab t left join public.visit_tab v on v.talon_id = t.talon_id
                        where t.dan_id = @patient_id;
2017-02-10 14:20:12.8091 DEBUG Получено записей: 80
2017-02-10 14:20:13.5772 DEBUG Запрос: Select visit_id from public.visit_tab where talon_id = @talonId;
2017-02-10 14:20:13.5772 DEBUG Получено записей: 0
2017-02-10 14:20:13.6082 DEBUG Запрос: SELECT d.id FROM diagn_tab d WHERE d.talon_id = @caseId ORDER BY d.id desc;
2017-02-10 14:20:13.6082 DEBUG Получено записей: 0
2017-02-10 14:21:17.2888 DEBUG PatientFindForm ShowFilterByDoctor set to true
2017-02-10 14:21:17.2888 DEBUG PatientFindForm OperatorId: 2469
2017-02-10 14:21:17.2888 DEBUG PatientFindForm DoctorId: 2469
2017-02-10 14:21:17.4038 DEBUG DoctorQuery
2017-02-10 14:21:17.4048 DEBUG sql: SELECT td.time_nazn as "Время записи", d.dan_id as "Id", d.fam as "Фамилия", d.nam as "Имя", d.mid as "Отчество", d.date_born as "Дата рождения", case when d.ser_pol is null then d.num_pol else d.ser_pol ||' '|| d.num_pol end as "Полис", d.address as "Адрес", case when spolref='2301001' then true else false end as "Прикреплен", case when strcom_region_id='0300000000000' then false else true end as "Иногородний" FROM dan_tab d LEFT JOIN public.talon_doctor_tab td on td.dan_id = d.dan_id WHERE td.date_nazn = date(@date) and td.doctor_id = @doctor;
2017-02-10 14:21:17.4048 DEBUG @date: 10.02.2017
2017-02-10 14:21:17.4048 DEBUG @doctor: 2469
2017-02-10 14:21:17.4048 DEBUG bindQueryToDataGrid
2017-02-10 14:21:17.4048 DEBUG Sql: SELECT td.time_nazn as "Время записи", d.dan_id as "Id", d.fam as "Фамилия", d.nam as "Имя", d.mid as "Отчество", d.date_born as "Дата рождения", case when d.ser_pol is null then d.num_pol else d.ser_pol ||' '|| d.num_pol end as "Полис", d.address as "Адрес", case when spolref='2301001' then true else false end as "Прикреплен", case when strcom_region_id='0300000000000' then false else true end as "Иногородний" FROM dan_tab d LEFT JOIN public.talon_doctor_tab td on td.dan_id = d.dan_id WHERE td.date_nazn = date(@date) and td.doctor_id = @doctor;
2017-02-10 14:21:17.4048 DEBUG SqlParams:
2017-02-10 14:21:17.4048 DEBUG SqlParam @date='10.02.2017'
2017-02-10 14:21:17.4048 DEBUG SqlParam @doctor=2469
2017-02-10 14:21:33.4938 DEBUG Sql: SELECT d.dan_id as "Id", d.fam as "Фамилия", d.nam as "Имя", d.mid as "Отчество", d.date_born as "Дата рождения", case when d.ser_pol is null then d.num_pol else d.ser_pol ||' '|| d.num_pol end as "Полис", d.pens as "СНИЛС", d.address as "Адрес", case when spolref='2301001' then true else false end as "Прикреплен" , case when strcom_region_id='0300000000000' then false else true end as "Иногородний" FROM dan_tab d WHERE Lower(d.fam) LIKE @fam and Lower(d.nam) LIKE @nam ORDER BY d.fam, d.nam, d.mid, d.date_born LIMIT 150;
2017-02-10 14:21:33.4938 DEBUG SqlParams:
2017-02-10 14:21:33.4938 DEBUG SqlParam @fam=колмагорова%
2017-02-10 14:21:33.4938 DEBUG SqlParam @nam=татьяна%
2017-02-10 14:21:38.8331 DEBUG Запрос: select * from fed_lgota_tab where pens like @snils;
2017-02-10 14:21:38.8331 DEBUG Получено записей: 0
2017-02-10 14:21:38.8431 DEBUG Запрос: select * from lgot_client_tab where dan_id = @id;
2017-02-10 14:21:38.8431 DEBUG Получено записей: 0
2017-02-10 14:21:41.3272 DEBUG Запрос: SELECT t.talon_id, t.result_id, t.diag_osn, t.doctor_id, t.date_vnes_inf,
                        v.visit_id, v.doctor_id as vdoctor_id, v.data_vnes_inf as vdate_vnes_inf, v.data_pos 
                        FROM public.talon_tab t left join public.visit_tab v on v.talon_id = t.talon_id
                        where t.dan_id = @patient_id;
2017-02-10 14:21:41.3272 DEBUG Получено записей: 24
2017-02-10 14:21:43.4083 DEBUG Запрос: Select visit_id from public.visit_tab where talon_id = @talonId;
2017-02-10 14:21:43.4113 DEBUG Получено записей: 1
2017-02-10 14:21:43.4813 DEBUG Запрос: SELECT d.id FROM diagn_tab d WHERE d.talon_id = @caseId ORDER BY d.id desc;
2017-02-10 14:21:43.4813 DEBUG Получено записей: 1
2017-02-10 14:26:54.7801 DEBUG PatientFindForm ShowFilterByDoctor set to true
2017-02-10 14:26:54.7801 DEBUG PatientFindForm OperatorId: 2469
2017-02-10 14:26:54.7801 DEBUG PatientFindForm DoctorId: 2469
2017-02-10 14:26:56.6452 DEBUG DoctorQuery
2017-02-10 14:26:56.6452 DEBUG sql: SELECT td.time_nazn as "Время записи", d.dan_id as "Id", d.fam as "Фамилия", d.nam as "Имя", d.mid as "Отчество", d.date_born as "Дата рождения", case when d.ser_pol is null then d.num_pol else d.ser_pol ||' '|| d.num_pol end as "Полис", d.address as "Адрес", case when spolref='2301001' then true else false end as "Прикреплен", case when strcom_region_id='0300000000000' then false else true end as "Иногородний" FROM dan_tab d LEFT JOIN public.talon_doctor_tab td on td.dan_id = d.dan_id WHERE td.date_nazn = date(@date) and td.doctor_id = @doctor;
2017-02-10 14:26:56.6452 DEBUG @date: 10.02.2017
2017-02-10 14:26:56.6452 DEBUG @doctor: 2469
2017-02-10 14:26:56.6452 DEBUG bindQueryToDataGrid
2017-02-10 14:26:56.6452 DEBUG Sql: SELECT td.time_nazn as "Время записи", d.dan_id as "Id", d.fam as "Фамилия", d.nam as "Имя", d.mid as "Отчество", d.date_born as "Дата рождения", case when d.ser_pol is null then d.num_pol else d.ser_pol ||' '|| d.num_pol end as "Полис", d.address as "Адрес", case when spolref='2301001' then true else false end as "Прикреплен", case when strcom_region_id='0300000000000' then false else true end as "Иногородний" FROM dan_tab d LEFT JOIN public.talon_doctor_tab td on td.dan_id = d.dan_id WHERE td.date_nazn = date(@date) and td.doctor_id = @doctor;
2017-02-10 14:26:56.6452 DEBUG SqlParams:
2017-02-10 14:26:56.6452 DEBUG SqlParam @date='10.02.2017'
2017-02-10 14:26:56.6452 DEBUG SqlParam @doctor=2469
2017-02-10 14:27:03.8547 DEBUG Sql: SELECT d.dan_id as "Id", d.fam as "Фамилия", d.nam as "Имя", d.mid as "Отчество", d.date_born as "Дата рождения", case when d.ser_pol is null then d.num_pol else d.ser_pol ||' '|| d.num_pol end as "Полис", d.pens as "СНИЛС", d.address as "Адрес", case when spolref='2301001' then true else false end as "Прикреплен" , case when strcom_region_id='0300000000000' then false else true end as "Иногородний" FROM dan_tab d WHERE Lower(d.num_pol) LIKE @num ORDER BY d.fam, d.nam, d.mid, d.date_born LIMIT 150;
2017-02-10 14:27:03.8547 DEBUG SqlParams:
2017-02-10 14:27:03.8547 DEBUG SqlParam @num=0349640883000070%
2017-02-10 14:27:24.5418 DEBUG Запрос: select * from fed_lgota_tab where pens like @snils;
2017-02-10 14:27:24.5418 DEBUG Получено записей: 0
2017-02-10 14:27:24.5418 DEBUG Запрос: select * from lgot_client_tab where dan_id = @id;
2017-02-10 14:27:24.5658 DEBUG Получено записей: 1
2017-02-10 14:27:24.6078 DEBUG Запрос: SELECT t.talon_id, t.result_id, t.diag_osn, t.doctor_id, t.date_vnes_inf,
                        v.visit_id, v.doctor_id as vdoctor_id, v.data_vnes_inf as vdate_vnes_inf, v.data_pos 
                        FROM public.talon_tab t left join public.visit_tab v on v.talon_id = t.talon_id
                        where t.dan_id = @patient_id;
2017-02-10 14:27:24.6328 DEBUG Получено записей: 141
2017-02-10 14:27:25.8349 DEBUG Запрос: Select visit_id from public.visit_tab where talon_id = @talonId;
2017-02-10 14:27:25.8349 DEBUG Получено записей: 1
2017-02-10 14:27:25.8989 DEBUG Запрос: SELECT d.id FROM diagn_tab d WHERE d.talon_id = @caseId ORDER BY d.id desc;
2017-02-10 14:27:25.8989 DEBUG Получено записей: 1
2017-02-10 14:37:27.4193 DEBUG Запрос: SELECT DISTINCT code_access, name, description 
                            FROM users_access_view WHERE users_id = @id
2017-02-10 14:37:27.4683 DEBUG Получено записей: 187
2017-02-10 14:37:29.9465 DEBUG SQL: select pattern from codifiers.patterns_tab where code = @patterncode and users_id is null;
2017-02-10 14:37:29.9465 DEBUG Parameters: @patterncode=, @operator=
2017-02-10 14:37:29.9745 DEBUG Result 
2017-02-10 14:37:29.9885 DEBUG нет шаблона для пользователя
2017-02-10 14:37:29.9885 DEBUG SQL: select pattern from codifiers.patterns_tab where code = @patterncode and users_id is null
2017-02-10 14:37:29.9885 DEBUG Parameters: @patterncode 
2017-02-10 14:37:30.0015 DEBUG Result 
2017-02-10 14:37:30.0585 DEBUG SQL: select pattern from codifiers.patterns_tab where code = @patterncode and users_id is null;
2017-02-10 14:37:30.0585 DEBUG Parameters: @patterncode=, @operator=
2017-02-10 14:37:30.0585 DEBUG Result 
2017-02-10 14:37:30.0585 DEBUG нет шаблона для пользователя
2017-02-10 14:37:30.0585 DEBUG SQL: select pattern from codifiers.patterns_tab where code = @patterncode and users_id is null
2017-02-10 14:37:30.0585 DEBUG Parameters: @patterncode 
2017-02-10 14:37:30.0785 DEBUG Result 
2017-02-10 14:37:30.4735 DEBUG Запрос: Select id, name, code, is_default, parent_id from codifiers.sp_kind_paid_tab order by id
2017-02-10 14:37:30.4765 DEBUG Получено записей: 9
2017-02-10 14:37:30.4765 DEBUG Запрос: Select id, name, code from codifiers.first_visit_condition_tab order by id
2017-02-10 14:37:30.4765 DEBUG Получено записей: 4
2017-02-10 14:37:30.4975 DEBUG Запрос: Select id, name, code, reestr, idsp, hospital_type_id, is_cure, is_inspection from codifiers.visit_purpose_common_tab order by id
2017-02-10 14:37:30.4975 DEBUG Получено записей: 22
2017-02-10 14:37:30.5125 DEBUG Запрос: Select id, name, code from codifiers.place_service_tab order by id
2017-02-10 14:37:30.5125 DEBUG Получено записей: 3
2017-02-10 14:37:30.5375 DEBUG Запрос: Select result_id, result, reestr, patient_state_id, reestr_rslt, reestr_ishod, _end from public.result_tab order by result_id
2017-02-10 14:37:30.5425 DEBUG Получено записей: 29
2017-02-10 14:37:30.5425 DEBUG Запрос: select id, name, code, bur_reestr_code from codifiers.travma_tab order by name;
2017-02-10 14:37:30.5545 DEBUG Получено записей: 15
2017-02-10 14:37:30.5545 DEBUG Запрос: SELECT * FROM codifiers.lpu_tab
2017-02-10 14:37:30.5875 DEBUG Получено записей: 109
2017-02-10 14:37:30.8935 DEBUG Запрос: SELECT * FROM codifiers.lpu_tab order by name
2017-02-10 14:37:30.9055 DEBUG Получено записей: 109
2017-02-10 14:37:30.9155 DEBUG Запрос: select sp_napr_obosn_id,trim(obosn_name) as obosn_name FROM sp_napr_obosn_tab ORDER BY sp_napr_obosn_id;
2017-02-10 14:37:30.9155 DEBUG Получено записей: 8
2017-02-10 14:37:30.9155 DEBUG Запрос: SELECT sp_type_napr_id, sp_type_napr FROM sp_type_napr_tab ORDER BY 1;
2017-02-10 14:37:30.9155 DEBUG Получено записей: 9
2017-02-10 14:37:30.9385 DEBUG Запрос: select id, code, name from codifiers.doctor_spec_tab order by 3,1;
2017-02-10 14:37:30.9385 DEBUG Запрос: select id from public.doctor_tab where sp_spec_doctor_id <> 900;
2017-02-10 14:37:30.9385 DEBUG Получено записей: 175
2017-02-10 14:37:30.9455 DEBUG Получено записей: 684
2017-02-10 14:37:30.9455 DEBUG Запрос: Select mkb_id, mkb, kod_d, reestr_code from public.mkb_tab order by 1
2017-02-10 14:37:31.2125 DEBUG Получено записей: 13813
2017-02-10 14:37:31.2545 DEBUG Запрос: select id from public.doctor_tab where sp_spec_doctor_id <> 900;
2017-02-10 14:37:31.2655 DEBUG Получено записей: 684
2017-02-10 14:37:41.1561 DEBUG Запрос: Select s.id, s.code, s.name from codifiers.sozstatus_tab s
2017-02-10 14:37:41.1561 DEBUG Получено записей: 11
2017-02-10 14:37:41.1811 DEBUG Запрос: Select u.id, u.code, u.name, u.doctor_id, u.otdel_id, u.age_from, u.age_for, u.flag_default, u.uchactok_type_id, u.lpu_id, u.sort, u.sex from codifiers.uchactok_tab u order by u.sort, u.name
2017-02-10 14:37:41.1811 DEBUG Получено записей: 77
2017-02-10 14:37:41.2461 DEBUG Запрос: select id, socr, name, full_name, index, code 
                              from codifiers.sp_kladr_tab
                              where level_ter=@level order by name
2017-02-10 14:37:41.2461 DEBUG Получено записей: 107
2017-02-10 14:37:41.4961 DEBUG Запрос: SELECT * FROM codifiers.lpu_tab
2017-02-10 14:37:41.5091 DEBUG Получено записей: 109
2017-02-10 14:37:49.9076 DEBUG PatientFindForm ShowFilterByDoctor set to true
2017-02-10 14:37:49.9076 DEBUG PatientFindForm OperatorId: 2469
2017-02-10 14:37:49.9076 DEBUG PatientFindForm DoctorId: 2469
2017-02-10 14:37:50.0516 DEBUG DoctorQuery
2017-02-10 14:37:50.0516 DEBUG sql: SELECT td.time_nazn as "Время записи", d.dan_id as "Id", d.fam as "Фамилия", d.nam as "Имя", d.mid as "Отчество", d.date_born as "Дата рождения", case when d.ser_pol is null then d.num_pol else d.ser_pol ||' '|| d.num_pol end as "Полис", d.address as "Адрес", case when spolref='2301001' then true else false end as "Прикреплен", case when strcom_region_id='0300000000000' then false else true end as "Иногородний" FROM dan_tab d LEFT JOIN public.talon_doctor_tab td on td.dan_id = d.dan_id WHERE td.date_nazn = date(@date) and td.doctor_id = @doctor;
2017-02-10 14:37:50.0516 DEBUG @date: 10.02.2017
2017-02-10 14:37:50.0516 DEBUG @doctor: 2469
2017-02-10 14:37:50.0516 DEBUG bindQueryToDataGrid
2017-02-10 14:37:50.0656 DEBUG Sql: SELECT td.time_nazn as "Время записи", d.dan_id as "Id", d.fam as "Фамилия", d.nam as "Имя", d.mid as "Отчество", d.date_born as "Дата рождения", case when d.ser_pol is null then d.num_pol else d.ser_pol ||' '|| d.num_pol end as "Полис", d.address as "Адрес", case when spolref='2301001' then true else false end as "Прикреплен", case when strcom_region_id='0300000000000' then false else true end as "Иногородний" FROM dan_tab d LEFT JOIN public.talon_doctor_tab td on td.dan_id = d.dan_id WHERE td.date_nazn = date(@date) and td.doctor_id = @doctor;
2017-02-10 14:37:50.0656 DEBUG SqlParams:
2017-02-10 14:37:50.0656 DEBUG SqlParam @date='10.02.2017'
2017-02-10 14:37:50.0656 DEBUG SqlParam @doctor=2469
2017-02-10 14:38:07.2266 DEBUG Sql: SELECT d.dan_id as "Id", d.fam as "Фамилия", d.nam as "Имя", d.mid as "Отчество", d.date_born as "Дата рождения", case when d.ser_pol is null then d.num_pol else d.ser_pol ||' '|| d.num_pol end as "Полис", d.pens as "СНИЛС", d.address as "Адрес", case when spolref='2301001' then true else false end as "Прикреплен" , case when strcom_region_id='0300000000000' then false else true end as "Иногородний" FROM dan_tab d WHERE Lower(d.fam) LIKE @fam ORDER BY d.fam, d.nam, d.mid, d.date_born LIMIT 150;
2017-02-10 14:38:07.2266 DEBUG SqlParams:
2017-02-10 14:38:07.2266 DEBUG SqlParam @fam=колмагорова%
2017-02-10 14:38:24.0966 DEBUG Sql: SELECT d.dan_id as "Id", d.fam as "Фамилия", d.nam as "Имя", d.mid as "Отчество", d.date_born as "Дата рождения", case when d.ser_pol is null then d.num_pol else d.ser_pol ||' '|| d.num_pol end as "Полис", d.pens as "СНИЛС", d.address as "Адрес", case when spolref='2301001' then true else false end as "Прикреплен" , case when strcom_region_id='0300000000000' then false else true end as "Иногородний" FROM dan_tab d WHERE Lower(d.num_pol) LIKE @num ORDER BY d.fam, d.nam, d.mid, d.date_born LIMIT 150;
2017-02-10 14:38:24.0966 DEBUG SqlParams:
2017-02-10 14:38:24.0966 DEBUG SqlParam @num=0349640883000070%
2017-02-10 14:38:29.3449 DEBUG Запрос: Select smo.id, smo.name, kladr.name from codifiers.strcom_tab smo left join codifiers.sp_kladr_tab kladr on smo.region_id = kladr.code where smo.region_id = @id and smo.name not like '*%'order by smo.name
2017-02-10 14:38:29.4149 DEBUG Получено записей: 4
2017-02-10 14:38:29.4949 DEBUG Запрос: select * from fed_lgota_tab where pens like @snils;
2017-02-10 14:38:29.4949 DEBUG Получено записей: 0
2017-02-10 14:38:29.4949 DEBUG Запрос: select * from lgot_client_tab where dan_id = @id;
2017-02-10 14:38:29.5169 DEBUG Получено записей: 1
2017-02-10 14:38:29.5879 DEBUG Запрос: SELECT t.talon_id, t.result_id, t.diag_osn, t.doctor_id, t.date_vnes_inf,
                        v.visit_id, v.doctor_id as vdoctor_id, v.data_vnes_inf as vdate_vnes_inf, v.data_pos 
                        FROM public.talon_tab t left join public.visit_tab v on v.talon_id = t.talon_id
                        where t.dan_id = @patient_id;
2017-02-10 14:38:29.6009 DEBUG Получено записей: 141
2017-02-10 14:38:30.8910 DEBUG Запрос: Select visit_id from public.visit_tab where talon_id = @talonId;
2017-02-10 14:38:30.8910 DEBUG Получено записей: 1
2017-02-10 14:38:30.9610 DEBUG Запрос: SELECT d.id FROM diagn_tab d WHERE d.talon_id = @caseId ORDER BY d.id desc;
2017-02-10 14:38:30.9610 DEBUG Получено записей: 1
2017-02-10 14:41:42.1389 DEBUG PatientFindForm ShowFilterByDoctor set to true
2017-02-10 14:41:42.1389 DEBUG PatientFindForm OperatorId: 2469
2017-02-10 14:41:42.1389 DEBUG PatientFindForm DoctorId: 2469
2017-02-10 14:41:42.2509 DEBUG DoctorQuery
2017-02-10 14:41:42.2509 DEBUG sql: SELECT td.time_nazn as "Время записи", d.dan_id as "Id", d.fam as "Фамилия", d.nam as "Имя", d.mid as "Отчество", d.date_born as "Дата рождения", case when d.ser_pol is null then d.num_pol else d.ser_pol ||' '|| d.num_pol end as "Полис", d.address as "Адрес", case when spolref='2301001' then true else false end as "Прикреплен", case when strcom_region_id='0300000000000' then false else true end as "Иногородний" FROM dan_tab d LEFT JOIN public.talon_doctor_tab td on td.dan_id = d.dan_id WHERE td.date_nazn = date(@date) and td.doctor_id = @doctor;
2017-02-10 14:41:42.2509 DEBUG @date: 10.02.2017
2017-02-10 14:41:42.2509 DEBUG @doctor: 2469
2017-02-10 14:41:42.2509 DEBUG bindQueryToDataGrid
2017-02-10 14:41:42.2509 DEBUG Sql: SELECT td.time_nazn as "Время записи", d.dan_id as "Id", d.fam as "Фамилия", d.nam as "Имя", d.mid as "Отчество", d.date_born as "Дата рождения", case when d.ser_pol is null then d.num_pol else d.ser_pol ||' '|| d.num_pol end as "Полис", d.address as "Адрес", case when spolref='2301001' then true else false end as "Прикреплен", case when strcom_region_id='0300000000000' then false else true end as "Иногородний" FROM dan_tab d LEFT JOIN public.talon_doctor_tab td on td.dan_id = d.dan_id WHERE td.date_nazn = date(@date) and td.doctor_id = @doctor;
2017-02-10 14:41:42.2509 DEBUG SqlParams:
2017-02-10 14:41:42.2509 DEBUG SqlParam @date='10.02.2017'
2017-02-10 14:41:42.2509 DEBUG SqlParam @doctor=2469
2017-02-10 14:41:55.0006 DEBUG Sql: SELECT d.dan_id as "Id", d.fam as "Фамилия", d.nam as "Имя", d.mid as "Отчество", d.date_born as "Дата рождения", case when d.ser_pol is null then d.num_pol else d.ser_pol ||' '|| d.num_pol end as "Полис", d.pens as "СНИЛС", d.address as "Адрес", case when spolref='2301001' then true else false end as "Прикреплен" , case when strcom_region_id='0300000000000' then false else true end as "Иногородний" FROM dan_tab d WHERE Lower(d.fam) LIKE @fam and Lower(d.nam) LIKE @nam ORDER BY d.fam, d.nam, d.mid, d.date_born LIMIT 150;
2017-02-10 14:41:55.0006 DEBUG SqlParams:
2017-02-10 14:41:55.0006 DEBUG SqlParam @fam=аветян%
2017-02-10 14:41:55.0006 DEBUG SqlParam @nam=мактах%
2017-02-10 14:41:58.9068 DEBUG Запрос: select * from fed_lgota_tab where pens like @snils;
2017-02-10 14:41:58.9108 DEBUG Получено записей: 0
2017-02-10 14:41:58.9108 DEBUG Запрос: select * from lgot_client_tab where dan_id = @id;
2017-02-10 14:41:58.9299 DEBUG Получено записей: 0
2017-02-10 14:41:58.9409 DEBUG Запрос: SELECT t.talon_id, t.result_id, t.diag_osn, t.doctor_id, t.date_vnes_inf,
                        v.visit_id, v.doctor_id as vdoctor_id, v.data_vnes_inf as vdate_vnes_inf, v.data_pos 
                        FROM public.talon_tab t left join public.visit_tab v on v.talon_id = t.talon_id
                        where t.dan_id = @patient_id;
2017-02-10 14:41:58.9939 DEBUG Получено записей: 80
2017-02-10 14:41:59.7189 DEBUG Запрос: Select visit_id from public.visit_tab where talon_id = @talonId;
2017-02-10 14:41:59.7189 DEBUG Получено записей: 0
2017-02-10 14:41:59.7579 DEBUG Запрос: SELECT d.id FROM diagn_tab d WHERE d.talon_id = @caseId ORDER BY d.id desc;
2017-02-10 14:41:59.7579 DEBUG Получено записей: 0
