2017-02-17 11:02:06.2229 DEBUG Запрос: SELECT DISTINCT code_access, name, description 
                            FROM users_access_view WHERE users_id = @id
2017-02-17 11:02:06.3589 DEBUG Получено записей: 187
2017-02-17 11:04:58.1227 DEBUG Запрос: SELECT DISTINCT code_access, name, description 
                            FROM users_access_view WHERE users_id = @id
2017-02-17 11:04:58.1757 DEBUG Получено записей: 187
2017-02-17 11:05:01.1379 DEBUG SQL: select pattern from codifiers.patterns_tab where code = @patterncode and users_id is null;
2017-02-17 11:05:01.1379 DEBUG Parameters: @patterncode=, @operator=
2017-02-17 11:05:01.1749 DEBUG Result 
2017-02-17 11:05:01.1749 DEBUG нет шаблона для пользователя
2017-02-17 11:05:01.1749 DEBUG SQL: select pattern from codifiers.patterns_tab where code = @patterncode and users_id is null
2017-02-17 11:05:01.1749 DEBUG Parameters: @patterncode 
2017-02-17 11:05:01.1919 DEBUG Result 
2017-02-17 11:05:01.2489 DEBUG SQL: select pattern from codifiers.patterns_tab where code = @patterncode and users_id is null;
2017-02-17 11:05:01.2489 DEBUG Parameters: @patterncode=, @operator=
2017-02-17 11:05:01.2619 DEBUG Result 
2017-02-17 11:05:01.2619 DEBUG нет шаблона для пользователя
2017-02-17 11:05:01.2619 DEBUG SQL: select pattern from codifiers.patterns_tab where code = @patterncode and users_id is null
2017-02-17 11:05:01.2619 DEBUG Parameters: @patterncode 
2017-02-17 11:05:01.2619 DEBUG Result 
2017-02-17 11:05:01.6699 DEBUG Запрос: Select id, name, code, is_default, parent_id from codifiers.sp_kind_paid_tab order by id
2017-02-17 11:05:01.6699 DEBUG Получено записей: 9
2017-02-17 11:05:01.6829 DEBUG Запрос: Select id, name, code from codifiers.first_visit_condition_tab order by id
2017-02-17 11:05:01.6829 DEBUG Получено записей: 4
2017-02-17 11:05:01.6829 DEBUG Запрос: Select id, name, code, reestr, idsp, hospital_type_id, is_cure, is_inspection from codifiers.visit_purpose_common_tab order by id
2017-02-17 11:05:01.7019 DEBUG Получено записей: 22
2017-02-17 11:05:01.7129 DEBUG Запрос: Select id, name, code from codifiers.place_service_tab order by id
2017-02-17 11:05:01.7129 DEBUG Получено записей: 3
2017-02-17 11:05:01.7369 DEBUG Запрос: Select result_id, result, reestr, patient_state_id, reestr_rslt, reestr_ishod, _end from public.result_tab order by result_id
2017-02-17 11:05:01.7369 DEBUG Получено записей: 29
2017-02-17 11:05:01.7539 DEBUG Запрос: select id, name, code, bur_reestr_code from codifiers.travma_tab order by name;
2017-02-17 11:05:01.7539 DEBUG Получено записей: 15
2017-02-17 11:05:01.7669 DEBUG Запрос: SELECT * FROM codifiers.lpu_tab
2017-02-17 11:05:01.7869 DEBUG Получено записей: 109
2017-02-17 11:05:02.1689 DEBUG Запрос: SELECT * FROM codifiers.lpu_tab order by name
2017-02-17 11:05:02.1829 DEBUG Получено записей: 109
2017-02-17 11:05:02.1829 DEBUG Запрос: select sp_napr_obosn_id,trim(obosn_name) as obosn_name FROM sp_napr_obosn_tab ORDER BY sp_napr_obosn_id;
2017-02-17 11:05:02.1969 DEBUG Получено записей: 8
2017-02-17 11:05:02.1969 DEBUG Запрос: SELECT sp_type_napr_id, sp_type_napr FROM sp_type_napr_tab ORDER BY 1;
2017-02-17 11:05:02.2129 DEBUG Получено записей: 9
2017-02-17 11:05:02.2129 DEBUG Запрос: select id, code, name from codifiers.doctor_spec_tab order by 3,1;
2017-02-17 11:05:02.2269 DEBUG Запрос: select id from public.doctor_tab where sp_spec_doctor_id <> 900;
2017-02-17 11:05:02.2269 DEBUG Получено записей: 175
2017-02-17 11:05:02.2269 DEBUG Получено записей: 687
2017-02-17 11:05:02.2469 DEBUG Запрос: Select mkb_id, mkb, kod_d, reestr_code from public.mkb_tab order by 1
2017-02-17 11:05:02.4979 DEBUG Получено записей: 13813
2017-02-17 11:05:02.5569 DEBUG Запрос: select id from public.doctor_tab where sp_spec_doctor_id <> 900;
2017-02-17 11:05:02.5569 DEBUG Получено записей: 687
2017-02-17 11:05:15.8037 DEBUG Запрос: Select s.id, s.code, s.name from codifiers.sozstatus_tab s
2017-02-17 11:05:15.8037 DEBUG Получено записей: 11
2017-02-17 11:05:15.8267 DEBUG Запрос: Select u.id, u.code, u.name, u.doctor_id, u.otdel_id, u.age_from, u.age_for, u.flag_default, u.uchactok_type_id, u.lpu_id, u.sort, u.sex from codifiers.uchactok_tab u order by u.sort, u.name
2017-02-17 11:05:15.8357 DEBUG Получено записей: 77
2017-02-17 11:05:15.8987 DEBUG Запрос: select id, socr, name, full_name, index, code 
                              from codifiers.sp_kladr_tab
                              where level_ter=@level order by name
2017-02-17 11:05:15.9097 DEBUG Получено записей: 107
2017-02-17 11:05:16.2157 DEBUG Запрос: SELECT * FROM codifiers.lpu_tab
2017-02-17 11:05:16.2297 DEBUG Получено записей: 109
2017-02-17 11:05:23.8382 DEBUG PatientFindForm ShowFilterByDoctor set to true
2017-02-17 11:05:23.8382 DEBUG PatientFindForm OperatorId: 2469
2017-02-17 11:05:23.8382 DEBUG PatientFindForm DoctorId: 2469
2017-02-17 11:05:23.9852 DEBUG DoctorQuery
2017-02-17 11:05:23.9922 DEBUG sql: SELECT td.time_nazn as "Время записи", d.dan_id as "Id", d.fam as "Фамилия", d.nam as "Имя", d.mid as "Отчество", d.date_born as "Дата рождения", case when d.ser_pol is null then d.num_pol else d.ser_pol ||' '|| d.num_pol end as "Полис", d.address as "Адрес", case when spolref='2301001' then true else false end as "Прикреплен", case when strcom_region_id='0300000000000' then false else true end as "Иногородний" FROM dan_tab d LEFT JOIN public.talon_doctor_tab td on td.dan_id = d.dan_id WHERE td.date_nazn = date(@date) and td.doctor_id = @doctor;
2017-02-17 11:05:23.9922 DEBUG @date: 17.02.2017
2017-02-17 11:05:23.9922 DEBUG @doctor: 2469
2017-02-17 11:05:23.9922 DEBUG bindQueryToDataGrid
2017-02-17 11:05:24.0082 DEBUG Sql: SELECT td.time_nazn as "Время записи", d.dan_id as "Id", d.fam as "Фамилия", d.nam as "Имя", d.mid as "Отчество", d.date_born as "Дата рождения", case when d.ser_pol is null then d.num_pol else d.ser_pol ||' '|| d.num_pol end as "Полис", d.address as "Адрес", case when spolref='2301001' then true else false end as "Прикреплен", case when strcom_region_id='0300000000000' then false else true end as "Иногородний" FROM dan_tab d LEFT JOIN public.talon_doctor_tab td on td.dan_id = d.dan_id WHERE td.date_nazn = date(@date) and td.doctor_id = @doctor;
2017-02-17 11:05:24.0082 DEBUG SqlParams:
2017-02-17 11:05:24.0082 DEBUG SqlParam @date='17.02.2017'
2017-02-17 11:05:24.0082 DEBUG SqlParam @doctor=2469
2017-02-17 11:06:10.9438 DEBUG Sql: SELECT d.dan_id as "Id", d.fam as "Фамилия", d.nam as "Имя", d.mid as "Отчество", d.date_born as "Дата рождения", case when d.ser_pol is null then d.num_pol else d.ser_pol ||' '|| d.num_pol end as "Полис", d.pens as "СНИЛС", d.address as "Адрес", case when spolref='2301001' then true else false end as "Прикреплен" , case when strcom_region_id='0300000000000' then false else true end as "Иногородний" FROM dan_tab d WHERE Lower(d.fam) LIKE @fam and Lower(d.nam) LIKE @nam and Lower(d.mid) LIKE @mid ORDER BY d.fam, d.nam, d.mid, d.date_born LIMIT 150;
2017-02-17 11:06:10.9438 DEBUG SqlParams:
2017-02-17 11:06:10.9438 DEBUG SqlParam @fam=жамсаранов%
2017-02-17 11:06:10.9458 DEBUG SqlParam @nam=батор%
2017-02-17 11:06:10.9458 DEBUG SqlParam @mid=будаевич%
2017-02-17 11:06:15.5541 DEBUG Запрос: Select smo.id, smo.name, kladr.name from codifiers.strcom_tab smo left join codifiers.sp_kladr_tab kladr on smo.region_id = kladr.code where smo.region_id = @id and smo.name not like '*%'order by smo.name
2017-02-17 11:06:15.6271 DEBUG Получено записей: 4
2017-02-17 11:06:15.7231 DEBUG Запрос: select * from fed_lgota_tab where pens like @snils;
2017-02-17 11:06:15.7231 DEBUG Получено записей: 0
2017-02-17 11:06:15.7381 DEBUG Запрос: select * from lgot_client_tab where dan_id = @id;
2017-02-17 11:06:15.7541 DEBUG Получено записей: 1
2017-02-17 11:06:15.8521 DEBUG Запрос: SELECT t.talon_id, t.result_id, t.diag_osn, t.doctor_id, t.date_vnes_inf,
                        v.visit_id, v.doctor_id as vdoctor_id, v.data_vnes_inf as vdate_vnes_inf, v.data_pos 
                        FROM public.talon_tab t left join public.visit_tab v on v.talon_id = t.talon_id
                        where t.dan_id = @patient_id;
2017-02-17 11:06:15.8641 DEBUG Получено записей: 86
2017-02-17 11:06:16.9452 DEBUG Запрос: Select visit_id from public.visit_tab where talon_id = @talonId;
2017-02-17 11:06:16.9452 DEBUG Получено записей: 1
2017-02-17 11:06:17.0332 DEBUG Запрос: SELECT d.id FROM diagn_tab d WHERE d.talon_id = @caseId ORDER BY d.id desc;
2017-02-17 11:06:17.0332 DEBUG Получено записей: 2
2017-02-17 11:07:50.4355 DEBUG Запрос: SELECT d.id FROM diagn_tab d WHERE d.talon_id = @caseId ORDER BY d.id desc;
2017-02-17 11:07:50.4355 DEBUG Получено записей: 2
2017-02-17 11:07:50.5795 DEBUG Запрос: SELECT c.name, o.kol_vo, o.id, o.sp_uslug_id, o.inference_diagnosis FROM okaz_uslug_tab o LEFT JOIN codifiers.sp_uslug_tab c ON c.id = o.sp_uslug_id WHERE table_link_name = 'visit_tab' AND  table_link_id = @visitId;
2017-02-17 11:07:50.5845 DEBUG Получено записей: 0
2017-02-17 11:07:50.5995 DEBUG Запрос: SELECT p.id, p.name, p.code, p.sp_trnm_id, tr.name_lat AS nam_lat, tr.name AS nam_rus, p.sp_mnn_id, mnn.name_lat AS mnn_lat, mnn.name AS mnn_rus, p.sp_lf_id, lf.name as dtd, p.name_fct, p.name_cnf, p.doza, p.signa, p.price, p.sp_doza_id, p.d_ls FROM codifiers.preparat_tab p LEFT JOIN codifiers.sp_lf_tab lf ON lf.id = p.sp_lf_id LEFT JOIN codifiers.sp_trnm_tab tr ON tr.id = p.sp_trnm_id LEFT JOIN codifiers.sp_mnn_tab mnn ON mnn.id = p.sp_mnn_id;
2017-02-17 11:07:52.5747 DEBUG Получено записей: 36292
2017-02-17 11:07:58.0660 DEBUG Запрос: SELECT p.id, p.name, p.code, p.sp_trnm_id, tr.name_lat AS nam_lat, tr.name AS nam_rus, p.sp_mnn_id, mnn.name_lat AS mnn_lat, mnn.name AS mnn_rus, p.sp_lf_id, lf.name as dtd, p.name_fct, p.name_cnf, p.doza, p.signa, p.price, p.sp_doza_id, p.d_ls FROM codifiers.preparat_tab p LEFT JOIN codifiers.sp_lf_tab lf ON lf.id = p.sp_lf_id LEFT JOIN codifiers.sp_trnm_tab tr ON tr.id = p.sp_trnm_id LEFT JOIN codifiers.sp_mnn_tab mnn ON mnn.id = p.sp_mnn_id;
2017-02-17 11:08:00.0901 DEBUG Получено записей: 36292
2017-02-17 11:08:00.4211 DEBUG Запрос: select name from codifiers.signa_tab order by name;
2017-02-17 11:08:00.4211 DEBUG Получено записей: 20
2017-02-17 11:08:00.4521 DEBUG Запрос: SELECT d.*,c.name as character_name, v.name AS type_name, m.mkb as mkb_name, s.name_stadiya as stadia_name, v.sort as diagn_type_sort FROM diagn_tab d LEFT JOIN public.sp_stadiya_diagn_tab s ON d.stage_of_disease = s.sp_stadiya_diagn_id LEFT JOIN codifiers.sp_disease_vid_tab v ON v.id = d.sp_disease_vid_id LEFT JOIN codifiers.diagn_type_tab c ON d.diagn_type_id = c.id LEFT JOIN mkb_tab m ON m.kod_d = d.diagn_osn WHERE d.talon_id = @id
2017-02-17 11:08:00.4611 DEBUG Получено записей: 2
2017-02-17 11:08:09.2406 DEBUG Запрос: select r.rezept_id, r.rezept_ser, r.rezept_num, r.date_vipiski, r.date_otpusk, r.diagn_id, r.lekarstv_id, r.bad, d.fio from public.rezept_tab r inner join full_doctor_view2 d on r.doctor_id = d.full_doctor_id where r.dan_id = @id
2017-02-17 11:08:09.2586 DEBUG Получено записей: 10
