2017-02-22 10:46:57.4369 DEBUG Запрос: SELECT DISTINCT code_access, name, description 
                            FROM users_access_view WHERE users_id = @id
2017-02-22 10:46:57.5349 DEBUG Получено записей: 187
2017-02-22 10:47:01.1661 DEBUG SQL: select pattern from codifiers.patterns_tab where code = @patterncode and users_id is null;
2017-02-22 10:47:01.1661 DEBUG Parameters: @patterncode=, @operator=
2017-02-22 10:47:01.1951 DEBUG Result 
2017-02-22 10:47:01.1951 DEBUG нет шаблона для пользователя
2017-02-22 10:47:01.1951 DEBUG SQL: select pattern from codifiers.patterns_tab where code = @patterncode and users_id is null
2017-02-22 10:47:01.1951 DEBUG Parameters: @patterncode 
2017-02-22 10:47:01.2071 DEBUG Result 
2017-02-22 10:47:01.2581 DEBUG SQL: select pattern from codifiers.patterns_tab where code = @patterncode and users_id is null;
2017-02-22 10:47:01.2581 DEBUG Parameters: @patterncode=, @operator=
2017-02-22 10:47:01.2701 DEBUG Result 
2017-02-22 10:47:01.2701 DEBUG нет шаблона для пользователя
2017-02-22 10:47:01.2701 DEBUG SQL: select pattern from codifiers.patterns_tab where code = @patterncode and users_id is null
2017-02-22 10:47:01.2701 DEBUG Parameters: @patterncode 
2017-02-22 10:47:01.2811 DEBUG Result 
2017-02-22 10:47:01.7721 DEBUG Запрос: Select id, name, code, is_default, parent_id from codifiers.sp_kind_paid_tab order by id
2017-02-22 10:47:01.7721 DEBUG Получено записей: 9
2017-02-22 10:47:01.7861 DEBUG Запрос: Select id, name, code from codifiers.first_visit_condition_tab order by id
2017-02-22 10:47:01.7861 DEBUG Получено записей: 4
2017-02-22 10:47:01.8001 DEBUG Запрос: Select id, name, code, reestr, idsp, hospital_type_id, is_cure, is_inspection from codifiers.visit_purpose_common_tab order by id
2017-02-22 10:47:01.8001 DEBUG Получено записей: 22
2017-02-22 10:47:01.8171 DEBUG Запрос: Select id, name, code from codifiers.place_service_tab order by id
2017-02-22 10:47:01.8341 DEBUG Получено записей: 3
2017-02-22 10:47:01.8461 DEBUG Запрос: Select result_id, result, reestr, patient_state_id, reestr_rslt, reestr_ishod, _end from public.result_tab order by result_id
2017-02-22 10:47:01.8461 DEBUG Получено записей: 29
2017-02-22 10:47:01.8631 DEBUG Запрос: select id, name, code, bur_reestr_code from codifiers.travma_tab order by name;
2017-02-22 10:47:01.8631 DEBUG Получено записей: 15
2017-02-22 10:47:01.8771 DEBUG Запрос: SELECT * FROM codifiers.lpu_tab
2017-02-22 10:47:01.9041 DEBUG Получено записей: 110
2017-02-22 10:47:02.2781 DEBUG Запрос: SELECT * FROM codifiers.lpu_tab order by name
2017-02-22 10:47:02.2921 DEBUG Получено записей: 110
2017-02-22 10:47:02.2921 DEBUG Запрос: select sp_napr_obosn_id,trim(obosn_name) as obosn_name FROM sp_napr_obosn_tab ORDER BY sp_napr_obosn_id;
2017-02-22 10:47:02.2921 DEBUG Получено записей: 8
2017-02-22 10:47:02.3161 DEBUG Запрос: SELECT sp_type_napr_id, sp_type_napr FROM sp_type_napr_tab ORDER BY 1;
2017-02-22 10:47:02.3161 DEBUG Получено записей: 9
2017-02-22 10:47:02.3321 DEBUG Запрос: select id, code, name from codifiers.doctor_spec_tab order by 3,1;
2017-02-22 10:47:02.3321 DEBUG Запрос: select id from public.doctor_tab where sp_spec_doctor_id <> 900;
2017-02-22 10:47:02.3321 DEBUG Получено записей: 175
2017-02-22 10:47:02.3421 DEBUG Получено записей: 687
2017-02-22 10:47:02.3421 DEBUG Запрос: Select mkb_id, mkb, kod_d, reestr_code from public.mkb_tab order by 1
2017-02-22 10:47:02.6182 DEBUG Получено записей: 13813
2017-02-22 10:47:02.6742 DEBUG Запрос: select id from public.doctor_tab where sp_spec_doctor_id <> 900;
2017-02-22 10:47:02.6742 DEBUG Получено записей: 687
2017-02-22 10:47:08.8165 DEBUG Запрос: Select s.id, s.code, s.name from codifiers.sozstatus_tab s
2017-02-22 10:47:08.8165 DEBUG Получено записей: 11
2017-02-22 10:47:08.8345 DEBUG Запрос: Select u.id, u.code, u.name, u.doctor_id, u.otdel_id, u.age_from, u.age_for, u.flag_default, u.uchactok_type_id, u.lpu_id, u.sort, u.sex from codifiers.uchactok_tab u order by u.sort, u.name
2017-02-22 10:47:08.8345 DEBUG Получено записей: 77
2017-02-22 10:47:08.8965 DEBUG Запрос: select id, socr, name, full_name, index, code 
                              from codifiers.sp_kladr_tab
                              where level_ter=@level order by name
2017-02-22 10:47:08.8965 DEBUG Получено записей: 107
2017-02-22 10:47:09.1995 DEBUG Запрос: SELECT * FROM codifiers.lpu_tab
2017-02-22 10:47:09.2125 DEBUG Получено записей: 110
2017-02-22 10:47:22.9363 DEBUG PatientFindForm ShowFilterByDoctor set to true
2017-02-22 10:47:22.9363 DEBUG PatientFindForm OperatorId: 2469
2017-02-22 10:47:22.9363 DEBUG PatientFindForm DoctorId: 2469
2017-02-22 10:47:23.0773 DEBUG DoctorQuery
2017-02-22 10:47:23.0773 DEBUG sql: SELECT td.time_nazn as "Время записи", d.dan_id as "Id", d.fam as "Фамилия", d.nam as "Имя", d.mid as "Отчество", d.date_born as "Дата рождения", case when d.ser_pol is null then d.num_pol else d.ser_pol ||' '|| d.num_pol end as "Полис", d.address as "Адрес", case when spolref='2301001' then true else false end as "Прикреплен", case when strcom_region_id='0300000000000' then false else true end as "Иногородний" FROM dan_tab d LEFT JOIN public.talon_doctor_tab td on td.dan_id = d.dan_id WHERE td.date_nazn = date(@date) and td.doctor_id = @doctor;
2017-02-22 10:47:23.0773 DEBUG @date: 22.02.2017
2017-02-22 10:47:23.0773 DEBUG @doctor: 2469
2017-02-22 10:47:23.0773 DEBUG bindQueryToDataGrid
2017-02-22 10:47:23.0903 DEBUG Sql: SELECT td.time_nazn as "Время записи", d.dan_id as "Id", d.fam as "Фамилия", d.nam as "Имя", d.mid as "Отчество", d.date_born as "Дата рождения", case when d.ser_pol is null then d.num_pol else d.ser_pol ||' '|| d.num_pol end as "Полис", d.address as "Адрес", case when spolref='2301001' then true else false end as "Прикреплен", case when strcom_region_id='0300000000000' then false else true end as "Иногородний" FROM dan_tab d LEFT JOIN public.talon_doctor_tab td on td.dan_id = d.dan_id WHERE td.date_nazn = date(@date) and td.doctor_id = @doctor;
2017-02-22 10:47:23.0903 DEBUG SqlParams:
2017-02-22 10:47:23.0903 DEBUG SqlParam @date='22.02.2017'
2017-02-22 10:47:23.0903 DEBUG SqlParam @doctor=2469
2017-02-22 10:47:36.3441 DEBUG Sql: SELECT d.dan_id as "Id", d.fam as "Фамилия", d.nam as "Имя", d.mid as "Отчество", d.date_born as "Дата рождения", case when d.ser_pol is null then d.num_pol else d.ser_pol ||' '|| d.num_pol end as "Полис", d.pens as "СНИЛС", d.address as "Адрес", case when spolref='2301001' then true else false end as "Прикреплен" , case when strcom_region_id='0300000000000' then false else true end as "Иногородний" FROM dan_tab d WHERE Lower(d.fam) LIKE @fam and Lower(d.nam) LIKE @nam ORDER BY d.fam, d.nam, d.mid, d.date_born LIMIT 150;
2017-02-22 10:47:36.3441 DEBUG SqlParams:
2017-02-22 10:47:36.3441 DEBUG SqlParam @fam=аветян%
2017-02-22 10:47:36.3441 DEBUG SqlParam @nam=мактах%
2017-02-22 10:47:41.1384 DEBUG Запрос: Select smo.id, smo.name, kladr.name from codifiers.strcom_tab smo left join codifiers.sp_kladr_tab kladr on smo.region_id = kladr.code where smo.region_id = @id and smo.name not like '*%'order by smo.name
2017-02-22 10:47:41.2104 DEBUG Получено записей: 4
2017-02-22 10:47:41.2884 DEBUG Запрос: select * from fed_lgota_tab where pens like @snils;
2017-02-22 10:47:41.2924 DEBUG Получено записей: 0
2017-02-22 10:47:41.2924 DEBUG Запрос: select * from lgot_client_tab where dan_id = @id;
2017-02-22 10:47:41.3134 DEBUG Получено записей: 0
2017-02-22 10:47:41.3564 DEBUG Запрос: SELECT t.talon_id, t.result_id, t.diag_osn, t.doctor_id, t.date_vnes_inf,
                        v.visit_id, v.doctor_id as vdoctor_id, v.data_vnes_inf as vdate_vnes_inf, v.data_pos 
                        FROM public.talon_tab t left join public.visit_tab v on v.talon_id = t.talon_id
                        where t.dan_id = @patient_id;
2017-02-22 10:47:41.3854 DEBUG Получено записей: 80
2017-02-22 10:47:42.3314 DEBUG Запрос: Select visit_id from public.visit_tab where talon_id = @talonId;
2017-02-22 10:47:42.3314 DEBUG Получено записей: 0
2017-02-22 10:47:42.3744 DEBUG Запрос: SELECT d.id FROM diagn_tab d WHERE d.talon_id = @caseId ORDER BY d.id desc;
2017-02-22 10:47:42.3744 DEBUG Получено записей: 0
2017-02-22 11:16:44.9601 DEBUG Запрос: SELECT DISTINCT code_access, name, description 
                            FROM users_access_view WHERE users_id = @id
2017-02-22 11:16:45.0141 DEBUG Получено записей: 187
2017-02-22 11:16:46.7302 DEBUG SQL: select pattern from codifiers.patterns_tab where code = @patterncode and users_id is null;
2017-02-22 11:16:46.7302 DEBUG Parameters: @patterncode=, @operator=
2017-02-22 11:16:46.7682 DEBUG Result 
2017-02-22 11:16:46.7682 DEBUG нет шаблона для пользователя
2017-02-22 11:16:46.7682 DEBUG SQL: select pattern from codifiers.patterns_tab where code = @patterncode and users_id is null
2017-02-22 11:16:46.7682 DEBUG Parameters: @patterncode 
2017-02-22 11:16:46.7822 DEBUG Result 
2017-02-22 11:16:46.8562 DEBUG SQL: select pattern from codifiers.patterns_tab where code = @patterncode and users_id is null;
2017-02-22 11:16:46.8562 DEBUG Parameters: @patterncode=, @operator=
2017-02-22 11:16:46.8802 DEBUG Result 
2017-02-22 11:16:46.8812 DEBUG нет шаблона для пользователя
2017-02-22 11:16:46.8812 DEBUG SQL: select pattern from codifiers.patterns_tab where code = @patterncode and users_id is null
2017-02-22 11:16:46.8812 DEBUG Parameters: @patterncode 
2017-02-22 11:16:46.8812 DEBUG Result 
2017-02-22 11:16:47.2482 DEBUG Запрос: Select id, name, code, is_default, parent_id from codifiers.sp_kind_paid_tab order by id
2017-02-22 11:16:47.2482 DEBUG Получено записей: 9
2017-02-22 11:16:47.2632 DEBUG Запрос: Select id, name, code from codifiers.first_visit_condition_tab order by id
2017-02-22 11:16:47.2632 DEBUG Получено записей: 4
2017-02-22 11:16:47.2762 DEBUG Запрос: Select id, name, code, reestr, idsp, hospital_type_id, is_cure, is_inspection from codifiers.visit_purpose_common_tab order by id
2017-02-22 11:16:47.2762 DEBUG Получено записей: 22
2017-02-22 11:16:47.2922 DEBUG Запрос: Select id, name, code from codifiers.place_service_tab order by id
2017-02-22 11:16:47.2922 DEBUG Получено записей: 3
2017-02-22 11:16:47.3062 DEBUG Запрос: Select result_id, result, reestr, patient_state_id, reestr_rslt, reestr_ishod, _end from public.result_tab order by result_id
2017-02-22 11:16:47.3062 DEBUG Получено записей: 29
2017-02-22 11:16:47.3392 DEBUG Запрос: select id, name, code, bur_reestr_code from codifiers.travma_tab order by name;
2017-02-22 11:16:47.3392 DEBUG Получено записей: 15
2017-02-22 11:16:47.3542 DEBUG Запрос: SELECT * FROM codifiers.lpu_tab
2017-02-22 11:16:47.3792 DEBUG Получено записей: 110
2017-02-22 11:16:47.4712 DEBUG Запрос: SELECT * FROM codifiers.lpu_tab order by name
2017-02-22 11:16:47.4812 DEBUG Получено записей: 110
2017-02-22 11:16:47.4922 DEBUG Запрос: select sp_napr_obosn_id,trim(obosn_name) as obosn_name FROM sp_napr_obosn_tab ORDER BY sp_napr_obosn_id;
2017-02-22 11:16:47.4922 DEBUG Получено записей: 8
2017-02-22 11:16:47.5052 DEBUG Запрос: SELECT sp_type_napr_id, sp_type_napr FROM sp_type_napr_tab ORDER BY 1;
2017-02-22 11:16:47.5052 DEBUG Получено записей: 9
2017-02-22 11:16:47.5052 DEBUG Запрос: select id, code, name from codifiers.doctor_spec_tab order by 3,1;
2017-02-22 11:16:47.5202 DEBUG Запрос: select id from public.doctor_tab where sp_spec_doctor_id <> 900;
2017-02-22 11:16:47.5202 DEBUG Получено записей: 175
2017-02-22 11:16:47.5202 DEBUG Получено записей: 687
2017-02-22 11:16:47.5382 DEBUG Запрос: Select mkb_id, mkb, kod_d, reestr_code from public.mkb_tab order by 1
2017-02-22 11:16:47.7263 DEBUG Получено записей: 13813
2017-02-22 11:16:47.7773 DEBUG Запрос: select id from public.doctor_tab where sp_spec_doctor_id <> 900;
2017-02-22 11:16:47.7773 DEBUG Получено записей: 687
2017-02-22 11:16:53.2356 DEBUG Запрос: Select s.id, s.code, s.name from codifiers.sozstatus_tab s
2017-02-22 11:16:53.2356 DEBUG Получено записей: 11
2017-02-22 11:16:53.2516 DEBUG Запрос: Select u.id, u.code, u.name, u.doctor_id, u.otdel_id, u.age_from, u.age_for, u.flag_default, u.uchactok_type_id, u.lpu_id, u.sort, u.sex from codifiers.uchactok_tab u order by u.sort, u.name
2017-02-22 11:16:53.2516 DEBUG Получено записей: 77
2017-02-22 11:16:53.2936 DEBUG Запрос: select id, socr, name, full_name, index, code 
                              from codifiers.sp_kladr_tab
                              where level_ter=@level order by name
2017-02-22 11:16:53.2936 DEBUG Получено записей: 107
2017-02-22 11:16:53.3266 DEBUG Запрос: SELECT * FROM codifiers.lpu_tab
2017-02-22 11:16:53.3266 DEBUG Получено записей: 110
2017-02-22 11:28:15.1266 DEBUG Запрос: SELECT DISTINCT code_access, name, description 
                            FROM users_access_view WHERE users_id = @id
2017-02-22 11:28:15.1806 DEBUG Получено записей: 187
2017-02-22 11:28:17.5957 DEBUG SQL: select pattern from codifiers.patterns_tab where code = @patterncode and users_id is null;
2017-02-22 11:28:17.5957 DEBUG Parameters: @patterncode=, @operator=
2017-02-22 11:28:17.6297 DEBUG Result 
2017-02-22 11:28:17.6297 DEBUG нет шаблона для пользователя
2017-02-22 11:28:17.6297 DEBUG SQL: select pattern from codifiers.patterns_tab where code = @patterncode and users_id is null
2017-02-22 11:28:17.6297 DEBUG Parameters: @patterncode 
2017-02-22 11:28:17.6457 DEBUG Result 
2017-02-22 11:28:17.6997 DEBUG SQL: select pattern from codifiers.patterns_tab where code = @patterncode and users_id is null;
2017-02-22 11:28:17.6997 DEBUG Parameters: @patterncode=, @operator=
2017-02-22 11:28:17.6997 DEBUG Result 
2017-02-22 11:28:17.6997 DEBUG нет шаблона для пользователя
2017-02-22 11:28:17.6997 DEBUG SQL: select pattern from codifiers.patterns_tab where code = @patterncode and users_id is null
2017-02-22 11:28:17.6997 DEBUG Parameters: @patterncode 
2017-02-22 11:28:17.7257 DEBUG Result 
2017-02-22 11:28:18.0607 DEBUG Запрос: Select id, name, code, is_default, parent_id from codifiers.sp_kind_paid_tab order by id
2017-02-22 11:28:18.0607 DEBUG Получено записей: 9
2017-02-22 11:28:18.0747 DEBUG Запрос: Select id, name, code from codifiers.first_visit_condition_tab order by id
2017-02-22 11:28:18.0747 DEBUG Получено записей: 4
2017-02-22 11:28:18.0747 DEBUG Запрос: Select id, name, code, reestr, idsp, hospital_type_id, is_cure, is_inspection from codifiers.visit_purpose_common_tab order by id
2017-02-22 11:28:18.0937 DEBUG Получено записей: 22
2017-02-22 11:28:18.1157 DEBUG Запрос: Select id, name, code from codifiers.place_service_tab order by id
2017-02-22 11:28:18.1157 DEBUG Получено записей: 3
2017-02-22 11:28:18.1297 DEBUG Запрос: Select result_id, result, reestr, patient_state_id, reestr_rslt, reestr_ishod, _end from public.result_tab order by result_id
2017-02-22 11:28:18.1297 DEBUG Получено записей: 29
2017-02-22 11:28:18.1477 DEBUG Запрос: select id, name, code, bur_reestr_code from codifiers.travma_tab order by name;
2017-02-22 11:28:18.1477 DEBUG Получено записей: 15
2017-02-22 11:28:18.1627 DEBUG Запрос: SELECT * FROM codifiers.lpu_tab
2017-02-22 11:28:18.1817 DEBUG Получено записей: 110
2017-02-22 11:28:18.4348 DEBUG Запрос: SELECT * FROM codifiers.lpu_tab order by name
2017-02-22 11:28:18.4348 DEBUG Получено записей: 110
2017-02-22 11:28:18.4578 DEBUG Запрос: select sp_napr_obosn_id,trim(obosn_name) as obosn_name FROM sp_napr_obosn_tab ORDER BY sp_napr_obosn_id;
2017-02-22 11:28:18.4578 DEBUG Получено записей: 8
2017-02-22 11:28:18.4698 DEBUG Запрос: SELECT sp_type_napr_id, sp_type_napr FROM sp_type_napr_tab ORDER BY 1;
2017-02-22 11:28:18.4698 DEBUG Получено записей: 9
2017-02-22 11:28:18.4848 DEBUG Запрос: select id, code, name from codifiers.doctor_spec_tab order by 3,1;
2017-02-22 11:28:18.4848 DEBUG Запрос: select id from public.doctor_tab where sp_spec_doctor_id <> 900;
2017-02-22 11:28:18.4848 DEBUG Получено записей: 175
2017-02-22 11:28:18.4848 DEBUG Получено записей: 687
2017-02-22 11:28:18.5038 DEBUG Запрос: Select mkb_id, mkb, kod_d, reestr_code from public.mkb_tab order by 1
2017-02-22 11:28:18.6888 DEBUG Получено записей: 13813
2017-02-22 11:28:18.7378 DEBUG Запрос: select id from public.doctor_tab where sp_spec_doctor_id <> 900;
2017-02-22 11:28:18.7378 DEBUG Получено записей: 687
2017-02-22 11:28:23.0510 DEBUG Запрос: Select s.id, s.code, s.name from codifiers.sozstatus_tab s
2017-02-22 11:28:23.0510 DEBUG Получено записей: 11
2017-02-22 11:28:23.0700 DEBUG Запрос: Select u.id, u.code, u.name, u.doctor_id, u.otdel_id, u.age_from, u.age_for, u.flag_default, u.uchactok_type_id, u.lpu_id, u.sort, u.sex from codifiers.uchactok_tab u order by u.sort, u.name
2017-02-22 11:28:23.0700 DEBUG Получено записей: 77
2017-02-22 11:28:23.1480 DEBUG Запрос: select id, socr, name, full_name, index, code 
                              from codifiers.sp_kladr_tab
                              where level_ter=@level order by name
2017-02-22 11:28:23.1480 DEBUG Получено записей: 107
2017-02-22 11:28:30.1624 DEBUG Запрос: Select s.id, s.code, s.name from codifiers.sozstatus_tab s
2017-02-22 11:28:30.1654 DEBUG Получено записей: 11
2017-02-22 11:28:30.1654 DEBUG Запрос: Select u.id, u.code, u.name, u.doctor_id, u.otdel_id, u.age_from, u.age_for, u.flag_default, u.uchactok_type_id, u.lpu_id, u.sort, u.sex from codifiers.uchactok_tab u order by u.sort, u.name
2017-02-22 11:28:30.1834 DEBUG Получено записей: 77
2017-02-22 11:28:30.2454 DEBUG Запрос: select id, socr, name, full_name, index, code 
                              from codifiers.sp_kladr_tab
                              where level_ter=@level order by name
2017-02-22 11:28:30.2454 DEBUG Получено записей: 107
2017-02-22 11:28:30.5075 DEBUG Запрос: SELECT * FROM codifiers.lpu_tab
2017-02-22 11:28:30.5075 DEBUG Получено записей: 110
2017-02-22 11:29:34.7881 DEBUG Запрос: SELECT DISTINCT code_access, name, description 
                            FROM users_access_view WHERE users_id = @id
2017-02-22 11:29:34.8391 DEBUG Получено записей: 187
2017-02-22 11:29:37.2533 DEBUG SQL: select pattern from codifiers.patterns_tab where code = @patterncode and users_id is null;
2017-02-22 11:29:37.2533 DEBUG Parameters: @patterncode=, @operator=
2017-02-22 11:29:37.2793 DEBUG Result 
2017-02-22 11:29:37.2793 DEBUG нет шаблона для пользователя
2017-02-22 11:29:37.2793 DEBUG SQL: select pattern from codifiers.patterns_tab where code = @patterncode and users_id is null
2017-02-22 11:29:37.2793 DEBUG Parameters: @patterncode 
2017-02-22 11:29:37.2933 DEBUG Result 
2017-02-22 11:29:37.3453 DEBUG SQL: select pattern from codifiers.patterns_tab where code = @patterncode and users_id is null;
2017-02-22 11:29:37.3453 DEBUG Parameters: @patterncode=, @operator=
2017-02-22 11:29:37.3563 DEBUG Result 
2017-02-22 11:29:37.3563 DEBUG нет шаблона для пользователя
2017-02-22 11:29:37.3563 DEBUG SQL: select pattern from codifiers.patterns_tab where code = @patterncode and users_id is null
2017-02-22 11:29:37.3563 DEBUG Parameters: @patterncode 
2017-02-22 11:29:37.3563 DEBUG Result 
2017-02-22 11:29:37.7613 DEBUG Запрос: Select id, name, code, is_default, parent_id from codifiers.sp_kind_paid_tab order by id
2017-02-22 11:29:37.7613 DEBUG Получено записей: 9
2017-02-22 11:29:37.7753 DEBUG Запрос: Select id, name, code from codifiers.first_visit_condition_tab order by id
2017-02-22 11:29:37.7753 DEBUG Получено записей: 4
2017-02-22 11:29:37.7753 DEBUG Запрос: Select id, name, code, reestr, idsp, hospital_type_id, is_cure, is_inspection from codifiers.visit_purpose_common_tab order by id
2017-02-22 11:29:37.7953 DEBUG Получено записей: 22
2017-02-22 11:29:37.8223 DEBUG Запрос: Select id, name, code from codifiers.place_service_tab order by id
2017-02-22 11:29:37.8223 DEBUG Получено записей: 3
2017-02-22 11:29:37.8223 DEBUG Запрос: Select result_id, result, reestr, patient_state_id, reestr_rslt, reestr_ishod, _end from public.result_tab order by result_id
2017-02-22 11:29:37.8433 DEBUG Получено записей: 29
2017-02-22 11:29:37.8563 DEBUG Запрос: select id, name, code, bur_reestr_code from codifiers.travma_tab order by name;
2017-02-22 11:29:37.8563 DEBUG Получено записей: 15
2017-02-22 11:29:37.8713 DEBUG Запрос: SELECT * FROM codifiers.lpu_tab
2017-02-22 11:29:37.8983 DEBUG Получено записей: 110
2017-02-22 11:29:38.2343 DEBUG Запрос: SELECT * FROM codifiers.lpu_tab order by name
2017-02-22 11:29:38.2473 DEBUG Получено записей: 110
2017-02-22 11:29:38.2603 DEBUG Запрос: select sp_napr_obosn_id,trim(obosn_name) as obosn_name FROM sp_napr_obosn_tab ORDER BY sp_napr_obosn_id;
2017-02-22 11:29:38.2603 DEBUG Получено записей: 8
2017-02-22 11:29:38.2603 DEBUG Запрос: SELECT sp_type_napr_id, sp_type_napr FROM sp_type_napr_tab ORDER BY 1;
2017-02-22 11:29:38.2773 DEBUG Получено записей: 9
2017-02-22 11:29:38.2773 DEBUG Запрос: select id, code, name from codifiers.doctor_spec_tab order by 3,1;
2017-02-22 11:29:38.2903 DEBUG Запрос: select id from public.doctor_tab where sp_spec_doctor_id <> 900;
2017-02-22 11:29:38.2903 DEBUG Получено записей: 175
2017-02-22 11:29:38.2903 DEBUG Получено записей: 687
2017-02-22 11:29:38.3093 DEBUG Запрос: Select mkb_id, mkb, kod_d, reestr_code from public.mkb_tab order by 1
2017-02-22 11:29:38.5633 DEBUG Получено записей: 13813
2017-02-22 11:29:38.6204 DEBUG Запрос: select id from public.doctor_tab where sp_spec_doctor_id <> 900;
2017-02-22 11:29:38.6204 DEBUG Получено записей: 687
2017-02-22 11:29:46.2098 DEBUG Запрос: Select s.id, s.code, s.name from codifiers.sozstatus_tab s
2017-02-22 11:29:46.2098 DEBUG Получено записей: 11
2017-02-22 11:29:46.2268 DEBUG Запрос: Select u.id, u.code, u.name, u.doctor_id, u.otdel_id, u.age_from, u.age_for, u.flag_default, u.uchactok_type_id, u.lpu_id, u.sort, u.sex from codifiers.uchactok_tab u order by u.sort, u.name
2017-02-22 11:29:46.2348 DEBUG Получено записей: 77
2017-02-22 11:29:46.2978 DEBUG Запрос: select id, socr, name, full_name, index, code 
                              from codifiers.sp_kladr_tab
                              where level_ter=@level order by name
2017-02-22 11:29:46.2978 DEBUG Получено записей: 107
2017-02-22 11:29:46.5548 DEBUG Запрос: SELECT * FROM codifiers.lpu_tab
2017-02-22 11:29:46.5688 DEBUG Получено записей: 110
2017-02-22 11:45:18.7121 DEBUG PatientFindForm ShowFilterByDoctor set to true
2017-02-22 11:45:18.7121 DEBUG PatientFindForm OperatorId: 2469
2017-02-22 11:45:18.7121 DEBUG PatientFindForm DoctorId: 2469
2017-02-22 11:45:18.8551 DEBUG DoctorQuery
2017-02-22 11:45:18.8551 DEBUG sql: SELECT td.time_nazn as "Время записи", d.dan_id as "Id", d.fam as "Фамилия", d.nam as "Имя", d.mid as "Отчество", d.date_born as "Дата рождения", case when d.ser_pol is null then d.num_pol else d.ser_pol ||' '|| d.num_pol end as "Полис", d.address as "Адрес", case when spolref='2301001' then true else false end as "Прикреплен", case when strcom_region_id='0300000000000' then false else true end as "Иногородний" FROM dan_tab d LEFT JOIN public.talon_doctor_tab td on td.dan_id = d.dan_id WHERE td.date_nazn = date(@date) and td.doctor_id = @doctor;
2017-02-22 11:45:18.8551 DEBUG @date: 22.02.2017
2017-02-22 11:45:18.8551 DEBUG @doctor: 2469
2017-02-22 11:45:18.8551 DEBUG bindQueryToDataGrid
2017-02-22 11:45:18.8771 DEBUG Sql: SELECT td.time_nazn as "Время записи", d.dan_id as "Id", d.fam as "Фамилия", d.nam as "Имя", d.mid as "Отчество", d.date_born as "Дата рождения", case when d.ser_pol is null then d.num_pol else d.ser_pol ||' '|| d.num_pol end as "Полис", d.address as "Адрес", case when spolref='2301001' then true else false end as "Прикреплен", case when strcom_region_id='0300000000000' then false else true end as "Иногородний" FROM dan_tab d LEFT JOIN public.talon_doctor_tab td on td.dan_id = d.dan_id WHERE td.date_nazn = date(@date) and td.doctor_id = @doctor;
2017-02-22 11:45:18.8771 DEBUG SqlParams:
2017-02-22 11:45:18.8771 DEBUG SqlParam @date='22.02.2017'
2017-02-22 11:45:18.8771 DEBUG SqlParam @doctor=2469
2017-02-22 11:45:32.1939 DEBUG Sql: SELECT d.dan_id as "Id", d.fam as "Фамилия", d.nam as "Имя", d.mid as "Отчество", d.date_born as "Дата рождения", case when d.ser_pol is null then d.num_pol else d.ser_pol ||' '|| d.num_pol end as "Полис", d.pens as "СНИЛС", d.address as "Адрес", case when spolref='2301001' then true else false end as "Прикреплен" , case when strcom_region_id='0300000000000' then false else true end as "Иногородний" FROM dan_tab d WHERE Lower(d.fam) LIKE @fam and Lower(d.nam) LIKE @nam ORDER BY d.fam, d.nam, d.mid, d.date_born LIMIT 150;
2017-02-22 11:45:32.1939 DEBUG SqlParams:
2017-02-22 11:45:32.1939 DEBUG SqlParam @fam=аветян%
2017-02-22 11:45:32.1939 DEBUG SqlParam @nam=мактах%
2017-02-22 11:45:37.6272 DEBUG Запрос: Select smo.id, smo.name, kladr.name from codifiers.strcom_tab smo left join codifiers.sp_kladr_tab kladr on smo.region_id = kladr.code where smo.region_id = @id and smo.name not like '*%'order by smo.name
2017-02-22 11:45:37.7002 DEBUG Получено записей: 4
2017-02-22 11:45:37.7802 DEBUG Запрос: select * from fed_lgota_tab where pens like @snils;
2017-02-22 11:45:37.7802 DEBUG Получено записей: 0
2017-02-22 11:45:37.7932 DEBUG Запрос: select * from lgot_client_tab where dan_id = @id;
2017-02-22 11:45:37.8062 DEBUG Получено записей: 0
2017-02-22 11:45:37.8512 DEBUG Запрос: SELECT t.talon_id, t.result_id, t.diag_osn, t.doctor_id, t.date_vnes_inf,
                        v.visit_id, v.doctor_id as vdoctor_id, v.data_vnes_inf as vdate_vnes_inf, v.data_pos 
                        FROM public.talon_tab t left join public.visit_tab v on v.talon_id = t.talon_id
                        where t.dan_id = @patient_id;
2017-02-22 11:45:37.8872 DEBUG Получено записей: 80
2017-02-22 11:45:38.8113 DEBUG Запрос: Select visit_id from public.visit_tab where talon_id = @talonId;
2017-02-22 11:45:38.8113 DEBUG Получено записей: 0
2017-02-22 11:45:38.8503 DEBUG Запрос: SELECT d.id FROM diagn_tab d WHERE d.talon_id = @caseId ORDER BY d.id desc;
2017-02-22 11:45:38.8543 DEBUG Получено записей: 0
2017-02-22 11:46:04.6567 DEBUG Запрос: Select mkb_id, mkb, kod_d, reestr_code from public.mkb_tab order by 1
2017-02-22 11:46:04.8488 DEBUG Получено записей: 13813
2017-02-22 11:46:16.8534 DEBUG Запрос: select id, code, name from codifiers.sp_lpu_otdels_tab where pricpol = @code and name not like '*%' order by 3;
2017-02-22 11:46:16.8534 DEBUG Получено записей: 21
2017-02-22 11:56:18.7599 DEBUG Запрос: SELECT DISTINCT code_access, name, description 
                            FROM users_access_view WHERE users_id = @id
2017-02-22 11:56:18.8139 DEBUG Получено записей: 187
2017-02-22 11:56:21.8851 DEBUG SQL: select pattern from codifiers.patterns_tab where code = @patterncode and users_id is null;
2017-02-22 11:56:21.8851 DEBUG Parameters: @patterncode=, @operator=
2017-02-22 11:56:21.9111 DEBUG Result 
2017-02-22 11:56:21.9111 DEBUG нет шаблона для пользователя
2017-02-22 11:56:21.9111 DEBUG SQL: select pattern from codifiers.patterns_tab where code = @patterncode and users_id is null
2017-02-22 11:56:21.9111 DEBUG Parameters: @patterncode 
2017-02-22 11:56:21.9241 DEBUG Result 
2017-02-22 11:56:21.9671 DEBUG SQL: select pattern from codifiers.patterns_tab where code = @patterncode and users_id is null;
2017-02-22 11:56:21.9671 DEBUG Parameters: @patterncode=, @operator=
2017-02-22 11:56:21.9671 DEBUG Result 
2017-02-22 11:56:21.9671 DEBUG нет шаблона для пользователя
2017-02-22 11:56:21.9671 DEBUG SQL: select pattern from codifiers.patterns_tab where code = @patterncode and users_id is null
2017-02-22 11:56:21.9671 DEBUG Parameters: @patterncode 
2017-02-22 11:56:21.9871 DEBUG Result 
2017-02-22 11:56:22.3061 DEBUG Запрос: Select id, name, code, is_default, parent_id from codifiers.sp_kind_paid_tab order by id
2017-02-22 11:56:22.3091 DEBUG Получено записей: 9
2017-02-22 11:56:22.3091 DEBUG Запрос: Select id, name, code from codifiers.first_visit_condition_tab order by id
2017-02-22 11:56:22.3091 DEBUG Получено записей: 4
2017-02-22 11:56:22.3321 DEBUG Запрос: Select id, name, code, reestr, idsp, hospital_type_id, is_cure, is_inspection from codifiers.visit_purpose_common_tab order by id
2017-02-22 11:56:22.3321 DEBUG Получено записей: 22
2017-02-22 11:56:22.3661 DEBUG Запрос: Select id, name, code from codifiers.place_service_tab order by id
2017-02-22 11:56:22.3661 DEBUG Получено записей: 3
2017-02-22 11:56:22.3851 DEBUG Запрос: Select result_id, result, reestr, patient_state_id, reestr_rslt, reestr_ishod, _end from public.result_tab order by result_id
2017-02-22 11:56:22.3911 DEBUG Получено записей: 29
2017-02-22 11:56:22.4041 DEBUG Запрос: select id, name, code, bur_reestr_code from codifiers.travma_tab order by name;
2017-02-22 11:56:22.4041 DEBUG Получено записей: 15
2017-02-22 11:56:22.4211 DEBUG Запрос: SELECT * FROM codifiers.lpu_tab
2017-02-22 11:56:22.4511 DEBUG Получено записей: 110
2017-02-22 11:56:22.8131 DEBUG Запрос: SELECT * FROM codifiers.lpu_tab order by name
2017-02-22 11:56:22.8281 DEBUG Получено записей: 110
2017-02-22 11:56:22.8411 DEBUG Запрос: select sp_napr_obosn_id,trim(obosn_name) as obosn_name FROM sp_napr_obosn_tab ORDER BY sp_napr_obosn_id;
2017-02-22 11:56:22.8411 DEBUG Получено записей: 8
2017-02-22 11:56:22.8551 DEBUG Запрос: SELECT sp_type_napr_id, sp_type_napr FROM sp_type_napr_tab ORDER BY 1;
2017-02-22 11:56:22.8551 DEBUG Получено записей: 9
2017-02-22 11:56:22.8781 DEBUG Запрос: select id, code, name from codifiers.doctor_spec_tab order by 3,1;
2017-02-22 11:56:22.8851 DEBUG Получено записей: 175
2017-02-22 11:56:22.8851 DEBUG Запрос: Select mkb_id, mkb, kod_d, reestr_code from public.mkb_tab order by 1
2017-02-22 11:56:23.1711 DEBUG Получено записей: 13813
2017-02-22 11:56:28.5424 DEBUG Запрос: Select s.id, s.code, s.name from codifiers.sozstatus_tab s
2017-02-22 11:56:28.5424 DEBUG Получено записей: 11
2017-02-22 11:56:28.5584 DEBUG Запрос: Select u.id, u.code, u.name, u.doctor_id, u.otdel_id, u.age_from, u.age_for, u.flag_default, u.uchactok_type_id, u.lpu_id, u.sort, u.sex from codifiers.uchactok_tab u order by u.sort, u.name
2017-02-22 11:56:28.5654 DEBUG Получено записей: 77
2017-02-22 11:56:28.6264 DEBUG Запрос: select id, socr, name, full_name, index, code 
                              from codifiers.sp_kladr_tab
                              where level_ter=@level order by name
2017-02-22 11:56:28.6264 DEBUG Получено записей: 107
2017-02-22 11:56:28.8935 DEBUG Запрос: SELECT * FROM codifiers.lpu_tab
2017-02-22 11:56:28.9075 DEBUG Получено записей: 110
2017-02-22 11:56:36.3589 DEBUG PatientFindForm ShowFilterByDoctor set to true
2017-02-22 11:56:36.3589 DEBUG PatientFindForm OperatorId: 2469
2017-02-22 11:56:36.3589 DEBUG PatientFindForm DoctorId: 2469
2017-02-22 11:56:36.5109 DEBUG DoctorQuery
2017-02-22 11:56:36.5109 DEBUG sql: SELECT td.time_nazn as "Время записи", d.dan_id as "Id", d.fam as "Фамилия", d.nam as "Имя", d.mid as "Отчество", d.date_born as "Дата рождения", case when d.ser_pol is null then d.num_pol else d.ser_pol ||' '|| d.num_pol end as "Полис", d.address as "Адрес", case when spolref='2301001' then true else false end as "Прикреплен", case when strcom_region_id='0300000000000' then false else true end as "Иногородний" FROM dan_tab d LEFT JOIN public.talon_doctor_tab td on td.dan_id = d.dan_id WHERE td.date_nazn = date(@date) and td.doctor_id = @doctor;
2017-02-22 11:56:36.5109 DEBUG @date: 22.02.2017
2017-02-22 11:56:36.5109 DEBUG @doctor: 2469
2017-02-22 11:56:36.5109 DEBUG bindQueryToDataGrid
2017-02-22 11:56:36.5259 DEBUG Sql: SELECT td.time_nazn as "Время записи", d.dan_id as "Id", d.fam as "Фамилия", d.nam as "Имя", d.mid as "Отчество", d.date_born as "Дата рождения", case when d.ser_pol is null then d.num_pol else d.ser_pol ||' '|| d.num_pol end as "Полис", d.address as "Адрес", case when spolref='2301001' then true else false end as "Прикреплен", case when strcom_region_id='0300000000000' then false else true end as "Иногородний" FROM dan_tab d LEFT JOIN public.talon_doctor_tab td on td.dan_id = d.dan_id WHERE td.date_nazn = date(@date) and td.doctor_id = @doctor;
2017-02-22 11:56:36.5259 DEBUG SqlParams:
2017-02-22 11:56:36.5259 DEBUG SqlParam @date='22.02.2017'
2017-02-22 11:56:36.5259 DEBUG SqlParam @doctor=2469
2017-02-22 11:56:47.4535 DEBUG Sql: SELECT d.dan_id as "Id", d.fam as "Фамилия", d.nam as "Имя", d.mid as "Отчество", d.date_born as "Дата рождения", case when d.ser_pol is null then d.num_pol else d.ser_pol ||' '|| d.num_pol end as "Полис", d.pens as "СНИЛС", d.address as "Адрес", case when spolref='2301001' then true else false end as "Прикреплен" , case when strcom_region_id='0300000000000' then false else true end as "Иногородний" FROM dan_tab d WHERE Lower(d.fam) LIKE @fam and Lower(d.nam) LIKE @nam ORDER BY d.fam, d.nam, d.mid, d.date_born LIMIT 150;
2017-02-22 11:56:47.4535 DEBUG SqlParams:
2017-02-22 11:56:47.4555 DEBUG SqlParam @fam=аветян%
2017-02-22 11:56:47.4555 DEBUG SqlParam @nam=мактах%
2017-02-22 11:56:53.6509 DEBUG Запрос: Select smo.id, smo.name, kladr.name from codifiers.strcom_tab smo left join codifiers.sp_kladr_tab kladr on smo.region_id = kladr.code where smo.region_id = @id and smo.name not like '*%'order by smo.name
2017-02-22 11:56:53.7229 DEBUG Получено записей: 4
2017-02-22 11:56:53.7949 DEBUG Запрос: select * from fed_lgota_tab where pens like @snils;
2017-02-22 11:56:53.7949 DEBUG Получено записей: 0
2017-02-22 11:56:53.8049 DEBUG Запрос: select * from lgot_client_tab where dan_id = @id;
2017-02-22 11:56:53.8049 DEBUG Получено записей: 0
2017-02-22 11:56:53.8639 DEBUG Запрос: SELECT t.talon_id, t.result_id, t.diag_osn, t.doctor_id, t.date_vnes_inf,
                        v.visit_id, v.doctor_id as vdoctor_id, v.data_vnes_inf as vdate_vnes_inf, v.data_pos 
                        FROM public.talon_tab t left join public.visit_tab v on v.talon_id = t.talon_id
                        where t.dan_id = @patient_id;
2017-02-22 11:56:53.8749 DEBUG Получено записей: 80
2017-02-22 11:56:54.7779 DEBUG Запрос: Select visit_id from public.visit_tab where talon_id = @talonId;
2017-02-22 11:56:54.7779 DEBUG Получено записей: 0
2017-02-22 11:56:54.8149 DEBUG Запрос: SELECT d.id FROM diagn_tab d WHERE d.talon_id = @caseId ORDER BY d.id desc;
2017-02-22 11:56:54.8189 DEBUG Получено записей: 0
2017-02-22 11:57:19.7034 DEBUG Запрос: Select mkb_id, mkb, kod_d, reestr_code from public.mkb_tab order by 1
2017-02-22 11:57:19.9224 DEBUG Получено записей: 13813
2017-02-22 11:57:40.3685 DEBUG Запрос: select id, code, name from codifiers.sp_lpu_otdels_tab where pricpol = @code and name not like '*%' order by 3;
2017-02-22 11:57:40.3735 DEBUG Получено записей: 21
2017-02-22 12:00:48.3533 DEBUG Запрос: SELECT DISTINCT code_access, name, description 
                            FROM users_access_view WHERE users_id = @id
2017-02-22 12:00:48.4053 DEBUG Получено записей: 187
2017-02-22 12:00:51.2255 DEBUG SQL: select pattern from codifiers.patterns_tab where code = @patterncode and users_id is null;
2017-02-22 12:00:51.2255 DEBUG Parameters: @patterncode=, @operator=
2017-02-22 12:00:51.2545 DEBUG Result 
2017-02-22 12:00:51.2545 DEBUG нет шаблона для пользователя
2017-02-22 12:00:51.2545 DEBUG SQL: select pattern from codifiers.patterns_tab where code = @patterncode and users_id is null
2017-02-22 12:00:51.2545 DEBUG Parameters: @patterncode 
2017-02-22 12:00:51.2545 DEBUG Result 
2017-02-22 12:00:51.3205 DEBUG SQL: select pattern from codifiers.patterns_tab where code = @patterncode and users_id is null;
2017-02-22 12:00:51.3205 DEBUG Parameters: @patterncode=, @operator=
2017-02-22 12:00:51.3325 DEBUG Result 
2017-02-22 12:00:51.3325 DEBUG нет шаблона для пользователя
2017-02-22 12:00:51.3325 DEBUG SQL: select pattern from codifiers.patterns_tab where code = @patterncode and users_id is null
2017-02-22 12:00:51.3325 DEBUG Parameters: @patterncode 
2017-02-22 12:00:51.3325 DEBUG Result 
2017-02-22 12:00:51.7285 DEBUG Запрос: Select id, name, code, is_default, parent_id from codifiers.sp_kind_paid_tab order by id
2017-02-22 12:00:51.7285 DEBUG Получено записей: 9
2017-02-22 12:00:51.7435 DEBUG Запрос: Select id, name, code from codifiers.first_visit_condition_tab order by id
2017-02-22 12:00:51.7435 DEBUG Получено записей: 4
2017-02-22 12:00:51.7585 DEBUG Запрос: Select id, name, code, reestr, idsp, hospital_type_id, is_cure, is_inspection from codifiers.visit_purpose_common_tab order by id
2017-02-22 12:00:51.7585 DEBUG Получено записей: 22
2017-02-22 12:00:51.7905 DEBUG Запрос: Select id, name, code from codifiers.place_service_tab order by id
2017-02-22 12:00:51.7905 DEBUG Получено записей: 3
2017-02-22 12:00:51.8065 DEBUG Запрос: Select result_id, result, reestr, patient_state_id, reestr_rslt, reestr_ishod, _end from public.result_tab order by result_id
2017-02-22 12:00:51.8065 DEBUG Получено записей: 29
2017-02-22 12:00:51.8255 DEBUG Запрос: select id, name, code, bur_reestr_code from codifiers.travma_tab order by name;
2017-02-22 12:00:51.8255 DEBUG Получено записей: 15
2017-02-22 12:00:51.8415 DEBUG Запрос: SELECT * FROM codifiers.lpu_tab
2017-02-22 12:00:51.8675 DEBUG Получено записей: 110
2017-02-22 12:00:52.2015 DEBUG Запрос: SELECT * FROM codifiers.lpu_tab order by name
2017-02-22 12:00:52.2155 DEBUG Получено записей: 110
2017-02-22 12:00:52.2275 DEBUG Запрос: select sp_napr_obosn_id,trim(obosn_name) as obosn_name FROM sp_napr_obosn_tab ORDER BY sp_napr_obosn_id;
2017-02-22 12:00:52.2275 DEBUG Получено записей: 8
2017-02-22 12:00:52.2415 DEBUG Запрос: SELECT sp_type_napr_id, sp_type_napr FROM sp_type_napr_tab ORDER BY 1;
2017-02-22 12:00:52.2415 DEBUG Получено записей: 9
2017-02-22 12:00:52.2585 DEBUG Запрос: select id, code, name from codifiers.doctor_spec_tab order by 3,1;
2017-02-22 12:00:52.2585 DEBUG Получено записей: 175
2017-02-22 12:00:52.2805 DEBUG Запрос: Select mkb_id, mkb, kod_d, reestr_code from public.mkb_tab order by 1
2017-02-22 12:00:52.4995 DEBUG Получено записей: 13813
2017-02-22 12:00:57.7578 DEBUG Запрос: Select s.id, s.code, s.name from codifiers.sozstatus_tab s
2017-02-22 12:00:57.7608 DEBUG Получено записей: 11
2017-02-22 12:00:57.7748 DEBUG Запрос: Select u.id, u.code, u.name, u.doctor_id, u.otdel_id, u.age_from, u.age_for, u.flag_default, u.uchactok_type_id, u.lpu_id, u.sort, u.sex from codifiers.uchactok_tab u order by u.sort, u.name
2017-02-22 12:00:57.7748 DEBUG Получено записей: 77
2017-02-22 12:00:57.8408 DEBUG Запрос: select id, socr, name, full_name, index, code 
                              from codifiers.sp_kladr_tab
                              where level_ter=@level order by name
2017-02-22 12:00:57.8408 DEBUG Получено записей: 107
2017-02-22 12:00:58.0969 DEBUG Запрос: SELECT * FROM codifiers.lpu_tab
2017-02-22 12:00:58.1109 DEBUG Получено записей: 110
2017-02-22 12:01:04.1142 DEBUG PatientFindForm ShowFilterByDoctor set to true
2017-02-22 12:01:04.1142 DEBUG PatientFindForm OperatorId: 2469
2017-02-22 12:01:04.1142 DEBUG PatientFindForm DoctorId: 2469
2017-02-22 12:01:04.2472 DEBUG DoctorQuery
2017-02-22 12:01:04.2472 DEBUG sql: SELECT td.time_nazn as "Время записи", d.dan_id as "Id", d.fam as "Фамилия", d.nam as "Имя", d.mid as "Отчество", d.date_born as "Дата рождения", case when d.ser_pol is null then d.num_pol else d.ser_pol ||' '|| d.num_pol end as "Полис", d.address as "Адрес", case when spolref='2301001' then true else false end as "Прикреплен", case when strcom_region_id='0300000000000' then false else true end as "Иногородний" FROM dan_tab d LEFT JOIN public.talon_doctor_tab td on td.dan_id = d.dan_id WHERE td.date_nazn = date(@date) and td.doctor_id = @doctor;
2017-02-22 12:01:04.2472 DEBUG @date: 22.02.2017
2017-02-22 12:01:04.2472 DEBUG @doctor: 2469
2017-02-22 12:01:04.2472 DEBUG bindQueryToDataGrid
2017-02-22 12:01:04.2612 DEBUG Sql: SELECT td.time_nazn as "Время записи", d.dan_id as "Id", d.fam as "Фамилия", d.nam as "Имя", d.mid as "Отчество", d.date_born as "Дата рождения", case when d.ser_pol is null then d.num_pol else d.ser_pol ||' '|| d.num_pol end as "Полис", d.address as "Адрес", case when spolref='2301001' then true else false end as "Прикреплен", case when strcom_region_id='0300000000000' then false else true end as "Иногородний" FROM dan_tab d LEFT JOIN public.talon_doctor_tab td on td.dan_id = d.dan_id WHERE td.date_nazn = date(@date) and td.doctor_id = @doctor;
2017-02-22 12:01:04.2612 DEBUG SqlParams:
2017-02-22 12:01:04.2612 DEBUG SqlParam @date='22.02.2017'
2017-02-22 12:01:04.2612 DEBUG SqlParam @doctor=2469
2017-02-22 12:01:15.0008 DEBUG Sql: SELECT d.dan_id as "Id", d.fam as "Фамилия", d.nam as "Имя", d.mid as "Отчество", d.date_born as "Дата рождения", case when d.ser_pol is null then d.num_pol else d.ser_pol ||' '|| d.num_pol end as "Полис", d.pens as "СНИЛС", d.address as "Адрес", case when spolref='2301001' then true else false end as "Прикреплен" , case when strcom_region_id='0300000000000' then false else true end as "Иногородний" FROM dan_tab d WHERE Lower(d.fam) LIKE @fam and Lower(d.nam) LIKE @nam ORDER BY d.fam, d.nam, d.mid, d.date_born LIMIT 150;
2017-02-22 12:01:15.0008 DEBUG SqlParams:
2017-02-22 12:01:15.0008 DEBUG SqlParam @fam=аветян%
2017-02-22 12:01:15.0008 DEBUG SqlParam @nam=мактах%
2017-02-22 12:01:19.4201 DEBUG Запрос: Select smo.id, smo.name, kladr.name from codifiers.strcom_tab smo left join codifiers.sp_kladr_tab kladr on smo.region_id = kladr.code where smo.region_id = @id and smo.name not like '*%'order by smo.name
2017-02-22 12:01:19.4921 DEBUG Получено записей: 4
2017-02-22 12:01:19.5691 DEBUG Запрос: select * from fed_lgota_tab where pens like @snils;
2017-02-22 12:01:19.5691 DEBUG Получено записей: 0
2017-02-22 12:01:19.5691 DEBUG Запрос: select * from lgot_client_tab where dan_id = @id;
2017-02-22 12:01:19.5921 DEBUG Получено записей: 0
2017-02-22 12:01:19.6361 DEBUG Запрос: SELECT t.talon_id, t.result_id, t.diag_osn, t.doctor_id, t.date_vnes_inf,
                        v.visit_id, v.doctor_id as vdoctor_id, v.data_vnes_inf as vdate_vnes_inf, v.data_pos 
                        FROM public.talon_tab t left join public.visit_tab v on v.talon_id = t.talon_id
                        where t.dan_id = @patient_id;
2017-02-22 12:01:19.6471 DEBUG Получено записей: 80
2017-02-22 12:01:20.5721 DEBUG Запрос: Select visit_id from public.visit_tab where talon_id = @talonId;
2017-02-22 12:01:20.5721 DEBUG Получено записей: 0
2017-02-22 12:01:20.6081 DEBUG Запрос: SELECT d.id FROM diagn_tab d WHERE d.talon_id = @caseId ORDER BY d.id desc;
2017-02-22 12:01:20.6081 DEBUG Получено записей: 0
2017-02-22 12:01:36.5150 DEBUG Запрос: Select mkb_id, mkb, kod_d, reestr_code from public.mkb_tab order by 1
2017-02-22 12:01:36.6991 DEBUG Получено записей: 13813
2017-02-22 12:01:44.2385 DEBUG Запрос: select id, code, name from codifiers.sp_lpu_otdels_tab where pricpol = @code and name not like '*%' order by 3;
2017-02-22 12:01:44.2385 DEBUG Получено записей: 21
2017-02-22 12:59:17.1860 DEBUG Запрос: SELECT DISTINCT code_access, name, description 
                            FROM users_access_view WHERE users_id = @id
2017-02-22 12:59:17.2380 DEBUG Получено записей: 187
2017-02-22 12:59:19.8241 DEBUG SQL: select pattern from codifiers.patterns_tab where code = @patterncode and users_id is null;
2017-02-22 12:59:19.8251 DEBUG Parameters: @patterncode=, @operator=
2017-02-22 12:59:19.8551 DEBUG Result 
2017-02-22 12:59:19.8551 DEBUG нет шаблона для пользователя
2017-02-22 12:59:19.8551 DEBUG SQL: select pattern from codifiers.patterns_tab where code = @patterncode and users_id is null
2017-02-22 12:59:19.8551 DEBUG Parameters: @patterncode 
2017-02-22 12:59:19.8691 DEBUG Result 
2017-02-22 12:59:19.9201 DEBUG SQL: select pattern from codifiers.patterns_tab where code = @patterncode and users_id is null;
2017-02-22 12:59:19.9201 DEBUG Parameters: @patterncode=, @operator=
2017-02-22 12:59:19.9201 DEBUG Result 
2017-02-22 12:59:19.9201 DEBUG нет шаблона для пользователя
2017-02-22 12:59:19.9201 DEBUG SQL: select pattern from codifiers.patterns_tab where code = @patterncode and users_id is null
2017-02-22 12:59:19.9201 DEBUG Parameters: @patterncode 
2017-02-22 12:59:19.9421 DEBUG Result 
2017-02-22 12:59:20.3402 DEBUG Запрос: Select id, name, code, is_default, parent_id from codifiers.sp_kind_paid_tab order by id
2017-02-22 12:59:20.3402 DEBUG Получено записей: 9
2017-02-22 12:59:20.3402 DEBUG Запрос: Select id, name, code from codifiers.first_visit_condition_tab order by id
2017-02-22 12:59:20.3572 DEBUG Получено записей: 4
2017-02-22 12:59:20.3572 DEBUG Запрос: Select id, name, code, reestr, idsp, hospital_type_id, is_cure, is_inspection from codifiers.visit_purpose_common_tab order by id
2017-02-22 12:59:20.3742 DEBUG Получено записей: 22
2017-02-22 12:59:20.4002 DEBUG Запрос: Select id, name, code from codifiers.place_service_tab order by id
2017-02-22 12:59:20.4032 DEBUG Получено записей: 3
2017-02-22 12:59:20.4032 DEBUG Запрос: Select result_id, result, reestr, patient_state_id, reestr_rslt, reestr_ishod, _end from public.result_tab order by result_id
2017-02-22 12:59:20.4202 DEBUG Получено записей: 29
2017-02-22 12:59:20.4202 DEBUG Запрос: select id, name, code, bur_reestr_code from codifiers.travma_tab order by name;
2017-02-22 12:59:20.4342 DEBUG Получено записей: 15
2017-02-22 12:59:20.4342 DEBUG Запрос: SELECT * FROM codifiers.lpu_tab
2017-02-22 12:59:20.4702 DEBUG Получено записей: 110
2017-02-22 12:59:20.7992 DEBUG Запрос: SELECT * FROM codifiers.lpu_tab order by name
2017-02-22 12:59:20.8122 DEBUG Получено записей: 110
2017-02-22 12:59:20.8122 DEBUG Запрос: select sp_napr_obosn_id,trim(obosn_name) as obosn_name FROM sp_napr_obosn_tab ORDER BY sp_napr_obosn_id;
2017-02-22 12:59:20.8262 DEBUG Получено записей: 8
2017-02-22 12:59:20.8262 DEBUG Запрос: SELECT sp_type_napr_id, sp_type_napr FROM sp_type_napr_tab ORDER BY 1;
2017-02-22 12:59:20.8392 DEBUG Получено записей: 9
2017-02-22 12:59:20.8392 DEBUG Запрос: select id, code, name from codifiers.doctor_spec_tab order by 3,1;
2017-02-22 12:59:20.8562 DEBUG Получено записей: 175
2017-02-22 12:59:20.8562 DEBUG Запрос: Select mkb_id, mkb, kod_d, reestr_code from public.mkb_tab order by 1
2017-02-22 12:59:21.0982 DEBUG Получено записей: 13813
2017-02-22 12:59:36.3701 DEBUG Запрос: Select s.id, s.code, s.name from codifiers.sozstatus_tab s
2017-02-22 12:59:36.3701 DEBUG Получено записей: 11
2017-02-22 12:59:36.4061 DEBUG Запрос: Select u.id, u.code, u.name, u.doctor_id, u.otdel_id, u.age_from, u.age_for, u.flag_default, u.uchactok_type_id, u.lpu_id, u.sort, u.sex from codifiers.uchactok_tab u order by u.sort, u.name
2017-02-22 12:59:36.4131 DEBUG Получено записей: 77
2017-02-22 12:59:36.4671 DEBUG Запрос: select id, socr, name, full_name, index, code 
                              from codifiers.sp_kladr_tab
                              where level_ter=@level order by name
2017-02-22 12:59:36.4751 DEBUG Получено записей: 107
2017-02-22 12:59:36.7301 DEBUG Запрос: SELECT * FROM codifiers.lpu_tab
2017-02-22 12:59:36.7451 DEBUG Получено записей: 110
2017-02-22 13:01:20.2510 DEBUG PatientFindForm ShowFilterByDoctor set to true
2017-02-22 13:01:20.2510 DEBUG PatientFindForm OperatorId: 2469
2017-02-22 13:01:20.2510 DEBUG PatientFindForm DoctorId: 2469
2017-02-22 13:01:22.1011 DEBUG DoctorQuery
2017-02-22 13:01:22.1011 DEBUG sql: SELECT td.time_nazn as "Время записи", d.dan_id as "Id", d.fam as "Фамилия", d.nam as "Имя", d.mid as "Отчество", d.date_born as "Дата рождения", case when d.ser_pol is null then d.num_pol else d.ser_pol ||' '|| d.num_pol end as "Полис", d.address as "Адрес", case when spolref='2301001' then true else false end as "Прикреплен", case when strcom_region_id='0300000000000' then false else true end as "Иногородний" FROM dan_tab d LEFT JOIN public.talon_doctor_tab td on td.dan_id = d.dan_id WHERE td.date_nazn = date(@date) and td.doctor_id = @doctor;
2017-02-22 13:01:22.1011 DEBUG @date: 22.02.2017
2017-02-22 13:01:22.1011 DEBUG @doctor: 2469
2017-02-22 13:01:22.1011 DEBUG bindQueryToDataGrid
2017-02-22 13:01:22.1171 DEBUG Sql: SELECT td.time_nazn as "Время записи", d.dan_id as "Id", d.fam as "Фамилия", d.nam as "Имя", d.mid as "Отчество", d.date_born as "Дата рождения", case when d.ser_pol is null then d.num_pol else d.ser_pol ||' '|| d.num_pol end as "Полис", d.address as "Адрес", case when spolref='2301001' then true else false end as "Прикреплен", case when strcom_region_id='0300000000000' then false else true end as "Иногородний" FROM dan_tab d LEFT JOIN public.talon_doctor_tab td on td.dan_id = d.dan_id WHERE td.date_nazn = date(@date) and td.doctor_id = @doctor;
2017-02-22 13:01:22.1171 DEBUG SqlParams:
2017-02-22 13:01:22.1171 DEBUG SqlParam @date='22.02.2017'
2017-02-22 13:01:22.1171 DEBUG SqlParam @doctor=2469
2017-02-22 13:01:35.2249 DEBUG Sql: SELECT d.dan_id as "Id", d.fam as "Фамилия", d.nam as "Имя", d.mid as "Отчество", d.date_born as "Дата рождения", case when d.ser_pol is null then d.num_pol else d.ser_pol ||' '|| d.num_pol end as "Полис", d.pens as "СНИЛС", d.address as "Адрес", case when spolref='2301001' then true else false end as "Прикреплен" , case when strcom_region_id='0300000000000' then false else true end as "Иногородний" FROM dan_tab d WHERE Lower(d.fam) LIKE @fam and Lower(d.nam) LIKE @nam ORDER BY d.fam, d.nam, d.mid, d.date_born LIMIT 150;
2017-02-22 13:01:35.2249 DEBUG SqlParams:
2017-02-22 13:01:35.2249 DEBUG SqlParam @fam=аветян%
2017-02-22 13:01:35.2249 DEBUG SqlParam @nam=мактах%
2017-02-22 13:01:38.9871 DEBUG Запрос: Select smo.id, smo.name, kladr.name from codifiers.strcom_tab smo left join codifiers.sp_kladr_tab kladr on smo.region_id = kladr.code where smo.region_id = @id and smo.name not like '*%'order by smo.name
2017-02-22 13:01:39.0601 DEBUG Получено записей: 4
2017-02-22 13:01:39.1351 DEBUG Запрос: select * from fed_lgota_tab where pens like @snils;
2017-02-22 13:01:39.1351 DEBUG Получено записей: 0
2017-02-22 13:01:39.1351 DEBUG Запрос: select * from lgot_client_tab where dan_id = @id;
2017-02-22 13:01:39.1631 DEBUG Получено записей: 0
2017-02-22 13:01:39.2081 DEBUG Запрос: SELECT t.talon_id, t.result_id, t.diag_osn, t.doctor_id, t.date_vnes_inf,
                        v.visit_id, v.doctor_id as vdoctor_id, v.data_vnes_inf as vdate_vnes_inf, v.data_pos 
                        FROM public.talon_tab t left join public.visit_tab v on v.talon_id = t.talon_id
                        where t.dan_id = @patient_id;
2017-02-22 13:01:39.3251 DEBUG Получено записей: 80
2017-02-22 13:01:40.3802 DEBUG Запрос: Select visit_id from public.visit_tab where talon_id = @talonId;
2017-02-22 13:01:40.3842 DEBUG Получено записей: 0
2017-02-22 13:01:40.4222 DEBUG Запрос: SELECT d.id FROM diagn_tab d WHERE d.talon_id = @caseId ORDER BY d.id desc;
2017-02-22 13:01:40.4222 DEBUG Получено записей: 0
2017-02-22 13:01:59.7913 DEBUG Запрос: Select mkb_id, mkb, kod_d, reestr_code from public.mkb_tab order by 1
2017-02-22 13:01:59.9893 DEBUG Получено записей: 13813
2017-02-22 13:02:11.2209 DEBUG Запрос: select id, code, name from codifiers.sp_lpu_otdels_tab where pricpol = @code and name not like '*%' order by 3;
2017-02-22 13:02:11.2249 DEBUG Получено записей: 21
2017-02-22 13:18:16.3491 DEBUG Запрос: SELECT DISTINCT code_access, name, description 
                            FROM users_access_view WHERE users_id = @id
2017-02-22 13:18:16.4041 DEBUG Получено записей: 187
2017-02-22 13:18:18.2333 DEBUG SQL: select pattern from codifiers.patterns_tab where code = @patterncode and users_id is null;
2017-02-22 13:18:18.2333 DEBUG Parameters: @patterncode=, @operator=
2017-02-22 13:18:18.2873 DEBUG Result 
2017-02-22 13:18:18.2873 DEBUG нет шаблона для пользователя
2017-02-22 13:18:18.2873 DEBUG SQL: select pattern from codifiers.patterns_tab where code = @patterncode and users_id is null
2017-02-22 13:18:18.2893 DEBUG Parameters: @patterncode 
2017-02-22 13:18:18.2893 DEBUG Result 
2017-02-22 13:18:18.3783 DEBUG SQL: select pattern from codifiers.patterns_tab where code = @patterncode and users_id is null;
2017-02-22 13:18:18.3783 DEBUG Parameters: @patterncode=, @operator=
2017-02-22 13:18:18.3903 DEBUG Result 
2017-02-22 13:18:18.3903 DEBUG нет шаблона для пользователя
2017-02-22 13:18:18.3903 DEBUG SQL: select pattern from codifiers.patterns_tab where code = @patterncode and users_id is null
2017-02-22 13:18:18.3903 DEBUG Parameters: @patterncode 
2017-02-22 13:18:18.4013 DEBUG Result 
2017-02-22 13:18:18.7073 DEBUG Запрос: Select id, name, code, is_default, parent_id from codifiers.sp_kind_paid_tab order by id
2017-02-22 13:18:18.7073 DEBUG Получено записей: 9
2017-02-22 13:18:18.7213 DEBUG Запрос: Select id, name, code from codifiers.first_visit_condition_tab order by id
2017-02-22 13:18:18.7213 DEBUG Получено записей: 4
2017-02-22 13:18:18.7343 DEBUG Запрос: Select id, name, code, reestr, idsp, hospital_type_id, is_cure, is_inspection from codifiers.visit_purpose_common_tab order by id
2017-02-22 13:18:18.7343 DEBUG Получено записей: 22
2017-02-22 13:18:18.7503 DEBUG Запрос: Select id, name, code from codifiers.place_service_tab order by id
2017-02-22 13:18:18.7503 DEBUG Получено записей: 3
2017-02-22 13:18:18.7633 DEBUG Запрос: Select result_id, result, reestr, patient_state_id, reestr_rslt, reestr_ishod, _end from public.result_tab order by result_id
2017-02-22 13:18:18.7633 DEBUG Получено записей: 29
2017-02-22 13:18:18.7923 DEBUG Запрос: select id, name, code, bur_reestr_code from codifiers.travma_tab order by name;
2017-02-22 13:18:18.7923 DEBUG Получено записей: 15
2017-02-22 13:18:18.8063 DEBUG Запрос: SELECT * FROM codifiers.lpu_tab
2017-02-22 13:18:18.8293 DEBUG Получено записей: 110
2017-02-22 13:18:18.9163 DEBUG Запрос: SELECT * FROM codifiers.lpu_tab order by name
2017-02-22 13:18:18.9163 DEBUG Получено записей: 110
2017-02-22 13:18:18.9363 DEBUG Запрос: select sp_napr_obosn_id,trim(obosn_name) as obosn_name FROM sp_napr_obosn_tab ORDER BY sp_napr_obosn_id;
2017-02-22 13:18:18.9363 DEBUG Получено записей: 8
2017-02-22 13:18:18.9483 DEBUG Запрос: SELECT sp_type_napr_id, sp_type_napr FROM sp_type_napr_tab ORDER BY 1;
2017-02-22 13:18:18.9483 DEBUG Получено записей: 9
2017-02-22 13:18:18.9613 DEBUG Запрос: select id, code, name from codifiers.doctor_spec_tab order by 3,1;
2017-02-22 13:18:18.9613 DEBUG Получено записей: 175
2017-02-22 13:18:18.9783 DEBUG Запрос: Select mkb_id, mkb, kod_d, reestr_code from public.mkb_tab order by 1
2017-02-22 13:18:19.2113 DEBUG Получено записей: 13813
2017-02-22 13:18:23.6726 DEBUG Запрос: Select s.id, s.code, s.name from codifiers.sozstatus_tab s
2017-02-22 13:18:23.6726 DEBUG Получено записей: 11
2017-02-22 13:18:23.6726 DEBUG Запрос: Select u.id, u.code, u.name, u.doctor_id, u.otdel_id, u.age_from, u.age_for, u.flag_default, u.uchactok_type_id, u.lpu_id, u.sort, u.sex from codifiers.uchactok_tab u order by u.sort, u.name
2017-02-22 13:18:23.6906 DEBUG Получено записей: 77
2017-02-22 13:18:23.7176 DEBUG Запрос: select id, socr, name, full_name, index, code 
                              from codifiers.sp_kladr_tab
                              where level_ter=@level order by name
2017-02-22 13:18:23.7236 DEBUG Получено записей: 107
2017-02-22 13:18:23.7456 DEBUG Запрос: SELECT * FROM codifiers.lpu_tab
2017-02-22 13:18:23.7546 DEBUG Получено записей: 110
2017-02-22 13:18:30.6940 DEBUG PatientFindForm ShowFilterByDoctor set to true
2017-02-22 13:18:30.6940 DEBUG PatientFindForm OperatorId: 2469
2017-02-22 13:18:30.6940 DEBUG PatientFindForm DoctorId: 2469
2017-02-22 13:18:30.8360 DEBUG DoctorQuery
2017-02-22 13:18:30.8360 DEBUG sql: SELECT td.time_nazn as "Время записи", d.dan_id as "Id", d.fam as "Фамилия", d.nam as "Имя", d.mid as "Отчество", d.date_born as "Дата рождения", case when d.ser_pol is null then d.num_pol else d.ser_pol ||' '|| d.num_pol end as "Полис", d.address as "Адрес", case when spolref='2301001' then true else false end as "Прикреплен", case when strcom_region_id='0300000000000' then false else true end as "Иногородний" FROM dan_tab d LEFT JOIN public.talon_doctor_tab td on td.dan_id = d.dan_id WHERE td.date_nazn = date(@date) and td.doctor_id = @doctor;
2017-02-22 13:18:30.8360 DEBUG @date: 22.02.2017
2017-02-22 13:18:30.8360 DEBUG @doctor: 2469
2017-02-22 13:18:30.8360 DEBUG bindQueryToDataGrid
2017-02-22 13:18:30.8500 DEBUG Sql: SELECT td.time_nazn as "Время записи", d.dan_id as "Id", d.fam as "Фамилия", d.nam as "Имя", d.mid as "Отчество", d.date_born as "Дата рождения", case when d.ser_pol is null then d.num_pol else d.ser_pol ||' '|| d.num_pol end as "Полис", d.address as "Адрес", case when spolref='2301001' then true else false end as "Прикреплен", case when strcom_region_id='0300000000000' then false else true end as "Иногородний" FROM dan_tab d LEFT JOIN public.talon_doctor_tab td on td.dan_id = d.dan_id WHERE td.date_nazn = date(@date) and td.doctor_id = @doctor;
2017-02-22 13:18:30.8500 DEBUG SqlParams:
2017-02-22 13:18:30.8500 DEBUG SqlParam @date='22.02.2017'
2017-02-22 13:18:30.8500 DEBUG SqlParam @doctor=2469
2017-02-22 13:20:25.7425 DEBUG Запрос: SELECT DISTINCT code_access, name, description 
                            FROM users_access_view WHERE users_id = @id
2017-02-22 13:20:25.7855 DEBUG Получено записей: 187
2017-02-22 13:20:28.2567 DEBUG SQL: select pattern from codifiers.patterns_tab where code = @patterncode and users_id is null;
2017-02-22 13:20:28.2567 DEBUG Parameters: @patterncode=, @operator=
2017-02-22 13:20:28.2867 DEBUG Result 
2017-02-22 13:20:28.2867 DEBUG нет шаблона для пользователя
2017-02-22 13:20:28.2867 DEBUG SQL: select pattern from codifiers.patterns_tab where code = @patterncode and users_id is null
2017-02-22 13:20:28.2867 DEBUG Parameters: @patterncode 
2017-02-22 13:20:28.2867 DEBUG Result 
2017-02-22 13:20:28.3567 DEBUG SQL: select pattern from codifiers.patterns_tab where code = @patterncode and users_id is null;
2017-02-22 13:20:28.3567 DEBUG Parameters: @patterncode=, @operator=
2017-02-22 13:20:28.3687 DEBUG Result 
2017-02-22 13:20:28.3687 DEBUG нет шаблона для пользователя
2017-02-22 13:20:28.3687 DEBUG SQL: select pattern from codifiers.patterns_tab where code = @patterncode and users_id is null
2017-02-22 13:20:28.3687 DEBUG Parameters: @patterncode 
2017-02-22 13:20:28.3827 DEBUG Result 
2017-02-22 13:20:28.7607 DEBUG Запрос: Select id, name, code, is_default, parent_id from codifiers.sp_kind_paid_tab order by id
2017-02-22 13:20:28.7607 DEBUG Получено записей: 9
2017-02-22 13:20:28.7747 DEBUG Запрос: Select id, name, code from codifiers.first_visit_condition_tab order by id
2017-02-22 13:20:28.7747 DEBUG Получено записей: 4
2017-02-22 13:20:28.7887 DEBUG Запрос: Select id, name, code, reestr, idsp, hospital_type_id, is_cure, is_inspection from codifiers.visit_purpose_common_tab order by id
2017-02-22 13:20:28.7887 DEBUG Получено записей: 22
2017-02-22 13:20:28.8057 DEBUG Запрос: Select id, name, code from codifiers.place_service_tab order by id
2017-02-22 13:20:28.8227 DEBUG Получено записей: 3
2017-02-22 13:20:28.8347 DEBUG Запрос: Select result_id, result, reestr, patient_state_id, reestr_rslt, reestr_ishod, _end from public.result_tab order by result_id
2017-02-22 13:20:28.8347 DEBUG Получено записей: 29
2017-02-22 13:20:28.8517 DEBUG Запрос: select id, name, code, bur_reestr_code from codifiers.travma_tab order by name;
2017-02-22 13:20:28.8517 DEBUG Получено записей: 15
2017-02-22 13:20:28.8657 DEBUG Запрос: SELECT * FROM codifiers.lpu_tab
2017-02-22 13:20:28.8917 DEBUG Получено записей: 110
2017-02-22 13:20:29.2347 DEBUG Запрос: SELECT * FROM codifiers.lpu_tab order by name
2017-02-22 13:20:29.2477 DEBUG Получено записей: 110
2017-02-22 13:20:29.2587 DEBUG Запрос: select sp_napr_obosn_id,trim(obosn_name) as obosn_name FROM sp_napr_obosn_tab ORDER BY sp_napr_obosn_id;
2017-02-22 13:20:29.2587 DEBUG Получено записей: 8
2017-02-22 13:20:29.2717 DEBUG Запрос: SELECT sp_type_napr_id, sp_type_napr FROM sp_type_napr_tab ORDER BY 1;
2017-02-22 13:20:29.2717 DEBUG Получено записей: 9
2017-02-22 13:20:29.2867 DEBUG Запрос: select id, code, name from codifiers.doctor_spec_tab order by 3,1;
2017-02-22 13:20:29.2867 DEBUG Получено записей: 175
2017-02-22 13:20:29.3047 DEBUG Запрос: Select mkb_id, mkb, kod_d, reestr_code from public.mkb_tab order by 1
2017-02-22 13:20:29.5358 DEBUG Получено записей: 13813
2017-02-22 13:20:34.8311 DEBUG Запрос: Select s.id, s.code, s.name from codifiers.sozstatus_tab s
2017-02-22 13:20:34.8311 DEBUG Получено записей: 11
2017-02-22 13:20:34.8481 DEBUG Запрос: Select u.id, u.code, u.name, u.doctor_id, u.otdel_id, u.age_from, u.age_for, u.flag_default, u.uchactok_type_id, u.lpu_id, u.sort, u.sex from codifiers.uchactok_tab u order by u.sort, u.name
2017-02-22 13:20:34.8551 DEBUG Получено записей: 77
2017-02-22 13:20:34.9081 DEBUG Запрос: select id, socr, name, full_name, index, code 
                              from codifiers.sp_kladr_tab
                              where level_ter=@level order by name
2017-02-22 13:20:34.9161 DEBUG Получено записей: 107
2017-02-22 13:20:35.1821 DEBUG Запрос: SELECT * FROM codifiers.lpu_tab
2017-02-22 13:20:35.1821 DEBUG Получено записей: 110
2017-02-22 13:20:44.2136 DEBUG PatientFindForm ShowFilterByDoctor set to true
2017-02-22 13:20:44.2136 DEBUG PatientFindForm OperatorId: 2469
2017-02-22 13:20:44.2136 DEBUG PatientFindForm DoctorId: 2469
2017-02-22 13:20:44.3396 DEBUG DoctorQuery
2017-02-22 13:20:44.3396 DEBUG sql: SELECT td.time_nazn as "Время записи", d.dan_id as "Id", d.fam as "Фамилия", d.nam as "Имя", d.mid as "Отчество", d.date_born as "Дата рождения", case when d.ser_pol is null then d.num_pol else d.ser_pol ||' '|| d.num_pol end as "Полис", d.address as "Адрес", case when spolref='2301001' then true else false end as "Прикреплен", case when strcom_region_id='0300000000000' then false else true end as "Иногородний" FROM dan_tab d LEFT JOIN public.talon_doctor_tab td on td.dan_id = d.dan_id WHERE td.date_nazn = date(@date) and td.doctor_id = @doctor;
2017-02-22 13:20:44.3396 DEBUG @date: 22.02.2017
2017-02-22 13:20:44.3396 DEBUG @doctor: 2469
2017-02-22 13:20:44.3396 DEBUG bindQueryToDataGrid
2017-02-22 13:20:44.3396 DEBUG Sql: SELECT td.time_nazn as "Время записи", d.dan_id as "Id", d.fam as "Фамилия", d.nam as "Имя", d.mid as "Отчество", d.date_born as "Дата рождения", case when d.ser_pol is null then d.num_pol else d.ser_pol ||' '|| d.num_pol end as "Полис", d.address as "Адрес", case when spolref='2301001' then true else false end as "Прикреплен", case when strcom_region_id='0300000000000' then false else true end as "Иногородний" FROM dan_tab d LEFT JOIN public.talon_doctor_tab td on td.dan_id = d.dan_id WHERE td.date_nazn = date(@date) and td.doctor_id = @doctor;
2017-02-22 13:20:44.3536 DEBUG SqlParams:
2017-02-22 13:20:44.3536 DEBUG SqlParam @date='22.02.2017'
2017-02-22 13:20:44.3536 DEBUG SqlParam @doctor=2469
2017-02-22 13:20:59.3035 DEBUG Sql: SELECT d.dan_id as "Id", d.fam as "Фамилия", d.nam as "Имя", d.mid as "Отчество", d.date_born as "Дата рождения", case when d.ser_pol is null then d.num_pol else d.ser_pol ||' '|| d.num_pol end as "Полис", d.pens as "СНИЛС", d.address as "Адрес", case when spolref='2301001' then true else false end as "Прикреплен" , case when strcom_region_id='0300000000000' then false else true end as "Иногородний" FROM dan_tab d WHERE Lower(d.fam) LIKE @fam and Lower(d.nam) LIKE @nam ORDER BY d.fam, d.nam, d.mid, d.date_born LIMIT 150;
2017-02-22 13:20:59.3035 DEBUG SqlParams:
2017-02-22 13:20:59.3035 DEBUG SqlParam @fam=аветян%
2017-02-22 13:20:59.3035 DEBUG SqlParam @nam=мактах%
2017-02-22 13:21:03.2927 DEBUG Запрос: Select smo.id, smo.name, kladr.name from codifiers.strcom_tab smo left join codifiers.sp_kladr_tab kladr on smo.region_id = kladr.code where smo.region_id = @id and smo.name not like '*%'order by smo.name
2017-02-22 13:21:03.3627 DEBUG Получено записей: 4
2017-02-22 13:21:03.4327 DEBUG Запрос: select * from fed_lgota_tab where pens like @snils;
2017-02-22 13:21:03.4327 DEBUG Получено записей: 0
2017-02-22 13:21:03.4327 DEBUG Запрос: select * from lgot_client_tab where dan_id = @id;
2017-02-22 13:21:03.4557 DEBUG Получено записей: 0
2017-02-22 13:21:03.5007 DEBUG Запрос: SELECT t.talon_id, t.result_id, t.diag_osn, t.doctor_id, t.date_vnes_inf,
                        v.visit_id, v.doctor_id as vdoctor_id, v.data_vnes_inf as vdate_vnes_inf, v.data_pos 
                        FROM public.talon_tab t left join public.visit_tab v on v.talon_id = t.talon_id
                        where t.dan_id = @patient_id;
2017-02-22 13:21:03.5217 DEBUG Получено записей: 80
2017-02-22 13:21:04.4198 DEBUG Запрос: Select visit_id from public.visit_tab where talon_id = @talonId;
2017-02-22 13:21:04.4198 DEBUG Получено записей: 0
2017-02-22 13:21:04.4538 DEBUG Запрос: SELECT d.id FROM diagn_tab d WHERE d.talon_id = @caseId ORDER BY d.id desc;
2017-02-22 13:21:04.4538 DEBUG Получено записей: 0
2017-02-22 13:22:52.7720 DEBUG Запрос: Select id, name, code, reestr, idsp, hospital_type_id, is_cure, is_inspection from codifiers.visit_purpose_common_tab order by id
2017-02-22 13:22:52.7770 DEBUG Получено записей: 22
2017-02-22 13:22:52.7930 DEBUG Запрос: Select id, name, code, is_default, parent_id from codifiers.sp_kind_paid_tab order by id
2017-02-22 13:22:52.7930 DEBUG Получено записей: 9
2017-02-22 13:23:01.0544 DEBUG SQL: INSERT INTO talon_tab (id,talon_id,dan_id,doctor_id,vid_oplat_id) VALUES (@id, @id, @danId, @docId, @paymentType);
2017-02-22 13:23:01.0544 DEBUG Params: id=671310986 danid=267131 docid=2469 paymentType=0 
2017-02-22 13:23:01.0894 DEBUG Result=1
2017-02-22 13:23:04.5636 DEBUG Запрос: SELECT d.id FROM diagn_tab d WHERE d.talon_id = @caseId ORDER BY d.id desc;
2017-02-22 13:23:04.5676 DEBUG Получено записей: 0
2017-02-22 13:23:04.6636 DEBUG Запрос: Select visit_id from public.visit_tab where talon_id = @talonId;
2017-02-22 13:23:04.6636 DEBUG Получено записей: 0
2017-02-22 13:23:04.6906 DEBUG Запрос: SELECT d.id FROM diagn_tab d WHERE d.talon_id = @caseId ORDER BY d.id desc;
2017-02-22 13:23:04.6936 DEBUG Получено записей: 0
2017-02-22 13:23:27.1569 DEBUG Запрос: Select id, name, code, reestr, idsp, hospital_type_id, is_cure, is_inspection from codifiers.visit_purpose_common_tab order by id
2017-02-22 13:23:27.1569 DEBUG Получено записей: 22
