2017-02-08 08:50:42.3537 DEBUG Запрос: SELECT DISTINCT code_access, name, description 
                            FROM users_access_view WHERE users_id = @id
2017-02-08 08:50:42.4207 DEBUG Получено записей: 187
2017-02-08 08:50:46.8400 DEBUG SQL: select pattern from codifiers.patterns_tab where code = @patterncode and users_id is null;
2017-02-08 08:50:46.8400 DEBUG Parameters: @patterncode=, @operator=
2017-02-08 08:50:46.8660 DEBUG Result 
2017-02-08 08:50:46.8660 DEBUG нет шаблона для пользователя
2017-02-08 08:50:46.8660 DEBUG SQL: select pattern from codifiers.patterns_tab where code = @patterncode and users_id is null
2017-02-08 08:50:46.8660 DEBUG Parameters: @patterncode 
2017-02-08 08:50:46.8770 DEBUG Result 
2017-02-08 08:50:46.9340 DEBUG SQL: select pattern from codifiers.patterns_tab where code = @patterncode and users_id is null;
2017-02-08 08:50:46.9340 DEBUG Parameters: @patterncode=, @operator=
2017-02-08 08:50:46.9340 DEBUG Result 
2017-02-08 08:50:46.9340 DEBUG нет шаблона для пользователя
2017-02-08 08:50:46.9340 DEBUG SQL: select pattern from codifiers.patterns_tab where code = @patterncode and users_id is null
2017-02-08 08:50:46.9340 DEBUG Parameters: @patterncode 
2017-02-08 08:50:46.9520 DEBUG Result 
2017-02-08 08:50:47.4180 DEBUG Запрос: Select id, name, code, is_default, parent_id from codifiers.sp_kind_paid_tab order by id
2017-02-08 08:50:47.4180 DEBUG Получено записей: 9
2017-02-08 08:50:47.4590 DEBUG Запрос: Select id, name, code from codifiers.first_visit_condition_tab order by id
2017-02-08 08:50:47.4590 DEBUG Получено записей: 4
2017-02-08 08:50:47.4700 DEBUG Запрос: Select id, name, code, reestr, idsp, hospital_type_id, is_cure, is_inspection from codifiers.visit_purpose_common_tab order by id
2017-02-08 08:50:47.4700 DEBUG Получено записей: 22
2017-02-08 08:50:47.4840 DEBUG Запрос: Select id, name, code from codifiers.place_service_tab order by id
2017-02-08 08:50:47.4840 DEBUG Получено записей: 3
2017-02-08 08:50:47.5080 DEBUG Запрос: Select result_id, result, reestr, patient_state_id, reestr_rslt, reestr_ishod, _end from public.result_tab order by result_id
2017-02-08 08:50:47.5130 DEBUG Получено записей: 29
2017-02-08 08:50:47.5130 DEBUG Запрос: select id, name, code, bur_reestr_code from codifiers.travma_tab order by name;
2017-02-08 08:50:47.5130 DEBUG Получено записей: 15
2017-02-08 08:50:47.5330 DEBUG Запрос: SELECT * FROM codifiers.lpu_tab
2017-02-08 08:50:47.5560 DEBUG Получено записей: 109
2017-02-08 08:50:48.1551 DEBUG Запрос: SELECT * FROM codifiers.lpu_tab order by name
2017-02-08 08:50:48.1671 DEBUG Получено записей: 109
2017-02-08 08:50:48.1671 DEBUG Запрос: select sp_napr_obosn_id,trim(obosn_name) as obosn_name FROM sp_napr_obosn_tab ORDER BY sp_napr_obosn_id;
2017-02-08 08:50:48.1671 DEBUG Получено записей: 8
2017-02-08 08:50:48.1851 DEBUG Запрос: SELECT sp_type_napr_id, sp_type_napr FROM sp_type_napr_tab ORDER BY 1;
2017-02-08 08:50:48.1851 DEBUG Получено записей: 9
2017-02-08 08:50:48.1851 DEBUG Запрос: select id, code, name from codifiers.doctor_spec_tab order by 3,1;
2017-02-08 08:50:48.1971 DEBUG Запрос: select id from public.doctor_tab where sp_spec_doctor_id <> 900;
2017-02-08 08:50:48.1971 DEBUG Получено записей: 175
2017-02-08 08:50:48.1971 DEBUG Получено записей: 684
2017-02-08 08:50:48.1971 DEBUG Запрос: Select mkb_id, mkb, kod_d, reestr_code from public.mkb_tab order by 1
2017-02-08 08:50:48.4481 DEBUG Получено записей: 13813
2017-02-08 08:50:48.4901 DEBUG Запрос: select id from public.doctor_tab where sp_spec_doctor_id <> 900;
2017-02-08 08:50:48.4961 DEBUG Получено записей: 684
2017-02-08 08:50:54.0294 DEBUG Запрос: Select s.id, s.code, s.name from codifiers.sozstatus_tab s
2017-02-08 08:50:54.0314 DEBUG Получено записей: 11
2017-02-08 08:50:54.0314 DEBUG Запрос: Select u.id, u.code, u.name, u.doctor_id, u.otdel_id, u.age_from, u.age_for, u.flag_default, u.uchactok_type_id, u.lpu_id, u.sort, u.sex from codifiers.uchactok_tab u order by u.sort, u.name
2017-02-08 08:50:54.0474 DEBUG Получено записей: 77
2017-02-08 08:50:54.0994 DEBUG Запрос: select id, socr, name, full_name, index, code 
                              from codifiers.sp_kladr_tab
                              where level_ter=@level order by name
2017-02-08 08:50:54.0994 DEBUG Получено записей: 107
2017-02-08 08:50:54.3744 DEBUG Запрос: SELECT * FROM codifiers.lpu_tab
2017-02-08 08:50:54.3744 DEBUG Получено записей: 109
2017-02-08 08:51:08.1872 DEBUG PatientFindForm ShowFilterByDoctor set to true
2017-02-08 08:51:08.1872 DEBUG PatientFindForm OperatorId: 2469
2017-02-08 08:51:08.1872 DEBUG PatientFindForm DoctorId: 2469
2017-02-08 08:51:08.3392 DEBUG DoctorQuery
2017-02-08 08:51:08.3392 DEBUG sql: SELECT td.time_nazn as "Время записи", d.dan_id as "Id", d.fam as "Фамилия", d.nam as "Имя", d.mid as "Отчество", d.date_born as "Дата рождения", case when d.ser_pol is null then d.num_pol else d.ser_pol ||' '|| d.num_pol end as "Полис", d.address as "Адрес", case when spolref='2301001' then true else false end as "Прикреплен", case when strcom_region_id='0300000000000' then false else true end as "Иногородний" FROM dan_tab d LEFT JOIN public.talon_doctor_tab td on td.dan_id = d.dan_id WHERE td.date_nazn = date(@date) and td.doctor_id = @doctor;
2017-02-08 08:51:08.3392 DEBUG @date: 08.02.2017
2017-02-08 08:51:08.3392 DEBUG @doctor: 2469
2017-02-08 08:51:08.3392 DEBUG bindQueryToDataGrid
2017-02-08 08:51:08.3542 DEBUG Sql: SELECT td.time_nazn as "Время записи", d.dan_id as "Id", d.fam as "Фамилия", d.nam as "Имя", d.mid as "Отчество", d.date_born as "Дата рождения", case when d.ser_pol is null then d.num_pol else d.ser_pol ||' '|| d.num_pol end as "Полис", d.address as "Адрес", case when spolref='2301001' then true else false end as "Прикреплен", case when strcom_region_id='0300000000000' then false else true end as "Иногородний" FROM dan_tab d LEFT JOIN public.talon_doctor_tab td on td.dan_id = d.dan_id WHERE td.date_nazn = date(@date) and td.doctor_id = @doctor;
2017-02-08 08:51:08.3542 DEBUG SqlParams:
2017-02-08 08:51:08.3542 DEBUG SqlParam @date='08.02.2017'
2017-02-08 08:51:08.3542 DEBUG SqlParam @doctor=2469
2017-02-08 08:51:25.0432 DEBUG Sql: SELECT d.dan_id as "Id", d.fam as "Фамилия", d.nam as "Имя", d.mid as "Отчество", d.date_born as "Дата рождения", case when d.ser_pol is null then d.num_pol else d.ser_pol ||' '|| d.num_pol end as "Полис", d.pens as "СНИЛС", d.address as "Адрес", case when spolref='2301001' then true else false end as "Прикреплен" , case when strcom_region_id='0300000000000' then false else true end as "Иногородний" FROM dan_tab d WHERE Lower(d.fam) LIKE @fam and Lower(d.nam) LIKE @nam ORDER BY d.fam, d.nam, d.mid, d.date_born LIMIT 150;
2017-02-08 08:51:25.0432 DEBUG SqlParams:
2017-02-08 08:51:25.0442 DEBUG SqlParam @fam=аветян%
2017-02-08 08:51:25.0442 DEBUG SqlParam @nam=мактах%
2017-02-08 08:51:28.3454 DEBUG Запрос: Select smo.id, smo.name, kladr.name from codifiers.strcom_tab smo left join codifiers.sp_kladr_tab kladr on smo.region_id = kladr.code where smo.region_id = @id and smo.name not like '*%'order by smo.name
2017-02-08 08:51:28.4154 DEBUG Получено записей: 4
2017-02-08 08:51:28.4834 DEBUG Запрос: select * from fed_lgota_tab where pens like @snils;
2017-02-08 08:51:28.4834 DEBUG Получено записей: 0
2017-02-08 08:51:28.4984 DEBUG Запрос: select * from lgot_client_tab where dan_id = @id;
2017-02-08 08:51:28.5094 DEBUG Получено записей: 0
2017-02-08 08:51:28.5494 DEBUG Запрос: SELECT t.talon_id, t.result_id, t.diag_osn, t.doctor_id, t.date_vnes_inf,
                        v.visit_id, v.doctor_id as vdoctor_id, v.data_vnes_inf as vdate_vnes_inf, v.data_pos 
                        FROM public.talon_tab t left join public.visit_tab v on v.talon_id = t.talon_id
                        where t.dan_id = @patient_id;
2017-02-08 08:51:28.5934 DEBUG Получено записей: 80
2017-02-08 08:51:29.2974 DEBUG Запрос: Select visit_id from public.visit_tab where talon_id = @talonId;
2017-02-08 08:51:29.2974 DEBUG Получено записей: 0
2017-02-08 08:51:29.3294 DEBUG Запрос: SELECT d.id FROM diagn_tab d WHERE d.talon_id = @caseId ORDER BY d.id desc;
2017-02-08 08:51:29.3294 DEBUG Получено записей: 0
2017-02-08 08:52:06.0365 DEBUG Запрос: Select mkb_id, mkb, kod_d, reestr_code from public.mkb_tab order by 1
2017-02-08 08:52:06.2245 DEBUG Получено записей: 13813
2017-02-08 08:52:30.0669 DEBUG Запрос: select id, code, name from codifiers.sp_lpu_otdels_tab where pricpol = @code and name not like '*%' order by 3;
2017-02-08 08:52:30.0669 DEBUG Получено записей: 21
2017-02-08 08:53:23.7660 DEBUG insert into public.naprav_tab(
                            lpu_id,
                            operator_id,
                            dan_id, 
                            sp_naprav_lpu_id,
                            lpy_from_id,
                            sp_mkb_code,
                            talon_id,
                            date_destination,
                            diagn_id,
                            naprav_number, 
                            opis_diagn,
                            sp_type_napr_id,
                            is_inogorod,
                            from_voenkomat,
                            doctor_id,
                            otdel_code,
                            spec_doctor_id,
                            pay_date,
                            stacionar_date,
                            naprav_year_counter,
                            form_okaz_id,
                            napr_cancel_reason_id,
                            agreeddate,
                            agreedtime,
                            aim  
                            ) values(
                            @lpu_id,
                            @operator_id,
                            @dan_id,
                            @sp_naprav_lpu_id,
                            @lpu_id_from,
                            @mkb_code,
                            @talon_id,
                            @date_destination,
                            @diagn_id,
                            @naprav_number,
                            @opis_diagn,
                            @refferal_type,
                            @is_inogorod,
                            @from_voenkomat,
                            @doctor_id,
                            @otdel_code,
                            @spec_doctor_id,
                            @pay_date,
                            @stacinar_date,
                            @year_counter,
                            @medform,
                            @cancel,
                            @agreeddate,
                            @agreedtime,
                            @aim
                            ) RETURNING id
2017-02-08 08:53:31.5364 DEBUG Result new Id=203808
2017-02-08 08:54:31.9259 DEBUG Запрос: Select mkb_id, mkb, kod_d, reestr_code from public.mkb_tab order by 1
2017-02-08 08:54:32.1389 DEBUG Получено записей: 13813
2017-02-08 08:54:50.0519 DEBUG Запрос: select id, code, name from codifiers.sp_lpu_otdels_tab where pricpol = @code and name not like '*%' order by 3;
2017-02-08 08:54:50.0519 DEBUG Получено записей: 2
2017-02-08 08:54:51.8740 DEBUG Запрос: select id, code, name from codifiers.sp_lpu_otdels_tab where pricpol = @code and name not like '*%' order by 3;
2017-02-08 08:54:51.8740 DEBUG Получено записей: 0
2017-02-08 08:55:21.6467 DEBUG insert into public.naprav_tab(
                            lpu_id,
                            operator_id,
                            dan_id, 
                            sp_naprav_lpu_id,
                            lpy_from_id,
                            sp_mkb_code,
                            talon_id,
                            date_destination,
                            diagn_id,
                            naprav_number, 
                            opis_diagn,
                            sp_type_napr_id,
                            is_inogorod,
                            from_voenkomat,
                            doctor_id,
                            otdel_code,
                            spec_doctor_id,
                            pay_date,
                            stacionar_date,
                            naprav_year_counter,
                            form_okaz_id,
                            napr_cancel_reason_id,
                            agreeddate,
                            agreedtime,
                            aim  
                            ) values(
                            @lpu_id,
                            @operator_id,
                            @dan_id,
                            @sp_naprav_lpu_id,
                            @lpu_id_from,
                            @mkb_code,
                            @talon_id,
                            @date_destination,
                            @diagn_id,
                            @naprav_number,
                            @opis_diagn,
                            @refferal_type,
                            @is_inogorod,
                            @from_voenkomat,
                            @doctor_id,
                            @otdel_code,
                            @spec_doctor_id,
                            @pay_date,
                            @stacinar_date,
                            @year_counter,
                            @medform,
                            @cancel,
                            @agreeddate,
                            @agreedtime,
                            @aim
                            ) RETURNING id
2017-02-08 08:55:28.2941 DEBUG Result new Id=203809
2017-02-08 08:55:51.6174 DEBUG Запрос: Select mkb_id, mkb, kod_d, reestr_code from public.mkb_tab order by 1
2017-02-08 08:55:51.8114 DEBUG Получено записей: 13813
2017-02-08 08:55:53.9346 DEBUG Запрос: select id, code, name from codifiers.sp_lpu_otdels_tab where pricpol = @code and name not like '*%' order by 3;
2017-02-08 08:55:53.9346 DEBUG Получено записей: 21
2017-02-08 08:57:45.5199 DEBUG Запрос: SELECT DISTINCT code_access, name, description 
                            FROM users_access_view WHERE users_id = @id
2017-02-08 08:57:45.5700 DEBUG Получено записей: 187
2017-02-08 08:57:48.0061 DEBUG SQL: select pattern from codifiers.patterns_tab where code = @patterncode and users_id is null;
2017-02-08 08:57:48.0061 DEBUG Parameters: @patterncode=, @operator=
2017-02-08 08:57:48.0411 DEBUG Result 
2017-02-08 08:57:48.0411 DEBUG нет шаблона для пользователя
2017-02-08 08:57:48.0421 DEBUG SQL: select pattern from codifiers.patterns_tab where code = @patterncode and users_id is null
2017-02-08 08:57:48.0421 DEBUG Parameters: @patterncode 
2017-02-08 08:57:48.0421 DEBUG Result 
2017-02-08 08:57:48.1081 DEBUG SQL: select pattern from codifiers.patterns_tab where code = @patterncode and users_id is null;
2017-02-08 08:57:48.1081 DEBUG Parameters: @patterncode=, @operator=
2017-02-08 08:57:48.1081 DEBUG Result 
2017-02-08 08:57:48.1081 DEBUG нет шаблона для пользователя
2017-02-08 08:57:48.1081 DEBUG SQL: select pattern from codifiers.patterns_tab where code = @patterncode and users_id is null
2017-02-08 08:57:48.1081 DEBUG Parameters: @patterncode 
2017-02-08 08:57:48.1251 DEBUG Result 
2017-02-08 08:57:48.5151 DEBUG Запрос: Select id, name, code, is_default, parent_id from codifiers.sp_kind_paid_tab order by id
2017-02-08 08:57:48.5151 DEBUG Получено записей: 9
2017-02-08 08:57:48.5261 DEBUG Запрос: Select id, name, code from codifiers.first_visit_condition_tab order by id
2017-02-08 08:57:48.5261 DEBUG Получено записей: 4
2017-02-08 08:57:48.5261 DEBUG Запрос: Select id, name, code, reestr, idsp, hospital_type_id, is_cure, is_inspection from codifiers.visit_purpose_common_tab order by id
2017-02-08 08:57:48.5421 DEBUG Получено записей: 22
2017-02-08 08:57:48.5661 DEBUG Запрос: Select id, name, code from codifiers.place_service_tab order by id
2017-02-08 08:57:48.5661 DEBUG Получено записей: 3
2017-02-08 08:57:48.5771 DEBUG Запрос: Select result_id, result, reestr, patient_state_id, reestr_rslt, reestr_ishod, _end from public.result_tab order by result_id
2017-02-08 08:57:48.5771 DEBUG Получено записей: 29
2017-02-08 08:57:48.5911 DEBUG Запрос: select id, name, code, bur_reestr_code from codifiers.travma_tab order by name;
2017-02-08 08:57:48.5911 DEBUG Получено записей: 15
2017-02-08 08:57:48.5911 DEBUG Запрос: SELECT * FROM codifiers.lpu_tab
2017-02-08 08:57:48.6281 DEBUG Получено записей: 109
2017-02-08 08:57:48.9491 DEBUG Запрос: SELECT * FROM codifiers.lpu_tab order by name
2017-02-08 08:57:48.9491 DEBUG Получено записей: 109
2017-02-08 08:57:48.9711 DEBUG Запрос: select sp_napr_obosn_id,trim(obosn_name) as obosn_name FROM sp_napr_obosn_tab ORDER BY sp_napr_obosn_id;
2017-02-08 08:57:48.9711 DEBUG Получено записей: 8
2017-02-08 08:57:48.9811 DEBUG Запрос: SELECT sp_type_napr_id, sp_type_napr FROM sp_type_napr_tab ORDER BY 1;
2017-02-08 08:57:48.9811 DEBUG Получено записей: 9
2017-02-08 08:57:48.9811 DEBUG Запрос: select id, code, name from codifiers.doctor_spec_tab order by 3,1;
2017-02-08 08:57:48.9951 DEBUG Запрос: select id from public.doctor_tab where sp_spec_doctor_id <> 900;
2017-02-08 08:57:48.9951 DEBUG Получено записей: 175
2017-02-08 08:57:48.9951 DEBUG Получено записей: 684
2017-02-08 08:57:48.9951 DEBUG Запрос: Select mkb_id, mkb, kod_d, reestr_code from public.mkb_tab order by 1
2017-02-08 08:57:49.2532 DEBUG Получено записей: 13813
2017-02-08 08:57:49.2932 DEBUG Запрос: select id from public.doctor_tab where sp_spec_doctor_id <> 900;
2017-02-08 08:57:49.2932 DEBUG Получено записей: 684
2017-02-08 08:57:55.4705 DEBUG Запрос: Select s.id, s.code, s.name from codifiers.sozstatus_tab s
2017-02-08 08:57:55.4705 DEBUG Получено записей: 11
2017-02-08 08:57:55.4855 DEBUG Запрос: Select u.id, u.code, u.name, u.doctor_id, u.otdel_id, u.age_from, u.age_for, u.flag_default, u.uchactok_type_id, u.lpu_id, u.sort, u.sex from codifiers.uchactok_tab u order by u.sort, u.name
2017-02-08 08:57:55.4855 DEBUG Получено записей: 77
2017-02-08 08:57:55.5445 DEBUG Запрос: select id, socr, name, full_name, index, code 
                              from codifiers.sp_kladr_tab
                              where level_ter=@level order by name
2017-02-08 08:57:55.5515 DEBUG Получено записей: 107
2017-02-08 08:57:55.8175 DEBUG Запрос: SELECT * FROM codifiers.lpu_tab
2017-02-08 08:57:55.8285 DEBUG Получено записей: 109
