2017-04-07 09:47:43.5139 DEBUG Запрос: SELECT DISTINCT code_access, name, description 
                            FROM users_access_view WHERE users_id = @id
2017-04-07 09:47:43.6499 DEBUG Получено записей: 187
2017-04-07 09:47:46.9811 DEBUG SQL: select pattern from codifiers.patterns_tab where code = @patterncode and users_id is null;
2017-04-07 09:47:46.9811 DEBUG Parameters: @patterncode=, @operator=
2017-04-07 09:47:47.0111 DEBUG Result 
2017-04-07 09:47:47.0111 DEBUG нет шаблона для пользователя
2017-04-07 09:47:47.0111 DEBUG SQL: select pattern from codifiers.patterns_tab where code = @patterncode and users_id is null
2017-04-07 09:47:47.0111 DEBUG Parameters: @patterncode 
2017-04-07 09:47:47.0251 DEBUG Result 
2017-04-07 09:47:47.0821 DEBUG SQL: select pattern from codifiers.patterns_tab where code = @patterncode and users_id is null;
2017-04-07 09:47:47.0831 DEBUG Parameters: @patterncode=, @operator=
2017-04-07 09:47:47.0831 DEBUG Result 
2017-04-07 09:47:47.0831 DEBUG нет шаблона для пользователя
2017-04-07 09:47:47.0831 DEBUG SQL: select pattern from codifiers.patterns_tab where code = @patterncode and users_id is null
2017-04-07 09:47:47.0831 DEBUG Parameters: @patterncode 
2017-04-07 09:47:47.1041 DEBUG Result 
2017-04-07 09:47:48.0772 DEBUG Запрос: Select id, name, code, is_default, parent_id from codifiers.sp_kind_paid_tab order by id
2017-04-07 09:47:48.0812 DEBUG Получено записей: 9
2017-04-07 09:47:48.0812 DEBUG Запрос: Select id, name, code from codifiers.first_visit_condition_tab order by id
2017-04-07 09:47:48.0812 DEBUG Получено записей: 4
2017-04-07 09:47:48.1052 DEBUG Запрос: Select id, name, code, reestr, idsp, hospital_type_id, is_cure, is_inspection from codifiers.visit_purpose_common_tab order by id
2017-04-07 09:47:48.1052 DEBUG Получено записей: 22
2017-04-07 09:47:48.1222 DEBUG Запрос: Select id, name, code from codifiers.place_service_tab order by id
2017-04-07 09:47:48.1222 DEBUG Получено записей: 3
2017-04-07 09:47:48.1512 DEBUG Запрос: Select result_id, result, reestr, patient_state_id, reestr_rslt, reestr_ishod, _end from public.result_tab order by result_id
2017-04-07 09:47:48.1512 DEBUG Получено записей: 29
2017-04-07 09:47:48.1682 DEBUG Запрос: select id, name, code, bur_reestr_code from codifiers.travma_tab order by name;
2017-04-07 09:47:48.1682 DEBUG Получено записей: 15
2017-04-07 09:47:48.1822 DEBUG Запрос: SELECT * FROM codifiers.lpu_tab
2017-04-07 09:47:48.2112 DEBUG Получено записей: 113
2017-04-07 09:47:48.5982 DEBUG Запрос: SELECT * FROM codifiers.lpu_tab order by name
2017-04-07 09:47:48.6142 DEBUG Получено записей: 113
2017-04-07 09:47:48.6142 DEBUG Запрос: select sp_napr_obosn_id,trim(obosn_name) as obosn_name FROM sp_napr_obosn_tab ORDER BY sp_napr_obosn_id;
2017-04-07 09:47:48.6282 DEBUG Получено записей: 8
2017-04-07 09:47:48.6282 DEBUG Запрос: SELECT sp_type_napr_id, sp_type_napr FROM sp_type_napr_tab where sp_type_napr_id!=1 ORDER BY 1;
2017-04-07 09:47:48.6282 DEBUG Получено записей: 8
2017-04-07 09:47:48.6512 DEBUG Запрос: select id, code, name from codifiers.doctor_spec_tab order by 3,1;
2017-04-07 09:47:48.6512 DEBUG Получено записей: 176
2017-04-07 09:47:48.6712 DEBUG Запрос: Select mkb_id, mkb, kod_d, reestr_code from public.mkb_tab order by 1
2017-04-07 09:47:48.9162 DEBUG Получено записей: 13813
2017-04-07 09:47:54.5505 DEBUG Запрос: Select s.id, s.code, s.name from codifiers.sozstatus_tab s
2017-04-07 09:47:54.5505 DEBUG Получено записей: 11
2017-04-07 09:47:54.5645 DEBUG Запрос: Select u.id, u.code, u.name, u.doctor_id, u.otdel_id, u.age_from, u.age_for, u.flag_default, u.uchactok_type_id, u.lpu_id, u.sort, u.sex from codifiers.uchactok_tab u order by u.sort, u.name
2017-04-07 09:47:54.5715 DEBUG Получено записей: 77
2017-04-07 09:47:54.6235 DEBUG Запрос: select id, socr, name, full_name, index, code 
                              from codifiers.sp_kladr_tab
                              where level_ter=@level order by name
2017-04-07 09:47:54.6235 DEBUG Получено записей: 107
2017-04-07 09:47:54.8956 DEBUG Запрос: SELECT * FROM codifiers.lpu_tab
2017-04-07 09:47:54.9096 DEBUG Получено записей: 113
2017-04-07 09:48:02.3490 DEBUG PatientFindForm ShowFilterByDoctor set to true
2017-04-07 09:48:02.3490 DEBUG PatientFindForm OperatorId: 2469
2017-04-07 09:48:02.3490 DEBUG PatientFindForm DoctorId: 2469
2017-04-07 09:48:04.1841 DEBUG DoctorQuery
2017-04-07 09:48:04.1841 DEBUG sql: SELECT td.time_nazn as "Время записи", d.dan_id as "Id", d.fam as "Фамилия", d.nam as "Имя", d.mid as "Отчество", d.date_born as "Дата рождения", case when d.ser_pol is null then d.num_pol else d.ser_pol ||' '|| d.num_pol end as "Полис", d.address as "Адрес", case when spolref='2301001' then true else false end as "Прикреплен", case when strcom_region_id='0300000000000' then false else true end as "Иногородний" FROM dan_tab d LEFT JOIN public.talon_doctor_tab td on td.dan_id = d.dan_id WHERE td.date_nazn = date(@date) and td.doctor_id = @doctor;
2017-04-07 09:48:04.1841 DEBUG @date: 07.04.2017
2017-04-07 09:48:04.1841 DEBUG @doctor: 2469
2017-04-07 09:48:04.1841 DEBUG bindQueryToDataGrid
2017-04-07 09:48:04.2001 DEBUG Sql: SELECT td.time_nazn as "Время записи", d.dan_id as "Id", d.fam as "Фамилия", d.nam as "Имя", d.mid as "Отчество", d.date_born as "Дата рождения", case when d.ser_pol is null then d.num_pol else d.ser_pol ||' '|| d.num_pol end as "Полис", d.address as "Адрес", case when spolref='2301001' then true else false end as "Прикреплен", case when strcom_region_id='0300000000000' then false else true end as "Иногородний" FROM dan_tab d LEFT JOIN public.talon_doctor_tab td on td.dan_id = d.dan_id WHERE td.date_nazn = date(@date) and td.doctor_id = @doctor;
2017-04-07 09:48:04.2001 DEBUG SqlParams:
2017-04-07 09:48:04.2001 DEBUG SqlParam @date='07.04.2017'
2017-04-07 09:48:04.2001 DEBUG SqlParam @doctor=2469
2017-04-07 09:48:17.3398 DEBUG Sql: SELECT d.dan_id as "Id", d.fam as "Фамилия", d.nam as "Имя", d.mid as "Отчество", d.date_born as "Дата рождения", case when d.ser_pol is null then d.num_pol else d.ser_pol ||' '|| d.num_pol end as "Полис", d.pens as "СНИЛС", d.address as "Адрес", case when spolref='2301001' then true else false end as "Прикреплен" , case when strcom_region_id='0300000000000' then false else true end as "Иногородний" FROM dan_tab d WHERE Lower(d.fam) LIKE @fam and Lower(d.nam) LIKE @nam ORDER BY d.fam, d.nam, d.mid, d.date_born LIMIT 150;
2017-04-07 09:48:17.3398 DEBUG SqlParams:
2017-04-07 09:48:17.3398 DEBUG SqlParam @fam=аветян%
2017-04-07 09:48:17.3398 DEBUG SqlParam @nam=мактах%
2017-04-07 09:48:21.4031 DEBUG Запрос: Select smo.id, smo.name, kladr.name from codifiers.strcom_tab smo left join codifiers.sp_kladr_tab kladr on smo.region_id = kladr.code where smo.region_id = @id and smo.name not like '*%'order by smo.name
2017-04-07 09:48:21.4791 DEBUG Получено записей: 4
2017-04-07 09:48:21.5471 DEBUG Запрос: select * from fed_lgota_tab where pens like @snils;
2017-04-07 09:48:21.5471 DEBUG Получено записей: 0
2017-04-07 09:48:21.5591 DEBUG Запрос: select * from lgot_client_tab where dan_id = @id;
2017-04-07 09:48:21.5591 DEBUG Получено записей: 0
2017-04-07 09:48:21.6131 DEBUG Запрос: SELECT t.talon_id, t.result_id, t.diag_osn, t.doctor_id, t.date_vnes_inf,
                        v.visit_id, v.doctor_id as vdoctor_id, v.data_vnes_inf as vdate_vnes_inf, v.data_pos 
                        FROM public.talon_tab t left join public.visit_tab v on v.talon_id = t.talon_id
                        where t.dan_id = @patient_id;
2017-04-07 09:48:21.6551 DEBUG Получено записей: 82
2017-04-07 09:48:22.5851 DEBUG Запрос: Select visit_id from public.visit_tab where talon_id = @talonId;
2017-04-07 09:48:22.5881 DEBUG Получено записей: 0
2017-04-07 09:48:22.6221 DEBUG Запрос: SELECT d.id FROM diagn_tab d WHERE d.talon_id = @caseId ORDER BY d.id desc;
2017-04-07 09:48:22.6221 DEBUG Получено записей: 0
2017-04-07 09:48:36.0759 DEBUG Запрос: Select mkb_id, mkb, kod_d, reestr_code from public.mkb_tab order by 1
2017-04-07 09:48:36.3189 DEBUG Получено записей: 13813
2017-04-07 09:48:36.7190 DEBUG Запрос: select id, code, name from codifiers.sp_lpu_otdels_tab where pricpol = @code and name not like '*%' order by 3;
2017-04-07 09:48:36.7230 DEBUG Получено записей: 21
2017-04-07 09:53:29.1317 DEBUG Запрос: select * from fed_lgota_tab where pens like @snils;
2017-04-07 09:53:29.2107 DEBUG Получено записей: 0
2017-04-07 09:53:41.6724 DEBUG Запрос: select * from lgot_client_tab where dan_id = @id;
2017-04-07 09:53:41.7514 DEBUG Получено записей: 0
2017-04-07 09:53:41.7824 DEBUG Запрос: select * from fed_lgota_tab where pens like @snils;
2017-04-07 09:53:41.7824 DEBUG Получено записей: 0
2017-04-07 09:53:41.8194 DEBUG Запрос: select * from lgot_client_tab where dan_id = @id;
2017-04-07 09:53:41.8744 DEBUG Получено записей: 0
2017-04-07 09:55:46.5385 DEBUG Запрос: SELECT DISTINCT code_access, name, description 
                            FROM users_access_view WHERE users_id = @id
2017-04-07 09:55:46.5915 DEBUG Получено записей: 187
2017-04-07 09:55:49.0627 DEBUG SQL: select pattern from codifiers.patterns_tab where code = @patterncode and users_id is null;
2017-04-07 09:55:49.0637 DEBUG Parameters: @patterncode=, @operator=
2017-04-07 09:55:49.0927 DEBUG Result 
2017-04-07 09:55:49.0927 DEBUG нет шаблона для пользователя
2017-04-07 09:55:49.0927 DEBUG SQL: select pattern from codifiers.patterns_tab where code = @patterncode and users_id is null
2017-04-07 09:55:49.0947 DEBUG Parameters: @patterncode 
2017-04-07 09:55:49.0947 DEBUG Result 
2017-04-07 09:55:49.1637 DEBUG SQL: select pattern from codifiers.patterns_tab where code = @patterncode and users_id is null;
2017-04-07 09:55:49.1637 DEBUG Parameters: @patterncode=, @operator=
2017-04-07 09:55:49.1757 DEBUG Result 
2017-04-07 09:55:49.1757 DEBUG нет шаблона для пользователя
2017-04-07 09:55:49.1757 DEBUG SQL: select pattern from codifiers.patterns_tab where code = @patterncode and users_id is null
2017-04-07 09:55:49.1757 DEBUG Parameters: @patterncode 
2017-04-07 09:55:49.1757 DEBUG Result 
2017-04-07 09:55:49.5787 DEBUG Запрос: Select id, name, code, is_default, parent_id from codifiers.sp_kind_paid_tab order by id
2017-04-07 09:55:49.5787 DEBUG Получено записей: 9
2017-04-07 09:55:49.5787 DEBUG Запрос: Select id, name, code from codifiers.first_visit_condition_tab order by id
2017-04-07 09:55:49.5937 DEBUG Получено записей: 4
2017-04-07 09:55:49.5937 DEBUG Запрос: Select id, name, code, reestr, idsp, hospital_type_id, is_cure, is_inspection from codifiers.visit_purpose_common_tab order by id
2017-04-07 09:55:49.5937 DEBUG Получено записей: 22
2017-04-07 09:55:49.6207 DEBUG Запрос: Select id, name, code from codifiers.place_service_tab order by id
2017-04-07 09:55:49.6377 DEBUG Получено записей: 3
2017-04-07 09:55:49.6477 DEBUG Запрос: Select result_id, result, reestr, patient_state_id, reestr_rslt, reestr_ishod, _end from public.result_tab order by result_id
2017-04-07 09:55:49.6477 DEBUG Получено записей: 29
2017-04-07 09:55:49.6627 DEBUG Запрос: select id, name, code, bur_reestr_code from codifiers.travma_tab order by name;
2017-04-07 09:55:49.6627 DEBUG Получено записей: 15
2017-04-07 09:55:49.6767 DEBUG Запрос: SELECT * FROM codifiers.lpu_tab
2017-04-07 09:55:49.7057 DEBUG Получено записей: 113
2017-04-07 09:55:50.0417 DEBUG Запрос: SELECT * FROM codifiers.lpu_tab order by name
2017-04-07 09:55:50.0557 DEBUG Получено записей: 113
2017-04-07 09:55:50.0667 DEBUG Запрос: select sp_napr_obosn_id,trim(obosn_name) as obosn_name FROM sp_napr_obosn_tab ORDER BY sp_napr_obosn_id;
2017-04-07 09:55:50.0667 DEBUG Получено записей: 8
2017-04-07 09:55:50.0777 DEBUG Запрос: SELECT sp_type_napr_id, sp_type_napr FROM sp_type_napr_tab where sp_type_napr_id!=1 ORDER BY 1;
2017-04-07 09:55:50.0777 DEBUG Получено записей: 8
2017-04-07 09:55:50.0777 DEBUG Запрос: select id, code, name from codifiers.doctor_spec_tab order by 3,1;
2017-04-07 09:55:50.0987 DEBUG Получено записей: 176
2017-04-07 09:55:50.1107 DEBUG Запрос: Select mkb_id, mkb, kod_d, reestr_code from public.mkb_tab order by 1
2017-04-07 09:55:50.3388 DEBUG Получено записей: 13813
2017-04-07 09:56:07.8628 DEBUG Запрос: Select s.id, s.code, s.name from codifiers.sozstatus_tab s
2017-04-07 09:56:07.8628 DEBUG Получено записей: 11
2017-04-07 09:56:07.8988 DEBUG Запрос: Select u.id, u.code, u.name, u.doctor_id, u.otdel_id, u.age_from, u.age_for, u.flag_default, u.uchactok_type_id, u.lpu_id, u.sort, u.sex from codifiers.uchactok_tab u order by u.sort, u.name
2017-04-07 09:56:07.8988 DEBUG Получено записей: 77
2017-04-07 09:56:07.9588 DEBUG Запрос: select id, socr, name, full_name, index, code 
                              from codifiers.sp_kladr_tab
                              where level_ter=@level order by name
2017-04-07 09:56:07.9588 DEBUG Получено записей: 107
2017-04-07 09:56:08.2148 DEBUG Запрос: SELECT * FROM codifiers.lpu_tab
2017-04-07 09:56:08.2318 DEBUG Получено записей: 113
2017-04-07 09:56:15.7022 DEBUG PatientFindForm ShowFilterByDoctor set to true
2017-04-07 09:56:15.7022 DEBUG PatientFindForm OperatorId: 2469
2017-04-07 09:56:15.7022 DEBUG PatientFindForm DoctorId: 2469
2017-04-07 09:56:15.8422 DEBUG DoctorQuery
2017-04-07 09:56:15.8422 DEBUG sql: SELECT td.time_nazn as "Время записи", d.dan_id as "Id", d.fam as "Фамилия", d.nam as "Имя", d.mid as "Отчество", d.date_born as "Дата рождения", case when d.ser_pol is null then d.num_pol else d.ser_pol ||' '|| d.num_pol end as "Полис", d.address as "Адрес", case when spolref='2301001' then true else false end as "Прикреплен", case when strcom_region_id='0300000000000' then false else true end as "Иногородний" FROM dan_tab d LEFT JOIN public.talon_doctor_tab td on td.dan_id = d.dan_id WHERE td.date_nazn = date(@date) and td.doctor_id = @doctor;
2017-04-07 09:56:15.8422 DEBUG @date: 07.04.2017
2017-04-07 09:56:15.8422 DEBUG @doctor: 2469
2017-04-07 09:56:15.8422 DEBUG bindQueryToDataGrid
2017-04-07 09:56:15.8562 DEBUG Sql: SELECT td.time_nazn as "Время записи", d.dan_id as "Id", d.fam as "Фамилия", d.nam as "Имя", d.mid as "Отчество", d.date_born as "Дата рождения", case when d.ser_pol is null then d.num_pol else d.ser_pol ||' '|| d.num_pol end as "Полис", d.address as "Адрес", case when spolref='2301001' then true else false end as "Прикреплен", case when strcom_region_id='0300000000000' then false else true end as "Иногородний" FROM dan_tab d LEFT JOIN public.talon_doctor_tab td on td.dan_id = d.dan_id WHERE td.date_nazn = date(@date) and td.doctor_id = @doctor;
2017-04-07 09:56:15.8562 DEBUG SqlParams:
2017-04-07 09:56:15.8562 DEBUG SqlParam @date='07.04.2017'
2017-04-07 09:56:15.8562 DEBUG SqlParam @doctor=2469
2017-04-07 09:56:26.5808 DEBUG Sql: SELECT d.dan_id as "Id", d.fam as "Фамилия", d.nam as "Имя", d.mid as "Отчество", d.date_born as "Дата рождения", case when d.ser_pol is null then d.num_pol else d.ser_pol ||' '|| d.num_pol end as "Полис", d.pens as "СНИЛС", d.address as "Адрес", case when spolref='2301001' then true else false end as "Прикреплен" , case when strcom_region_id='0300000000000' then false else true end as "Иногородний" FROM dan_tab d WHERE Lower(d.fam) LIKE @fam and Lower(d.nam) LIKE @nam ORDER BY d.fam, d.nam, d.mid, d.date_born LIMIT 150;
2017-04-07 09:56:26.5808 DEBUG SqlParams:
2017-04-07 09:56:26.5818 DEBUG SqlParam @fam=аветян%
2017-04-07 09:56:26.5818 DEBUG SqlParam @nam=мактах%
2017-04-07 09:56:31.6631 DEBUG Запрос: Select smo.id, smo.name, kladr.name from codifiers.strcom_tab smo left join codifiers.sp_kladr_tab kladr on smo.region_id = kladr.code where smo.region_id = @id and smo.name not like '*%'order by smo.name
2017-04-07 09:56:31.7401 DEBUG Получено записей: 4
2017-04-07 09:56:31.8131 DEBUG Запрос: select * from fed_lgota_tab where pens like @snils;
2017-04-07 09:56:31.8131 DEBUG Получено записей: 0
2017-04-07 09:56:31.8241 DEBUG Запрос: select * from lgot_client_tab where dan_id = @id;
2017-04-07 09:56:31.8241 DEBUG Получено записей: 0
2017-04-07 09:56:31.8761 DEBUG Запрос: SELECT t.talon_id, t.result_id, t.diag_osn, t.doctor_id, t.date_vnes_inf,
                        v.visit_id, v.doctor_id as vdoctor_id, v.data_vnes_inf as vdate_vnes_inf, v.data_pos 
                        FROM public.talon_tab t left join public.visit_tab v on v.talon_id = t.talon_id
                        where t.dan_id = @patient_id;
2017-04-07 09:56:31.8881 DEBUG Получено записей: 82
2017-04-07 09:56:32.8012 DEBUG Запрос: Select visit_id from public.visit_tab where talon_id = @talonId;
2017-04-07 09:56:32.8012 DEBUG Получено записей: 0
2017-04-07 09:56:32.8382 DEBUG Запрос: SELECT d.id FROM diagn_tab d WHERE d.talon_id = @caseId ORDER BY d.id desc;
2017-04-07 09:56:32.8382 DEBUG Получено записей: 0
2017-04-07 10:27:56.1729 DEBUG Запрос: SELECT DISTINCT code_access, name, description 
                            FROM users_access_view WHERE users_id = @id
2017-04-07 10:27:56.2259 DEBUG Получено записей: 187
2017-04-07 10:27:58.7891 DEBUG SQL: select pattern from codifiers.patterns_tab where code = @patterncode and users_id is null;
2017-04-07 10:27:58.7891 DEBUG Parameters: @patterncode=, @operator=
2017-04-07 10:27:58.8181 DEBUG Result 
2017-04-07 10:27:58.8181 DEBUG нет шаблона для пользователя
2017-04-07 10:27:58.8181 DEBUG SQL: select pattern from codifiers.patterns_tab where code = @patterncode and users_id is null
2017-04-07 10:27:58.8181 DEBUG Parameters: @patterncode 
2017-04-07 10:27:58.8311 DEBUG Result 
2017-04-07 10:27:58.8871 DEBUG SQL: select pattern from codifiers.patterns_tab where code = @patterncode and users_id is null;
2017-04-07 10:27:58.8871 DEBUG Parameters: @patterncode=, @operator=
2017-04-07 10:27:58.8981 DEBUG Result 
2017-04-07 10:27:58.8981 DEBUG нет шаблона для пользователя
2017-04-07 10:27:58.8981 DEBUG SQL: select pattern from codifiers.patterns_tab where code = @patterncode and users_id is null
2017-04-07 10:27:58.8981 DEBUG Parameters: @patterncode 
2017-04-07 10:27:58.9091 DEBUG Result 
2017-04-07 10:27:59.3231 DEBUG Запрос: Select id, name, code, is_default, parent_id from codifiers.sp_kind_paid_tab order by id
2017-04-07 10:27:59.3271 DEBUG Получено записей: 9
2017-04-07 10:27:59.3271 DEBUG Запрос: Select id, name, code from codifiers.first_visit_condition_tab order by id
2017-04-07 10:27:59.3271 DEBUG Получено записей: 4
2017-04-07 10:27:59.3511 DEBUG Запрос: Select id, name, code, reestr, idsp, hospital_type_id, is_cure, is_inspection from codifiers.visit_purpose_common_tab order by id
2017-04-07 10:27:59.3511 DEBUG Получено записей: 22
2017-04-07 10:27:59.3671 DEBUG Запрос: Select id, name, code from codifiers.place_service_tab order by id
2017-04-07 10:27:59.3671 DEBUG Получено записей: 3
2017-04-07 10:27:59.3941 DEBUG Запрос: Select result_id, result, reestr, patient_state_id, reestr_rslt, reestr_ishod, _end from public.result_tab order by result_id
2017-04-07 10:27:59.3941 DEBUG Получено записей: 29
2017-04-07 10:27:59.4101 DEBUG Запрос: select id, name, code, bur_reestr_code from codifiers.travma_tab order by name;
2017-04-07 10:27:59.4101 DEBUG Получено записей: 15
2017-04-07 10:27:59.4231 DEBUG Запрос: SELECT * FROM codifiers.lpu_tab
2017-04-07 10:27:59.4511 DEBUG Получено записей: 113
2017-04-07 10:27:59.7891 DEBUG Запрос: SELECT * FROM codifiers.lpu_tab order by name
2017-04-07 10:27:59.8021 DEBUG Получено записей: 113
2017-04-07 10:27:59.8141 DEBUG Запрос: select sp_napr_obosn_id,trim(obosn_name) as obosn_name FROM sp_napr_obosn_tab ORDER BY sp_napr_obosn_id;
2017-04-07 10:27:59.8141 DEBUG Получено записей: 8
2017-04-07 10:27:59.8261 DEBUG Запрос: SELECT sp_type_napr_id, sp_type_napr FROM sp_type_napr_tab where sp_type_napr_id!=1 ORDER BY 1;
2017-04-07 10:27:59.8261 DEBUG Получено записей: 8
2017-04-07 10:27:59.8261 DEBUG Запрос: select id, code, name from codifiers.doctor_spec_tab order by 3,1;
2017-04-07 10:27:59.8451 DEBUG Получено записей: 176
2017-04-07 10:27:59.8571 DEBUG Запрос: Select mkb_id, mkb, kod_d, reestr_code from public.mkb_tab order by 1
2017-04-07 10:28:00.1331 DEBUG Получено записей: 13813
2017-04-07 10:28:17.3331 DEBUG Запрос: Select s.id, s.code, s.name from codifiers.sozstatus_tab s
2017-04-07 10:28:17.3331 DEBUG Получено записей: 11
2017-04-07 10:28:17.3531 DEBUG Запрос: Select u.id, u.code, u.name, u.doctor_id, u.otdel_id, u.age_from, u.age_for, u.flag_default, u.uchactok_type_id, u.lpu_id, u.sort, u.sex from codifiers.uchactok_tab u order by u.sort, u.name
2017-04-07 10:28:17.3601 DEBUG Получено записей: 77
2017-04-07 10:28:17.4111 DEBUG Запрос: select id, socr, name, full_name, index, code 
                              from codifiers.sp_kladr_tab
                              where level_ter=@level order by name
2017-04-07 10:28:17.4111 DEBUG Получено записей: 107
2017-04-07 10:28:17.6861 DEBUG Запрос: SELECT * FROM codifiers.lpu_tab
2017-04-07 10:28:17.6991 DEBUG Получено записей: 113
2017-04-07 10:28:24.0075 DEBUG PatientFindForm ShowFilterByDoctor set to true
2017-04-07 10:28:24.0075 DEBUG PatientFindForm OperatorId: 2469
2017-04-07 10:28:24.0075 DEBUG PatientFindForm DoctorId: 2469
2017-04-07 10:28:24.1535 DEBUG DoctorQuery
2017-04-07 10:28:24.1535 DEBUG sql: SELECT td.time_nazn as "Время записи", d.dan_id as "Id", d.fam as "Фамилия", d.nam as "Имя", d.mid as "Отчество", d.date_born as "Дата рождения", case when d.ser_pol is null then d.num_pol else d.ser_pol ||' '|| d.num_pol end as "Полис", d.address as "Адрес", case when spolref='2301001' then true else false end as "Прикреплен", case when strcom_region_id='0300000000000' then false else true end as "Иногородний" FROM dan_tab d LEFT JOIN public.talon_doctor_tab td on td.dan_id = d.dan_id WHERE td.date_nazn = date(@date) and td.doctor_id = @doctor;
2017-04-07 10:28:24.1535 DEBUG @date: 07.04.2017
2017-04-07 10:28:24.1535 DEBUG @doctor: 2469
2017-04-07 10:28:24.1535 DEBUG bindQueryToDataGrid
2017-04-07 10:28:24.1695 DEBUG Sql: SELECT td.time_nazn as "Время записи", d.dan_id as "Id", d.fam as "Фамилия", d.nam as "Имя", d.mid as "Отчество", d.date_born as "Дата рождения", case when d.ser_pol is null then d.num_pol else d.ser_pol ||' '|| d.num_pol end as "Полис", d.address as "Адрес", case when spolref='2301001' then true else false end as "Прикреплен", case when strcom_region_id='0300000000000' then false else true end as "Иногородний" FROM dan_tab d LEFT JOIN public.talon_doctor_tab td on td.dan_id = d.dan_id WHERE td.date_nazn = date(@date) and td.doctor_id = @doctor;
2017-04-07 10:28:24.1695 DEBUG SqlParams:
2017-04-07 10:28:24.1695 DEBUG SqlParam @date='07.04.2017'
2017-04-07 10:28:24.1695 DEBUG SqlParam @doctor=2469
2017-04-07 10:28:35.9142 DEBUG Sql: SELECT d.dan_id as "Id", d.fam as "Фамилия", d.nam as "Имя", d.mid as "Отчество", d.date_born as "Дата рождения", case when d.ser_pol is null then d.num_pol else d.ser_pol ||' '|| d.num_pol end as "Полис", d.pens as "СНИЛС", d.address as "Адрес", case when spolref='2301001' then true else false end as "Прикреплен" , case when strcom_region_id='0300000000000' then false else true end as "Иногородний" FROM dan_tab d WHERE Lower(d.fam) LIKE @fam and Lower(d.nam) LIKE @nam ORDER BY d.fam, d.nam, d.mid, d.date_born LIMIT 150;
2017-04-07 10:28:35.9142 DEBUG SqlParams:
2017-04-07 10:28:35.9142 DEBUG SqlParam @fam=аветян%
2017-04-07 10:28:35.9142 DEBUG SqlParam @nam=мактах%
2017-04-07 10:28:40.2454 DEBUG Запрос: Select smo.id, smo.name, kladr.name from codifiers.strcom_tab smo left join codifiers.sp_kladr_tab kladr on smo.region_id = kladr.code where smo.region_id = @id and smo.name not like '*%'order by smo.name
2017-04-07 10:28:40.3214 DEBUG Получено записей: 4
2017-04-07 10:28:40.3904 DEBUG Запрос: select * from fed_lgota_tab where pens like @snils;
2017-04-07 10:28:40.3904 DEBUG Получено записей: 0
2017-04-07 10:28:40.4014 DEBUG Запрос: select * from lgot_client_tab where dan_id = @id;
2017-04-07 10:28:40.4014 DEBUG Получено записей: 0
2017-04-07 10:28:40.4534 DEBUG Запрос: SELECT t.talon_id, t.result_id, t.diag_osn, t.doctor_id, t.date_vnes_inf,
                        v.visit_id, v.doctor_id as vdoctor_id, v.data_vnes_inf as vdate_vnes_inf, v.data_pos 
                        FROM public.talon_tab t left join public.visit_tab v on v.talon_id = t.talon_id
                        where t.dan_id = @patient_id;
2017-04-07 10:28:40.4954 DEBUG Получено записей: 82
2017-04-07 10:28:41.3985 DEBUG Запрос: Select visit_id from public.visit_tab where talon_id = @talonId;
2017-04-07 10:28:41.4015 DEBUG Получено записей: 0
2017-04-07 10:28:41.4365 DEBUG Запрос: SELECT d.id FROM diagn_tab d WHERE d.talon_id = @caseId ORDER BY d.id desc;
2017-04-07 10:28:41.4365 DEBUG Получено записей: 0
2017-04-07 10:31:00.0764 DEBUG Запрос: Select mkb_id, mkb, kod_d, reestr_code from public.mkb_tab order by 1
2017-04-07 10:31:00.2944 DEBUG Получено записей: 13813
2017-04-07 10:31:02.5586 DEBUG Запрос: select id, code, name from codifiers.sp_lpu_otdels_tab where pricpol = @code and name not like '*%' order by 3;
2017-04-07 10:31:02.5586 DEBUG Получено записей: 21
2017-04-07 10:31:21.5467 DEBUG Запрос: select * from fed_lgota_tab where pens like @snils;
2017-04-07 10:31:21.5507 DEBUG Получено записей: 0
2017-04-07 10:31:21.5507 DEBUG Запрос: select * from lgot_client_tab where dan_id = @id;
2017-04-07 10:31:21.5737 DEBUG Получено записей: 0
2017-04-07 10:31:21.5817 DEBUG Запрос: select * from fed_lgota_tab where pens like @snils;
2017-04-07 10:31:21.5817 DEBUG Получено записей: 0
2017-04-07 10:31:21.5817 DEBUG Запрос: select * from lgot_client_tab where dan_id = @id;
2017-04-07 10:31:21.6087 DEBUG Получено записей: 0
2017-04-07 10:36:46.0932 DEBUG Запрос: SELECT DISTINCT code_access, name, description 
                            FROM users_access_view WHERE users_id = @id
2017-04-07 10:36:46.1442 DEBUG Получено записей: 187
2017-04-07 10:36:48.6134 DEBUG SQL: select pattern from codifiers.patterns_tab where code = @patterncode and users_id is null;
2017-04-07 10:36:48.6134 DEBUG Parameters: @patterncode=, @operator=
2017-04-07 10:36:48.6434 DEBUG Result 
2017-04-07 10:36:48.6434 DEBUG нет шаблона для пользователя
2017-04-07 10:36:48.6434 DEBUG SQL: select pattern from codifiers.patterns_tab where code = @patterncode and users_id is null
2017-04-07 10:36:48.6434 DEBUG Parameters: @patterncode 
2017-04-07 10:36:48.6564 DEBUG Result 
2017-04-07 10:36:48.7144 DEBUG SQL: select pattern from codifiers.patterns_tab where code = @patterncode and users_id is null;
2017-04-07 10:36:48.7154 DEBUG Parameters: @patterncode=, @operator=
2017-04-07 10:36:48.7154 DEBUG Result 
2017-04-07 10:36:48.7154 DEBUG нет шаблона для пользователя
2017-04-07 10:36:48.7154 DEBUG SQL: select pattern from codifiers.patterns_tab where code = @patterncode and users_id is null
2017-04-07 10:36:48.7154 DEBUG Parameters: @patterncode 
2017-04-07 10:36:48.7394 DEBUG Result 
2017-04-07 10:36:49.0914 DEBUG Запрос: Select id, name, code, is_default, parent_id from codifiers.sp_kind_paid_tab order by id
2017-04-07 10:36:49.1414 DEBUG Получено записей: 9
2017-04-07 10:36:49.1524 DEBUG Запрос: Select id, name, code from codifiers.first_visit_condition_tab order by id
2017-04-07 10:36:49.1524 DEBUG Получено записей: 4
2017-04-07 10:36:49.1524 DEBUG Запрос: Select id, name, code, reestr, idsp, hospital_type_id, is_cure, is_inspection from codifiers.visit_purpose_common_tab order by id
2017-04-07 10:36:49.1724 DEBUG Получено записей: 22
2017-04-07 10:36:49.1724 DEBUG Запрос: Select id, name, code from codifiers.place_service_tab order by id
2017-04-07 10:36:49.1854 DEBUG Получено записей: 3
2017-04-07 10:36:49.2104 DEBUG Запрос: Select result_id, result, reestr, patient_state_id, reestr_rslt, reestr_ishod, _end from public.result_tab order by result_id
2017-04-07 10:36:49.2154 DEBUG Получено записей: 29
2017-04-07 10:36:49.2154 DEBUG Запрос: select id, name, code, bur_reestr_code from codifiers.travma_tab order by name;
2017-04-07 10:36:49.2314 DEBUG Получено записей: 15
2017-04-07 10:36:49.2314 DEBUG Запрос: SELECT * FROM codifiers.lpu_tab
2017-04-07 10:36:49.2684 DEBUG Получено записей: 113
2017-04-07 10:36:49.5854 DEBUG Запрос: SELECT * FROM codifiers.lpu_tab order by name
2017-04-07 10:36:49.5984 DEBUG Получено записей: 113
2017-04-07 10:36:49.6094 DEBUG Запрос: select sp_napr_obosn_id,trim(obosn_name) as obosn_name FROM sp_napr_obosn_tab ORDER BY sp_napr_obosn_id;
2017-04-07 10:36:49.6094 DEBUG Получено записей: 8
2017-04-07 10:36:49.6224 DEBUG Запрос: SELECT sp_type_napr_id, sp_type_napr FROM sp_type_napr_tab where sp_type_napr_id!=1 ORDER BY 1;
2017-04-07 10:36:49.6224 DEBUG Получено записей: 8
2017-04-07 10:36:49.6364 DEBUG Запрос: select id, code, name from codifiers.doctor_spec_tab order by 3,1;
2017-04-07 10:36:49.6364 DEBUG Получено записей: 176
2017-04-07 10:36:49.6544 DEBUG Запрос: Select mkb_id, mkb, kod_d, reestr_code from public.mkb_tab order by 1
2017-04-07 10:36:49.8964 DEBUG Получено записей: 13813
2017-04-07 10:36:57.4779 DEBUG Запрос: Select s.id, s.code, s.name from codifiers.sozstatus_tab s
2017-04-07 10:36:57.4779 DEBUG Получено записей: 11
2017-04-07 10:36:57.4919 DEBUG Запрос: Select u.id, u.code, u.name, u.doctor_id, u.otdel_id, u.age_from, u.age_for, u.flag_default, u.uchactok_type_id, u.lpu_id, u.sort, u.sex from codifiers.uchactok_tab u order by u.sort, u.name
2017-04-07 10:36:57.4989 DEBUG Получено записей: 77
2017-04-07 10:36:57.5549 DEBUG Запрос: select id, socr, name, full_name, index, code 
                              from codifiers.sp_kladr_tab
                              where level_ter=@level order by name
2017-04-07 10:36:57.5629 DEBUG Получено записей: 107
2017-04-07 10:36:57.8329 DEBUG Запрос: SELECT * FROM codifiers.lpu_tab
2017-04-07 10:36:57.8469 DEBUG Получено записей: 113
2017-04-07 10:37:07.4704 DEBUG PatientFindForm ShowFilterByDoctor set to true
2017-04-07 10:37:07.4704 DEBUG PatientFindForm OperatorId: 2469
2017-04-07 10:37:07.4704 DEBUG PatientFindForm DoctorId: 2469
2017-04-07 10:37:09.3485 DEBUG DoctorQuery
2017-04-07 10:37:09.3485 DEBUG sql: SELECT td.time_nazn as "Время записи", d.dan_id as "Id", d.fam as "Фамилия", d.nam as "Имя", d.mid as "Отчество", d.date_born as "Дата рождения", case when d.ser_pol is null then d.num_pol else d.ser_pol ||' '|| d.num_pol end as "Полис", d.address as "Адрес", case when spolref='2301001' then true else false end as "Прикреплен", case when strcom_region_id='0300000000000' then false else true end as "Иногородний" FROM dan_tab d LEFT JOIN public.talon_doctor_tab td on td.dan_id = d.dan_id WHERE td.date_nazn = date(@date) and td.doctor_id = @doctor;
2017-04-07 10:37:09.3485 DEBUG @date: 07.04.2017
2017-04-07 10:37:09.3485 DEBUG @doctor: 2469
2017-04-07 10:37:09.3485 DEBUG bindQueryToDataGrid
2017-04-07 10:37:09.3636 DEBUG Sql: SELECT td.time_nazn as "Время записи", d.dan_id as "Id", d.fam as "Фамилия", d.nam as "Имя", d.mid as "Отчество", d.date_born as "Дата рождения", case when d.ser_pol is null then d.num_pol else d.ser_pol ||' '|| d.num_pol end as "Полис", d.address as "Адрес", case when spolref='2301001' then true else false end as "Прикреплен", case when strcom_region_id='0300000000000' then false else true end as "Иногородний" FROM dan_tab d LEFT JOIN public.talon_doctor_tab td on td.dan_id = d.dan_id WHERE td.date_nazn = date(@date) and td.doctor_id = @doctor;
2017-04-07 10:37:09.3636 DEBUG SqlParams:
2017-04-07 10:37:09.3636 DEBUG SqlParam @date='07.04.2017'
2017-04-07 10:37:09.3636 DEBUG SqlParam @doctor=2469
2017-04-07 10:37:32.7709 DEBUG Sql: SELECT d.dan_id as "Id", d.fam as "Фамилия", d.nam as "Имя", d.mid as "Отчество", d.date_born as "Дата рождения", case when d.ser_pol is null then d.num_pol else d.ser_pol ||' '|| d.num_pol end as "Полис", d.pens as "СНИЛС", d.address as "Адрес", case when spolref='2301001' then true else false end as "Прикреплен" , case when strcom_region_id='0300000000000' then false else true end as "Иногородний" FROM dan_tab d WHERE Lower(d.fam) LIKE @fam and Lower(d.nam) LIKE @nam ORDER BY d.fam, d.nam, d.mid, d.date_born LIMIT 150;
2017-04-07 10:37:32.7709 DEBUG SqlParams:
2017-04-07 10:37:32.7709 DEBUG SqlParam @fam=аветян%
2017-04-07 10:37:32.7709 DEBUG SqlParam @nam=мактах%
2017-04-07 10:37:37.6552 DEBUG Запрос: Select smo.id, smo.name, kladr.name from codifiers.strcom_tab smo left join codifiers.sp_kladr_tab kladr on smo.region_id = kladr.code where smo.region_id = @id and smo.name not like '*%'order by smo.name
2017-04-07 10:37:37.7302 DEBUG Получено записей: 4
2017-04-07 10:37:37.8002 DEBUG Запрос: select * from fed_lgota_tab where pens like @snils;
2017-04-07 10:37:37.8002 DEBUG Получено записей: 0
2017-04-07 10:37:37.8122 DEBUG Запрос: select * from lgot_client_tab where dan_id = @id;
2017-04-07 10:37:37.8252 DEBUG Получено записей: 0
2017-04-07 10:37:37.8732 DEBUG Запрос: SELECT t.talon_id, t.result_id, t.diag_osn, t.doctor_id, t.date_vnes_inf,
                        v.visit_id, v.doctor_id as vdoctor_id, v.data_vnes_inf as vdate_vnes_inf, v.data_pos 
                        FROM public.talon_tab t left join public.visit_tab v on v.talon_id = t.talon_id
                        where t.dan_id = @patient_id;
2017-04-07 10:37:37.8732 DEBUG Получено записей: 82
2017-04-07 10:37:38.7982 DEBUG Запрос: Select visit_id from public.visit_tab where talon_id = @talonId;
2017-04-07 10:37:38.7982 DEBUG Получено записей: 0
2017-04-07 10:37:38.8362 DEBUG Запрос: SELECT d.id FROM diagn_tab d WHERE d.talon_id = @caseId ORDER BY d.id desc;
2017-04-07 10:37:38.8412 DEBUG Получено записей: 0
2017-04-07 10:38:04.8217 DEBUG Запрос: Select mkb_id, mkb, kod_d, reestr_code from public.mkb_tab order by 1
2017-04-07 10:38:05.0457 DEBUG Получено записей: 13813
2017-04-07 10:38:09.2900 DEBUG Запрос: select id, code, name from codifiers.sp_lpu_otdels_tab where pricpol = @code and name not like '*%' order by 3;
2017-04-07 10:38:09.2900 DEBUG Получено записей: 21
2017-04-07 10:39:08.7904 DEBUG Запрос: select * from fed_lgota_tab where pens like @snils;
2017-04-07 10:39:08.7904 DEBUG Получено записей: 0
2017-04-07 10:39:08.8064 DEBUG Запрос: select * from lgot_client_tab where dan_id = @id;
2017-04-07 10:39:08.8064 DEBUG Получено записей: 0
2017-04-07 10:39:08.8274 DEBUG Запрос: select * from fed_lgota_tab where pens like @snils;
2017-04-07 10:39:08.8274 DEBUG Получено записей: 0
2017-04-07 10:39:08.8374 DEBUG Запрос: select * from lgot_client_tab where dan_id = @id;
2017-04-07 10:39:08.8374 DEBUG Получено записей: 0
2017-04-07 10:51:18.2991 DEBUG Запрос: SELECT DISTINCT code_access, name, description 
                            FROM users_access_view WHERE users_id = @id
2017-04-07 10:51:18.3451 DEBUG Получено записей: 187
2017-04-07 10:51:20.9533 DEBUG SQL: select pattern from codifiers.patterns_tab where code = @patterncode and users_id is null;
2017-04-07 10:51:20.9533 DEBUG Parameters: @patterncode=, @operator=
2017-04-07 10:51:20.9833 DEBUG Result 
2017-04-07 10:51:20.9993 DEBUG нет шаблона для пользователя
2017-04-07 10:51:20.9993 DEBUG SQL: select pattern from codifiers.patterns_tab where code = @patterncode and users_id is null
2017-04-07 10:51:20.9993 DEBUG Parameters: @patterncode 
2017-04-07 10:51:21.0123 DEBUG Result 
2017-04-07 10:51:21.0693 DEBUG SQL: select pattern from codifiers.patterns_tab where code = @patterncode and users_id is null;
2017-04-07 10:51:21.0693 DEBUG Parameters: @patterncode=, @operator=
2017-04-07 10:51:21.0813 DEBUG Result 
2017-04-07 10:51:21.0813 DEBUG нет шаблона для пользователя
2017-04-07 10:51:21.0813 DEBUG SQL: select pattern from codifiers.patterns_tab where code = @patterncode and users_id is null
2017-04-07 10:51:21.0813 DEBUG Parameters: @patterncode 
2017-04-07 10:51:21.0923 DEBUG Result 
2017-04-07 10:51:21.4413 DEBUG Запрос: Select id, name, code, is_default, parent_id from codifiers.sp_kind_paid_tab order by id
2017-04-07 10:51:21.4413 DEBUG Получено записей: 9
2017-04-07 10:51:21.4543 DEBUG Запрос: Select id, name, code from codifiers.first_visit_condition_tab order by id
2017-04-07 10:51:21.4543 DEBUG Получено записей: 4
2017-04-07 10:51:21.4663 DEBUG Запрос: Select id, name, code, reestr, idsp, hospital_type_id, is_cure, is_inspection from codifiers.visit_purpose_common_tab order by id
2017-04-07 10:51:21.4663 DEBUG Получено записей: 22
2017-04-07 10:51:21.4823 DEBUG Запрос: Select id, name, code from codifiers.place_service_tab order by id
2017-04-07 10:51:21.4953 DEBUG Получено записей: 3
2017-04-07 10:51:21.4953 DEBUG Запрос: Select result_id, result, reestr, patient_state_id, reestr_rslt, reestr_ishod, _end from public.result_tab order by result_id
2017-04-07 10:51:21.5103 DEBUG Получено записей: 29
2017-04-07 10:51:21.5103 DEBUG Запрос: select id, name, code, bur_reestr_code from codifiers.travma_tab order by name;
2017-04-07 10:51:21.5103 DEBUG Получено записей: 15
2017-04-07 10:51:21.5343 DEBUG Запрос: SELECT * FROM codifiers.lpu_tab
2017-04-07 10:51:21.5613 DEBUG Получено записей: 113
2017-04-07 10:51:21.8853 DEBUG Запрос: SELECT * FROM codifiers.lpu_tab order by name
2017-04-07 10:51:21.8853 DEBUG Получено записей: 113
2017-04-07 10:51:21.9093 DEBUG Запрос: select sp_napr_obosn_id,trim(obosn_name) as obosn_name FROM sp_napr_obosn_tab ORDER BY sp_napr_obosn_id;
2017-04-07 10:51:21.9093 DEBUG Получено записей: 8
2017-04-07 10:51:21.9213 DEBUG Запрос: SELECT sp_type_napr_id, sp_type_napr FROM sp_type_napr_tab where sp_type_napr_id!=1 ORDER BY 1;
2017-04-07 10:51:21.9213 DEBUG Получено записей: 8
2017-04-07 10:51:21.9353 DEBUG Запрос: select id, code, name from codifiers.doctor_spec_tab order by 3,1;
2017-04-07 10:51:21.9353 DEBUG Получено записей: 176
2017-04-07 10:51:21.9543 DEBUG Запрос: Select mkb_id, mkb, kod_d, reestr_code from public.mkb_tab order by 1
2017-04-07 10:51:22.1863 DEBUG Получено записей: 13813
2017-04-07 10:51:27.6006 DEBUG Запрос: Select s.id, s.code, s.name from codifiers.sozstatus_tab s
2017-04-07 10:51:27.6006 DEBUG Получено записей: 11
2017-04-07 10:51:27.6146 DEBUG Запрос: Select u.id, u.code, u.name, u.doctor_id, u.otdel_id, u.age_from, u.age_for, u.flag_default, u.uchactok_type_id, u.lpu_id, u.sort, u.sex from codifiers.uchactok_tab u order by u.sort, u.name
2017-04-07 10:51:27.6146 DEBUG Получено записей: 77
2017-04-07 10:51:27.6756 DEBUG Запрос: select id, socr, name, full_name, index, code 
                              from codifiers.sp_kladr_tab
                              where level_ter=@level order by name
2017-04-07 10:51:27.6756 DEBUG Получено записей: 107
2017-04-07 10:51:27.9327 DEBUG Запрос: SELECT * FROM codifiers.lpu_tab
2017-04-07 10:51:27.9477 DEBUG Получено записей: 113
2017-04-07 10:51:37.2152 DEBUG PatientFindForm ShowFilterByDoctor set to true
2017-04-07 10:51:37.2152 DEBUG PatientFindForm OperatorId: 2469
2017-04-07 10:51:37.2152 DEBUG PatientFindForm DoctorId: 2469
2017-04-07 10:51:37.3562 DEBUG DoctorQuery
2017-04-07 10:51:37.3562 DEBUG sql: SELECT td.time_nazn as "Время записи", d.dan_id as "Id", d.fam as "Фамилия", d.nam as "Имя", d.mid as "Отчество", d.date_born as "Дата рождения", case when d.ser_pol is null then d.num_pol else d.ser_pol ||' '|| d.num_pol end as "Полис", d.address as "Адрес", case when spolref='2301001' then true else false end as "Прикреплен", case when strcom_region_id='0300000000000' then false else true end as "Иногородний" FROM dan_tab d LEFT JOIN public.talon_doctor_tab td on td.dan_id = d.dan_id WHERE td.date_nazn = date(@date) and td.doctor_id = @doctor;
2017-04-07 10:51:37.3562 DEBUG @date: 07.04.2017
2017-04-07 10:51:37.3562 DEBUG @doctor: 2469
2017-04-07 10:51:37.3562 DEBUG bindQueryToDataGrid
2017-04-07 10:51:37.3722 DEBUG Sql: SELECT td.time_nazn as "Время записи", d.dan_id as "Id", d.fam as "Фамилия", d.nam as "Имя", d.mid as "Отчество", d.date_born as "Дата рождения", case when d.ser_pol is null then d.num_pol else d.ser_pol ||' '|| d.num_pol end as "Полис", d.address as "Адрес", case when spolref='2301001' then true else false end as "Прикреплен", case when strcom_region_id='0300000000000' then false else true end as "Иногородний" FROM dan_tab d LEFT JOIN public.talon_doctor_tab td on td.dan_id = d.dan_id WHERE td.date_nazn = date(@date) and td.doctor_id = @doctor;
2017-04-07 10:51:37.3722 DEBUG SqlParams:
2017-04-07 10:51:37.3722 DEBUG SqlParam @date='07.04.2017'
2017-04-07 10:51:37.3722 DEBUG SqlParam @doctor=2469
2017-04-07 10:51:50.5720 DEBUG Sql: SELECT d.dan_id as "Id", d.fam as "Фамилия", d.nam as "Имя", d.mid as "Отчество", d.date_born as "Дата рождения", case when d.ser_pol is null then d.num_pol else d.ser_pol ||' '|| d.num_pol end as "Полис", d.pens as "СНИЛС", d.address as "Адрес", case when spolref='2301001' then true else false end as "Прикреплен" , case when strcom_region_id='0300000000000' then false else true end as "Иногородний" FROM dan_tab d WHERE Lower(d.fam) LIKE @fam and Lower(d.nam) LIKE @nam ORDER BY d.fam, d.nam, d.mid, d.date_born LIMIT 150;
2017-04-07 10:51:50.5720 DEBUG SqlParams:
2017-04-07 10:51:50.5730 DEBUG SqlParam @fam=аветян%
2017-04-07 10:51:50.5730 DEBUG SqlParam @nam=мактах%
2017-04-07 10:51:55.1322 DEBUG Запрос: Select smo.id, smo.name, kladr.name from codifiers.strcom_tab smo left join codifiers.sp_kladr_tab kladr on smo.region_id = kladr.code where smo.region_id = @id and smo.name not like '*%'order by smo.name
2017-04-07 10:51:55.2142 DEBUG Получено записей: 4
2017-04-07 10:51:55.2882 DEBUG Запрос: select * from fed_lgota_tab where pens like @snils;
2017-04-07 10:51:55.2882 DEBUG Получено записей: 0
2017-04-07 10:51:55.2882 DEBUG Запрос: select * from lgot_client_tab where dan_id = @id;
2017-04-07 10:51:55.3112 DEBUG Получено записей: 0
2017-04-07 10:51:55.3572 DEBUG Запрос: SELECT t.talon_id, t.result_id, t.diag_osn, t.doctor_id, t.date_vnes_inf,
                        v.visit_id, v.doctor_id as vdoctor_id, v.data_vnes_inf as vdate_vnes_inf, v.data_pos 
                        FROM public.talon_tab t left join public.visit_tab v on v.talon_id = t.talon_id
                        where t.dan_id = @patient_id;
2017-04-07 10:51:55.3692 DEBUG Получено записей: 82
2017-04-07 10:51:56.2823 DEBUG Запрос: Select visit_id from public.visit_tab where talon_id = @talonId;
2017-04-07 10:51:56.2823 DEBUG Получено записей: 0
2017-04-07 10:51:56.3193 DEBUG Запрос: SELECT d.id FROM diagn_tab d WHERE d.talon_id = @caseId ORDER BY d.id desc;
2017-04-07 10:51:56.3193 DEBUG Получено записей: 0
2017-04-07 10:52:26.6120 DEBUG Запрос: Select mkb_id, mkb, kod_d, reestr_code from public.mkb_tab order by 1
2017-04-07 10:52:26.8120 DEBUG Получено записей: 13813
2017-04-07 10:52:27.1830 DEBUG Запрос: select id, code, name from codifiers.sp_lpu_otdels_tab where pricpol = @code and name not like '*%' order by 3;
2017-04-07 10:52:27.1880 DEBUG Получено записей: 21
2017-04-07 10:52:41.5599 DEBUG Запрос: select * from fed_lgota_tab where pens like @snils;
2017-04-07 10:52:41.5599 DEBUG Получено записей: 0
2017-04-07 10:52:41.5709 DEBUG Запрос: select * from lgot_client_tab where dan_id = @id;
2017-04-07 10:52:41.5709 DEBUG Получено записей: 0
2017-04-07 10:52:41.5929 DEBUG Запрос: select * from fed_lgota_tab where pens like @snils;
2017-04-07 10:52:41.5929 DEBUG Получено записей: 0
2017-04-07 10:52:41.6039 DEBUG Запрос: select * from lgot_client_tab where dan_id = @id;
2017-04-07 10:52:41.6169 DEBUG Получено записей: 0
